

================================================================
== Vitis HLS Report for 'normalize_ap_fixed_ap_fixed_16_6_5_3_0_config11_s'
================================================================
* Date:           Wed Apr  2 21:08:48 2025

* Version:        2021.1 (Build 3247384 on Thu Jun 10 19:36:07 MDT 2021)
* Project:        WOMBAT_prj
* Solution:       solution1 (Vivado IP Flow Target)
* Product family: virtex7
* Target device:  xc7vx690t-ffg1927-2


================================================================
== Performance Estimates
================================================================
+ Timing: 
    * Summary: 
    +--------+---------+----------+------------+
    |  Clock |  Target | Estimated| Uncertainty|
    +--------+---------+----------+------------+
    |ap_clk  |  6.25 ns|  3.720 ns|     1.69 ns|
    +--------+---------+----------+------------+

+ Latency: 
    * Summary: 
    +---------+---------+----------+----------+-----+-----+---------+
    |  Latency (cycles) |  Latency (absolute) |  Interval | Pipeline|
    |   min   |   max   |    min   |    max   | min | max |   Type  |
    +---------+---------+----------+----------+-----+-----+---------+
    |        1|        1|  6.250 ns|  6.250 ns|    2|    2|      yes|
    +---------+---------+----------+----------+-----+-----+---------+

    + Detail: 
        * Instance: 
        N/A

        * Loop: 
        N/A



================================================================
== Utilization Estimates
================================================================
* Summary: 
+-----------------+---------+------+--------+--------+-----+
|       Name      | BRAM_18K|  DSP |   FF   |   LUT  | URAM|
+-----------------+---------+------+--------+--------+-----+
|DSP              |        -|     -|       -|       -|    -|
|Expression       |        -|     -|       0|     648|    -|
|FIFO             |        -|     -|       -|       -|    -|
|Instance         |        -|    12|       0|      72|    -|
|Memory           |        -|     -|       -|       -|    -|
|Multiplexer      |        -|     -|       -|      13|    -|
|Register         |        -|     -|     378|       -|    -|
+-----------------+---------+------+--------+--------+-----+
|Total            |        0|    12|     378|     733|    0|
+-----------------+---------+------+--------+--------+-----+
|Available        |     2940|  3600|  866400|  433200|    0|
+-----------------+---------+------+--------+--------+-----+
|Utilization (%)  |        0|    ~0|      ~0|      ~0|    0|
+-----------------+---------+------+--------+--------+-----+

+ Detail: 
    * Instance: 
    +--------------------------+---------------------+---------+----+---+----+-----+
    |         Instance         |        Module       | BRAM_18K| DSP| FF| LUT| URAM|
    +--------------------------+---------------------+---------+----+---+----+-----+
    |mul_16s_12ns_26_1_1_U697  |mul_16s_12ns_26_1_1  |        0|   1|  0|   6|    0|
    |mul_16s_12ns_26_1_1_U700  |mul_16s_12ns_26_1_1  |        0|   1|  0|   6|    0|
    |mul_16s_12ns_26_1_1_U701  |mul_16s_12ns_26_1_1  |        0|   1|  0|   6|    0|
    |mul_16s_12ns_26_1_1_U702  |mul_16s_12ns_26_1_1  |        0|   1|  0|   6|    0|
    |mul_16s_14ns_26_1_1_U692  |mul_16s_14ns_26_1_1  |        0|   1|  0|   6|    0|
    |mul_16s_14ns_26_1_1_U693  |mul_16s_14ns_26_1_1  |        0|   1|  0|   6|    0|
    |mul_16s_14ns_26_1_1_U694  |mul_16s_14ns_26_1_1  |        0|   1|  0|   6|    0|
    |mul_16s_14ns_26_1_1_U695  |mul_16s_14ns_26_1_1  |        0|   1|  0|   6|    0|
    |mul_16s_16s_26_1_1_U691   |mul_16s_16s_26_1_1   |        0|   1|  0|   6|    0|
    |mul_16s_16s_26_1_1_U696   |mul_16s_16s_26_1_1   |        0|   1|  0|   6|    0|
    |mul_16s_16s_26_1_1_U698   |mul_16s_16s_26_1_1   |        0|   1|  0|   6|    0|
    |mul_16s_16s_26_1_1_U699   |mul_16s_16s_26_1_1   |        0|   1|  0|   6|    0|
    +--------------------------+---------------------+---------+----+---+----+-----+
    |Total                     |                     |        0|  12|  0|  72|    0|
    +--------------------------+---------------------+---------+----+---+----+-----+

    * DSP: 
    N/A

    * Memory: 
    N/A

    * FIFO: 
    N/A

    * Expression: 
    +---------------------------+----------+----+---+----+------------+------------+
    |       Variable Name       | Operation| DSP| FF| LUT| Bitwidth P0| Bitwidth P1|
    +---------------------------+----------+----+---+----+------------+------------+
    |add_ln1245_151_fu_2717_p2  |         +|   0|  0|  30|          23|          22|
    |add_ln1245_152_fu_2743_p2  |         +|   0|  0|  33|          26|          20|
    |add_ln1245_153_fu_2759_p2  |         +|   0|  0|  33|          26|          19|
    |add_ln1245_154_fu_2775_p2  |         +|   0|  0|  33|          26|          21|
    |add_ln1245_155_fu_2815_p2  |         +|   0|  0|  30|          23|          22|
    |add_ln1245_156_fu_2825_p2  |         +|   0|  0|  33|          26|          26|
    |add_ln1245_157_fu_2841_p2  |         +|   0|  0|  33|          26|          20|
    |add_ln1245_158_fu_2857_p2  |         +|   0|  0|  33|          26|          19|
    |add_ln1245_159_fu_2873_p2  |         +|   0|  0|  33|          26|          21|
    |add_ln1245_160_fu_2913_p2  |         +|   0|  0|  30|          23|          22|
    |add_ln1245_161_fu_2923_p2  |         +|   0|  0|  33|          26|          26|
    |add_ln1245_162_fu_2939_p2  |         +|   0|  0|  33|          26|          20|
    |add_ln1245_163_fu_2955_p2  |         +|   0|  0|  33|          26|          19|
    |add_ln1245_164_fu_2971_p2  |         +|   0|  0|  33|          26|          21|
    |add_ln1245_165_fu_3011_p2  |         +|   0|  0|  30|          23|          22|
    |add_ln1245_166_fu_3021_p2  |         +|   0|  0|  33|          26|          26|
    |add_ln1245_167_fu_3037_p2  |         +|   0|  0|  33|          26|          20|
    |add_ln1245_168_fu_3053_p2  |         +|   0|  0|  33|          26|          19|
    |add_ln1245_169_fu_3069_p2  |         +|   0|  0|  33|          26|          21|
    |add_ln1245_fu_2727_p2      |         +|   0|  0|  33|          26|          26|
    +---------------------------+----------+----+---+----+------------+------------+
    |Total                      |          |   0|  0| 648|         508|         432|
    +---------------------------+----------+----+---+----+------------+------------+

    * Multiplexer: 
    +-----------+----+-----------+-----+-----------+
    |    Name   | LUT| Input Size| Bits| Total Bits|
    +-----------+----+-----------+-----+-----------+
    |ap_NS_fsm  |  13|          3|    1|          3|
    +-----------+----+-----------+-----+-----------+
    |Total      |  13|          3|    1|          3|
    +-----------+----+-----------+-----+-----------+

    * Register: 
    +------------------------+----+----+-----+-----------+
    |          Name          | FF | LUT| Bits| Const Bits|
    +------------------------+----+----+-----+-----------+
    |ap_CS_fsm               |   2|   0|    2|          0|
    |ap_port_reg_p_read      |  16|   0|   16|          0|
    |ap_port_reg_p_read12    |  16|   0|   16|          0|
    |ap_port_reg_p_read4     |  16|   0|   16|          0|
    |ap_port_reg_p_read8     |  16|   0|   16|          0|
    |mul_ln1245_76_reg_2588  |  26|   0|   26|          0|
    |mul_ln1245_77_reg_2592  |  26|   0|   26|          0|
    |mul_ln1245_78_reg_2596  |  26|   0|   26|          0|
    |mul_ln1245_79_reg_2600  |  26|   0|   26|          0|
    |mul_ln1245_80_reg_2604  |  26|   0|   26|          0|
    |mul_ln1245_81_reg_2608  |  26|   0|   26|          0|
    |mul_ln1245_82_reg_2612  |  26|   0|   26|          0|
    |mul_ln1245_83_reg_2616  |  26|   0|   26|          0|
    |mul_ln1245_84_reg_2620  |  26|   0|   26|          0|
    |mul_ln1245_85_reg_2624  |  26|   0|   26|          0|
    |mul_ln1245_86_reg_2628  |  26|   0|   26|          0|
    |mul_ln1245_reg_2584     |  26|   0|   26|          0|
    +------------------------+----+----+-----+-----------+
    |Total                   | 378|   0|  378|          0|
    +------------------------+----+----+-----+-----------+



================================================================
== Interface
================================================================
* Summary: 
+--------------+-----+-----+------------+---------------------------------------------------+--------------+
|   RTL Ports  | Dir | Bits|  Protocol  |                   Source Object                   |    C Type    |
+--------------+-----+-----+------------+---------------------------------------------------+--------------+
|ap_clk        |   in|    1|  ap_ctrl_hs|  normalize<ap_fixed,ap_fixed<16,6,5,3,0>,config11>|  return value|
|ap_rst        |   in|    1|  ap_ctrl_hs|  normalize<ap_fixed,ap_fixed<16,6,5,3,0>,config11>|  return value|
|ap_start      |   in|    1|  ap_ctrl_hs|  normalize<ap_fixed,ap_fixed<16,6,5,3,0>,config11>|  return value|
|ap_done       |  out|    1|  ap_ctrl_hs|  normalize<ap_fixed,ap_fixed<16,6,5,3,0>,config11>|  return value|
|ap_idle       |  out|    1|  ap_ctrl_hs|  normalize<ap_fixed,ap_fixed<16,6,5,3,0>,config11>|  return value|
|ap_ready      |  out|    1|  ap_ctrl_hs|  normalize<ap_fixed,ap_fixed<16,6,5,3,0>,config11>|  return value|
|ap_return_0   |  out|   16|  ap_ctrl_hs|  normalize<ap_fixed,ap_fixed<16,6,5,3,0>,config11>|  return value|
|ap_return_1   |  out|   16|  ap_ctrl_hs|  normalize<ap_fixed,ap_fixed<16,6,5,3,0>,config11>|  return value|
|ap_return_2   |  out|   16|  ap_ctrl_hs|  normalize<ap_fixed,ap_fixed<16,6,5,3,0>,config11>|  return value|
|ap_return_3   |  out|   16|  ap_ctrl_hs|  normalize<ap_fixed,ap_fixed<16,6,5,3,0>,config11>|  return value|
|ap_return_4   |  out|   16|  ap_ctrl_hs|  normalize<ap_fixed,ap_fixed<16,6,5,3,0>,config11>|  return value|
|ap_return_5   |  out|   16|  ap_ctrl_hs|  normalize<ap_fixed,ap_fixed<16,6,5,3,0>,config11>|  return value|
|ap_return_6   |  out|   16|  ap_ctrl_hs|  normalize<ap_fixed,ap_fixed<16,6,5,3,0>,config11>|  return value|
|ap_return_7   |  out|   16|  ap_ctrl_hs|  normalize<ap_fixed,ap_fixed<16,6,5,3,0>,config11>|  return value|
|ap_return_8   |  out|   16|  ap_ctrl_hs|  normalize<ap_fixed,ap_fixed<16,6,5,3,0>,config11>|  return value|
|ap_return_9   |  out|   16|  ap_ctrl_hs|  normalize<ap_fixed,ap_fixed<16,6,5,3,0>,config11>|  return value|
|ap_return_10  |  out|   16|  ap_ctrl_hs|  normalize<ap_fixed,ap_fixed<16,6,5,3,0>,config11>|  return value|
|ap_return_11  |  out|   16|  ap_ctrl_hs|  normalize<ap_fixed,ap_fixed<16,6,5,3,0>,config11>|  return value|
|ap_return_12  |  out|   16|  ap_ctrl_hs|  normalize<ap_fixed,ap_fixed<16,6,5,3,0>,config11>|  return value|
|ap_return_13  |  out|   16|  ap_ctrl_hs|  normalize<ap_fixed,ap_fixed<16,6,5,3,0>,config11>|  return value|
|ap_return_14  |  out|   16|  ap_ctrl_hs|  normalize<ap_fixed,ap_fixed<16,6,5,3,0>,config11>|  return value|
|ap_return_15  |  out|   16|  ap_ctrl_hs|  normalize<ap_fixed,ap_fixed<16,6,5,3,0>,config11>|  return value|
|ap_return_16  |  out|   16|  ap_ctrl_hs|  normalize<ap_fixed,ap_fixed<16,6,5,3,0>,config11>|  return value|
|ap_return_17  |  out|   16|  ap_ctrl_hs|  normalize<ap_fixed,ap_fixed<16,6,5,3,0>,config11>|  return value|
|ap_return_18  |  out|   16|  ap_ctrl_hs|  normalize<ap_fixed,ap_fixed<16,6,5,3,0>,config11>|  return value|
|ap_return_19  |  out|   16|  ap_ctrl_hs|  normalize<ap_fixed,ap_fixed<16,6,5,3,0>,config11>|  return value|
|ap_return_20  |  out|   16|  ap_ctrl_hs|  normalize<ap_fixed,ap_fixed<16,6,5,3,0>,config11>|  return value|
|ap_return_21  |  out|   16|  ap_ctrl_hs|  normalize<ap_fixed,ap_fixed<16,6,5,3,0>,config11>|  return value|
|ap_return_22  |  out|   16|  ap_ctrl_hs|  normalize<ap_fixed,ap_fixed<16,6,5,3,0>,config11>|  return value|
|ap_return_23  |  out|   16|  ap_ctrl_hs|  normalize<ap_fixed,ap_fixed<16,6,5,3,0>,config11>|  return value|
|ap_return_24  |  out|   16|  ap_ctrl_hs|  normalize<ap_fixed,ap_fixed<16,6,5,3,0>,config11>|  return value|
|ap_return_25  |  out|   16|  ap_ctrl_hs|  normalize<ap_fixed,ap_fixed<16,6,5,3,0>,config11>|  return value|
|ap_return_26  |  out|   16|  ap_ctrl_hs|  normalize<ap_fixed,ap_fixed<16,6,5,3,0>,config11>|  return value|
|ap_return_27  |  out|   16|  ap_ctrl_hs|  normalize<ap_fixed,ap_fixed<16,6,5,3,0>,config11>|  return value|
|ap_return_28  |  out|   16|  ap_ctrl_hs|  normalize<ap_fixed,ap_fixed<16,6,5,3,0>,config11>|  return value|
|ap_return_29  |  out|   16|  ap_ctrl_hs|  normalize<ap_fixed,ap_fixed<16,6,5,3,0>,config11>|  return value|
|ap_return_30  |  out|   16|  ap_ctrl_hs|  normalize<ap_fixed,ap_fixed<16,6,5,3,0>,config11>|  return value|
|ap_return_31  |  out|   16|  ap_ctrl_hs|  normalize<ap_fixed,ap_fixed<16,6,5,3,0>,config11>|  return value|
|ap_return_32  |  out|   16|  ap_ctrl_hs|  normalize<ap_fixed,ap_fixed<16,6,5,3,0>,config11>|  return value|
|ap_return_33  |  out|   16|  ap_ctrl_hs|  normalize<ap_fixed,ap_fixed<16,6,5,3,0>,config11>|  return value|
|ap_return_34  |  out|   16|  ap_ctrl_hs|  normalize<ap_fixed,ap_fixed<16,6,5,3,0>,config11>|  return value|
|ap_return_35  |  out|   16|  ap_ctrl_hs|  normalize<ap_fixed,ap_fixed<16,6,5,3,0>,config11>|  return value|
|ap_ce         |   in|    1|  ap_ctrl_hs|  normalize<ap_fixed,ap_fixed<16,6,5,3,0>,config11>|  return value|
|p_read        |   in|   16|     ap_none|                                             p_read|        scalar|
|p_read1       |   in|   16|     ap_none|                                            p_read1|        scalar|
|p_read2       |   in|   16|     ap_none|                                            p_read2|        scalar|
|p_read3       |   in|   16|     ap_none|                                            p_read3|        scalar|
|p_read4       |   in|   16|     ap_none|                                            p_read4|        scalar|
|p_read5       |   in|   16|     ap_none|                                            p_read5|        scalar|
|p_read6       |   in|   16|     ap_none|                                            p_read6|        scalar|
|p_read7       |   in|   16|     ap_none|                                            p_read7|        scalar|
|p_read8       |   in|   16|     ap_none|                                            p_read8|        scalar|
|p_read9       |   in|   16|     ap_none|                                            p_read9|        scalar|
|p_read10      |   in|   16|     ap_none|                                           p_read10|        scalar|
|p_read11      |   in|   16|     ap_none|                                           p_read11|        scalar|
|p_read12      |   in|   16|     ap_none|                                           p_read12|        scalar|
|p_read13      |   in|   16|     ap_none|                                           p_read13|        scalar|
|p_read14      |   in|   16|     ap_none|                                           p_read14|        scalar|
|p_read15      |   in|   16|     ap_none|                                           p_read15|        scalar|
+--------------+-----+-----+------------+---------------------------------------------------+--------------+

