

================================================================
== Vitis HLS Report for 'output_assignment'
================================================================
* Date:           Wed Apr  2 21:10:10 2025

* Version:        2021.1 (Build 3247384 on Thu Jun 10 19:36:07 MDT 2021)
* Project:        WOMBAT_prj
* Solution:       solution1 (Vivado IP Flow Target)
* Product family: virtex7
* Target device:  xc7vx690t-ffg1927-2


================================================================
== Performance Estimates
================================================================
+ Timing: 
    * Summary: 
    +--------+---------+----------+------------+
    |  Clock |  Target | Estimated| Uncertainty|
    +--------+---------+----------+------------+
    |ap_clk  |  6.25 ns|  2.282 ns|     1.69 ns|
    +--------+---------+----------+------------+

+ Latency: 
    * Summary: 
    +---------+---------+----------+----------+-----+-----+---------+
    |  Latency (cycles) |  Latency (absolute) |  Interval | Pipeline|
    |   min   |   max   |    min   |    max   | min | max |   Type  |
    +---------+---------+----------+----------+-----+-----+---------+
    |        0|        0|      0 ns|      0 ns|    1|    1|      yes|
    +---------+---------+----------+----------+-----+-----+---------+

    + Detail: 
        * Instance: 
        N/A

        * Loop: 
        N/A



================================================================
== Utilization Estimates
================================================================
* Summary: 
+-----------------+---------+------+--------+--------+-----+
|       Name      | BRAM_18K|  DSP |   FF   |   LUT  | URAM|
+-----------------+---------+------+--------+--------+-----+
|DSP              |        -|     -|       -|       -|    -|
|Expression       |        -|     -|       0|     158|    -|
|FIFO             |        -|     -|       -|       -|    -|
|Instance         |        -|     -|       -|       -|    -|
|Memory           |        -|     -|       -|       -|    -|
|Multiplexer      |        -|     -|       -|      18|    -|
|Register         |        -|     -|      66|       -|    -|
+-----------------+---------+------+--------+--------+-----+
|Total            |        0|     0|      66|     176|    0|
+-----------------+---------+------+--------+--------+-----+
|Available        |     2940|  3600|  866400|  433200|    0|
+-----------------+---------+------+--------+--------+-----+
|Utilization (%)  |        0|     0|      ~0|      ~0|    0|
+-----------------+---------+------+--------+--------+-----+

+ Detail: 
    * Instance: 
    N/A

    * DSP: 
    N/A

    * Memory: 
    N/A

    * FIFO: 
    N/A

    * Expression: 
    +--------------------------+----------+----+---+----+------------+------------+
    |       Variable Name      | Operation| DSP| FF| LUT| Bitwidth P0| Bitwidth P1|
    +--------------------------+----------+----+---+----+------------+------------+
    |ret_V_10_fu_326_p2        |         +|   0|  0|  14|           6|           1|
    |ret_V_1_fu_98_p2          |         +|   0|  0|  14|           6|           1|
    |ret_V_4_fu_174_p2         |         +|   0|  0|  14|           6|           1|
    |ret_V_7_fu_250_p2         |         +|   0|  0|  14|           6|           1|
    |icmp_ln902_1_fu_168_p2    |      icmp|   0|  0|  11|          10|           1|
    |icmp_ln902_2_fu_244_p2    |      icmp|   0|  0|  11|          10|           1|
    |icmp_ln902_3_fu_320_p2    |      icmp|   0|  0|  11|          10|           1|
    |icmp_ln902_fu_92_p2       |      icmp|   0|  0|  11|          10|           1|
    |ap_block_state1           |        or|   0|  0|   2|           1|           1|
    |ret_V_12_fu_112_p3        |    select|   0|  0|   6|           1|           6|
    |ret_V_13_fu_188_p3        |    select|   0|  0|   6|           1|           6|
    |ret_V_14_fu_264_p3        |    select|   0|  0|   6|           1|           6|
    |ret_V_15_fu_340_p3        |    select|   0|  0|   6|           1|           6|
    |select_ln674_1_fu_204_p3  |    select|   0|  0|   2|           1|           2|
    |select_ln674_2_fu_280_p3  |    select|   0|  0|   2|           1|           2|
    |select_ln674_3_fu_356_p3  |    select|   0|  0|   2|           1|           2|
    |select_ln674_fu_128_p3    |    select|   0|  0|   2|           1|           2|
    |select_ln901_1_fu_180_p3  |    select|   0|  0|   6|           1|           6|
    |select_ln901_2_fu_256_p3  |    select|   0|  0|   6|           1|           6|
    |select_ln901_3_fu_332_p3  |    select|   0|  0|   6|           1|           6|
    |select_ln901_fu_104_p3    |    select|   0|  0|   6|           1|           6|
    +--------------------------+----------+----+---+----+------------+------------+
    |Total                     |          |   0|  0| 158|          77|          65|
    +--------------------------+----------+----+---+----+------------+------------+

    * Multiplexer: 
    +-----------+----+-----------+-----+-----------+
    |    Name   | LUT| Input Size| Bits| Total Bits|
    +-----------+----+-----------+-----+-----------+
    |ap_done    |   9|          2|    1|          2|
    |ap_return  |   9|          2|   64|        128|
    +-----------+----+-----------+-----+-----------+
    |Total      |  18|          4|   65|        130|
    +-----------+----+-----------+-----+-----------+

    * Register: 
    +----------------+----+----+-----+-----------+
    |      Name      | FF | LUT| Bits| Const Bits|
    +----------------+----+----+-----+-----------+
    |ap_CS_fsm       |   1|   0|    1|          0|
    |ap_done_reg     |   1|   0|    1|          0|
    |ap_return_preg  |  64|   0|  128|         64|
    +----------------+----+----+-----+-----------+
    |Total           |  66|   0|  130|         64|
    +----------------+----+----+-----+-----------+



================================================================
== Interface
================================================================
* Summary: 
+-------------------+-----+-----+------------+-------------------+--------------+
|     RTL Ports     | Dir | Bits|  Protocol  |   Source Object   |    C Type    |
+-------------------+-----+-----+------------+-------------------+--------------+
|ap_clk             |   in|    1|  ap_ctrl_hs|  output_assignment|  return value|
|ap_rst             |   in|    1|  ap_ctrl_hs|  output_assignment|  return value|
|ap_start           |   in|    1|  ap_ctrl_hs|  output_assignment|  return value|
|ap_done            |  out|    1|  ap_ctrl_hs|  output_assignment|  return value|
|ap_continue        |   in|    1|  ap_ctrl_hs|  output_assignment|  return value|
|ap_idle            |  out|    1|  ap_ctrl_hs|  output_assignment|  return value|
|ap_ready           |  out|    1|  ap_ctrl_hs|  output_assignment|  return value|
|ap_return          |  out|  128|  ap_ctrl_hs|  output_assignment|  return value|
|WOMBAT_out_V_read  |   in|   64|     ap_none|  WOMBAT_out_V_read|        scalar|
+-------------------+-----+-----+------------+-------------------+--------------+

============================================================
+ Verbose Summary: Synthesis Manager
============================================================
InlineROM: 1
ExposeGlobal: 0
============================================================
+ Verbose Summary: CDFG Model
============================================================
IsTopModel: 0
ResetActiveHigh: 1
IsCombinational: 2
IsDatapathOnly: 0
HasWiredReturn: 1
HasMFsm: 2
HasVarLatency: 0
IsPipeline: 1
IsRtlPipelined: 0
IsInstanceOverlapped: 0
IsDontTouch: 0
HasImplIP: 0
IsGatedGlobalClock: 0

+ Individual pipeline summary: 
  * Pipeline-0: initiation interval (II) = 1, depth = 1


============================================================
+ Verbose Summary: Schedule
============================================================
* Number of FSM states : 1
* Pipeline : 1
  Pipeline-0 : II = 1, D = 1, States = { 1 }
* Dataflow Pipeline: 0

* FSM state transitions: 
1 --> 

* FSM state operations: 

State 1 <SV = 0> <Delay = 2.28>
ST_1 : Operation 2 [1/1] (0.00ns)   --->   "%specpipeline_ln49 = specpipeline void @_ssdm_op_SpecPipeline, i32 1, i32 0, i32 0, i32 0, void @empty_0" [src/algo_unpacked.cpp:49]   --->   Operation 2 'specpipeline' 'specpipeline_ln49' <Predicate = true> <Delay = 0.00>
ST_1 : Operation 3 [1/1] (0.00ns)   --->   "%WOMBAT_out_V_read_1 = read i64 @_ssdm_op_Read.ap_auto.i64, i64 %WOMBAT_out_V_read" [src/algo_unpacked.cpp:49]   --->   Operation 3 'read' 'WOMBAT_out_V_read_1' <Predicate = true> <Delay = 0.00>
ST_1 : Operation 4 [1/1] (0.00ns)   --->   "%ret_V = partselect i6 @_ssdm_op_PartSelect.i6.i64.i32.i32, i64 %WOMBAT_out_V_read_1, i32 10, i32 15"   --->   Operation 4 'partselect' 'ret_V' <Predicate = true> <Delay = 0.00>
ST_1 : Operation 5 [1/1] (0.00ns) (grouped into LUT with out node ret_V_12)   --->   "%p_Result_s = bitselect i1 @_ssdm_op_BitSelect.i1.i64.i32, i64 %WOMBAT_out_V_read_1, i32 15"   --->   Operation 5 'bitselect' 'p_Result_s' <Predicate = true> <Delay = 0.00>
ST_1 : Operation 6 [1/1] (0.00ns)   --->   "%trunc_ln902 = trunc i64 %WOMBAT_out_V_read_1"   --->   Operation 6 'trunc' 'trunc_ln902' <Predicate = (p_Result_s)> <Delay = 0.00>
ST_1 : Operation 7 [1/1] (0.94ns)   --->   "%icmp_ln902 = icmp_eq  i10 %trunc_ln902, i10 0"   --->   Operation 7 'icmp' 'icmp_ln902' <Predicate = (p_Result_s)> <Delay = 0.94> <CoreInst = "Cmp">   --->   Core 9 'Cmp' <Latency = 0> <II = 1> <Delay = 0.94> <FuncUnit> <Opcode : 'icmp'> <InPorts = 2> <OutPorts = 1>
ST_1 : Operation 8 [1/1] (1.18ns)   --->   "%ret_V_1 = add i6 %ret_V, i6 1"   --->   Operation 8 'add' 'ret_V_1' <Predicate = (!icmp_ln902 & p_Result_s)> <Delay = 1.18> <CoreInst = "Adder">   --->   Core 1 'Adder' <Latency = 0> <II = 1> <Delay = 1.18> <FuncUnit> <Opcode : 'add' 'sub'> <InPorts = 2> <OutPorts = 1>
ST_1 : Operation 9 [1/1] (0.00ns) (grouped into LUT with out node ret_V_12)   --->   "%select_ln901 = select i1 %icmp_ln902, i6 %ret_V, i6 %ret_V_1"   --->   Operation 9 'select' 'select_ln901' <Predicate = (p_Result_s)> <Delay = 0.00> <CoreInst = "Sel">   --->   Core 73 'Sel' <Latency = 0> <II = 1> <Delay = 0.60> <FuncUnit> <Opcode : 'select'> <InPorts = 3> <OutPorts = 1>
ST_1 : Operation 10 [1/1] (0.60ns) (out node of the LUT)   --->   "%ret_V_12 = select i1 %p_Result_s, i6 %select_ln901, i6 %ret_V"   --->   Operation 10 'select' 'ret_V_12' <Predicate = true> <Delay = 0.60> <CoreInst = "Sel">   --->   Core 73 'Sel' <Latency = 0> <II = 1> <Delay = 0.60> <FuncUnit> <Opcode : 'select'> <InPorts = 3> <OutPorts = 1>
ST_1 : Operation 11 [1/1] (0.00ns)   --->   "%ieta_val = bitselect i1 @_ssdm_op_BitSelect.i1.i6.i32, i6 %ret_V_12, i32 5"   --->   Operation 11 'bitselect' 'ieta_val' <Predicate = true> <Delay = 0.00>
ST_1 : Operation 12 [1/1] (0.49ns)   --->   "%select_ln674 = select i1 %ieta_val, i8 255, i8 0"   --->   Operation 12 'select' 'select_ln674' <Predicate = true> <Delay = 0.49> <CoreInst = "Sel">   --->   Core 73 'Sel' <Latency = 0> <II = 1> <Delay = 0.60> <FuncUnit> <Opcode : 'select'> <InPorts = 3> <OutPorts = 1>
ST_1 : Operation 13 [1/1] (0.00ns)   --->   "%sext_ln674 = sext i6 %ret_V_12"   --->   Operation 13 'sext' 'sext_ln674' <Predicate = true> <Delay = 0.00>
ST_1 : Operation 14 [1/1] (0.00ns)   --->   "%ret_V_3 = partselect i6 @_ssdm_op_PartSelect.i6.i64.i32.i32, i64 %WOMBAT_out_V_read_1, i32 26, i32 31"   --->   Operation 14 'partselect' 'ret_V_3' <Predicate = true> <Delay = 0.00>
ST_1 : Operation 15 [1/1] (0.00ns) (grouped into LUT with out node ret_V_13)   --->   "%p_Result_1 = bitselect i1 @_ssdm_op_BitSelect.i1.i64.i32, i64 %WOMBAT_out_V_read_1, i32 31"   --->   Operation 15 'bitselect' 'p_Result_1' <Predicate = true> <Delay = 0.00>
ST_1 : Operation 16 [1/1] (0.00ns)   --->   "%p_Result_6 = partselect i10 @_ssdm_op_PartSelect.i10.i64.i32.i32, i64 %WOMBAT_out_V_read_1, i32 16, i32 25"   --->   Operation 16 'partselect' 'p_Result_6' <Predicate = (p_Result_1)> <Delay = 0.00>
ST_1 : Operation 17 [1/1] (0.94ns)   --->   "%icmp_ln902_1 = icmp_eq  i10 %p_Result_6, i10 0"   --->   Operation 17 'icmp' 'icmp_ln902_1' <Predicate = (p_Result_1)> <Delay = 0.94> <CoreInst = "Cmp">   --->   Core 9 'Cmp' <Latency = 0> <II = 1> <Delay = 0.94> <FuncUnit> <Opcode : 'icmp'> <InPorts = 2> <OutPorts = 1>
ST_1 : Operation 18 [1/1] (1.18ns)   --->   "%ret_V_4 = add i6 %ret_V_3, i6 1"   --->   Operation 18 'add' 'ret_V_4' <Predicate = (!icmp_ln902_1 & p_Result_1)> <Delay = 1.18> <CoreInst = "Adder">   --->   Core 1 'Adder' <Latency = 0> <II = 1> <Delay = 1.18> <FuncUnit> <Opcode : 'add' 'sub'> <InPorts = 2> <OutPorts = 1>
ST_1 : Operation 19 [1/1] (0.00ns) (grouped into LUT with out node ret_V_13)   --->   "%select_ln901_1 = select i1 %icmp_ln902_1, i6 %ret_V_3, i6 %ret_V_4"   --->   Operation 19 'select' 'select_ln901_1' <Predicate = (p_Result_1)> <Delay = 0.00> <CoreInst = "Sel">   --->   Core 73 'Sel' <Latency = 0> <II = 1> <Delay = 0.60> <FuncUnit> <Opcode : 'select'> <InPorts = 3> <OutPorts = 1>
ST_1 : Operation 20 [1/1] (0.60ns) (out node of the LUT)   --->   "%ret_V_13 = select i1 %p_Result_1, i6 %select_ln901_1, i6 %ret_V_3"   --->   Operation 20 'select' 'ret_V_13' <Predicate = true> <Delay = 0.60> <CoreInst = "Sel">   --->   Core 73 'Sel' <Latency = 0> <II = 1> <Delay = 0.60> <FuncUnit> <Opcode : 'select'> <InPorts = 3> <OutPorts = 1>
ST_1 : Operation 21 [1/1] (0.00ns)   --->   "%ieta_val_1 = bitselect i1 @_ssdm_op_BitSelect.i1.i6.i32, i6 %ret_V_13, i32 5"   --->   Operation 21 'bitselect' 'ieta_val_1' <Predicate = true> <Delay = 0.00>
ST_1 : Operation 22 [1/1] (0.49ns)   --->   "%select_ln674_1 = select i1 %ieta_val_1, i8 255, i8 0"   --->   Operation 22 'select' 'select_ln674_1' <Predicate = true> <Delay = 0.49> <CoreInst = "Sel">   --->   Core 73 'Sel' <Latency = 0> <II = 1> <Delay = 0.60> <FuncUnit> <Opcode : 'select'> <InPorts = 3> <OutPorts = 1>
ST_1 : Operation 23 [1/1] (0.00ns)   --->   "%sext_ln674_1 = sext i6 %ret_V_13"   --->   Operation 23 'sext' 'sext_ln674_1' <Predicate = true> <Delay = 0.00>
ST_1 : Operation 24 [1/1] (0.00ns)   --->   "%ret_V_6 = partselect i6 @_ssdm_op_PartSelect.i6.i64.i32.i32, i64 %WOMBAT_out_V_read_1, i32 42, i32 47"   --->   Operation 24 'partselect' 'ret_V_6' <Predicate = true> <Delay = 0.00>
ST_1 : Operation 25 [1/1] (0.00ns) (grouped into LUT with out node ret_V_14)   --->   "%p_Result_2 = bitselect i1 @_ssdm_op_BitSelect.i1.i64.i32, i64 %WOMBAT_out_V_read_1, i32 47"   --->   Operation 25 'bitselect' 'p_Result_2' <Predicate = true> <Delay = 0.00>
ST_1 : Operation 26 [1/1] (0.00ns)   --->   "%p_Result_3 = partselect i10 @_ssdm_op_PartSelect.i10.i64.i32.i32, i64 %WOMBAT_out_V_read_1, i32 32, i32 41"   --->   Operation 26 'partselect' 'p_Result_3' <Predicate = (p_Result_2)> <Delay = 0.00>
ST_1 : Operation 27 [1/1] (0.94ns)   --->   "%icmp_ln902_2 = icmp_eq  i10 %p_Result_3, i10 0"   --->   Operation 27 'icmp' 'icmp_ln902_2' <Predicate = (p_Result_2)> <Delay = 0.94> <CoreInst = "Cmp">   --->   Core 9 'Cmp' <Latency = 0> <II = 1> <Delay = 0.94> <FuncUnit> <Opcode : 'icmp'> <InPorts = 2> <OutPorts = 1>
ST_1 : Operation 28 [1/1] (1.18ns)   --->   "%ret_V_7 = add i6 %ret_V_6, i6 1"   --->   Operation 28 'add' 'ret_V_7' <Predicate = (!icmp_ln902_2 & p_Result_2)> <Delay = 1.18> <CoreInst = "Adder">   --->   Core 1 'Adder' <Latency = 0> <II = 1> <Delay = 1.18> <FuncUnit> <Opcode : 'add' 'sub'> <InPorts = 2> <OutPorts = 1>
ST_1 : Operation 29 [1/1] (0.00ns) (grouped into LUT with out node ret_V_14)   --->   "%select_ln901_2 = select i1 %icmp_ln902_2, i6 %ret_V_6, i6 %ret_V_7"   --->   Operation 29 'select' 'select_ln901_2' <Predicate = (p_Result_2)> <Delay = 0.00> <CoreInst = "Sel">   --->   Core 73 'Sel' <Latency = 0> <II = 1> <Delay = 0.60> <FuncUnit> <Opcode : 'select'> <InPorts = 3> <OutPorts = 1>
ST_1 : Operation 30 [1/1] (0.60ns) (out node of the LUT)   --->   "%ret_V_14 = select i1 %p_Result_2, i6 %select_ln901_2, i6 %ret_V_6"   --->   Operation 30 'select' 'ret_V_14' <Predicate = true> <Delay = 0.60> <CoreInst = "Sel">   --->   Core 73 'Sel' <Latency = 0> <II = 1> <Delay = 0.60> <FuncUnit> <Opcode : 'select'> <InPorts = 3> <OutPorts = 1>
ST_1 : Operation 31 [1/1] (0.00ns)   --->   "%ieta_val_2 = bitselect i1 @_ssdm_op_BitSelect.i1.i6.i32, i6 %ret_V_14, i32 5"   --->   Operation 31 'bitselect' 'ieta_val_2' <Predicate = true> <Delay = 0.00>
ST_1 : Operation 32 [1/1] (0.49ns)   --->   "%select_ln674_2 = select i1 %ieta_val_2, i8 255, i8 0"   --->   Operation 32 'select' 'select_ln674_2' <Predicate = true> <Delay = 0.49> <CoreInst = "Sel">   --->   Core 73 'Sel' <Latency = 0> <II = 1> <Delay = 0.60> <FuncUnit> <Opcode : 'select'> <InPorts = 3> <OutPorts = 1>
ST_1 : Operation 33 [1/1] (0.00ns)   --->   "%sext_ln674_2 = sext i6 %ret_V_14"   --->   Operation 33 'sext' 'sext_ln674_2' <Predicate = true> <Delay = 0.00>
ST_1 : Operation 34 [1/1] (0.00ns)   --->   "%ret_V_9 = partselect i6 @_ssdm_op_PartSelect.i6.i64.i32.i32, i64 %WOMBAT_out_V_read_1, i32 58, i32 63"   --->   Operation 34 'partselect' 'ret_V_9' <Predicate = true> <Delay = 0.00>
ST_1 : Operation 35 [1/1] (0.00ns) (grouped into LUT with out node ret_V_15)   --->   "%p_Result_4 = bitselect i1 @_ssdm_op_BitSelect.i1.i64.i32, i64 %WOMBAT_out_V_read_1, i32 63"   --->   Operation 35 'bitselect' 'p_Result_4' <Predicate = true> <Delay = 0.00>
ST_1 : Operation 36 [1/1] (0.00ns)   --->   "%p_Result_5 = partselect i10 @_ssdm_op_PartSelect.i10.i64.i32.i32, i64 %WOMBAT_out_V_read_1, i32 48, i32 57"   --->   Operation 36 'partselect' 'p_Result_5' <Predicate = (p_Result_4)> <Delay = 0.00>
ST_1 : Operation 37 [1/1] (0.94ns)   --->   "%icmp_ln902_3 = icmp_eq  i10 %p_Result_5, i10 0"   --->   Operation 37 'icmp' 'icmp_ln902_3' <Predicate = (p_Result_4)> <Delay = 0.94> <CoreInst = "Cmp">   --->   Core 9 'Cmp' <Latency = 0> <II = 1> <Delay = 0.94> <FuncUnit> <Opcode : 'icmp'> <InPorts = 2> <OutPorts = 1>
ST_1 : Operation 38 [1/1] (1.18ns)   --->   "%ret_V_10 = add i6 %ret_V_9, i6 1"   --->   Operation 38 'add' 'ret_V_10' <Predicate = (!icmp_ln902_3 & p_Result_4)> <Delay = 1.18> <CoreInst = "Adder">   --->   Core 1 'Adder' <Latency = 0> <II = 1> <Delay = 1.18> <FuncUnit> <Opcode : 'add' 'sub'> <InPorts = 2> <OutPorts = 1>
ST_1 : Operation 39 [1/1] (0.00ns) (grouped into LUT with out node ret_V_15)   --->   "%select_ln901_3 = select i1 %icmp_ln902_3, i6 %ret_V_9, i6 %ret_V_10"   --->   Operation 39 'select' 'select_ln901_3' <Predicate = (p_Result_4)> <Delay = 0.00> <CoreInst = "Sel">   --->   Core 73 'Sel' <Latency = 0> <II = 1> <Delay = 0.60> <FuncUnit> <Opcode : 'select'> <InPorts = 3> <OutPorts = 1>
ST_1 : Operation 40 [1/1] (0.60ns) (out node of the LUT)   --->   "%ret_V_15 = select i1 %p_Result_4, i6 %select_ln901_3, i6 %ret_V_9"   --->   Operation 40 'select' 'ret_V_15' <Predicate = true> <Delay = 0.60> <CoreInst = "Sel">   --->   Core 73 'Sel' <Latency = 0> <II = 1> <Delay = 0.60> <FuncUnit> <Opcode : 'select'> <InPorts = 3> <OutPorts = 1>
ST_1 : Operation 41 [1/1] (0.00ns)   --->   "%ieta_val_3 = bitselect i1 @_ssdm_op_BitSelect.i1.i6.i32, i6 %ret_V_15, i32 5"   --->   Operation 41 'bitselect' 'ieta_val_3' <Predicate = true> <Delay = 0.00>
ST_1 : Operation 42 [1/1] (0.49ns)   --->   "%select_ln674_3 = select i1 %ieta_val_3, i8 255, i8 0"   --->   Operation 42 'select' 'select_ln674_3' <Predicate = true> <Delay = 0.49> <CoreInst = "Sel">   --->   Core 73 'Sel' <Latency = 0> <II = 1> <Delay = 0.60> <FuncUnit> <Opcode : 'select'> <InPorts = 3> <OutPorts = 1>
ST_1 : Operation 43 [1/1] (0.00ns)   --->   "%sext_ln674_3 = sext i6 %ret_V_15"   --->   Operation 43 'sext' 'sext_ln674_3' <Predicate = true> <Delay = 0.00>
ST_1 : Operation 44 [1/1] (0.00ns)   --->   "%p_Result_7 = bitconcatenate i128 @_ssdm_op_BitConcatenate.i128.i6.i8.i8.i16.i8.i8.i16.i8.i8.i16.i8.i8.i10, i6 0, i8 %sext_ln674_3, i8 %select_ln674_3, i16 0, i8 %sext_ln674_2, i8 %select_ln674_2, i16 0, i8 %sext_ln674_1, i8 %select_ln674_1, i16 0, i8 %sext_ln674, i8 %select_ln674, i10 0"   --->   Operation 44 'bitconcatenate' 'p_Result_7' <Predicate = true> <Delay = 0.00>
ST_1 : Operation 45 [1/1] (0.00ns)   --->   "%ret_ln80 = ret i128 %p_Result_7" [src/algo_unpacked.cpp:80]   --->   Operation 45 'ret' 'ret_ln80' <Predicate = true> <Delay = 0.00>


============================================================
+ Verbose Summary: Binding
============================================================
STG Binding: 
---------------- STG Properties BEGIN ----------------
- Is combinational: 0
- Is one-state seq: 1
- Is datapath-only: 0
- Is pipelined: 1
- Is top level: 0
Port [ Return ] is wired: 1; IO mode=ap_ctrl_hs:ce=0
Port [ WOMBAT_out_V_read]:  wired=1; compound=0; hidden=0; nouse=0; global=0; static=0; extern=0; dir=0; type=0; pingpong=0; private_global=0; IO mode=ap_none:ce=0
---------------- STG Properties END ------------------

---------------- Datapath Model BEGIN ----------------

<LifeTime>
<method=bitvector/>
specpipeline_ln49   (specpipeline  ) [ 00]
WOMBAT_out_V_read_1 (read          ) [ 00]
ret_V               (partselect    ) [ 00]
p_Result_s          (bitselect     ) [ 01]
trunc_ln902         (trunc         ) [ 00]
icmp_ln902          (icmp          ) [ 01]
ret_V_1             (add           ) [ 00]
select_ln901        (select        ) [ 00]
ret_V_12            (select        ) [ 00]
ieta_val            (bitselect     ) [ 00]
select_ln674        (select        ) [ 00]
sext_ln674          (sext          ) [ 00]
ret_V_3             (partselect    ) [ 00]
p_Result_1          (bitselect     ) [ 01]
p_Result_6          (partselect    ) [ 00]
icmp_ln902_1        (icmp          ) [ 01]
ret_V_4             (add           ) [ 00]
select_ln901_1      (select        ) [ 00]
ret_V_13            (select        ) [ 00]
ieta_val_1          (bitselect     ) [ 00]
select_ln674_1      (select        ) [ 00]
sext_ln674_1        (sext          ) [ 00]
ret_V_6             (partselect    ) [ 00]
p_Result_2          (bitselect     ) [ 01]
p_Result_3          (partselect    ) [ 00]
icmp_ln902_2        (icmp          ) [ 01]
ret_V_7             (add           ) [ 00]
select_ln901_2      (select        ) [ 00]
ret_V_14            (select        ) [ 00]
ieta_val_2          (bitselect     ) [ 00]
select_ln674_2      (select        ) [ 00]
sext_ln674_2        (sext          ) [ 00]
ret_V_9             (partselect    ) [ 00]
p_Result_4          (bitselect     ) [ 01]
p_Result_5          (partselect    ) [ 00]
icmp_ln902_3        (icmp          ) [ 01]
ret_V_10            (add           ) [ 00]
select_ln901_3      (select        ) [ 00]
ret_V_15            (select        ) [ 00]
ieta_val_3          (bitselect     ) [ 00]
select_ln674_3      (select        ) [ 00]
sext_ln674_3        (sext          ) [ 00]
p_Result_7          (bitconcatenate) [ 00]
ret_ln80            (ret           ) [ 00]
</LifeTime>

<model>

<comp_list>
<comp id="0" class="1000" name="WOMBAT_out_V_read">
<pin_list>
<pin id="1" dir="1" index="0" bw="1" slack="0"/>
</pin_list>
<bind>
<StgValue><ssdm name="WOMBAT_out_V_read"/></StgValue>
</bind>
</comp>

<comp id="2" class="1001" name="const_2">
<pin_list>
<pin id="3" dir="1" index="0" bw="1" slack="2147483647"/>
</pin_list>
<bind>
<StgValue><ssdm name="_ssdm_op_SpecPipeline"/></StgValue>
</bind>
</comp>

<comp id="4" class="1001" name="const_4">
<pin_list>
<pin id="5" dir="1" index="0" bw="1" slack="2147483647"/>
</pin_list>
<bind>
<StgValue><ssdm name=""/></StgValue>
</bind>
</comp>

<comp id="6" class="1001" name="const_6">
<pin_list>
<pin id="7" dir="1" index="0" bw="1" slack="2147483647"/>
</pin_list>
<bind>
<StgValue><ssdm name=""/></StgValue>
</bind>
</comp>

<comp id="8" class="1001" name="const_8">
<pin_list>
<pin id="9" dir="1" index="0" bw="1" slack="2147483647"/>
</pin_list>
<bind>
<StgValue><ssdm name="empty_0"/></StgValue>
</bind>
</comp>

<comp id="10" class="1001" name="const_10">
<pin_list>
<pin id="11" dir="1" index="0" bw="1" slack="0"/>
</pin_list>
<bind>
<StgValue><ssdm name="_ssdm_op_Read.ap_auto.i64"/></StgValue>
</bind>
</comp>

<comp id="12" class="1001" name="const_12">
<pin_list>
<pin id="13" dir="1" index="0" bw="1" slack="0"/>
</pin_list>
<bind>
<StgValue><ssdm name="_ssdm_op_PartSelect.i6.i64.i32.i32"/></StgValue>
</bind>
</comp>

<comp id="14" class="1001" name="const_14">
<pin_list>
<pin id="15" dir="1" index="0" bw="1" slack="0"/>
</pin_list>
<bind>
<StgValue><ssdm name=""/></StgValue>
</bind>
</comp>

<comp id="16" class="1001" name="const_16">
<pin_list>
<pin id="17" dir="1" index="0" bw="1" slack="0"/>
</pin_list>
<bind>
<StgValue><ssdm name=""/></StgValue>
</bind>
</comp>

<comp id="18" class="1001" name="const_18">
<pin_list>
<pin id="19" dir="1" index="0" bw="1" slack="0"/>
</pin_list>
<bind>
<StgValue><ssdm name="_ssdm_op_BitSelect.i1.i64.i32"/></StgValue>
</bind>
</comp>

<comp id="20" class="1001" name="const_20">
<pin_list>
<pin id="21" dir="1" index="0" bw="1" slack="0"/>
</pin_list>
<bind>
<StgValue><ssdm name=""/></StgValue>
</bind>
</comp>

<comp id="22" class="1001" name="const_22">
<pin_list>
<pin id="23" dir="1" index="0" bw="1" slack="0"/>
</pin_list>
<bind>
<StgValue><ssdm name=""/></StgValue>
</bind>
</comp>

<comp id="24" class="1001" name="const_24">
<pin_list>
<pin id="25" dir="1" index="0" bw="1" slack="0"/>
</pin_list>
<bind>
<StgValue><ssdm name="_ssdm_op_BitSelect.i1.i6.i32"/></StgValue>
</bind>
</comp>

<comp id="26" class="1001" name="const_26">
<pin_list>
<pin id="27" dir="1" index="0" bw="1" slack="0"/>
</pin_list>
<bind>
<StgValue><ssdm name=""/></StgValue>
</bind>
</comp>

<comp id="28" class="1001" name="const_28">
<pin_list>
<pin id="29" dir="1" index="0" bw="1" slack="0"/>
</pin_list>
<bind>
<StgValue><ssdm name=""/></StgValue>
</bind>
</comp>

<comp id="30" class="1001" name="const_30">
<pin_list>
<pin id="31" dir="1" index="0" bw="1" slack="0"/>
</pin_list>
<bind>
<StgValue><ssdm name=""/></StgValue>
</bind>
</comp>

<comp id="32" class="1001" name="const_32">
<pin_list>
<pin id="33" dir="1" index="0" bw="1" slack="0"/>
</pin_list>
<bind>
<StgValue><ssdm name=""/></StgValue>
</bind>
</comp>

<comp id="34" class="1001" name="const_34">
<pin_list>
<pin id="35" dir="1" index="0" bw="1" slack="0"/>
</pin_list>
<bind>
<StgValue><ssdm name=""/></StgValue>
</bind>
</comp>

<comp id="36" class="1001" name="const_36">
<pin_list>
<pin id="37" dir="1" index="0" bw="1" slack="0"/>
</pin_list>
<bind>
<StgValue><ssdm name="_ssdm_op_PartSelect.i10.i64.i32.i32"/></StgValue>
</bind>
</comp>

<comp id="38" class="1001" name="const_38">
<pin_list>
<pin id="39" dir="1" index="0" bw="1" slack="0"/>
</pin_list>
<bind>
<StgValue><ssdm name=""/></StgValue>
</bind>
</comp>

<comp id="40" class="1001" name="const_40">
<pin_list>
<pin id="41" dir="1" index="0" bw="1" slack="0"/>
</pin_list>
<bind>
<StgValue><ssdm name=""/></StgValue>
</bind>
</comp>

<comp id="42" class="1001" name="const_42">
<pin_list>
<pin id="43" dir="1" index="0" bw="1" slack="0"/>
</pin_list>
<bind>
<StgValue><ssdm name=""/></StgValue>
</bind>
</comp>

<comp id="44" class="1001" name="const_44">
<pin_list>
<pin id="45" dir="1" index="0" bw="1" slack="0"/>
</pin_list>
<bind>
<StgValue><ssdm name=""/></StgValue>
</bind>
</comp>

<comp id="46" class="1001" name="const_46">
<pin_list>
<pin id="47" dir="1" index="0" bw="1" slack="0"/>
</pin_list>
<bind>
<StgValue><ssdm name=""/></StgValue>
</bind>
</comp>

<comp id="48" class="1001" name="const_48">
<pin_list>
<pin id="49" dir="1" index="0" bw="1" slack="0"/>
</pin_list>
<bind>
<StgValue><ssdm name=""/></StgValue>
</bind>
</comp>

<comp id="50" class="1001" name="const_50">
<pin_list>
<pin id="51" dir="1" index="0" bw="1" slack="0"/>
</pin_list>
<bind>
<StgValue><ssdm name=""/></StgValue>
</bind>
</comp>

<comp id="52" class="1001" name="const_52">
<pin_list>
<pin id="53" dir="1" index="0" bw="1" slack="0"/>
</pin_list>
<bind>
<StgValue><ssdm name=""/></StgValue>
</bind>
</comp>

<comp id="54" class="1001" name="const_54">
<pin_list>
<pin id="55" dir="1" index="0" bw="1" slack="0"/>
</pin_list>
<bind>
<StgValue><ssdm name=""/></StgValue>
</bind>
</comp>

<comp id="56" class="1001" name="const_56">
<pin_list>
<pin id="57" dir="1" index="0" bw="1" slack="0"/>
</pin_list>
<bind>
<StgValue><ssdm name=""/></StgValue>
</bind>
</comp>

<comp id="58" class="1001" name="const_58">
<pin_list>
<pin id="59" dir="1" index="0" bw="1" slack="0"/>
</pin_list>
<bind>
<StgValue><ssdm name="_ssdm_op_BitConcatenate.i128.i6.i8.i8.i16.i8.i8.i16.i8.i8.i16.i8.i8.i10"/></StgValue>
</bind>
</comp>

<comp id="60" class="1001" name="const_60">
<pin_list>
<pin id="61" dir="1" index="0" bw="1" slack="0"/>
</pin_list>
<bind>
<StgValue><ssdm name=""/></StgValue>
</bind>
</comp>

<comp id="62" class="1001" name="const_62">
<pin_list>
<pin id="63" dir="1" index="0" bw="1" slack="0"/>
</pin_list>
<bind>
<StgValue><ssdm name=""/></StgValue>
</bind>
</comp>

<comp id="64" class="1004" name="WOMBAT_out_V_read_1_read_fu_64">
<pin_list>
<pin id="65" dir="0" index="0" bw="64" slack="0"/>
<pin id="66" dir="0" index="1" bw="64" slack="0"/>
<pin id="67" dir="1" index="2" bw="64" slack="0"/>
</pin_list>
<bind>
<opcode="read(1150) " fcode="read"/>
<opset="WOMBAT_out_V_read_1/1 "/>
</bind>
</comp>

<comp id="70" class="1004" name="ret_V_fu_70">
<pin_list>
<pin id="71" dir="0" index="0" bw="6" slack="0"/>
<pin id="72" dir="0" index="1" bw="64" slack="0"/>
<pin id="73" dir="0" index="2" bw="5" slack="0"/>
<pin id="74" dir="0" index="3" bw="5" slack="0"/>
<pin id="75" dir="1" index="4" bw="6" slack="0"/>
</pin_list>
<bind>
<opcode="partselect(1002) " fcode="partselect"/>
<opset="ret_V/1 "/>
</bind>
</comp>

<comp id="80" class="1004" name="p_Result_s_fu_80">
<pin_list>
<pin id="81" dir="0" index="0" bw="1" slack="0"/>
<pin id="82" dir="0" index="1" bw="64" slack="0"/>
<pin id="83" dir="0" index="2" bw="5" slack="0"/>
<pin id="84" dir="1" index="3" bw="1" slack="0"/>
</pin_list>
<bind>
<opcode="bitselect(1000) " fcode="bitselect"/>
<opset="p_Result_s/1 "/>
</bind>
</comp>

<comp id="88" class="1004" name="trunc_ln902_fu_88">
<pin_list>
<pin id="89" dir="0" index="0" bw="64" slack="0"/>
<pin id="90" dir="1" index="1" bw="10" slack="0"/>
</pin_list>
<bind>
<opcode="trunc(33) " fcode="trunc"/>
<opset="trunc_ln902/1 "/>
</bind>
</comp>

<comp id="92" class="1004" name="icmp_ln902_fu_92">
<pin_list>
<pin id="93" dir="0" index="0" bw="10" slack="0"/>
<pin id="94" dir="0" index="1" bw="10" slack="0"/>
<pin id="95" dir="1" index="2" bw="1" slack="0"/>
</pin_list>
<bind>
<opcode="icmp(45) " fcode="icmp"/>
<opset="icmp_ln902/1 "/>
</bind>
</comp>

<comp id="98" class="1004" name="ret_V_1_fu_98">
<pin_list>
<pin id="99" dir="0" index="0" bw="6" slack="0"/>
<pin id="100" dir="0" index="1" bw="1" slack="0"/>
<pin id="101" dir="1" index="2" bw="6" slack="0"/>
</pin_list>
<bind>
<opcode="add(8) " fcode="add"/>
<opset="ret_V_1/1 "/>
</bind>
</comp>

<comp id="104" class="1004" name="select_ln901_fu_104">
<pin_list>
<pin id="105" dir="0" index="0" bw="1" slack="0"/>
<pin id="106" dir="0" index="1" bw="6" slack="0"/>
<pin id="107" dir="0" index="2" bw="6" slack="0"/>
<pin id="108" dir="1" index="3" bw="6" slack="0"/>
</pin_list>
<bind>
<opcode="select(49) " fcode="select"/>
<opset="select_ln901/1 "/>
</bind>
</comp>

<comp id="112" class="1004" name="ret_V_12_fu_112">
<pin_list>
<pin id="113" dir="0" index="0" bw="1" slack="0"/>
<pin id="114" dir="0" index="1" bw="6" slack="0"/>
<pin id="115" dir="0" index="2" bw="6" slack="0"/>
<pin id="116" dir="1" index="3" bw="6" slack="0"/>
</pin_list>
<bind>
<opcode="select(49) " fcode="select"/>
<opset="ret_V_12/1 "/>
</bind>
</comp>

<comp id="120" class="1004" name="ieta_val_fu_120">
<pin_list>
<pin id="121" dir="0" index="0" bw="1" slack="0"/>
<pin id="122" dir="0" index="1" bw="6" slack="0"/>
<pin id="123" dir="0" index="2" bw="4" slack="0"/>
<pin id="124" dir="1" index="3" bw="1" slack="0"/>
</pin_list>
<bind>
<opcode="bitselect(1000) " fcode="bitselect"/>
<opset="ieta_val/1 "/>
</bind>
</comp>

<comp id="128" class="1004" name="select_ln674_fu_128">
<pin_list>
<pin id="129" dir="0" index="0" bw="1" slack="0"/>
<pin id="130" dir="0" index="1" bw="8" slack="0"/>
<pin id="131" dir="0" index="2" bw="8" slack="0"/>
<pin id="132" dir="1" index="3" bw="8" slack="0"/>
</pin_list>
<bind>
<opcode="select(49) " fcode="select"/>
<opset="select_ln674/1 "/>
</bind>
</comp>

<comp id="136" class="1004" name="sext_ln674_fu_136">
<pin_list>
<pin id="137" dir="0" index="0" bw="6" slack="0"/>
<pin id="138" dir="1" index="1" bw="8" slack="0"/>
</pin_list>
<bind>
<opcode="sext(35) " fcode="sext"/>
<opset="sext_ln674/1 "/>
</bind>
</comp>

<comp id="140" class="1004" name="ret_V_3_fu_140">
<pin_list>
<pin id="141" dir="0" index="0" bw="6" slack="0"/>
<pin id="142" dir="0" index="1" bw="64" slack="0"/>
<pin id="143" dir="0" index="2" bw="6" slack="0"/>
<pin id="144" dir="0" index="3" bw="6" slack="0"/>
<pin id="145" dir="1" index="4" bw="6" slack="0"/>
</pin_list>
<bind>
<opcode="partselect(1002) " fcode="partselect"/>
<opset="ret_V_3/1 "/>
</bind>
</comp>

<comp id="150" class="1004" name="p_Result_1_fu_150">
<pin_list>
<pin id="151" dir="0" index="0" bw="1" slack="0"/>
<pin id="152" dir="0" index="1" bw="64" slack="0"/>
<pin id="153" dir="0" index="2" bw="6" slack="0"/>
<pin id="154" dir="1" index="3" bw="1" slack="0"/>
</pin_list>
<bind>
<opcode="bitselect(1000) " fcode="bitselect"/>
<opset="p_Result_1/1 "/>
</bind>
</comp>

<comp id="158" class="1004" name="p_Result_6_fu_158">
<pin_list>
<pin id="159" dir="0" index="0" bw="10" slack="0"/>
<pin id="160" dir="0" index="1" bw="64" slack="0"/>
<pin id="161" dir="0" index="2" bw="6" slack="0"/>
<pin id="162" dir="0" index="3" bw="6" slack="0"/>
<pin id="163" dir="1" index="4" bw="10" slack="0"/>
</pin_list>
<bind>
<opcode="partselect(1002) " fcode="partselect"/>
<opset="p_Result_6/1 "/>
</bind>
</comp>

<comp id="168" class="1004" name="icmp_ln902_1_fu_168">
<pin_list>
<pin id="169" dir="0" index="0" bw="10" slack="0"/>
<pin id="170" dir="0" index="1" bw="10" slack="0"/>
<pin id="171" dir="1" index="2" bw="1" slack="0"/>
</pin_list>
<bind>
<opcode="icmp(45) " fcode="icmp"/>
<opset="icmp_ln902_1/1 "/>
</bind>
</comp>

<comp id="174" class="1004" name="ret_V_4_fu_174">
<pin_list>
<pin id="175" dir="0" index="0" bw="6" slack="0"/>
<pin id="176" dir="0" index="1" bw="1" slack="0"/>
<pin id="177" dir="1" index="2" bw="6" slack="0"/>
</pin_list>
<bind>
<opcode="add(8) " fcode="add"/>
<opset="ret_V_4/1 "/>
</bind>
</comp>

<comp id="180" class="1004" name="select_ln901_1_fu_180">
<pin_list>
<pin id="181" dir="0" index="0" bw="1" slack="0"/>
<pin id="182" dir="0" index="1" bw="6" slack="0"/>
<pin id="183" dir="0" index="2" bw="6" slack="0"/>
<pin id="184" dir="1" index="3" bw="6" slack="0"/>
</pin_list>
<bind>
<opcode="select(49) " fcode="select"/>
<opset="select_ln901_1/1 "/>
</bind>
</comp>

<comp id="188" class="1004" name="ret_V_13_fu_188">
<pin_list>
<pin id="189" dir="0" index="0" bw="1" slack="0"/>
<pin id="190" dir="0" index="1" bw="6" slack="0"/>
<pin id="191" dir="0" index="2" bw="6" slack="0"/>
<pin id="192" dir="1" index="3" bw="6" slack="0"/>
</pin_list>
<bind>
<opcode="select(49) " fcode="select"/>
<opset="ret_V_13/1 "/>
</bind>
</comp>

<comp id="196" class="1004" name="ieta_val_1_fu_196">
<pin_list>
<pin id="197" dir="0" index="0" bw="1" slack="0"/>
<pin id="198" dir="0" index="1" bw="6" slack="0"/>
<pin id="199" dir="0" index="2" bw="4" slack="0"/>
<pin id="200" dir="1" index="3" bw="1" slack="0"/>
</pin_list>
<bind>
<opcode="bitselect(1000) " fcode="bitselect"/>
<opset="ieta_val_1/1 "/>
</bind>
</comp>

<comp id="204" class="1004" name="select_ln674_1_fu_204">
<pin_list>
<pin id="205" dir="0" index="0" bw="1" slack="0"/>
<pin id="206" dir="0" index="1" bw="8" slack="0"/>
<pin id="207" dir="0" index="2" bw="8" slack="0"/>
<pin id="208" dir="1" index="3" bw="8" slack="0"/>
</pin_list>
<bind>
<opcode="select(49) " fcode="select"/>
<opset="select_ln674_1/1 "/>
</bind>
</comp>

<comp id="212" class="1004" name="sext_ln674_1_fu_212">
<pin_list>
<pin id="213" dir="0" index="0" bw="6" slack="0"/>
<pin id="214" dir="1" index="1" bw="8" slack="0"/>
</pin_list>
<bind>
<opcode="sext(35) " fcode="sext"/>
<opset="sext_ln674_1/1 "/>
</bind>
</comp>

<comp id="216" class="1004" name="ret_V_6_fu_216">
<pin_list>
<pin id="217" dir="0" index="0" bw="6" slack="0"/>
<pin id="218" dir="0" index="1" bw="64" slack="0"/>
<pin id="219" dir="0" index="2" bw="7" slack="0"/>
<pin id="220" dir="0" index="3" bw="7" slack="0"/>
<pin id="221" dir="1" index="4" bw="6" slack="0"/>
</pin_list>
<bind>
<opcode="partselect(1002) " fcode="partselect"/>
<opset="ret_V_6/1 "/>
</bind>
</comp>

<comp id="226" class="1004" name="p_Result_2_fu_226">
<pin_list>
<pin id="227" dir="0" index="0" bw="1" slack="0"/>
<pin id="228" dir="0" index="1" bw="64" slack="0"/>
<pin id="229" dir="0" index="2" bw="7" slack="0"/>
<pin id="230" dir="1" index="3" bw="1" slack="0"/>
</pin_list>
<bind>
<opcode="bitselect(1000) " fcode="bitselect"/>
<opset="p_Result_2/1 "/>
</bind>
</comp>

<comp id="234" class="1004" name="p_Result_3_fu_234">
<pin_list>
<pin id="235" dir="0" index="0" bw="10" slack="0"/>
<pin id="236" dir="0" index="1" bw="64" slack="0"/>
<pin id="237" dir="0" index="2" bw="7" slack="0"/>
<pin id="238" dir="0" index="3" bw="7" slack="0"/>
<pin id="239" dir="1" index="4" bw="10" slack="0"/>
</pin_list>
<bind>
<opcode="partselect(1002) " fcode="partselect"/>
<opset="p_Result_3/1 "/>
</bind>
</comp>

<comp id="244" class="1004" name="icmp_ln902_2_fu_244">
<pin_list>
<pin id="245" dir="0" index="0" bw="10" slack="0"/>
<pin id="246" dir="0" index="1" bw="10" slack="0"/>
<pin id="247" dir="1" index="2" bw="1" slack="0"/>
</pin_list>
<bind>
<opcode="icmp(45) " fcode="icmp"/>
<opset="icmp_ln902_2/1 "/>
</bind>
</comp>

<comp id="250" class="1004" name="ret_V_7_fu_250">
<pin_list>
<pin id="251" dir="0" index="0" bw="6" slack="0"/>
<pin id="252" dir="0" index="1" bw="1" slack="0"/>
<pin id="253" dir="1" index="2" bw="6" slack="0"/>
</pin_list>
<bind>
<opcode="add(8) " fcode="add"/>
<opset="ret_V_7/1 "/>
</bind>
</comp>

<comp id="256" class="1004" name="select_ln901_2_fu_256">
<pin_list>
<pin id="257" dir="0" index="0" bw="1" slack="0"/>
<pin id="258" dir="0" index="1" bw="6" slack="0"/>
<pin id="259" dir="0" index="2" bw="6" slack="0"/>
<pin id="260" dir="1" index="3" bw="6" slack="0"/>
</pin_list>
<bind>
<opcode="select(49) " fcode="select"/>
<opset="select_ln901_2/1 "/>
</bind>
</comp>

<comp id="264" class="1004" name="ret_V_14_fu_264">
<pin_list>
<pin id="265" dir="0" index="0" bw="1" slack="0"/>
<pin id="266" dir="0" index="1" bw="6" slack="0"/>
<pin id="267" dir="0" index="2" bw="6" slack="0"/>
<pin id="268" dir="1" index="3" bw="6" slack="0"/>
</pin_list>
<bind>
<opcode="select(49) " fcode="select"/>
<opset="ret_V_14/1 "/>
</bind>
</comp>

<comp id="272" class="1004" name="ieta_val_2_fu_272">
<pin_list>
<pin id="273" dir="0" index="0" bw="1" slack="0"/>
<pin id="274" dir="0" index="1" bw="6" slack="0"/>
<pin id="275" dir="0" index="2" bw="4" slack="0"/>
<pin id="276" dir="1" index="3" bw="1" slack="0"/>
</pin_list>
<bind>
<opcode="bitselect(1000) " fcode="bitselect"/>
<opset="ieta_val_2/1 "/>
</bind>
</comp>

<comp id="280" class="1004" name="select_ln674_2_fu_280">
<pin_list>
<pin id="281" dir="0" index="0" bw="1" slack="0"/>
<pin id="282" dir="0" index="1" bw="8" slack="0"/>
<pin id="283" dir="0" index="2" bw="8" slack="0"/>
<pin id="284" dir="1" index="3" bw="8" slack="0"/>
</pin_list>
<bind>
<opcode="select(49) " fcode="select"/>
<opset="select_ln674_2/1 "/>
</bind>
</comp>

<comp id="288" class="1004" name="sext_ln674_2_fu_288">
<pin_list>
<pin id="289" dir="0" index="0" bw="6" slack="0"/>
<pin id="290" dir="1" index="1" bw="8" slack="0"/>
</pin_list>
<bind>
<opcode="sext(35) " fcode="sext"/>
<opset="sext_ln674_2/1 "/>
</bind>
</comp>

<comp id="292" class="1004" name="ret_V_9_fu_292">
<pin_list>
<pin id="293" dir="0" index="0" bw="6" slack="0"/>
<pin id="294" dir="0" index="1" bw="64" slack="0"/>
<pin id="295" dir="0" index="2" bw="7" slack="0"/>
<pin id="296" dir="0" index="3" bw="7" slack="0"/>
<pin id="297" dir="1" index="4" bw="6" slack="0"/>
</pin_list>
<bind>
<opcode="partselect(1002) " fcode="partselect"/>
<opset="ret_V_9/1 "/>
</bind>
</comp>

<comp id="302" class="1004" name="p_Result_4_fu_302">
<pin_list>
<pin id="303" dir="0" index="0" bw="1" slack="0"/>
<pin id="304" dir="0" index="1" bw="64" slack="0"/>
<pin id="305" dir="0" index="2" bw="7" slack="0"/>
<pin id="306" dir="1" index="3" bw="1" slack="0"/>
</pin_list>
<bind>
<opcode="bitselect(1000) " fcode="bitselect"/>
<opset="p_Result_4/1 "/>
</bind>
</comp>

<comp id="310" class="1004" name="p_Result_5_fu_310">
<pin_list>
<pin id="311" dir="0" index="0" bw="10" slack="0"/>
<pin id="312" dir="0" index="1" bw="64" slack="0"/>
<pin id="313" dir="0" index="2" bw="7" slack="0"/>
<pin id="314" dir="0" index="3" bw="7" slack="0"/>
<pin id="315" dir="1" index="4" bw="10" slack="0"/>
</pin_list>
<bind>
<opcode="partselect(1002) " fcode="partselect"/>
<opset="p_Result_5/1 "/>
</bind>
</comp>

<comp id="320" class="1004" name="icmp_ln902_3_fu_320">
<pin_list>
<pin id="321" dir="0" index="0" bw="10" slack="0"/>
<pin id="322" dir="0" index="1" bw="10" slack="0"/>
<pin id="323" dir="1" index="2" bw="1" slack="0"/>
</pin_list>
<bind>
<opcode="icmp(45) " fcode="icmp"/>
<opset="icmp_ln902_3/1 "/>
</bind>
</comp>

<comp id="326" class="1004" name="ret_V_10_fu_326">
<pin_list>
<pin id="327" dir="0" index="0" bw="6" slack="0"/>
<pin id="328" dir="0" index="1" bw="1" slack="0"/>
<pin id="329" dir="1" index="2" bw="6" slack="0"/>
</pin_list>
<bind>
<opcode="add(8) " fcode="add"/>
<opset="ret_V_10/1 "/>
</bind>
</comp>

<comp id="332" class="1004" name="select_ln901_3_fu_332">
<pin_list>
<pin id="333" dir="0" index="0" bw="1" slack="0"/>
<pin id="334" dir="0" index="1" bw="6" slack="0"/>
<pin id="335" dir="0" index="2" bw="6" slack="0"/>
<pin id="336" dir="1" index="3" bw="6" slack="0"/>
</pin_list>
<bind>
<opcode="select(49) " fcode="select"/>
<opset="select_ln901_3/1 "/>
</bind>
</comp>

<comp id="340" class="1004" name="ret_V_15_fu_340">
<pin_list>
<pin id="341" dir="0" index="0" bw="1" slack="0"/>
<pin id="342" dir="0" index="1" bw="6" slack="0"/>
<pin id="343" dir="0" index="2" bw="6" slack="0"/>
<pin id="344" dir="1" index="3" bw="6" slack="0"/>
</pin_list>
<bind>
<opcode="select(49) " fcode="select"/>
<opset="ret_V_15/1 "/>
</bind>
</comp>

<comp id="348" class="1004" name="ieta_val_3_fu_348">
<pin_list>
<pin id="349" dir="0" index="0" bw="1" slack="0"/>
<pin id="350" dir="0" index="1" bw="6" slack="0"/>
<pin id="351" dir="0" index="2" bw="4" slack="0"/>
<pin id="352" dir="1" index="3" bw="1" slack="0"/>
</pin_list>
<bind>
<opcode="bitselect(1000) " fcode="bitselect"/>
<opset="ieta_val_3/1 "/>
</bind>
</comp>

<comp id="356" class="1004" name="select_ln674_3_fu_356">
<pin_list>
<pin id="357" dir="0" index="0" bw="1" slack="0"/>
<pin id="358" dir="0" index="1" bw="8" slack="0"/>
<pin id="359" dir="0" index="2" bw="8" slack="0"/>
<pin id="360" dir="1" index="3" bw="8" slack="0"/>
</pin_list>
<bind>
<opcode="select(49) " fcode="select"/>
<opset="select_ln674_3/1 "/>
</bind>
</comp>

<comp id="364" class="1004" name="sext_ln674_3_fu_364">
<pin_list>
<pin id="365" dir="0" index="0" bw="6" slack="0"/>
<pin id="366" dir="1" index="1" bw="8" slack="0"/>
</pin_list>
<bind>
<opcode="sext(35) " fcode="sext"/>
<opset="sext_ln674_3/1 "/>
</bind>
</comp>

<comp id="368" class="1004" name="p_Result_7_fu_368">
<pin_list>
<pin id="369" dir="0" index="0" bw="128" slack="0"/>
<pin id="370" dir="0" index="1" bw="1" slack="0"/>
<pin id="371" dir="0" index="2" bw="6" slack="0"/>
<pin id="372" dir="0" index="3" bw="8" slack="0"/>
<pin id="373" dir="0" index="4" bw="1" slack="0"/>
<pin id="374" dir="0" index="5" bw="6" slack="0"/>
<pin id="375" dir="0" index="6" bw="8" slack="0"/>
<pin id="376" dir="0" index="7" bw="1" slack="0"/>
<pin id="377" dir="0" index="8" bw="6" slack="0"/>
<pin id="378" dir="0" index="9" bw="8" slack="0"/>
<pin id="379" dir="0" index="10" bw="1" slack="0"/>
<pin id="380" dir="0" index="11" bw="6" slack="0"/>
<pin id="381" dir="0" index="12" bw="8" slack="0"/>
<pin id="382" dir="0" index="13" bw="1" slack="0"/>
<pin id="383" dir="1" index="14" bw="128" slack="2147483647"/>
</pin_list>
<bind>
<opcode="bitconcatenate(1004) " fcode="bitconcatenate"/>
<opset="p_Result_7/1 "/>
</bind>
</comp>

</comp_list>

<net_list>
<net id="68"><net_src comp="10" pin="0"/><net_sink comp="64" pin=0"/></net>

<net id="69"><net_src comp="0" pin="0"/><net_sink comp="64" pin=1"/></net>

<net id="76"><net_src comp="12" pin="0"/><net_sink comp="70" pin=0"/></net>

<net id="77"><net_src comp="64" pin="2"/><net_sink comp="70" pin=1"/></net>

<net id="78"><net_src comp="14" pin="0"/><net_sink comp="70" pin=2"/></net>

<net id="79"><net_src comp="16" pin="0"/><net_sink comp="70" pin=3"/></net>

<net id="85"><net_src comp="18" pin="0"/><net_sink comp="80" pin=0"/></net>

<net id="86"><net_src comp="64" pin="2"/><net_sink comp="80" pin=1"/></net>

<net id="87"><net_src comp="16" pin="0"/><net_sink comp="80" pin=2"/></net>

<net id="91"><net_src comp="64" pin="2"/><net_sink comp="88" pin=0"/></net>

<net id="96"><net_src comp="88" pin="1"/><net_sink comp="92" pin=0"/></net>

<net id="97"><net_src comp="20" pin="0"/><net_sink comp="92" pin=1"/></net>

<net id="102"><net_src comp="70" pin="4"/><net_sink comp="98" pin=0"/></net>

<net id="103"><net_src comp="22" pin="0"/><net_sink comp="98" pin=1"/></net>

<net id="109"><net_src comp="92" pin="2"/><net_sink comp="104" pin=0"/></net>

<net id="110"><net_src comp="70" pin="4"/><net_sink comp="104" pin=1"/></net>

<net id="111"><net_src comp="98" pin="2"/><net_sink comp="104" pin=2"/></net>

<net id="117"><net_src comp="80" pin="3"/><net_sink comp="112" pin=0"/></net>

<net id="118"><net_src comp="104" pin="3"/><net_sink comp="112" pin=1"/></net>

<net id="119"><net_src comp="70" pin="4"/><net_sink comp="112" pin=2"/></net>

<net id="125"><net_src comp="24" pin="0"/><net_sink comp="120" pin=0"/></net>

<net id="126"><net_src comp="112" pin="3"/><net_sink comp="120" pin=1"/></net>

<net id="127"><net_src comp="26" pin="0"/><net_sink comp="120" pin=2"/></net>

<net id="133"><net_src comp="120" pin="3"/><net_sink comp="128" pin=0"/></net>

<net id="134"><net_src comp="28" pin="0"/><net_sink comp="128" pin=1"/></net>

<net id="135"><net_src comp="30" pin="0"/><net_sink comp="128" pin=2"/></net>

<net id="139"><net_src comp="112" pin="3"/><net_sink comp="136" pin=0"/></net>

<net id="146"><net_src comp="12" pin="0"/><net_sink comp="140" pin=0"/></net>

<net id="147"><net_src comp="64" pin="2"/><net_sink comp="140" pin=1"/></net>

<net id="148"><net_src comp="32" pin="0"/><net_sink comp="140" pin=2"/></net>

<net id="149"><net_src comp="34" pin="0"/><net_sink comp="140" pin=3"/></net>

<net id="155"><net_src comp="18" pin="0"/><net_sink comp="150" pin=0"/></net>

<net id="156"><net_src comp="64" pin="2"/><net_sink comp="150" pin=1"/></net>

<net id="157"><net_src comp="34" pin="0"/><net_sink comp="150" pin=2"/></net>

<net id="164"><net_src comp="36" pin="0"/><net_sink comp="158" pin=0"/></net>

<net id="165"><net_src comp="64" pin="2"/><net_sink comp="158" pin=1"/></net>

<net id="166"><net_src comp="38" pin="0"/><net_sink comp="158" pin=2"/></net>

<net id="167"><net_src comp="40" pin="0"/><net_sink comp="158" pin=3"/></net>

<net id="172"><net_src comp="158" pin="4"/><net_sink comp="168" pin=0"/></net>

<net id="173"><net_src comp="20" pin="0"/><net_sink comp="168" pin=1"/></net>

<net id="178"><net_src comp="140" pin="4"/><net_sink comp="174" pin=0"/></net>

<net id="179"><net_src comp="22" pin="0"/><net_sink comp="174" pin=1"/></net>

<net id="185"><net_src comp="168" pin="2"/><net_sink comp="180" pin=0"/></net>

<net id="186"><net_src comp="140" pin="4"/><net_sink comp="180" pin=1"/></net>

<net id="187"><net_src comp="174" pin="2"/><net_sink comp="180" pin=2"/></net>

<net id="193"><net_src comp="150" pin="3"/><net_sink comp="188" pin=0"/></net>

<net id="194"><net_src comp="180" pin="3"/><net_sink comp="188" pin=1"/></net>

<net id="195"><net_src comp="140" pin="4"/><net_sink comp="188" pin=2"/></net>

<net id="201"><net_src comp="24" pin="0"/><net_sink comp="196" pin=0"/></net>

<net id="202"><net_src comp="188" pin="3"/><net_sink comp="196" pin=1"/></net>

<net id="203"><net_src comp="26" pin="0"/><net_sink comp="196" pin=2"/></net>

<net id="209"><net_src comp="196" pin="3"/><net_sink comp="204" pin=0"/></net>

<net id="210"><net_src comp="28" pin="0"/><net_sink comp="204" pin=1"/></net>

<net id="211"><net_src comp="30" pin="0"/><net_sink comp="204" pin=2"/></net>

<net id="215"><net_src comp="188" pin="3"/><net_sink comp="212" pin=0"/></net>

<net id="222"><net_src comp="12" pin="0"/><net_sink comp="216" pin=0"/></net>

<net id="223"><net_src comp="64" pin="2"/><net_sink comp="216" pin=1"/></net>

<net id="224"><net_src comp="42" pin="0"/><net_sink comp="216" pin=2"/></net>

<net id="225"><net_src comp="44" pin="0"/><net_sink comp="216" pin=3"/></net>

<net id="231"><net_src comp="18" pin="0"/><net_sink comp="226" pin=0"/></net>

<net id="232"><net_src comp="64" pin="2"/><net_sink comp="226" pin=1"/></net>

<net id="233"><net_src comp="44" pin="0"/><net_sink comp="226" pin=2"/></net>

<net id="240"><net_src comp="36" pin="0"/><net_sink comp="234" pin=0"/></net>

<net id="241"><net_src comp="64" pin="2"/><net_sink comp="234" pin=1"/></net>

<net id="242"><net_src comp="46" pin="0"/><net_sink comp="234" pin=2"/></net>

<net id="243"><net_src comp="48" pin="0"/><net_sink comp="234" pin=3"/></net>

<net id="248"><net_src comp="234" pin="4"/><net_sink comp="244" pin=0"/></net>

<net id="249"><net_src comp="20" pin="0"/><net_sink comp="244" pin=1"/></net>

<net id="254"><net_src comp="216" pin="4"/><net_sink comp="250" pin=0"/></net>

<net id="255"><net_src comp="22" pin="0"/><net_sink comp="250" pin=1"/></net>

<net id="261"><net_src comp="244" pin="2"/><net_sink comp="256" pin=0"/></net>

<net id="262"><net_src comp="216" pin="4"/><net_sink comp="256" pin=1"/></net>

<net id="263"><net_src comp="250" pin="2"/><net_sink comp="256" pin=2"/></net>

<net id="269"><net_src comp="226" pin="3"/><net_sink comp="264" pin=0"/></net>

<net id="270"><net_src comp="256" pin="3"/><net_sink comp="264" pin=1"/></net>

<net id="271"><net_src comp="216" pin="4"/><net_sink comp="264" pin=2"/></net>

<net id="277"><net_src comp="24" pin="0"/><net_sink comp="272" pin=0"/></net>

<net id="278"><net_src comp="264" pin="3"/><net_sink comp="272" pin=1"/></net>

<net id="279"><net_src comp="26" pin="0"/><net_sink comp="272" pin=2"/></net>

<net id="285"><net_src comp="272" pin="3"/><net_sink comp="280" pin=0"/></net>

<net id="286"><net_src comp="28" pin="0"/><net_sink comp="280" pin=1"/></net>

<net id="287"><net_src comp="30" pin="0"/><net_sink comp="280" pin=2"/></net>

<net id="291"><net_src comp="264" pin="3"/><net_sink comp="288" pin=0"/></net>

<net id="298"><net_src comp="12" pin="0"/><net_sink comp="292" pin=0"/></net>

<net id="299"><net_src comp="64" pin="2"/><net_sink comp="292" pin=1"/></net>

<net id="300"><net_src comp="50" pin="0"/><net_sink comp="292" pin=2"/></net>

<net id="301"><net_src comp="52" pin="0"/><net_sink comp="292" pin=3"/></net>

<net id="307"><net_src comp="18" pin="0"/><net_sink comp="302" pin=0"/></net>

<net id="308"><net_src comp="64" pin="2"/><net_sink comp="302" pin=1"/></net>

<net id="309"><net_src comp="52" pin="0"/><net_sink comp="302" pin=2"/></net>

<net id="316"><net_src comp="36" pin="0"/><net_sink comp="310" pin=0"/></net>

<net id="317"><net_src comp="64" pin="2"/><net_sink comp="310" pin=1"/></net>

<net id="318"><net_src comp="54" pin="0"/><net_sink comp="310" pin=2"/></net>

<net id="319"><net_src comp="56" pin="0"/><net_sink comp="310" pin=3"/></net>

<net id="324"><net_src comp="310" pin="4"/><net_sink comp="320" pin=0"/></net>

<net id="325"><net_src comp="20" pin="0"/><net_sink comp="320" pin=1"/></net>

<net id="330"><net_src comp="292" pin="4"/><net_sink comp="326" pin=0"/></net>

<net id="331"><net_src comp="22" pin="0"/><net_sink comp="326" pin=1"/></net>

<net id="337"><net_src comp="320" pin="2"/><net_sink comp="332" pin=0"/></net>

<net id="338"><net_src comp="292" pin="4"/><net_sink comp="332" pin=1"/></net>

<net id="339"><net_src comp="326" pin="2"/><net_sink comp="332" pin=2"/></net>

<net id="345"><net_src comp="302" pin="3"/><net_sink comp="340" pin=0"/></net>

<net id="346"><net_src comp="332" pin="3"/><net_sink comp="340" pin=1"/></net>

<net id="347"><net_src comp="292" pin="4"/><net_sink comp="340" pin=2"/></net>

<net id="353"><net_src comp="24" pin="0"/><net_sink comp="348" pin=0"/></net>

<net id="354"><net_src comp="340" pin="3"/><net_sink comp="348" pin=1"/></net>

<net id="355"><net_src comp="26" pin="0"/><net_sink comp="348" pin=2"/></net>

<net id="361"><net_src comp="348" pin="3"/><net_sink comp="356" pin=0"/></net>

<net id="362"><net_src comp="28" pin="0"/><net_sink comp="356" pin=1"/></net>

<net id="363"><net_src comp="30" pin="0"/><net_sink comp="356" pin=2"/></net>

<net id="367"><net_src comp="340" pin="3"/><net_sink comp="364" pin=0"/></net>

<net id="384"><net_src comp="58" pin="0"/><net_sink comp="368" pin=0"/></net>

<net id="385"><net_src comp="60" pin="0"/><net_sink comp="368" pin=1"/></net>

<net id="386"><net_src comp="364" pin="1"/><net_sink comp="368" pin=2"/></net>

<net id="387"><net_src comp="356" pin="3"/><net_sink comp="368" pin=3"/></net>

<net id="388"><net_src comp="62" pin="0"/><net_sink comp="368" pin=4"/></net>

<net id="389"><net_src comp="288" pin="1"/><net_sink comp="368" pin=5"/></net>

<net id="390"><net_src comp="280" pin="3"/><net_sink comp="368" pin=6"/></net>

<net id="391"><net_src comp="62" pin="0"/><net_sink comp="368" pin=7"/></net>

<net id="392"><net_src comp="212" pin="1"/><net_sink comp="368" pin=8"/></net>

<net id="393"><net_src comp="204" pin="3"/><net_sink comp="368" pin=9"/></net>

<net id="394"><net_src comp="62" pin="0"/><net_sink comp="368" pin=10"/></net>

<net id="395"><net_src comp="136" pin="1"/><net_sink comp="368" pin=11"/></net>

<net id="396"><net_src comp="128" pin="3"/><net_sink comp="368" pin=12"/></net>

<net id="397"><net_src comp="20" pin="0"/><net_sink comp="368" pin=13"/></net>

</net_list>

</model> 
---------------- Datapath Model END ------------------

* FSMD analyzer results:
  - Output states:
 - Input state : 
	Port: output_assignment : WOMBAT_out_V_read | {1 }
  - Chain level:
	State 1
		icmp_ln902 : 1
		ret_V_1 : 1
		select_ln901 : 2
		ret_V_12 : 3
		ieta_val : 4
		select_ln674 : 5
		sext_ln674 : 4
		icmp_ln902_1 : 1
		ret_V_4 : 1
		select_ln901_1 : 2
		ret_V_13 : 3
		ieta_val_1 : 4
		select_ln674_1 : 5
		sext_ln674_1 : 4
		icmp_ln902_2 : 1
		ret_V_7 : 1
		select_ln901_2 : 2
		ret_V_14 : 3
		ieta_val_2 : 4
		select_ln674_2 : 5
		sext_ln674_2 : 4
		icmp_ln902_3 : 1
		ret_V_10 : 1
		select_ln901_3 : 2
		ret_V_15 : 3
		ieta_val_3 : 4
		select_ln674_3 : 5
		sext_ln674_3 : 4
		p_Result_7 : 6
		ret_ln80 : 7


============================================================
+ Verbose Summary: Datapath Resource usage 
============================================================

* Functional unit list:
|----------|--------------------------------|---------|---------|
| Operation|         Functional Unit        |    FF   |   LUT   |
|----------|--------------------------------|---------|---------|
|          |       select_ln901_fu_104      |    0    |    6    |
|          |         ret_V_12_fu_112        |    0    |    6    |
|          |       select_ln674_fu_128      |    0    |    8    |
|          |      select_ln901_1_fu_180     |    0    |    6    |
|          |         ret_V_13_fu_188        |    0    |    6    |
|  select  |      select_ln674_1_fu_204     |    0    |    8    |
|          |      select_ln901_2_fu_256     |    0    |    6    |
|          |         ret_V_14_fu_264        |    0    |    6    |
|          |      select_ln674_2_fu_280     |    0    |    8    |
|          |      select_ln901_3_fu_332     |    0    |    6    |
|          |         ret_V_15_fu_340        |    0    |    6    |
|          |      select_ln674_3_fu_356     |    0    |    8    |
|----------|--------------------------------|---------|---------|
|          |          ret_V_1_fu_98         |    0    |    14   |
|    add   |         ret_V_4_fu_174         |    0    |    14   |
|          |         ret_V_7_fu_250         |    0    |    14   |
|          |         ret_V_10_fu_326        |    0    |    14   |
|----------|--------------------------------|---------|---------|
|          |        icmp_ln902_fu_92        |    0    |    11   |
|   icmp   |       icmp_ln902_1_fu_168      |    0    |    11   |
|          |       icmp_ln902_2_fu_244      |    0    |    11   |
|          |       icmp_ln902_3_fu_320      |    0    |    11   |
|----------|--------------------------------|---------|---------|
|   read   | WOMBAT_out_V_read_1_read_fu_64 |    0    |    0    |
|----------|--------------------------------|---------|---------|
|          |           ret_V_fu_70          |    0    |    0    |
|          |         ret_V_3_fu_140         |    0    |    0    |
|          |        p_Result_6_fu_158       |    0    |    0    |
|partselect|         ret_V_6_fu_216         |    0    |    0    |
|          |        p_Result_3_fu_234       |    0    |    0    |
|          |         ret_V_9_fu_292         |    0    |    0    |
|          |        p_Result_5_fu_310       |    0    |    0    |
|----------|--------------------------------|---------|---------|
|          |        p_Result_s_fu_80        |    0    |    0    |
|          |         ieta_val_fu_120        |    0    |    0    |
|          |        p_Result_1_fu_150       |    0    |    0    |
| bitselect|        ieta_val_1_fu_196       |    0    |    0    |
|          |        p_Result_2_fu_226       |    0    |    0    |
|          |        ieta_val_2_fu_272       |    0    |    0    |
|          |        p_Result_4_fu_302       |    0    |    0    |
|          |        ieta_val_3_fu_348       |    0    |    0    |
|----------|--------------------------------|---------|---------|
|   trunc  |        trunc_ln902_fu_88       |    0    |    0    |
|----------|--------------------------------|---------|---------|
|          |        sext_ln674_fu_136       |    0    |    0    |
|   sext   |       sext_ln674_1_fu_212      |    0    |    0    |
|          |       sext_ln674_2_fu_288      |    0    |    0    |
|          |       sext_ln674_3_fu_364      |    0    |    0    |
|----------|--------------------------------|---------|---------|
|bitconcatenate|        p_Result_7_fu_368       |    0    |    0    |
|----------|--------------------------------|---------|---------|
|   Total  |                                |    0    |   180   |
|----------|--------------------------------|---------|---------|

Memories:
N/A

* Register list:
N/A

* Multiplexer (MUX) list: 
|--------|------|------|------|--------|
|  Comp  |  Pin | Size |  BW  | S x BW |
|--------|------|------|------|--------|
|  Total |      |      |      |    0   |
|--------|------|------|------|--------|



* Summary:
+-----------+--------+--------+
|           |   FF   |   LUT  |
+-----------+--------+--------+
|  Function |    0   |   180  |
|   Memory  |    -   |    -   |
|Multiplexer|    -   |    -   |
|  Register |    -   |    -   |
+-----------+--------+--------+
|   Total   |    0   |   180  |
+-----------+--------+--------+
