

================================================================
== Vitis HLS Report for 'region_extraction'
================================================================
* Date:           Wed Apr  2 21:04:32 2025

* Version:        2021.1 (Build 3247384 on Thu Jun 10 19:36:07 MDT 2021)
* Project:        WOMBAT_prj
* Solution:       solution1 (Vivado IP Flow Target)
* Product family: virtex7
* Target device:  xc7vx690t-ffg1927-2


================================================================
== Performance Estimates
================================================================
+ Timing: 
    * Summary: 
    +--------+---------+----------+------------+
    |  Clock |  Target | Estimated| Uncertainty|
    +--------+---------+----------+------------+
    |ap_clk  |  6.25 ns|      0 ns|     1.69 ns|
    +--------+---------+----------+------------+

+ Latency: 
    * Summary: 
    +---------+---------+----------+----------+-----+-----+---------+
    |  Latency (cycles) |  Latency (absolute) |  Interval | Pipeline|
    |   min   |   max   |    min   |    max   | min | max |   Type  |
    +---------+---------+----------+----------+-----+-----+---------+
    |        0|        0|      0 ns|      0 ns|    1|    1|      yes|
    +---------+---------+----------+----------+-----+-----+---------+

    + Detail: 
        * Instance: 
        N/A

        * Loop: 
        N/A

============================================================
+ Verbose Summary: Synthesis Manager
============================================================
InlineROM: 1
ExposeGlobal: 0
============================================================
+ Verbose Summary: CDFG Model
============================================================
IsTopModel: 0
ResetActiveHigh: 1
IsCombinational: 2
IsDatapathOnly: 0
HasWiredReturn: 1
HasMFsm: 2
HasVarLatency: 0
IsPipeline: 1
IsRtlPipelined: 0
IsInstanceOverlapped: 0
IsDontTouch: 0
HasImplIP: 0
IsGatedGlobalClock: 0

+ Individual pipeline summary: 
  * Pipeline-0: initiation interval (II) = 1, depth = 1


============================================================
+ Verbose Summary: Schedule
============================================================
* Number of FSM states : 1
* Pipeline : 1
  Pipeline-0 : II = 1, D = 1, States = { 1 }
* Dataflow Pipeline: 0

* FSM state transitions: 
1 --> 

* FSM state operations: 

State 1 <SV = 0> <Delay = 0.00>
ST_1 : Operation 2 [1/1] (0.00ns)   --->   "%specpipeline_ln22 = specpipeline void @_ssdm_op_SpecPipeline, i32 1, i32 0, i32 0, i32 0, void @empty_0" [src/algo_unpacked.cpp:22]   --->   Operation 2 'specpipeline' 'specpipeline_ln22' <Predicate = true> <Delay = 0.00>
ST_1 : Operation 3 [1/1] (0.00ns)   --->   "%p_Val2_s = read i128 @_ssdm_op_Read.ap_auto.i128P0A, i128 %link_in_0"   --->   Operation 3 'read' 'p_Val2_s' <Predicate = true> <Delay = 0.00>
ST_1 : Operation 4 [1/1] (0.00ns)   --->   "%trunc_ln = partselect i10 @_ssdm_op_PartSelect.i10.i128.i32.i32, i128 %p_Val2_s, i32 8, i32 17"   --->   Operation 4 'partselect' 'trunc_ln' <Predicate = true> <Delay = 0.00>
ST_1 : Operation 5 [1/1] (0.00ns)   --->   "%trunc_ln315_1 = partselect i10 @_ssdm_op_PartSelect.i10.i128.i32.i32, i128 %p_Val2_s, i32 24, i32 33"   --->   Operation 5 'partselect' 'trunc_ln315_1' <Predicate = true> <Delay = 0.00>
ST_1 : Operation 6 [1/1] (0.00ns)   --->   "%trunc_ln315_2 = partselect i10 @_ssdm_op_PartSelect.i10.i128.i32.i32, i128 %p_Val2_s, i32 40, i32 49"   --->   Operation 6 'partselect' 'trunc_ln315_2' <Predicate = true> <Delay = 0.00>
ST_1 : Operation 7 [1/1] (0.00ns)   --->   "%trunc_ln315_3 = partselect i10 @_ssdm_op_PartSelect.i10.i128.i32.i32, i128 %p_Val2_s, i32 56, i32 65"   --->   Operation 7 'partselect' 'trunc_ln315_3' <Predicate = true> <Delay = 0.00>
ST_1 : Operation 8 [1/1] (0.00ns)   --->   "%trunc_ln315_4 = partselect i10 @_ssdm_op_PartSelect.i10.i128.i32.i32, i128 %p_Val2_s, i32 72, i32 81"   --->   Operation 8 'partselect' 'trunc_ln315_4' <Predicate = true> <Delay = 0.00>
ST_1 : Operation 9 [1/1] (0.00ns)   --->   "%trunc_ln315_5 = partselect i10 @_ssdm_op_PartSelect.i10.i128.i32.i32, i128 %p_Val2_s, i32 88, i32 97"   --->   Operation 9 'partselect' 'trunc_ln315_5' <Predicate = true> <Delay = 0.00>
ST_1 : Operation 10 [1/1] (0.00ns)   --->   "%trunc_ln315_6 = partselect i10 @_ssdm_op_PartSelect.i10.i128.i32.i32, i128 %p_Val2_s, i32 104, i32 113"   --->   Operation 10 'partselect' 'trunc_ln315_6' <Predicate = true> <Delay = 0.00>
ST_1 : Operation 11 [1/1] (0.00ns)   --->   "%p_Val2_1 = read i128 @_ssdm_op_Read.ap_auto.i128P0A, i128 %link_in_1"   --->   Operation 11 'read' 'p_Val2_1' <Predicate = true> <Delay = 0.00>
ST_1 : Operation 12 [1/1] (0.00ns)   --->   "%trunc_ln315_7 = partselect i10 @_ssdm_op_PartSelect.i10.i128.i32.i32, i128 %p_Val2_1, i32 8, i32 17"   --->   Operation 12 'partselect' 'trunc_ln315_7' <Predicate = true> <Delay = 0.00>
ST_1 : Operation 13 [1/1] (0.00ns)   --->   "%trunc_ln315_8 = partselect i10 @_ssdm_op_PartSelect.i10.i128.i32.i32, i128 %p_Val2_1, i32 24, i32 33"   --->   Operation 13 'partselect' 'trunc_ln315_8' <Predicate = true> <Delay = 0.00>
ST_1 : Operation 14 [1/1] (0.00ns)   --->   "%trunc_ln315_9 = partselect i10 @_ssdm_op_PartSelect.i10.i128.i32.i32, i128 %p_Val2_1, i32 40, i32 49"   --->   Operation 14 'partselect' 'trunc_ln315_9' <Predicate = true> <Delay = 0.00>
ST_1 : Operation 15 [1/1] (0.00ns)   --->   "%trunc_ln315_s = partselect i10 @_ssdm_op_PartSelect.i10.i128.i32.i32, i128 %p_Val2_1, i32 56, i32 65"   --->   Operation 15 'partselect' 'trunc_ln315_s' <Predicate = true> <Delay = 0.00>
ST_1 : Operation 16 [1/1] (0.00ns)   --->   "%trunc_ln315_10 = partselect i10 @_ssdm_op_PartSelect.i10.i128.i32.i32, i128 %p_Val2_1, i32 72, i32 81"   --->   Operation 16 'partselect' 'trunc_ln315_10' <Predicate = true> <Delay = 0.00>
ST_1 : Operation 17 [1/1] (0.00ns)   --->   "%trunc_ln315_11 = partselect i10 @_ssdm_op_PartSelect.i10.i128.i32.i32, i128 %p_Val2_1, i32 88, i32 97"   --->   Operation 17 'partselect' 'trunc_ln315_11' <Predicate = true> <Delay = 0.00>
ST_1 : Operation 18 [1/1] (0.00ns)   --->   "%trunc_ln315_12 = partselect i10 @_ssdm_op_PartSelect.i10.i128.i32.i32, i128 %p_Val2_1, i32 104, i32 113"   --->   Operation 18 'partselect' 'trunc_ln315_12' <Predicate = true> <Delay = 0.00>
ST_1 : Operation 19 [1/1] (0.00ns)   --->   "%p_Val2_2 = read i128 @_ssdm_op_Read.ap_auto.i128P0A, i128 %link_in_2"   --->   Operation 19 'read' 'p_Val2_2' <Predicate = true> <Delay = 0.00>
ST_1 : Operation 20 [1/1] (0.00ns)   --->   "%trunc_ln315_13 = partselect i10 @_ssdm_op_PartSelect.i10.i128.i32.i32, i128 %p_Val2_2, i32 8, i32 17"   --->   Operation 20 'partselect' 'trunc_ln315_13' <Predicate = true> <Delay = 0.00>
ST_1 : Operation 21 [1/1] (0.00ns)   --->   "%trunc_ln315_14 = partselect i10 @_ssdm_op_PartSelect.i10.i128.i32.i32, i128 %p_Val2_2, i32 24, i32 33"   --->   Operation 21 'partselect' 'trunc_ln315_14' <Predicate = true> <Delay = 0.00>
ST_1 : Operation 22 [1/1] (0.00ns)   --->   "%trunc_ln315_15 = partselect i10 @_ssdm_op_PartSelect.i10.i128.i32.i32, i128 %p_Val2_2, i32 40, i32 49"   --->   Operation 22 'partselect' 'trunc_ln315_15' <Predicate = true> <Delay = 0.00>
ST_1 : Operation 23 [1/1] (0.00ns)   --->   "%trunc_ln315_16 = partselect i10 @_ssdm_op_PartSelect.i10.i128.i32.i32, i128 %p_Val2_2, i32 56, i32 65"   --->   Operation 23 'partselect' 'trunc_ln315_16' <Predicate = true> <Delay = 0.00>
ST_1 : Operation 24 [1/1] (0.00ns)   --->   "%trunc_ln315_17 = partselect i10 @_ssdm_op_PartSelect.i10.i128.i32.i32, i128 %p_Val2_2, i32 72, i32 81"   --->   Operation 24 'partselect' 'trunc_ln315_17' <Predicate = true> <Delay = 0.00>
ST_1 : Operation 25 [1/1] (0.00ns)   --->   "%trunc_ln315_18 = partselect i10 @_ssdm_op_PartSelect.i10.i128.i32.i32, i128 %p_Val2_2, i32 88, i32 97"   --->   Operation 25 'partselect' 'trunc_ln315_18' <Predicate = true> <Delay = 0.00>
ST_1 : Operation 26 [1/1] (0.00ns)   --->   "%trunc_ln315_19 = partselect i10 @_ssdm_op_PartSelect.i10.i128.i32.i32, i128 %p_Val2_2, i32 104, i32 113"   --->   Operation 26 'partselect' 'trunc_ln315_19' <Predicate = true> <Delay = 0.00>
ST_1 : Operation 27 [1/1] (0.00ns)   --->   "%p_Val2_3 = read i128 @_ssdm_op_Read.ap_auto.i128P0A, i128 %link_in_3"   --->   Operation 27 'read' 'p_Val2_3' <Predicate = true> <Delay = 0.00>
ST_1 : Operation 28 [1/1] (0.00ns)   --->   "%trunc_ln315_20 = partselect i10 @_ssdm_op_PartSelect.i10.i128.i32.i32, i128 %p_Val2_3, i32 8, i32 17"   --->   Operation 28 'partselect' 'trunc_ln315_20' <Predicate = true> <Delay = 0.00>
ST_1 : Operation 29 [1/1] (0.00ns)   --->   "%trunc_ln315_21 = partselect i10 @_ssdm_op_PartSelect.i10.i128.i32.i32, i128 %p_Val2_3, i32 24, i32 33"   --->   Operation 29 'partselect' 'trunc_ln315_21' <Predicate = true> <Delay = 0.00>
ST_1 : Operation 30 [1/1] (0.00ns)   --->   "%trunc_ln315_22 = partselect i10 @_ssdm_op_PartSelect.i10.i128.i32.i32, i128 %p_Val2_3, i32 40, i32 49"   --->   Operation 30 'partselect' 'trunc_ln315_22' <Predicate = true> <Delay = 0.00>
ST_1 : Operation 31 [1/1] (0.00ns)   --->   "%trunc_ln315_23 = partselect i10 @_ssdm_op_PartSelect.i10.i128.i32.i32, i128 %p_Val2_3, i32 56, i32 65"   --->   Operation 31 'partselect' 'trunc_ln315_23' <Predicate = true> <Delay = 0.00>
ST_1 : Operation 32 [1/1] (0.00ns)   --->   "%trunc_ln315_24 = partselect i10 @_ssdm_op_PartSelect.i10.i128.i32.i32, i128 %p_Val2_3, i32 72, i32 81"   --->   Operation 32 'partselect' 'trunc_ln315_24' <Predicate = true> <Delay = 0.00>
ST_1 : Operation 33 [1/1] (0.00ns)   --->   "%trunc_ln315_25 = partselect i10 @_ssdm_op_PartSelect.i10.i128.i32.i32, i128 %p_Val2_3, i32 88, i32 97"   --->   Operation 33 'partselect' 'trunc_ln315_25' <Predicate = true> <Delay = 0.00>
ST_1 : Operation 34 [1/1] (0.00ns)   --->   "%trunc_ln315_26 = partselect i10 @_ssdm_op_PartSelect.i10.i128.i32.i32, i128 %p_Val2_3, i32 104, i32 113"   --->   Operation 34 'partselect' 'trunc_ln315_26' <Predicate = true> <Delay = 0.00>
ST_1 : Operation 35 [1/1] (0.00ns)   --->   "%p_Val2_4 = read i128 @_ssdm_op_Read.ap_auto.i128P0A, i128 %link_in_4"   --->   Operation 35 'read' 'p_Val2_4' <Predicate = true> <Delay = 0.00>
ST_1 : Operation 36 [1/1] (0.00ns)   --->   "%trunc_ln315_27 = partselect i10 @_ssdm_op_PartSelect.i10.i128.i32.i32, i128 %p_Val2_4, i32 8, i32 17"   --->   Operation 36 'partselect' 'trunc_ln315_27' <Predicate = true> <Delay = 0.00>
ST_1 : Operation 37 [1/1] (0.00ns)   --->   "%trunc_ln315_28 = partselect i10 @_ssdm_op_PartSelect.i10.i128.i32.i32, i128 %p_Val2_4, i32 24, i32 33"   --->   Operation 37 'partselect' 'trunc_ln315_28' <Predicate = true> <Delay = 0.00>
ST_1 : Operation 38 [1/1] (0.00ns)   --->   "%trunc_ln315_29 = partselect i10 @_ssdm_op_PartSelect.i10.i128.i32.i32, i128 %p_Val2_4, i32 40, i32 49"   --->   Operation 38 'partselect' 'trunc_ln315_29' <Predicate = true> <Delay = 0.00>
ST_1 : Operation 39 [1/1] (0.00ns)   --->   "%trunc_ln315_30 = partselect i10 @_ssdm_op_PartSelect.i10.i128.i32.i32, i128 %p_Val2_4, i32 56, i32 65"   --->   Operation 39 'partselect' 'trunc_ln315_30' <Predicate = true> <Delay = 0.00>
ST_1 : Operation 40 [1/1] (0.00ns)   --->   "%trunc_ln315_31 = partselect i10 @_ssdm_op_PartSelect.i10.i128.i32.i32, i128 %p_Val2_4, i32 72, i32 81"   --->   Operation 40 'partselect' 'trunc_ln315_31' <Predicate = true> <Delay = 0.00>
ST_1 : Operation 41 [1/1] (0.00ns)   --->   "%trunc_ln315_32 = partselect i10 @_ssdm_op_PartSelect.i10.i128.i32.i32, i128 %p_Val2_4, i32 88, i32 97"   --->   Operation 41 'partselect' 'trunc_ln315_32' <Predicate = true> <Delay = 0.00>
ST_1 : Operation 42 [1/1] (0.00ns)   --->   "%trunc_ln315_33 = partselect i10 @_ssdm_op_PartSelect.i10.i128.i32.i32, i128 %p_Val2_4, i32 104, i32 113"   --->   Operation 42 'partselect' 'trunc_ln315_33' <Predicate = true> <Delay = 0.00>
ST_1 : Operation 43 [1/1] (0.00ns)   --->   "%p_Val2_5 = read i128 @_ssdm_op_Read.ap_auto.i128P0A, i128 %link_in_5"   --->   Operation 43 'read' 'p_Val2_5' <Predicate = true> <Delay = 0.00>
ST_1 : Operation 44 [1/1] (0.00ns)   --->   "%trunc_ln315_34 = partselect i10 @_ssdm_op_PartSelect.i10.i128.i32.i32, i128 %p_Val2_5, i32 8, i32 17"   --->   Operation 44 'partselect' 'trunc_ln315_34' <Predicate = true> <Delay = 0.00>
ST_1 : Operation 45 [1/1] (0.00ns)   --->   "%trunc_ln315_35 = partselect i10 @_ssdm_op_PartSelect.i10.i128.i32.i32, i128 %p_Val2_5, i32 24, i32 33"   --->   Operation 45 'partselect' 'trunc_ln315_35' <Predicate = true> <Delay = 0.00>
ST_1 : Operation 46 [1/1] (0.00ns)   --->   "%trunc_ln315_36 = partselect i10 @_ssdm_op_PartSelect.i10.i128.i32.i32, i128 %p_Val2_5, i32 40, i32 49"   --->   Operation 46 'partselect' 'trunc_ln315_36' <Predicate = true> <Delay = 0.00>
ST_1 : Operation 47 [1/1] (0.00ns)   --->   "%trunc_ln315_37 = partselect i10 @_ssdm_op_PartSelect.i10.i128.i32.i32, i128 %p_Val2_5, i32 56, i32 65"   --->   Operation 47 'partselect' 'trunc_ln315_37' <Predicate = true> <Delay = 0.00>
ST_1 : Operation 48 [1/1] (0.00ns)   --->   "%trunc_ln315_38 = partselect i10 @_ssdm_op_PartSelect.i10.i128.i32.i32, i128 %p_Val2_5, i32 72, i32 81"   --->   Operation 48 'partselect' 'trunc_ln315_38' <Predicate = true> <Delay = 0.00>
ST_1 : Operation 49 [1/1] (0.00ns)   --->   "%trunc_ln315_39 = partselect i10 @_ssdm_op_PartSelect.i10.i128.i32.i32, i128 %p_Val2_5, i32 88, i32 97"   --->   Operation 49 'partselect' 'trunc_ln315_39' <Predicate = true> <Delay = 0.00>
ST_1 : Operation 50 [1/1] (0.00ns)   --->   "%trunc_ln315_40 = partselect i10 @_ssdm_op_PartSelect.i10.i128.i32.i32, i128 %p_Val2_5, i32 104, i32 113"   --->   Operation 50 'partselect' 'trunc_ln315_40' <Predicate = true> <Delay = 0.00>
ST_1 : Operation 51 [1/1] (0.00ns)   --->   "%p_Val2_6 = read i128 @_ssdm_op_Read.ap_auto.i128P0A, i128 %link_in_6"   --->   Operation 51 'read' 'p_Val2_6' <Predicate = true> <Delay = 0.00>
ST_1 : Operation 52 [1/1] (0.00ns)   --->   "%trunc_ln315_41 = partselect i10 @_ssdm_op_PartSelect.i10.i128.i32.i32, i128 %p_Val2_6, i32 8, i32 17"   --->   Operation 52 'partselect' 'trunc_ln315_41' <Predicate = true> <Delay = 0.00>
ST_1 : Operation 53 [1/1] (0.00ns)   --->   "%trunc_ln315_42 = partselect i10 @_ssdm_op_PartSelect.i10.i128.i32.i32, i128 %p_Val2_6, i32 24, i32 33"   --->   Operation 53 'partselect' 'trunc_ln315_42' <Predicate = true> <Delay = 0.00>
ST_1 : Operation 54 [1/1] (0.00ns)   --->   "%trunc_ln315_43 = partselect i10 @_ssdm_op_PartSelect.i10.i128.i32.i32, i128 %p_Val2_6, i32 40, i32 49"   --->   Operation 54 'partselect' 'trunc_ln315_43' <Predicate = true> <Delay = 0.00>
ST_1 : Operation 55 [1/1] (0.00ns)   --->   "%trunc_ln315_44 = partselect i10 @_ssdm_op_PartSelect.i10.i128.i32.i32, i128 %p_Val2_6, i32 56, i32 65"   --->   Operation 55 'partselect' 'trunc_ln315_44' <Predicate = true> <Delay = 0.00>
ST_1 : Operation 56 [1/1] (0.00ns)   --->   "%trunc_ln315_45 = partselect i10 @_ssdm_op_PartSelect.i10.i128.i32.i32, i128 %p_Val2_6, i32 72, i32 81"   --->   Operation 56 'partselect' 'trunc_ln315_45' <Predicate = true> <Delay = 0.00>
ST_1 : Operation 57 [1/1] (0.00ns)   --->   "%trunc_ln315_46 = partselect i10 @_ssdm_op_PartSelect.i10.i128.i32.i32, i128 %p_Val2_6, i32 88, i32 97"   --->   Operation 57 'partselect' 'trunc_ln315_46' <Predicate = true> <Delay = 0.00>
ST_1 : Operation 58 [1/1] (0.00ns)   --->   "%trunc_ln315_47 = partselect i10 @_ssdm_op_PartSelect.i10.i128.i32.i32, i128 %p_Val2_6, i32 104, i32 113"   --->   Operation 58 'partselect' 'trunc_ln315_47' <Predicate = true> <Delay = 0.00>
ST_1 : Operation 59 [1/1] (0.00ns)   --->   "%p_Val2_7 = read i128 @_ssdm_op_Read.ap_auto.i128P0A, i128 %link_in_7"   --->   Operation 59 'read' 'p_Val2_7' <Predicate = true> <Delay = 0.00>
ST_1 : Operation 60 [1/1] (0.00ns)   --->   "%trunc_ln315_48 = partselect i10 @_ssdm_op_PartSelect.i10.i128.i32.i32, i128 %p_Val2_7, i32 8, i32 17"   --->   Operation 60 'partselect' 'trunc_ln315_48' <Predicate = true> <Delay = 0.00>
ST_1 : Operation 61 [1/1] (0.00ns)   --->   "%trunc_ln315_49 = partselect i10 @_ssdm_op_PartSelect.i10.i128.i32.i32, i128 %p_Val2_7, i32 24, i32 33"   --->   Operation 61 'partselect' 'trunc_ln315_49' <Predicate = true> <Delay = 0.00>
ST_1 : Operation 62 [1/1] (0.00ns)   --->   "%trunc_ln315_50 = partselect i10 @_ssdm_op_PartSelect.i10.i128.i32.i32, i128 %p_Val2_7, i32 40, i32 49"   --->   Operation 62 'partselect' 'trunc_ln315_50' <Predicate = true> <Delay = 0.00>
ST_1 : Operation 63 [1/1] (0.00ns)   --->   "%trunc_ln315_51 = partselect i10 @_ssdm_op_PartSelect.i10.i128.i32.i32, i128 %p_Val2_7, i32 56, i32 65"   --->   Operation 63 'partselect' 'trunc_ln315_51' <Predicate = true> <Delay = 0.00>
ST_1 : Operation 64 [1/1] (0.00ns)   --->   "%trunc_ln315_52 = partselect i10 @_ssdm_op_PartSelect.i10.i128.i32.i32, i128 %p_Val2_7, i32 72, i32 81"   --->   Operation 64 'partselect' 'trunc_ln315_52' <Predicate = true> <Delay = 0.00>
ST_1 : Operation 65 [1/1] (0.00ns)   --->   "%trunc_ln315_53 = partselect i10 @_ssdm_op_PartSelect.i10.i128.i32.i32, i128 %p_Val2_7, i32 88, i32 97"   --->   Operation 65 'partselect' 'trunc_ln315_53' <Predicate = true> <Delay = 0.00>
ST_1 : Operation 66 [1/1] (0.00ns)   --->   "%trunc_ln315_54 = partselect i10 @_ssdm_op_PartSelect.i10.i128.i32.i32, i128 %p_Val2_7, i32 104, i32 113"   --->   Operation 66 'partselect' 'trunc_ln315_54' <Predicate = true> <Delay = 0.00>
ST_1 : Operation 67 [1/1] (0.00ns)   --->   "%p_Val2_8 = read i128 @_ssdm_op_Read.ap_auto.i128P0A, i128 %link_in_8"   --->   Operation 67 'read' 'p_Val2_8' <Predicate = true> <Delay = 0.00>
ST_1 : Operation 68 [1/1] (0.00ns)   --->   "%trunc_ln315_55 = partselect i10 @_ssdm_op_PartSelect.i10.i128.i32.i32, i128 %p_Val2_8, i32 8, i32 17"   --->   Operation 68 'partselect' 'trunc_ln315_55' <Predicate = true> <Delay = 0.00>
ST_1 : Operation 69 [1/1] (0.00ns)   --->   "%trunc_ln315_56 = partselect i10 @_ssdm_op_PartSelect.i10.i128.i32.i32, i128 %p_Val2_8, i32 24, i32 33"   --->   Operation 69 'partselect' 'trunc_ln315_56' <Predicate = true> <Delay = 0.00>
ST_1 : Operation 70 [1/1] (0.00ns)   --->   "%trunc_ln315_57 = partselect i10 @_ssdm_op_PartSelect.i10.i128.i32.i32, i128 %p_Val2_8, i32 40, i32 49"   --->   Operation 70 'partselect' 'trunc_ln315_57' <Predicate = true> <Delay = 0.00>
ST_1 : Operation 71 [1/1] (0.00ns)   --->   "%trunc_ln315_58 = partselect i10 @_ssdm_op_PartSelect.i10.i128.i32.i32, i128 %p_Val2_8, i32 56, i32 65"   --->   Operation 71 'partselect' 'trunc_ln315_58' <Predicate = true> <Delay = 0.00>
ST_1 : Operation 72 [1/1] (0.00ns)   --->   "%trunc_ln315_59 = partselect i10 @_ssdm_op_PartSelect.i10.i128.i32.i32, i128 %p_Val2_8, i32 72, i32 81"   --->   Operation 72 'partselect' 'trunc_ln315_59' <Predicate = true> <Delay = 0.00>
ST_1 : Operation 73 [1/1] (0.00ns)   --->   "%trunc_ln315_60 = partselect i10 @_ssdm_op_PartSelect.i10.i128.i32.i32, i128 %p_Val2_8, i32 88, i32 97"   --->   Operation 73 'partselect' 'trunc_ln315_60' <Predicate = true> <Delay = 0.00>
ST_1 : Operation 74 [1/1] (0.00ns)   --->   "%trunc_ln315_61 = partselect i10 @_ssdm_op_PartSelect.i10.i128.i32.i32, i128 %p_Val2_8, i32 104, i32 113"   --->   Operation 74 'partselect' 'trunc_ln315_61' <Predicate = true> <Delay = 0.00>
ST_1 : Operation 75 [1/1] (0.00ns)   --->   "%p_Val2_9 = read i128 @_ssdm_op_Read.ap_auto.i128P0A, i128 %link_in_9"   --->   Operation 75 'read' 'p_Val2_9' <Predicate = true> <Delay = 0.00>
ST_1 : Operation 76 [1/1] (0.00ns)   --->   "%trunc_ln315_62 = partselect i10 @_ssdm_op_PartSelect.i10.i128.i32.i32, i128 %p_Val2_9, i32 8, i32 17"   --->   Operation 76 'partselect' 'trunc_ln315_62' <Predicate = true> <Delay = 0.00>
ST_1 : Operation 77 [1/1] (0.00ns)   --->   "%trunc_ln315_63 = partselect i10 @_ssdm_op_PartSelect.i10.i128.i32.i32, i128 %p_Val2_9, i32 24, i32 33"   --->   Operation 77 'partselect' 'trunc_ln315_63' <Predicate = true> <Delay = 0.00>
ST_1 : Operation 78 [1/1] (0.00ns)   --->   "%trunc_ln315_64 = partselect i10 @_ssdm_op_PartSelect.i10.i128.i32.i32, i128 %p_Val2_9, i32 40, i32 49"   --->   Operation 78 'partselect' 'trunc_ln315_64' <Predicate = true> <Delay = 0.00>
ST_1 : Operation 79 [1/1] (0.00ns)   --->   "%trunc_ln315_65 = partselect i10 @_ssdm_op_PartSelect.i10.i128.i32.i32, i128 %p_Val2_9, i32 56, i32 65"   --->   Operation 79 'partselect' 'trunc_ln315_65' <Predicate = true> <Delay = 0.00>
ST_1 : Operation 80 [1/1] (0.00ns)   --->   "%trunc_ln315_66 = partselect i10 @_ssdm_op_PartSelect.i10.i128.i32.i32, i128 %p_Val2_9, i32 72, i32 81"   --->   Operation 80 'partselect' 'trunc_ln315_66' <Predicate = true> <Delay = 0.00>
ST_1 : Operation 81 [1/1] (0.00ns)   --->   "%trunc_ln315_67 = partselect i10 @_ssdm_op_PartSelect.i10.i128.i32.i32, i128 %p_Val2_9, i32 88, i32 97"   --->   Operation 81 'partselect' 'trunc_ln315_67' <Predicate = true> <Delay = 0.00>
ST_1 : Operation 82 [1/1] (0.00ns)   --->   "%trunc_ln315_68 = partselect i10 @_ssdm_op_PartSelect.i10.i128.i32.i32, i128 %p_Val2_9, i32 104, i32 113"   --->   Operation 82 'partselect' 'trunc_ln315_68' <Predicate = true> <Delay = 0.00>
ST_1 : Operation 83 [1/1] (0.00ns)   --->   "%p_Val2_10 = read i128 @_ssdm_op_Read.ap_auto.i128P0A, i128 %link_in_10"   --->   Operation 83 'read' 'p_Val2_10' <Predicate = true> <Delay = 0.00>
ST_1 : Operation 84 [1/1] (0.00ns)   --->   "%trunc_ln315_69 = partselect i10 @_ssdm_op_PartSelect.i10.i128.i32.i32, i128 %p_Val2_10, i32 8, i32 17"   --->   Operation 84 'partselect' 'trunc_ln315_69' <Predicate = true> <Delay = 0.00>
ST_1 : Operation 85 [1/1] (0.00ns)   --->   "%trunc_ln315_70 = partselect i10 @_ssdm_op_PartSelect.i10.i128.i32.i32, i128 %p_Val2_10, i32 24, i32 33"   --->   Operation 85 'partselect' 'trunc_ln315_70' <Predicate = true> <Delay = 0.00>
ST_1 : Operation 86 [1/1] (0.00ns)   --->   "%trunc_ln315_71 = partselect i10 @_ssdm_op_PartSelect.i10.i128.i32.i32, i128 %p_Val2_10, i32 40, i32 49"   --->   Operation 86 'partselect' 'trunc_ln315_71' <Predicate = true> <Delay = 0.00>
ST_1 : Operation 87 [1/1] (0.00ns)   --->   "%trunc_ln315_72 = partselect i10 @_ssdm_op_PartSelect.i10.i128.i32.i32, i128 %p_Val2_10, i32 56, i32 65"   --->   Operation 87 'partselect' 'trunc_ln315_72' <Predicate = true> <Delay = 0.00>
ST_1 : Operation 88 [1/1] (0.00ns)   --->   "%trunc_ln315_73 = partselect i10 @_ssdm_op_PartSelect.i10.i128.i32.i32, i128 %p_Val2_10, i32 72, i32 81"   --->   Operation 88 'partselect' 'trunc_ln315_73' <Predicate = true> <Delay = 0.00>
ST_1 : Operation 89 [1/1] (0.00ns)   --->   "%trunc_ln315_74 = partselect i10 @_ssdm_op_PartSelect.i10.i128.i32.i32, i128 %p_Val2_10, i32 88, i32 97"   --->   Operation 89 'partselect' 'trunc_ln315_74' <Predicate = true> <Delay = 0.00>
ST_1 : Operation 90 [1/1] (0.00ns)   --->   "%trunc_ln315_75 = partselect i10 @_ssdm_op_PartSelect.i10.i128.i32.i32, i128 %p_Val2_10, i32 104, i32 113"   --->   Operation 90 'partselect' 'trunc_ln315_75' <Predicate = true> <Delay = 0.00>
ST_1 : Operation 91 [1/1] (0.00ns)   --->   "%p_Val2_11 = read i128 @_ssdm_op_Read.ap_auto.i128P0A, i128 %link_in_11"   --->   Operation 91 'read' 'p_Val2_11' <Predicate = true> <Delay = 0.00>
ST_1 : Operation 92 [1/1] (0.00ns)   --->   "%trunc_ln315_76 = partselect i10 @_ssdm_op_PartSelect.i10.i128.i32.i32, i128 %p_Val2_11, i32 8, i32 17"   --->   Operation 92 'partselect' 'trunc_ln315_76' <Predicate = true> <Delay = 0.00>
ST_1 : Operation 93 [1/1] (0.00ns)   --->   "%trunc_ln315_77 = partselect i10 @_ssdm_op_PartSelect.i10.i128.i32.i32, i128 %p_Val2_11, i32 24, i32 33"   --->   Operation 93 'partselect' 'trunc_ln315_77' <Predicate = true> <Delay = 0.00>
ST_1 : Operation 94 [1/1] (0.00ns)   --->   "%trunc_ln315_78 = partselect i10 @_ssdm_op_PartSelect.i10.i128.i32.i32, i128 %p_Val2_11, i32 40, i32 49"   --->   Operation 94 'partselect' 'trunc_ln315_78' <Predicate = true> <Delay = 0.00>
ST_1 : Operation 95 [1/1] (0.00ns)   --->   "%trunc_ln315_79 = partselect i10 @_ssdm_op_PartSelect.i10.i128.i32.i32, i128 %p_Val2_11, i32 56, i32 65"   --->   Operation 95 'partselect' 'trunc_ln315_79' <Predicate = true> <Delay = 0.00>
ST_1 : Operation 96 [1/1] (0.00ns)   --->   "%trunc_ln315_80 = partselect i10 @_ssdm_op_PartSelect.i10.i128.i32.i32, i128 %p_Val2_11, i32 72, i32 81"   --->   Operation 96 'partselect' 'trunc_ln315_80' <Predicate = true> <Delay = 0.00>
ST_1 : Operation 97 [1/1] (0.00ns)   --->   "%trunc_ln315_81 = partselect i10 @_ssdm_op_PartSelect.i10.i128.i32.i32, i128 %p_Val2_11, i32 88, i32 97"   --->   Operation 97 'partselect' 'trunc_ln315_81' <Predicate = true> <Delay = 0.00>
ST_1 : Operation 98 [1/1] (0.00ns)   --->   "%trunc_ln315_82 = partselect i10 @_ssdm_op_PartSelect.i10.i128.i32.i32, i128 %p_Val2_11, i32 104, i32 113"   --->   Operation 98 'partselect' 'trunc_ln315_82' <Predicate = true> <Delay = 0.00>
ST_1 : Operation 99 [1/1] (0.00ns)   --->   "%et_calo_ad_0_cast = bitconcatenate i840 @_ssdm_op_BitConcatenate.i840.i10.i10.i10.i10.i10.i10.i10.i10.i10.i10.i10.i10.i10.i10.i10.i10.i10.i10.i10.i10.i10.i10.i10.i10.i10.i10.i10.i10.i10.i10.i10.i10.i10.i10.i10.i10.i10.i10.i10.i10.i10.i10.i10.i10.i10.i10.i10.i10.i10.i10.i10.i10.i10.i10.i10.i10.i10.i10.i10.i10.i10.i10.i10.i10.i10.i10.i10.i10.i10.i10.i10.i10.i10.i10.i10.i10.i10.i10.i10.i10.i10.i10.i10.i10, i10 %trunc_ln315_82, i10 %trunc_ln315_81, i10 %trunc_ln315_80, i10 %trunc_ln315_79, i10 %trunc_ln315_78, i10 %trunc_ln315_77, i10 %trunc_ln315_76, i10 %trunc_ln315_75, i10 %trunc_ln315_74, i10 %trunc_ln315_73, i10 %trunc_ln315_72, i10 %trunc_ln315_71, i10 %trunc_ln315_70, i10 %trunc_ln315_69, i10 %trunc_ln315_68, i10 %trunc_ln315_67, i10 %trunc_ln315_66, i10 %trunc_ln315_65, i10 %trunc_ln315_64, i10 %trunc_ln315_63, i10 %trunc_ln315_62, i10 %trunc_ln315_61, i10 %trunc_ln315_60, i10 %trunc_ln315_59, i10 %trunc_ln315_58, i10 %trunc_ln315_57, i10 %trunc_ln315_56, i10 %trunc_ln315_55, i10 %trunc_ln315_54, i10 %trunc_ln315_53, i10 %trunc_ln315_52, i10 %trunc_ln315_51, i10 %trunc_ln315_50, i10 %trunc_ln315_49, i10 %trunc_ln315_48, i10 %trunc_ln315_47, i10 %trunc_ln315_46, i10 %trunc_ln315_45, i10 %trunc_ln315_44, i10 %trunc_ln315_43, i10 %trunc_ln315_42, i10 %trunc_ln315_41, i10 %trunc_ln315_40, i10 %trunc_ln315_39, i10 %trunc_ln315_38, i10 %trunc_ln315_37, i10 %trunc_ln315_36, i10 %trunc_ln315_35, i10 %trunc_ln315_34, i10 %trunc_ln315_33, i10 %trunc_ln315_32, i10 %trunc_ln315_31, i10 %trunc_ln315_30, i10 %trunc_ln315_29, i10 %trunc_ln315_28, i10 %trunc_ln315_27, i10 %trunc_ln315_26, i10 %trunc_ln315_25, i10 %trunc_ln315_24, i10 %trunc_ln315_23, i10 %trunc_ln315_22, i10 %trunc_ln315_21, i10 %trunc_ln315_20, i10 %trunc_ln315_19, i10 %trunc_ln315_18, i10 %trunc_ln315_17, i10 %trunc_ln315_16, i10 %trunc_ln315_15, i10 %trunc_ln315_14, i10 %trunc_ln315_13, i10 %trunc_ln315_12, i10 %trunc_ln315_11, i10 %trunc_ln315_10, i10 %trunc_ln315_s, i10 %trunc_ln315_9, i10 %trunc_ln315_8, i10 %trunc_ln315_7, i10 %trunc_ln315_6, i10 %trunc_ln315_5, i10 %trunc_ln315_4, i10 %trunc_ln315_3, i10 %trunc_ln315_2, i10 %trunc_ln315_1, i10 %trunc_ln" [src/algo_unpacked.cpp:22]   --->   Operation 99 'bitconcatenate' 'et_calo_ad_0_cast' <Predicate = true> <Delay = 0.00>
ST_1 : Operation 100 [1/1] (0.00ns)   --->   "%ret_ln35 = ret i840 %et_calo_ad_0_cast" [src/algo_unpacked.cpp:35]   --->   Operation 100 'ret' 'ret_ln35' <Predicate = true> <Delay = 0.00>


============================================================
+ Verbose Summary: Timing violations
============================================================
Target clock period: 6.25ns, clock uncertainty: 1.69ns.

 <State 1>: 0ns
The critical path consists of the following:


============================================================
+ Verbose Summary: Binding
============================================================
N/A
* FSMD analyzer results:
  - Output states:
 - Input state : 
  - Chain level:
	State 1


============================================================
+ Verbose Summary: Datapath Resource usage 
============================================================
N/A
