

================================================================
== Vitis HLS Report for 'pooling2d_cl_ap_fixed_ap_fixed_16_6_5_3_0_config10_s'
================================================================
* Date:           Sat Mar 29 17:37:53 2025

* Version:        2021.1 (Build 3247384 on Thu Jun 10 19:36:07 MDT 2021)
* Project:        WOMBAT_prj
* Solution:       solution1 (Vivado IP Flow Target)
* Product family: virtex7
* Target device:  xc7vx690t-ffg1927-2


================================================================
== Performance Estimates
================================================================
+ Timing: 
    * Summary: 
    +--------+---------+----------+------------+
    |  Clock |  Target | Estimated| Uncertainty|
    +--------+---------+----------+------------+
    |ap_clk  |  6.25 ns|  4.562 ns|     1.69 ns|
    +--------+---------+----------+------------+

+ Latency: 
    * Summary: 
    +---------+---------+-----------+-----------+-----+-----+---------+
    |  Latency (cycles) |   Latency (absolute)  |  Interval | Pipeline|
    |   min   |   max   |    min    |    max    | min | max |   Type  |
    +---------+---------+-----------+-----------+-----+-----+---------+
    |        6|        6|  37.500 ns|  37.500 ns|    2|    2|      yes|
    +---------+---------+-----------+-----------+-----+-----+---------+

    + Detail: 
        * Instance: 
        N/A

        * Loop: 
        N/A

============================================================
+ Verbose Summary: Synthesis Manager
============================================================
InlineROM: 1
ExposeGlobal: 0
============================================================
+ Verbose Summary: CDFG Model
============================================================
IsTopModel: 0
ResetActiveHigh: 1
IsCombinational: 0
IsDatapathOnly: 0
HasWiredReturn: 1
HasMFsm: 2
HasVarLatency: 0
IsPipeline: 1
IsRtlPipelined: 1
IsInstanceOverlapped: 0
IsDontTouch: 0
HasImplIP: 0
IsGatedGlobalClock: 0

+ Individual pipeline summary: 
  * Pipeline-0: initiation interval (II) = 2, depth = 7


============================================================
+ Verbose Summary: Schedule
============================================================
* Number of FSM states : 7
* Pipeline : 1
  Pipeline-0 : II = 2, D = 7, States = { 1 2 3 4 5 6 7 }
* Dataflow Pipeline: 0

* FSM state transitions: 
1 --> 2 
2 --> 3 
3 --> 4 
4 --> 5 
5 --> 6 
6 --> 7 
7 --> 

* FSM state operations: 

State 1 <SV = 0> <Delay = 4.56>
ST_1 : Operation 8 [1/1] (0.00ns)   --->   "%p_read_146 = read i16 @_ssdm_op_Read.ap_auto.i16, i16 %p_read75" [src/nnet_utils/nnet_pooling.h:195]   --->   Operation 8 'read' 'p_read_146' <Predicate = true> <Delay = 0.00>
ST_1 : Operation 9 [1/1] (0.00ns)   --->   "%p_read_147 = read i16 @_ssdm_op_Read.ap_auto.i16, i16 %p_read74" [src/nnet_utils/nnet_pooling.h:195]   --->   Operation 9 'read' 'p_read_147' <Predicate = true> <Delay = 0.00>
ST_1 : Operation 10 [1/1] (0.00ns)   --->   "%p_read_148 = read i16 @_ssdm_op_Read.ap_auto.i16, i16 %p_read73" [src/nnet_utils/nnet_pooling.h:195]   --->   Operation 10 'read' 'p_read_148' <Predicate = true> <Delay = 0.00>
ST_1 : Operation 11 [1/1] (0.00ns)   --->   "%p_read_149 = read i16 @_ssdm_op_Read.ap_auto.i16, i16 %p_read72" [src/nnet_utils/nnet_pooling.h:195]   --->   Operation 11 'read' 'p_read_149' <Predicate = true> <Delay = 0.00>
ST_1 : Operation 12 [1/1] (0.00ns)   --->   "%p_read_150 = read i16 @_ssdm_op_Read.ap_auto.i16, i16 %p_read71" [src/nnet_utils/nnet_pooling.h:195]   --->   Operation 12 'read' 'p_read_150' <Predicate = true> <Delay = 0.00>
ST_1 : Operation 13 [1/1] (0.00ns)   --->   "%p_read70146 = read i16 @_ssdm_op_Read.ap_auto.i16, i16 %p_read70" [src/nnet_utils/nnet_pooling.h:195]   --->   Operation 13 'read' 'p_read70146' <Predicate = true> <Delay = 0.00>
ST_1 : Operation 14 [1/1] (0.00ns)   --->   "%p_read_151 = read i16 @_ssdm_op_Read.ap_auto.i16, i16 %p_read69" [src/nnet_utils/nnet_pooling.h:195]   --->   Operation 14 'read' 'p_read_151' <Predicate = true> <Delay = 0.00>
ST_1 : Operation 15 [1/1] (0.00ns)   --->   "%p_read_152 = read i16 @_ssdm_op_Read.ap_auto.i16, i16 %p_read68" [src/nnet_utils/nnet_pooling.h:195]   --->   Operation 15 'read' 'p_read_152' <Predicate = true> <Delay = 0.00>
ST_1 : Operation 16 [1/1] (0.00ns)   --->   "%p_read_153 = read i16 @_ssdm_op_Read.ap_auto.i16, i16 %p_read67" [src/nnet_utils/nnet_pooling.h:195]   --->   Operation 16 'read' 'p_read_153' <Predicate = true> <Delay = 0.00>
ST_1 : Operation 17 [1/1] (0.00ns)   --->   "%p_read_154 = read i16 @_ssdm_op_Read.ap_auto.i16, i16 %p_read66" [src/nnet_utils/nnet_pooling.h:195]   --->   Operation 17 'read' 'p_read_154' <Predicate = true> <Delay = 0.00>
ST_1 : Operation 18 [1/1] (0.00ns)   --->   "%p_read_155 = read i16 @_ssdm_op_Read.ap_auto.i16, i16 %p_read65" [src/nnet_utils/nnet_pooling.h:195]   --->   Operation 18 'read' 'p_read_155' <Predicate = true> <Delay = 0.00>
ST_1 : Operation 19 [1/1] (0.00ns)   --->   "%p_read_156 = read i16 @_ssdm_op_Read.ap_auto.i16, i16 %p_read64" [src/nnet_utils/nnet_pooling.h:195]   --->   Operation 19 'read' 'p_read_156' <Predicate = true> <Delay = 0.00>
ST_1 : Operation 20 [1/1] (0.00ns)   --->   "%p_read_157 = read i16 @_ssdm_op_Read.ap_auto.i16, i16 %p_read63" [src/nnet_utils/nnet_pooling.h:195]   --->   Operation 20 'read' 'p_read_157' <Predicate = true> <Delay = 0.00>
ST_1 : Operation 21 [1/1] (0.00ns)   --->   "%p_read_158 = read i16 @_ssdm_op_Read.ap_auto.i16, i16 %p_read62" [src/nnet_utils/nnet_pooling.h:195]   --->   Operation 21 'read' 'p_read_158' <Predicate = true> <Delay = 0.00>
ST_1 : Operation 22 [1/1] (0.00ns)   --->   "%p_read_159 = read i16 @_ssdm_op_Read.ap_auto.i16, i16 %p_read61" [src/nnet_utils/nnet_pooling.h:195]   --->   Operation 22 'read' 'p_read_159' <Predicate = true> <Delay = 0.00>
ST_1 : Operation 23 [1/1] (0.00ns)   --->   "%p_read60136 = read i16 @_ssdm_op_Read.ap_auto.i16, i16 %p_read60" [src/nnet_utils/nnet_pooling.h:195]   --->   Operation 23 'read' 'p_read60136' <Predicate = true> <Delay = 0.00>
ST_1 : Operation 24 [1/1] (0.00ns)   --->   "%p_read_160 = read i16 @_ssdm_op_Read.ap_auto.i16, i16 %p_read59" [src/nnet_utils/nnet_pooling.h:195]   --->   Operation 24 'read' 'p_read_160' <Predicate = true> <Delay = 0.00>
ST_1 : Operation 25 [1/1] (0.00ns)   --->   "%p_read_161 = read i16 @_ssdm_op_Read.ap_auto.i16, i16 %p_read58" [src/nnet_utils/nnet_pooling.h:195]   --->   Operation 25 'read' 'p_read_161' <Predicate = true> <Delay = 0.00>
ST_1 : Operation 26 [1/1] (0.00ns)   --->   "%p_read_162 = read i16 @_ssdm_op_Read.ap_auto.i16, i16 %p_read57" [src/nnet_utils/nnet_pooling.h:195]   --->   Operation 26 'read' 'p_read_162' <Predicate = true> <Delay = 0.00>
ST_1 : Operation 27 [1/1] (0.00ns)   --->   "%p_read_163 = read i16 @_ssdm_op_Read.ap_auto.i16, i16 %p_read56" [src/nnet_utils/nnet_pooling.h:195]   --->   Operation 27 'read' 'p_read_163' <Predicate = true> <Delay = 0.00>
ST_1 : Operation 28 [1/1] (0.00ns)   --->   "%p_read_164 = read i16 @_ssdm_op_Read.ap_auto.i16, i16 %p_read55" [src/nnet_utils/nnet_pooling.h:195]   --->   Operation 28 'read' 'p_read_164' <Predicate = true> <Delay = 0.00>
ST_1 : Operation 29 [1/1] (0.00ns)   --->   "%p_read_165 = read i16 @_ssdm_op_Read.ap_auto.i16, i16 %p_read54" [src/nnet_utils/nnet_pooling.h:195]   --->   Operation 29 'read' 'p_read_165' <Predicate = true> <Delay = 0.00>
ST_1 : Operation 30 [1/1] (0.00ns)   --->   "%p_read_166 = read i16 @_ssdm_op_Read.ap_auto.i16, i16 %p_read53" [src/nnet_utils/nnet_pooling.h:195]   --->   Operation 30 'read' 'p_read_166' <Predicate = true> <Delay = 0.00>
ST_1 : Operation 31 [1/1] (0.00ns)   --->   "%p_read_167 = read i16 @_ssdm_op_Read.ap_auto.i16, i16 %p_read52" [src/nnet_utils/nnet_pooling.h:195]   --->   Operation 31 'read' 'p_read_167' <Predicate = true> <Delay = 0.00>
ST_1 : Operation 32 [1/1] (0.00ns)   --->   "%p_read_168 = read i16 @_ssdm_op_Read.ap_auto.i16, i16 %p_read51" [src/nnet_utils/nnet_pooling.h:195]   --->   Operation 32 'read' 'p_read_168' <Predicate = true> <Delay = 0.00>
ST_1 : Operation 33 [1/1] (0.00ns)   --->   "%p_read50126 = read i16 @_ssdm_op_Read.ap_auto.i16, i16 %p_read50" [src/nnet_utils/nnet_pooling.h:195]   --->   Operation 33 'read' 'p_read50126' <Predicate = true> <Delay = 0.00>
ST_1 : Operation 34 [1/1] (0.00ns)   --->   "%p_read_169 = read i16 @_ssdm_op_Read.ap_auto.i16, i16 %p_read49" [src/nnet_utils/nnet_pooling.h:195]   --->   Operation 34 'read' 'p_read_169' <Predicate = true> <Delay = 0.00>
ST_1 : Operation 35 [1/1] (0.00ns)   --->   "%p_read_170 = read i16 @_ssdm_op_Read.ap_auto.i16, i16 %p_read48" [src/nnet_utils/nnet_pooling.h:195]   --->   Operation 35 'read' 'p_read_170' <Predicate = true> <Delay = 0.00>
ST_1 : Operation 36 [1/1] (0.00ns)   --->   "%p_read_171 = read i16 @_ssdm_op_Read.ap_auto.i16, i16 %p_read47" [src/nnet_utils/nnet_pooling.h:195]   --->   Operation 36 'read' 'p_read_171' <Predicate = true> <Delay = 0.00>
ST_1 : Operation 37 [1/1] (0.00ns)   --->   "%p_read_172 = read i16 @_ssdm_op_Read.ap_auto.i16, i16 %p_read46" [src/nnet_utils/nnet_pooling.h:195]   --->   Operation 37 'read' 'p_read_172' <Predicate = true> <Delay = 0.00>
ST_1 : Operation 38 [1/1] (0.00ns)   --->   "%p_read_173 = read i16 @_ssdm_op_Read.ap_auto.i16, i16 %p_read45" [src/nnet_utils/nnet_pooling.h:195]   --->   Operation 38 'read' 'p_read_173' <Predicate = true> <Delay = 0.00>
ST_1 : Operation 39 [1/1] (0.00ns)   --->   "%p_read_174 = read i16 @_ssdm_op_Read.ap_auto.i16, i16 %p_read44" [src/nnet_utils/nnet_pooling.h:195]   --->   Operation 39 'read' 'p_read_174' <Predicate = true> <Delay = 0.00>
ST_1 : Operation 40 [1/1] (0.00ns)   --->   "%p_read_175 = read i16 @_ssdm_op_Read.ap_auto.i16, i16 %p_read43" [src/nnet_utils/nnet_pooling.h:195]   --->   Operation 40 'read' 'p_read_175' <Predicate = true> <Delay = 0.00>
ST_1 : Operation 41 [1/1] (0.00ns)   --->   "%p_read_176 = read i16 @_ssdm_op_Read.ap_auto.i16, i16 %p_read42" [src/nnet_utils/nnet_pooling.h:195]   --->   Operation 41 'read' 'p_read_176' <Predicate = true> <Delay = 0.00>
ST_1 : Operation 42 [1/1] (0.00ns)   --->   "%p_read_177 = read i16 @_ssdm_op_Read.ap_auto.i16, i16 %p_read41" [src/nnet_utils/nnet_pooling.h:195]   --->   Operation 42 'read' 'p_read_177' <Predicate = true> <Delay = 0.00>
ST_1 : Operation 43 [1/1] (0.00ns)   --->   "%p_read40116 = read i16 @_ssdm_op_Read.ap_auto.i16, i16 %p_read40" [src/nnet_utils/nnet_pooling.h:195]   --->   Operation 43 'read' 'p_read40116' <Predicate = true> <Delay = 0.00>
ST_1 : Operation 44 [1/1] (0.00ns)   --->   "%p_read_178 = read i16 @_ssdm_op_Read.ap_auto.i16, i16 %p_read39" [src/nnet_utils/nnet_pooling.h:195]   --->   Operation 44 'read' 'p_read_178' <Predicate = true> <Delay = 0.00>
ST_1 : Operation 45 [1/1] (0.00ns)   --->   "%p_read_179 = read i16 @_ssdm_op_Read.ap_auto.i16, i16 %p_read38" [src/nnet_utils/nnet_pooling.h:195]   --->   Operation 45 'read' 'p_read_179' <Predicate = true> <Delay = 0.00>
ST_1 : Operation 46 [1/1] (0.00ns)   --->   "%p_read_180 = read i16 @_ssdm_op_Read.ap_auto.i16, i16 %p_read37" [src/nnet_utils/nnet_pooling.h:195]   --->   Operation 46 'read' 'p_read_180' <Predicate = true> <Delay = 0.00>
ST_1 : Operation 47 [1/1] (0.00ns)   --->   "%p_read_181 = read i16 @_ssdm_op_Read.ap_auto.i16, i16 %p_read36" [src/nnet_utils/nnet_pooling.h:195]   --->   Operation 47 'read' 'p_read_181' <Predicate = true> <Delay = 0.00>
ST_1 : Operation 48 [1/1] (0.00ns)   --->   "%p_read_182 = read i16 @_ssdm_op_Read.ap_auto.i16, i16 %p_read35" [src/nnet_utils/nnet_pooling.h:195]   --->   Operation 48 'read' 'p_read_182' <Predicate = true> <Delay = 0.00>
ST_1 : Operation 49 [1/1] (0.00ns)   --->   "%p_read_183 = read i16 @_ssdm_op_Read.ap_auto.i16, i16 %p_read34" [src/nnet_utils/nnet_pooling.h:195]   --->   Operation 49 'read' 'p_read_183' <Predicate = true> <Delay = 0.00>
ST_1 : Operation 50 [1/1] (0.00ns)   --->   "%p_read_184 = read i16 @_ssdm_op_Read.ap_auto.i16, i16 %p_read33" [src/nnet_utils/nnet_pooling.h:195]   --->   Operation 50 'read' 'p_read_184' <Predicate = true> <Delay = 0.00>
ST_1 : Operation 51 [1/1] (0.00ns)   --->   "%p_read_185 = read i16 @_ssdm_op_Read.ap_auto.i16, i16 %p_read32" [src/nnet_utils/nnet_pooling.h:195]   --->   Operation 51 'read' 'p_read_185' <Predicate = true> <Delay = 0.00>
ST_1 : Operation 52 [1/1] (0.00ns)   --->   "%p_read_186 = read i16 @_ssdm_op_Read.ap_auto.i16, i16 %p_read31" [src/nnet_utils/nnet_pooling.h:195]   --->   Operation 52 'read' 'p_read_186' <Predicate = true> <Delay = 0.00>
ST_1 : Operation 53 [1/1] (0.00ns)   --->   "%p_read30106 = read i16 @_ssdm_op_Read.ap_auto.i16, i16 %p_read30" [src/nnet_utils/nnet_pooling.h:195]   --->   Operation 53 'read' 'p_read30106' <Predicate = true> <Delay = 0.00>
ST_1 : Operation 54 [1/1] (0.00ns)   --->   "%p_read_187 = read i16 @_ssdm_op_Read.ap_auto.i16, i16 %p_read29" [src/nnet_utils/nnet_pooling.h:195]   --->   Operation 54 'read' 'p_read_187' <Predicate = true> <Delay = 0.00>
ST_1 : Operation 55 [1/1] (0.00ns)   --->   "%p_read_188 = read i16 @_ssdm_op_Read.ap_auto.i16, i16 %p_read28" [src/nnet_utils/nnet_pooling.h:195]   --->   Operation 55 'read' 'p_read_188' <Predicate = true> <Delay = 0.00>
ST_1 : Operation 56 [1/1] (0.00ns)   --->   "%p_read_189 = read i16 @_ssdm_op_Read.ap_auto.i16, i16 %p_read27" [src/nnet_utils/nnet_pooling.h:195]   --->   Operation 56 'read' 'p_read_189' <Predicate = true> <Delay = 0.00>
ST_1 : Operation 57 [1/1] (0.00ns)   --->   "%p_read_190 = read i16 @_ssdm_op_Read.ap_auto.i16, i16 %p_read26" [src/nnet_utils/nnet_pooling.h:195]   --->   Operation 57 'read' 'p_read_190' <Predicate = true> <Delay = 0.00>
ST_1 : Operation 58 [1/1] (0.00ns)   --->   "%p_read_191 = read i16 @_ssdm_op_Read.ap_auto.i16, i16 %p_read25" [src/nnet_utils/nnet_pooling.h:195]   --->   Operation 58 'read' 'p_read_191' <Predicate = true> <Delay = 0.00>
ST_1 : Operation 59 [1/1] (0.00ns)   --->   "%p_read_192 = read i16 @_ssdm_op_Read.ap_auto.i16, i16 %p_read24" [src/nnet_utils/nnet_pooling.h:195]   --->   Operation 59 'read' 'p_read_192' <Predicate = true> <Delay = 0.00>
ST_1 : Operation 60 [1/1] (0.00ns)   --->   "%p_read_193 = read i16 @_ssdm_op_Read.ap_auto.i16, i16 %p_read23" [src/nnet_utils/nnet_pooling.h:195]   --->   Operation 60 'read' 'p_read_193' <Predicate = true> <Delay = 0.00>
ST_1 : Operation 61 [1/1] (0.00ns)   --->   "%p_read_194 = read i16 @_ssdm_op_Read.ap_auto.i16, i16 %p_read22" [src/nnet_utils/nnet_pooling.h:195]   --->   Operation 61 'read' 'p_read_194' <Predicate = true> <Delay = 0.00>
ST_1 : Operation 62 [1/1] (0.00ns)   --->   "%p_read_195 = read i16 @_ssdm_op_Read.ap_auto.i16, i16 %p_read21" [src/nnet_utils/nnet_pooling.h:195]   --->   Operation 62 'read' 'p_read_195' <Predicate = true> <Delay = 0.00>
ST_1 : Operation 63 [1/1] (0.00ns)   --->   "%p_read2096 = read i16 @_ssdm_op_Read.ap_auto.i16, i16 %p_read20" [src/nnet_utils/nnet_pooling.h:195]   --->   Operation 63 'read' 'p_read2096' <Predicate = true> <Delay = 0.00>
ST_1 : Operation 64 [1/1] (0.00ns)   --->   "%p_read_196 = read i16 @_ssdm_op_Read.ap_auto.i16, i16 %p_read19" [src/nnet_utils/nnet_pooling.h:195]   --->   Operation 64 'read' 'p_read_196' <Predicate = true> <Delay = 0.00>
ST_1 : Operation 65 [1/1] (0.00ns)   --->   "%p_read_197 = read i16 @_ssdm_op_Read.ap_auto.i16, i16 %p_read18" [src/nnet_utils/nnet_pooling.h:195]   --->   Operation 65 'read' 'p_read_197' <Predicate = true> <Delay = 0.00>
ST_1 : Operation 66 [1/1] (0.00ns)   --->   "%p_read_198 = read i16 @_ssdm_op_Read.ap_auto.i16, i16 %p_read17" [src/nnet_utils/nnet_pooling.h:195]   --->   Operation 66 'read' 'p_read_198' <Predicate = true> <Delay = 0.00>
ST_1 : Operation 67 [1/1] (0.00ns)   --->   "%p_read_199 = read i16 @_ssdm_op_Read.ap_auto.i16, i16 %p_read16" [src/nnet_utils/nnet_pooling.h:195]   --->   Operation 67 'read' 'p_read_199' <Predicate = true> <Delay = 0.00>
ST_1 : Operation 68 [1/1] (0.00ns)   --->   "%p_read_200 = read i16 @_ssdm_op_Read.ap_auto.i16, i16 %p_read15" [src/nnet_utils/nnet_pooling.h:195]   --->   Operation 68 'read' 'p_read_200' <Predicate = true> <Delay = 0.00>
ST_1 : Operation 69 [1/1] (0.00ns)   --->   "%p_read_201 = read i16 @_ssdm_op_Read.ap_auto.i16, i16 %p_read14" [src/nnet_utils/nnet_pooling.h:195]   --->   Operation 69 'read' 'p_read_201' <Predicate = true> <Delay = 0.00>
ST_1 : Operation 70 [1/1] (0.00ns)   --->   "%p_read_202 = read i16 @_ssdm_op_Read.ap_auto.i16, i16 %p_read13" [src/nnet_utils/nnet_pooling.h:195]   --->   Operation 70 'read' 'p_read_202' <Predicate = true> <Delay = 0.00>
ST_1 : Operation 71 [1/1] (0.00ns)   --->   "%p_read_203 = read i16 @_ssdm_op_Read.ap_auto.i16, i16 %p_read12" [src/nnet_utils/nnet_pooling.h:195]   --->   Operation 71 'read' 'p_read_203' <Predicate = true> <Delay = 0.00>
ST_1 : Operation 72 [1/1] (0.00ns)   --->   "%p_read1187 = read i16 @_ssdm_op_Read.ap_auto.i16, i16 %p_read11" [src/nnet_utils/nnet_pooling.h:195]   --->   Operation 72 'read' 'p_read1187' <Predicate = true> <Delay = 0.00>
ST_1 : Operation 73 [1/1] (0.00ns)   --->   "%p_read1086 = read i16 @_ssdm_op_Read.ap_auto.i16, i16 %p_read10" [src/nnet_utils/nnet_pooling.h:195]   --->   Operation 73 'read' 'p_read1086' <Predicate = true> <Delay = 0.00>
ST_1 : Operation 74 [1/1] (0.00ns)   --->   "%p_read985 = read i16 @_ssdm_op_Read.ap_auto.i16, i16 %p_read9" [src/nnet_utils/nnet_pooling.h:195]   --->   Operation 74 'read' 'p_read985' <Predicate = true> <Delay = 0.00>
ST_1 : Operation 75 [1/1] (0.00ns)   --->   "%p_read884 = read i16 @_ssdm_op_Read.ap_auto.i16, i16 %p_read8" [src/nnet_utils/nnet_pooling.h:195]   --->   Operation 75 'read' 'p_read884' <Predicate = true> <Delay = 0.00>
ST_1 : Operation 76 [1/1] (0.00ns)   --->   "%p_read783 = read i16 @_ssdm_op_Read.ap_auto.i16, i16 %p_read7" [src/nnet_utils/nnet_pooling.h:195]   --->   Operation 76 'read' 'p_read783' <Predicate = true> <Delay = 0.00>
ST_1 : Operation 77 [1/1] (0.00ns)   --->   "%p_read682 = read i16 @_ssdm_op_Read.ap_auto.i16, i16 %p_read6" [src/nnet_utils/nnet_pooling.h:195]   --->   Operation 77 'read' 'p_read682' <Predicate = true> <Delay = 0.00>
ST_1 : Operation 78 [1/1] (0.00ns)   --->   "%p_read581 = read i16 @_ssdm_op_Read.ap_auto.i16, i16 %p_read5" [src/nnet_utils/nnet_pooling.h:195]   --->   Operation 78 'read' 'p_read581' <Predicate = true> <Delay = 0.00>
ST_1 : Operation 79 [1/1] (0.00ns)   --->   "%p_read480 = read i16 @_ssdm_op_Read.ap_auto.i16, i16 %p_read4" [src/nnet_utils/nnet_pooling.h:195]   --->   Operation 79 'read' 'p_read480' <Predicate = true> <Delay = 0.00>
ST_1 : Operation 80 [1/1] (0.00ns)   --->   "%p_read379 = read i16 @_ssdm_op_Read.ap_auto.i16, i16 %p_read3" [src/nnet_utils/nnet_pooling.h:195]   --->   Operation 80 'read' 'p_read379' <Predicate = true> <Delay = 0.00>
ST_1 : Operation 81 [1/1] (0.00ns)   --->   "%p_read278 = read i16 @_ssdm_op_Read.ap_auto.i16, i16 %p_read2" [src/nnet_utils/nnet_pooling.h:195]   --->   Operation 81 'read' 'p_read278' <Predicate = true> <Delay = 0.00>
ST_1 : Operation 82 [1/1] (0.00ns)   --->   "%p_read177 = read i16 @_ssdm_op_Read.ap_auto.i16, i16 %p_read1" [src/nnet_utils/nnet_pooling.h:195]   --->   Operation 82 'read' 'p_read177' <Predicate = true> <Delay = 0.00>
ST_1 : Operation 83 [1/1] (0.00ns)   --->   "%p_read76 = read i16 @_ssdm_op_Read.ap_auto.i16, i16 %p_read" [src/nnet_utils/nnet_pooling.h:195]   --->   Operation 83 'read' 'p_read76' <Predicate = true> <Delay = 0.00>
ST_1 : Operation 84 [7/7] (4.56ns)   --->   "%res_V_0_write_assign = call i16 @pool_op<ap_fixed<16, 6, 5, 3, 0>, 9, 1>, i16 %p_read76, i16 %p_read_170, i16 484, i16 %p_read480, i16 %p_read_167, i16 484, i16 %p_read884, i16 %p_read_163, i16 484" [src/nnet_utils/nnet_pooling.h:240]   --->   Operation 84 'call' 'res_V_0_write_assign' <Predicate = true> <Delay = 4.56> <CoreType = "Generic">   --->   Core 0 '' <Latency = 0> <II = 1> <Delay = 1.00> <Generic> <Opcode : >
ST_1 : Operation 85 [7/7] (4.56ns)   --->   "%res_V_4_write_assign = call i16 @pool_op<ap_fixed<16, 6, 5, 3, 0>, 9, 1>, i16 %p_read_203, i16 %p_read60136, i16 484, i16 %p_read_199, i16 %p_read_156, i16 484, i16 %p_read2096, i16 %p_read_152, i16 484" [src/nnet_utils/nnet_pooling.h:240]   --->   Operation 85 'call' 'res_V_4_write_assign' <Predicate = true> <Delay = 4.56> <CoreType = "Generic">   --->   Core 0 '' <Latency = 0> <II = 1> <Delay = 1.00> <Generic> <Opcode : >
ST_1 : Operation 86 [7/7] (4.56ns)   --->   "%res_V_8_write_assign = call i16 @pool_op<ap_fixed<16, 6, 5, 3, 0>, 9, 1>, i16 %p_read_192, i16 %p_read_149, i16 484, i16 %p_read_188, i16 484, i16 484, i16 %p_read_185, i16 484, i16 484" [src/nnet_utils/nnet_pooling.h:240]   --->   Operation 86 'call' 'res_V_8_write_assign' <Predicate = true> <Delay = 4.56> <CoreType = "Generic">   --->   Core 0 '' <Latency = 0> <II = 1> <Delay = 1.00> <Generic> <Opcode : >
ST_1 : Operation 87 [7/7] (4.56ns)   --->   "%res_V_12_write_assign = call i16 @pool_op<ap_fixed<16, 6, 5, 3, 0>, 9, 1>, i16 %p_read_181, i16 484, i16 484, i16 %p_read40116, i16 484, i16 484, i16 %p_read_174, i16 484, i16 484" [src/nnet_utils/nnet_pooling.h:240]   --->   Operation 87 'call' 'res_V_12_write_assign' <Predicate = true> <Delay = 4.56> <CoreType = "Generic">   --->   Core 0 '' <Latency = 0> <II = 1> <Delay = 1.00> <Generic> <Opcode : >
ST_1 : Operation 88 [7/7] (4.56ns)   --->   "%res_V_1_write_assign = call i16 @pool_op<ap_fixed<16, 6, 5, 3, 0>, 9, 1>, i16 %p_read177, i16 %p_read_169, i16 0, i16 %p_read581, i16 %p_read_166, i16 0, i16 %p_read985, i16 %p_read_162, i16 0" [src/nnet_utils/nnet_pooling.h:240]   --->   Operation 88 'call' 'res_V_1_write_assign' <Predicate = true> <Delay = 4.56> <CoreType = "Generic">   --->   Core 0 '' <Latency = 0> <II = 1> <Delay = 1.00> <Generic> <Opcode : >
ST_1 : Operation 89 [7/7] (4.56ns)   --->   "%res_V_5_write_assign = call i16 @pool_op<ap_fixed<16, 6, 5, 3, 0>, 9, 1>, i16 %p_read_202, i16 %p_read_159, i16 0, i16 %p_read_198, i16 %p_read_155, i16 0, i16 %p_read_195, i16 %p_read_151, i16 0" [src/nnet_utils/nnet_pooling.h:240]   --->   Operation 89 'call' 'res_V_5_write_assign' <Predicate = true> <Delay = 4.56> <CoreType = "Generic">   --->   Core 0 '' <Latency = 0> <II = 1> <Delay = 1.00> <Generic> <Opcode : >
ST_1 : Operation 90 [7/7] (4.56ns)   --->   "%res_V_9_write_assign = call i16 @pool_op<ap_fixed<16, 6, 5, 3, 0>, 9, 1>, i16 %p_read_191, i16 %p_read_148, i16 0, i16 %p_read_187, i16 0, i16 0, i16 %p_read_184, i16 0, i16 0" [src/nnet_utils/nnet_pooling.h:240]   --->   Operation 90 'call' 'res_V_9_write_assign' <Predicate = true> <Delay = 4.56> <CoreType = "Generic">   --->   Core 0 '' <Latency = 0> <II = 1> <Delay = 1.00> <Generic> <Opcode : >
ST_1 : Operation 91 [7/7] (4.56ns)   --->   "%res_V_13_write_assign = call i16 @pool_op<ap_fixed<16, 6, 5, 3, 0>, 9, 1>, i16 %p_read_180, i16 0, i16 0, i16 %p_read_177, i16 0, i16 0, i16 %p_read_173, i16 0, i16 0" [src/nnet_utils/nnet_pooling.h:240]   --->   Operation 91 'call' 'res_V_13_write_assign' <Predicate = true> <Delay = 4.56> <CoreType = "Generic">   --->   Core 0 '' <Latency = 0> <II = 1> <Delay = 1.00> <Generic> <Opcode : >
ST_1 : Operation 92 [7/7] (4.56ns)   --->   "%res_V_2_write_assign = call i16 @pool_op<ap_fixed<16, 6, 5, 3, 0>, 9, 1>, i16 %p_read278, i16 %p_read50126, i16 0, i16 %p_read682, i16 %p_read_165, i16 0, i16 %p_read1086, i16 %p_read_161, i16 0" [src/nnet_utils/nnet_pooling.h:240]   --->   Operation 92 'call' 'res_V_2_write_assign' <Predicate = true> <Delay = 4.56> <CoreType = "Generic">   --->   Core 0 '' <Latency = 0> <II = 1> <Delay = 1.00> <Generic> <Opcode : >
ST_1 : Operation 93 [7/7] (4.56ns)   --->   "%res_V_6_write_assign = call i16 @pool_op<ap_fixed<16, 6, 5, 3, 0>, 9, 1>, i16 %p_read_201, i16 %p_read_158, i16 0, i16 %p_read_197, i16 %p_read_154, i16 0, i16 %p_read_194, i16 %p_read70146, i16 0" [src/nnet_utils/nnet_pooling.h:240]   --->   Operation 93 'call' 'res_V_6_write_assign' <Predicate = true> <Delay = 4.56> <CoreType = "Generic">   --->   Core 0 '' <Latency = 0> <II = 1> <Delay = 1.00> <Generic> <Opcode : >
ST_1 : Operation 94 [7/7] (4.56ns)   --->   "%res_V_10_write_assign = call i16 @pool_op<ap_fixed<16, 6, 5, 3, 0>, 9, 1>, i16 %p_read_190, i16 %p_read_147, i16 0, i16 %p_read30106, i16 0, i16 0, i16 %p_read_183, i16 0, i16 0" [src/nnet_utils/nnet_pooling.h:240]   --->   Operation 94 'call' 'res_V_10_write_assign' <Predicate = true> <Delay = 4.56> <CoreType = "Generic">   --->   Core 0 '' <Latency = 0> <II = 1> <Delay = 1.00> <Generic> <Opcode : >
ST_1 : Operation 95 [7/7] (4.56ns)   --->   "%res_V_14_write_assign = call i16 @pool_op<ap_fixed<16, 6, 5, 3, 0>, 9, 1>, i16 %p_read_179, i16 0, i16 0, i16 %p_read_176, i16 0, i16 0, i16 %p_read_172, i16 0, i16 0" [src/nnet_utils/nnet_pooling.h:240]   --->   Operation 95 'call' 'res_V_14_write_assign' <Predicate = true> <Delay = 4.56> <CoreType = "Generic">   --->   Core 0 '' <Latency = 0> <II = 1> <Delay = 1.00> <Generic> <Opcode : >
ST_1 : Operation 96 [7/7] (4.56ns)   --->   "%res_V_3_write_assign = call i16 @pool_op<ap_fixed<16, 6, 5, 3, 0>, 9, 1>, i16 %p_read379, i16 %p_read_168, i16 0, i16 %p_read783, i16 %p_read_164, i16 0, i16 %p_read1187, i16 %p_read_160, i16 0" [src/nnet_utils/nnet_pooling.h:240]   --->   Operation 96 'call' 'res_V_3_write_assign' <Predicate = true> <Delay = 4.56> <CoreType = "Generic">   --->   Core 0 '' <Latency = 0> <II = 1> <Delay = 1.00> <Generic> <Opcode : >
ST_1 : Operation 97 [7/7] (4.56ns)   --->   "%res_V_7_write_assign = call i16 @pool_op<ap_fixed<16, 6, 5, 3, 0>, 9, 1>, i16 %p_read_200, i16 %p_read_157, i16 0, i16 %p_read_196, i16 %p_read_153, i16 0, i16 %p_read_193, i16 %p_read_150, i16 0" [src/nnet_utils/nnet_pooling.h:240]   --->   Operation 97 'call' 'res_V_7_write_assign' <Predicate = true> <Delay = 4.56> <CoreType = "Generic">   --->   Core 0 '' <Latency = 0> <II = 1> <Delay = 1.00> <Generic> <Opcode : >
ST_1 : Operation 98 [7/7] (4.56ns)   --->   "%res_V_11_write_assign = call i16 @pool_op<ap_fixed<16, 6, 5, 3, 0>, 9, 1>, i16 %p_read_189, i16 %p_read_146, i16 0, i16 %p_read_186, i16 0, i16 0, i16 %p_read_182, i16 0, i16 0" [src/nnet_utils/nnet_pooling.h:240]   --->   Operation 98 'call' 'res_V_11_write_assign' <Predicate = true> <Delay = 4.56> <CoreType = "Generic">   --->   Core 0 '' <Latency = 0> <II = 1> <Delay = 1.00> <Generic> <Opcode : >
ST_1 : Operation 99 [7/7] (4.56ns)   --->   "%res_V_15_write_assign = call i16 @pool_op<ap_fixed<16, 6, 5, 3, 0>, 9, 1>, i16 %p_read_178, i16 0, i16 0, i16 %p_read_175, i16 0, i16 0, i16 %p_read_171, i16 0, i16 0" [src/nnet_utils/nnet_pooling.h:240]   --->   Operation 99 'call' 'res_V_15_write_assign' <Predicate = true> <Delay = 4.56> <CoreType = "Generic">   --->   Core 0 '' <Latency = 0> <II = 1> <Delay = 1.00> <Generic> <Opcode : >

State 2 <SV = 1> <Delay = 4.56>
ST_2 : Operation 100 [6/7] (4.56ns)   --->   "%res_V_0_write_assign = call i16 @pool_op<ap_fixed<16, 6, 5, 3, 0>, 9, 1>, i16 %p_read76, i16 %p_read_170, i16 484, i16 %p_read480, i16 %p_read_167, i16 484, i16 %p_read884, i16 %p_read_163, i16 484" [src/nnet_utils/nnet_pooling.h:240]   --->   Operation 100 'call' 'res_V_0_write_assign' <Predicate = true> <Delay = 4.56> <CoreType = "Generic">   --->   Core 0 '' <Latency = 0> <II = 1> <Delay = 1.00> <Generic> <Opcode : >
ST_2 : Operation 101 [6/7] (4.56ns)   --->   "%res_V_4_write_assign = call i16 @pool_op<ap_fixed<16, 6, 5, 3, 0>, 9, 1>, i16 %p_read_203, i16 %p_read60136, i16 484, i16 %p_read_199, i16 %p_read_156, i16 484, i16 %p_read2096, i16 %p_read_152, i16 484" [src/nnet_utils/nnet_pooling.h:240]   --->   Operation 101 'call' 'res_V_4_write_assign' <Predicate = true> <Delay = 4.56> <CoreType = "Generic">   --->   Core 0 '' <Latency = 0> <II = 1> <Delay = 1.00> <Generic> <Opcode : >
ST_2 : Operation 102 [6/7] (4.56ns)   --->   "%res_V_8_write_assign = call i16 @pool_op<ap_fixed<16, 6, 5, 3, 0>, 9, 1>, i16 %p_read_192, i16 %p_read_149, i16 484, i16 %p_read_188, i16 484, i16 484, i16 %p_read_185, i16 484, i16 484" [src/nnet_utils/nnet_pooling.h:240]   --->   Operation 102 'call' 'res_V_8_write_assign' <Predicate = true> <Delay = 4.56> <CoreType = "Generic">   --->   Core 0 '' <Latency = 0> <II = 1> <Delay = 1.00> <Generic> <Opcode : >
ST_2 : Operation 103 [6/7] (4.56ns)   --->   "%res_V_12_write_assign = call i16 @pool_op<ap_fixed<16, 6, 5, 3, 0>, 9, 1>, i16 %p_read_181, i16 484, i16 484, i16 %p_read40116, i16 484, i16 484, i16 %p_read_174, i16 484, i16 484" [src/nnet_utils/nnet_pooling.h:240]   --->   Operation 103 'call' 'res_V_12_write_assign' <Predicate = true> <Delay = 4.56> <CoreType = "Generic">   --->   Core 0 '' <Latency = 0> <II = 1> <Delay = 1.00> <Generic> <Opcode : >
ST_2 : Operation 104 [6/7] (4.56ns)   --->   "%res_V_1_write_assign = call i16 @pool_op<ap_fixed<16, 6, 5, 3, 0>, 9, 1>, i16 %p_read177, i16 %p_read_169, i16 0, i16 %p_read581, i16 %p_read_166, i16 0, i16 %p_read985, i16 %p_read_162, i16 0" [src/nnet_utils/nnet_pooling.h:240]   --->   Operation 104 'call' 'res_V_1_write_assign' <Predicate = true> <Delay = 4.56> <CoreType = "Generic">   --->   Core 0 '' <Latency = 0> <II = 1> <Delay = 1.00> <Generic> <Opcode : >
ST_2 : Operation 105 [6/7] (4.56ns)   --->   "%res_V_5_write_assign = call i16 @pool_op<ap_fixed<16, 6, 5, 3, 0>, 9, 1>, i16 %p_read_202, i16 %p_read_159, i16 0, i16 %p_read_198, i16 %p_read_155, i16 0, i16 %p_read_195, i16 %p_read_151, i16 0" [src/nnet_utils/nnet_pooling.h:240]   --->   Operation 105 'call' 'res_V_5_write_assign' <Predicate = true> <Delay = 4.56> <CoreType = "Generic">   --->   Core 0 '' <Latency = 0> <II = 1> <Delay = 1.00> <Generic> <Opcode : >
ST_2 : Operation 106 [6/7] (4.56ns)   --->   "%res_V_9_write_assign = call i16 @pool_op<ap_fixed<16, 6, 5, 3, 0>, 9, 1>, i16 %p_read_191, i16 %p_read_148, i16 0, i16 %p_read_187, i16 0, i16 0, i16 %p_read_184, i16 0, i16 0" [src/nnet_utils/nnet_pooling.h:240]   --->   Operation 106 'call' 'res_V_9_write_assign' <Predicate = true> <Delay = 4.56> <CoreType = "Generic">   --->   Core 0 '' <Latency = 0> <II = 1> <Delay = 1.00> <Generic> <Opcode : >
ST_2 : Operation 107 [6/7] (4.56ns)   --->   "%res_V_13_write_assign = call i16 @pool_op<ap_fixed<16, 6, 5, 3, 0>, 9, 1>, i16 %p_read_180, i16 0, i16 0, i16 %p_read_177, i16 0, i16 0, i16 %p_read_173, i16 0, i16 0" [src/nnet_utils/nnet_pooling.h:240]   --->   Operation 107 'call' 'res_V_13_write_assign' <Predicate = true> <Delay = 4.56> <CoreType = "Generic">   --->   Core 0 '' <Latency = 0> <II = 1> <Delay = 1.00> <Generic> <Opcode : >
ST_2 : Operation 108 [6/7] (4.56ns)   --->   "%res_V_2_write_assign = call i16 @pool_op<ap_fixed<16, 6, 5, 3, 0>, 9, 1>, i16 %p_read278, i16 %p_read50126, i16 0, i16 %p_read682, i16 %p_read_165, i16 0, i16 %p_read1086, i16 %p_read_161, i16 0" [src/nnet_utils/nnet_pooling.h:240]   --->   Operation 108 'call' 'res_V_2_write_assign' <Predicate = true> <Delay = 4.56> <CoreType = "Generic">   --->   Core 0 '' <Latency = 0> <II = 1> <Delay = 1.00> <Generic> <Opcode : >
ST_2 : Operation 109 [6/7] (4.56ns)   --->   "%res_V_6_write_assign = call i16 @pool_op<ap_fixed<16, 6, 5, 3, 0>, 9, 1>, i16 %p_read_201, i16 %p_read_158, i16 0, i16 %p_read_197, i16 %p_read_154, i16 0, i16 %p_read_194, i16 %p_read70146, i16 0" [src/nnet_utils/nnet_pooling.h:240]   --->   Operation 109 'call' 'res_V_6_write_assign' <Predicate = true> <Delay = 4.56> <CoreType = "Generic">   --->   Core 0 '' <Latency = 0> <II = 1> <Delay = 1.00> <Generic> <Opcode : >
ST_2 : Operation 110 [6/7] (4.56ns)   --->   "%res_V_10_write_assign = call i16 @pool_op<ap_fixed<16, 6, 5, 3, 0>, 9, 1>, i16 %p_read_190, i16 %p_read_147, i16 0, i16 %p_read30106, i16 0, i16 0, i16 %p_read_183, i16 0, i16 0" [src/nnet_utils/nnet_pooling.h:240]   --->   Operation 110 'call' 'res_V_10_write_assign' <Predicate = true> <Delay = 4.56> <CoreType = "Generic">   --->   Core 0 '' <Latency = 0> <II = 1> <Delay = 1.00> <Generic> <Opcode : >
ST_2 : Operation 111 [6/7] (4.56ns)   --->   "%res_V_14_write_assign = call i16 @pool_op<ap_fixed<16, 6, 5, 3, 0>, 9, 1>, i16 %p_read_179, i16 0, i16 0, i16 %p_read_176, i16 0, i16 0, i16 %p_read_172, i16 0, i16 0" [src/nnet_utils/nnet_pooling.h:240]   --->   Operation 111 'call' 'res_V_14_write_assign' <Predicate = true> <Delay = 4.56> <CoreType = "Generic">   --->   Core 0 '' <Latency = 0> <II = 1> <Delay = 1.00> <Generic> <Opcode : >
ST_2 : Operation 112 [6/7] (4.56ns)   --->   "%res_V_3_write_assign = call i16 @pool_op<ap_fixed<16, 6, 5, 3, 0>, 9, 1>, i16 %p_read379, i16 %p_read_168, i16 0, i16 %p_read783, i16 %p_read_164, i16 0, i16 %p_read1187, i16 %p_read_160, i16 0" [src/nnet_utils/nnet_pooling.h:240]   --->   Operation 112 'call' 'res_V_3_write_assign' <Predicate = true> <Delay = 4.56> <CoreType = "Generic">   --->   Core 0 '' <Latency = 0> <II = 1> <Delay = 1.00> <Generic> <Opcode : >
ST_2 : Operation 113 [6/7] (4.56ns)   --->   "%res_V_7_write_assign = call i16 @pool_op<ap_fixed<16, 6, 5, 3, 0>, 9, 1>, i16 %p_read_200, i16 %p_read_157, i16 0, i16 %p_read_196, i16 %p_read_153, i16 0, i16 %p_read_193, i16 %p_read_150, i16 0" [src/nnet_utils/nnet_pooling.h:240]   --->   Operation 113 'call' 'res_V_7_write_assign' <Predicate = true> <Delay = 4.56> <CoreType = "Generic">   --->   Core 0 '' <Latency = 0> <II = 1> <Delay = 1.00> <Generic> <Opcode : >
ST_2 : Operation 114 [6/7] (4.56ns)   --->   "%res_V_11_write_assign = call i16 @pool_op<ap_fixed<16, 6, 5, 3, 0>, 9, 1>, i16 %p_read_189, i16 %p_read_146, i16 0, i16 %p_read_186, i16 0, i16 0, i16 %p_read_182, i16 0, i16 0" [src/nnet_utils/nnet_pooling.h:240]   --->   Operation 114 'call' 'res_V_11_write_assign' <Predicate = true> <Delay = 4.56> <CoreType = "Generic">   --->   Core 0 '' <Latency = 0> <II = 1> <Delay = 1.00> <Generic> <Opcode : >
ST_2 : Operation 115 [6/7] (4.56ns)   --->   "%res_V_15_write_assign = call i16 @pool_op<ap_fixed<16, 6, 5, 3, 0>, 9, 1>, i16 %p_read_178, i16 0, i16 0, i16 %p_read_175, i16 0, i16 0, i16 %p_read_171, i16 0, i16 0" [src/nnet_utils/nnet_pooling.h:240]   --->   Operation 115 'call' 'res_V_15_write_assign' <Predicate = true> <Delay = 4.56> <CoreType = "Generic">   --->   Core 0 '' <Latency = 0> <II = 1> <Delay = 1.00> <Generic> <Opcode : >

State 3 <SV = 2> <Delay = 4.56>
ST_3 : Operation 116 [5/7] (4.56ns)   --->   "%res_V_0_write_assign = call i16 @pool_op<ap_fixed<16, 6, 5, 3, 0>, 9, 1>, i16 %p_read76, i16 %p_read_170, i16 484, i16 %p_read480, i16 %p_read_167, i16 484, i16 %p_read884, i16 %p_read_163, i16 484" [src/nnet_utils/nnet_pooling.h:240]   --->   Operation 116 'call' 'res_V_0_write_assign' <Predicate = true> <Delay = 4.56> <CoreType = "Generic">   --->   Core 0 '' <Latency = 0> <II = 1> <Delay = 1.00> <Generic> <Opcode : >
ST_3 : Operation 117 [5/7] (4.56ns)   --->   "%res_V_4_write_assign = call i16 @pool_op<ap_fixed<16, 6, 5, 3, 0>, 9, 1>, i16 %p_read_203, i16 %p_read60136, i16 484, i16 %p_read_199, i16 %p_read_156, i16 484, i16 %p_read2096, i16 %p_read_152, i16 484" [src/nnet_utils/nnet_pooling.h:240]   --->   Operation 117 'call' 'res_V_4_write_assign' <Predicate = true> <Delay = 4.56> <CoreType = "Generic">   --->   Core 0 '' <Latency = 0> <II = 1> <Delay = 1.00> <Generic> <Opcode : >
ST_3 : Operation 118 [5/7] (4.56ns)   --->   "%res_V_8_write_assign = call i16 @pool_op<ap_fixed<16, 6, 5, 3, 0>, 9, 1>, i16 %p_read_192, i16 %p_read_149, i16 484, i16 %p_read_188, i16 484, i16 484, i16 %p_read_185, i16 484, i16 484" [src/nnet_utils/nnet_pooling.h:240]   --->   Operation 118 'call' 'res_V_8_write_assign' <Predicate = true> <Delay = 4.56> <CoreType = "Generic">   --->   Core 0 '' <Latency = 0> <II = 1> <Delay = 1.00> <Generic> <Opcode : >
ST_3 : Operation 119 [5/7] (4.56ns)   --->   "%res_V_12_write_assign = call i16 @pool_op<ap_fixed<16, 6, 5, 3, 0>, 9, 1>, i16 %p_read_181, i16 484, i16 484, i16 %p_read40116, i16 484, i16 484, i16 %p_read_174, i16 484, i16 484" [src/nnet_utils/nnet_pooling.h:240]   --->   Operation 119 'call' 'res_V_12_write_assign' <Predicate = true> <Delay = 4.56> <CoreType = "Generic">   --->   Core 0 '' <Latency = 0> <II = 1> <Delay = 1.00> <Generic> <Opcode : >
ST_3 : Operation 120 [5/7] (4.56ns)   --->   "%res_V_1_write_assign = call i16 @pool_op<ap_fixed<16, 6, 5, 3, 0>, 9, 1>, i16 %p_read177, i16 %p_read_169, i16 0, i16 %p_read581, i16 %p_read_166, i16 0, i16 %p_read985, i16 %p_read_162, i16 0" [src/nnet_utils/nnet_pooling.h:240]   --->   Operation 120 'call' 'res_V_1_write_assign' <Predicate = true> <Delay = 4.56> <CoreType = "Generic">   --->   Core 0 '' <Latency = 0> <II = 1> <Delay = 1.00> <Generic> <Opcode : >
ST_3 : Operation 121 [5/7] (4.56ns)   --->   "%res_V_5_write_assign = call i16 @pool_op<ap_fixed<16, 6, 5, 3, 0>, 9, 1>, i16 %p_read_202, i16 %p_read_159, i16 0, i16 %p_read_198, i16 %p_read_155, i16 0, i16 %p_read_195, i16 %p_read_151, i16 0" [src/nnet_utils/nnet_pooling.h:240]   --->   Operation 121 'call' 'res_V_5_write_assign' <Predicate = true> <Delay = 4.56> <CoreType = "Generic">   --->   Core 0 '' <Latency = 0> <II = 1> <Delay = 1.00> <Generic> <Opcode : >
ST_3 : Operation 122 [5/7] (4.56ns)   --->   "%res_V_9_write_assign = call i16 @pool_op<ap_fixed<16, 6, 5, 3, 0>, 9, 1>, i16 %p_read_191, i16 %p_read_148, i16 0, i16 %p_read_187, i16 0, i16 0, i16 %p_read_184, i16 0, i16 0" [src/nnet_utils/nnet_pooling.h:240]   --->   Operation 122 'call' 'res_V_9_write_assign' <Predicate = true> <Delay = 4.56> <CoreType = "Generic">   --->   Core 0 '' <Latency = 0> <II = 1> <Delay = 1.00> <Generic> <Opcode : >
ST_3 : Operation 123 [5/7] (4.56ns)   --->   "%res_V_13_write_assign = call i16 @pool_op<ap_fixed<16, 6, 5, 3, 0>, 9, 1>, i16 %p_read_180, i16 0, i16 0, i16 %p_read_177, i16 0, i16 0, i16 %p_read_173, i16 0, i16 0" [src/nnet_utils/nnet_pooling.h:240]   --->   Operation 123 'call' 'res_V_13_write_assign' <Predicate = true> <Delay = 4.56> <CoreType = "Generic">   --->   Core 0 '' <Latency = 0> <II = 1> <Delay = 1.00> <Generic> <Opcode : >
ST_3 : Operation 124 [5/7] (4.56ns)   --->   "%res_V_2_write_assign = call i16 @pool_op<ap_fixed<16, 6, 5, 3, 0>, 9, 1>, i16 %p_read278, i16 %p_read50126, i16 0, i16 %p_read682, i16 %p_read_165, i16 0, i16 %p_read1086, i16 %p_read_161, i16 0" [src/nnet_utils/nnet_pooling.h:240]   --->   Operation 124 'call' 'res_V_2_write_assign' <Predicate = true> <Delay = 4.56> <CoreType = "Generic">   --->   Core 0 '' <Latency = 0> <II = 1> <Delay = 1.00> <Generic> <Opcode : >
ST_3 : Operation 125 [5/7] (4.56ns)   --->   "%res_V_6_write_assign = call i16 @pool_op<ap_fixed<16, 6, 5, 3, 0>, 9, 1>, i16 %p_read_201, i16 %p_read_158, i16 0, i16 %p_read_197, i16 %p_read_154, i16 0, i16 %p_read_194, i16 %p_read70146, i16 0" [src/nnet_utils/nnet_pooling.h:240]   --->   Operation 125 'call' 'res_V_6_write_assign' <Predicate = true> <Delay = 4.56> <CoreType = "Generic">   --->   Core 0 '' <Latency = 0> <II = 1> <Delay = 1.00> <Generic> <Opcode : >
ST_3 : Operation 126 [5/7] (4.56ns)   --->   "%res_V_10_write_assign = call i16 @pool_op<ap_fixed<16, 6, 5, 3, 0>, 9, 1>, i16 %p_read_190, i16 %p_read_147, i16 0, i16 %p_read30106, i16 0, i16 0, i16 %p_read_183, i16 0, i16 0" [src/nnet_utils/nnet_pooling.h:240]   --->   Operation 126 'call' 'res_V_10_write_assign' <Predicate = true> <Delay = 4.56> <CoreType = "Generic">   --->   Core 0 '' <Latency = 0> <II = 1> <Delay = 1.00> <Generic> <Opcode : >
ST_3 : Operation 127 [5/7] (4.56ns)   --->   "%res_V_14_write_assign = call i16 @pool_op<ap_fixed<16, 6, 5, 3, 0>, 9, 1>, i16 %p_read_179, i16 0, i16 0, i16 %p_read_176, i16 0, i16 0, i16 %p_read_172, i16 0, i16 0" [src/nnet_utils/nnet_pooling.h:240]   --->   Operation 127 'call' 'res_V_14_write_assign' <Predicate = true> <Delay = 4.56> <CoreType = "Generic">   --->   Core 0 '' <Latency = 0> <II = 1> <Delay = 1.00> <Generic> <Opcode : >
ST_3 : Operation 128 [5/7] (4.56ns)   --->   "%res_V_3_write_assign = call i16 @pool_op<ap_fixed<16, 6, 5, 3, 0>, 9, 1>, i16 %p_read379, i16 %p_read_168, i16 0, i16 %p_read783, i16 %p_read_164, i16 0, i16 %p_read1187, i16 %p_read_160, i16 0" [src/nnet_utils/nnet_pooling.h:240]   --->   Operation 128 'call' 'res_V_3_write_assign' <Predicate = true> <Delay = 4.56> <CoreType = "Generic">   --->   Core 0 '' <Latency = 0> <II = 1> <Delay = 1.00> <Generic> <Opcode : >
ST_3 : Operation 129 [5/7] (4.56ns)   --->   "%res_V_7_write_assign = call i16 @pool_op<ap_fixed<16, 6, 5, 3, 0>, 9, 1>, i16 %p_read_200, i16 %p_read_157, i16 0, i16 %p_read_196, i16 %p_read_153, i16 0, i16 %p_read_193, i16 %p_read_150, i16 0" [src/nnet_utils/nnet_pooling.h:240]   --->   Operation 129 'call' 'res_V_7_write_assign' <Predicate = true> <Delay = 4.56> <CoreType = "Generic">   --->   Core 0 '' <Latency = 0> <II = 1> <Delay = 1.00> <Generic> <Opcode : >
ST_3 : Operation 130 [5/7] (4.56ns)   --->   "%res_V_11_write_assign = call i16 @pool_op<ap_fixed<16, 6, 5, 3, 0>, 9, 1>, i16 %p_read_189, i16 %p_read_146, i16 0, i16 %p_read_186, i16 0, i16 0, i16 %p_read_182, i16 0, i16 0" [src/nnet_utils/nnet_pooling.h:240]   --->   Operation 130 'call' 'res_V_11_write_assign' <Predicate = true> <Delay = 4.56> <CoreType = "Generic">   --->   Core 0 '' <Latency = 0> <II = 1> <Delay = 1.00> <Generic> <Opcode : >
ST_3 : Operation 131 [5/7] (4.56ns)   --->   "%res_V_15_write_assign = call i16 @pool_op<ap_fixed<16, 6, 5, 3, 0>, 9, 1>, i16 %p_read_178, i16 0, i16 0, i16 %p_read_175, i16 0, i16 0, i16 %p_read_171, i16 0, i16 0" [src/nnet_utils/nnet_pooling.h:240]   --->   Operation 131 'call' 'res_V_15_write_assign' <Predicate = true> <Delay = 4.56> <CoreType = "Generic">   --->   Core 0 '' <Latency = 0> <II = 1> <Delay = 1.00> <Generic> <Opcode : >

State 4 <SV = 3> <Delay = 4.56>
ST_4 : Operation 132 [4/7] (4.56ns)   --->   "%res_V_0_write_assign = call i16 @pool_op<ap_fixed<16, 6, 5, 3, 0>, 9, 1>, i16 %p_read76, i16 %p_read_170, i16 484, i16 %p_read480, i16 %p_read_167, i16 484, i16 %p_read884, i16 %p_read_163, i16 484" [src/nnet_utils/nnet_pooling.h:240]   --->   Operation 132 'call' 'res_V_0_write_assign' <Predicate = true> <Delay = 4.56> <CoreType = "Generic">   --->   Core 0 '' <Latency = 0> <II = 1> <Delay = 1.00> <Generic> <Opcode : >
ST_4 : Operation 133 [4/7] (4.56ns)   --->   "%res_V_4_write_assign = call i16 @pool_op<ap_fixed<16, 6, 5, 3, 0>, 9, 1>, i16 %p_read_203, i16 %p_read60136, i16 484, i16 %p_read_199, i16 %p_read_156, i16 484, i16 %p_read2096, i16 %p_read_152, i16 484" [src/nnet_utils/nnet_pooling.h:240]   --->   Operation 133 'call' 'res_V_4_write_assign' <Predicate = true> <Delay = 4.56> <CoreType = "Generic">   --->   Core 0 '' <Latency = 0> <II = 1> <Delay = 1.00> <Generic> <Opcode : >
ST_4 : Operation 134 [4/7] (4.56ns)   --->   "%res_V_8_write_assign = call i16 @pool_op<ap_fixed<16, 6, 5, 3, 0>, 9, 1>, i16 %p_read_192, i16 %p_read_149, i16 484, i16 %p_read_188, i16 484, i16 484, i16 %p_read_185, i16 484, i16 484" [src/nnet_utils/nnet_pooling.h:240]   --->   Operation 134 'call' 'res_V_8_write_assign' <Predicate = true> <Delay = 4.56> <CoreType = "Generic">   --->   Core 0 '' <Latency = 0> <II = 1> <Delay = 1.00> <Generic> <Opcode : >
ST_4 : Operation 135 [4/7] (4.56ns)   --->   "%res_V_12_write_assign = call i16 @pool_op<ap_fixed<16, 6, 5, 3, 0>, 9, 1>, i16 %p_read_181, i16 484, i16 484, i16 %p_read40116, i16 484, i16 484, i16 %p_read_174, i16 484, i16 484" [src/nnet_utils/nnet_pooling.h:240]   --->   Operation 135 'call' 'res_V_12_write_assign' <Predicate = true> <Delay = 4.56> <CoreType = "Generic">   --->   Core 0 '' <Latency = 0> <II = 1> <Delay = 1.00> <Generic> <Opcode : >
ST_4 : Operation 136 [4/7] (4.56ns)   --->   "%res_V_1_write_assign = call i16 @pool_op<ap_fixed<16, 6, 5, 3, 0>, 9, 1>, i16 %p_read177, i16 %p_read_169, i16 0, i16 %p_read581, i16 %p_read_166, i16 0, i16 %p_read985, i16 %p_read_162, i16 0" [src/nnet_utils/nnet_pooling.h:240]   --->   Operation 136 'call' 'res_V_1_write_assign' <Predicate = true> <Delay = 4.56> <CoreType = "Generic">   --->   Core 0 '' <Latency = 0> <II = 1> <Delay = 1.00> <Generic> <Opcode : >
ST_4 : Operation 137 [4/7] (4.56ns)   --->   "%res_V_5_write_assign = call i16 @pool_op<ap_fixed<16, 6, 5, 3, 0>, 9, 1>, i16 %p_read_202, i16 %p_read_159, i16 0, i16 %p_read_198, i16 %p_read_155, i16 0, i16 %p_read_195, i16 %p_read_151, i16 0" [src/nnet_utils/nnet_pooling.h:240]   --->   Operation 137 'call' 'res_V_5_write_assign' <Predicate = true> <Delay = 4.56> <CoreType = "Generic">   --->   Core 0 '' <Latency = 0> <II = 1> <Delay = 1.00> <Generic> <Opcode : >
ST_4 : Operation 138 [4/7] (4.56ns)   --->   "%res_V_9_write_assign = call i16 @pool_op<ap_fixed<16, 6, 5, 3, 0>, 9, 1>, i16 %p_read_191, i16 %p_read_148, i16 0, i16 %p_read_187, i16 0, i16 0, i16 %p_read_184, i16 0, i16 0" [src/nnet_utils/nnet_pooling.h:240]   --->   Operation 138 'call' 'res_V_9_write_assign' <Predicate = true> <Delay = 4.56> <CoreType = "Generic">   --->   Core 0 '' <Latency = 0> <II = 1> <Delay = 1.00> <Generic> <Opcode : >
ST_4 : Operation 139 [4/7] (4.56ns)   --->   "%res_V_13_write_assign = call i16 @pool_op<ap_fixed<16, 6, 5, 3, 0>, 9, 1>, i16 %p_read_180, i16 0, i16 0, i16 %p_read_177, i16 0, i16 0, i16 %p_read_173, i16 0, i16 0" [src/nnet_utils/nnet_pooling.h:240]   --->   Operation 139 'call' 'res_V_13_write_assign' <Predicate = true> <Delay = 4.56> <CoreType = "Generic">   --->   Core 0 '' <Latency = 0> <II = 1> <Delay = 1.00> <Generic> <Opcode : >
ST_4 : Operation 140 [4/7] (4.56ns)   --->   "%res_V_2_write_assign = call i16 @pool_op<ap_fixed<16, 6, 5, 3, 0>, 9, 1>, i16 %p_read278, i16 %p_read50126, i16 0, i16 %p_read682, i16 %p_read_165, i16 0, i16 %p_read1086, i16 %p_read_161, i16 0" [src/nnet_utils/nnet_pooling.h:240]   --->   Operation 140 'call' 'res_V_2_write_assign' <Predicate = true> <Delay = 4.56> <CoreType = "Generic">   --->   Core 0 '' <Latency = 0> <II = 1> <Delay = 1.00> <Generic> <Opcode : >
ST_4 : Operation 141 [4/7] (4.56ns)   --->   "%res_V_6_write_assign = call i16 @pool_op<ap_fixed<16, 6, 5, 3, 0>, 9, 1>, i16 %p_read_201, i16 %p_read_158, i16 0, i16 %p_read_197, i16 %p_read_154, i16 0, i16 %p_read_194, i16 %p_read70146, i16 0" [src/nnet_utils/nnet_pooling.h:240]   --->   Operation 141 'call' 'res_V_6_write_assign' <Predicate = true> <Delay = 4.56> <CoreType = "Generic">   --->   Core 0 '' <Latency = 0> <II = 1> <Delay = 1.00> <Generic> <Opcode : >
ST_4 : Operation 142 [4/7] (4.56ns)   --->   "%res_V_10_write_assign = call i16 @pool_op<ap_fixed<16, 6, 5, 3, 0>, 9, 1>, i16 %p_read_190, i16 %p_read_147, i16 0, i16 %p_read30106, i16 0, i16 0, i16 %p_read_183, i16 0, i16 0" [src/nnet_utils/nnet_pooling.h:240]   --->   Operation 142 'call' 'res_V_10_write_assign' <Predicate = true> <Delay = 4.56> <CoreType = "Generic">   --->   Core 0 '' <Latency = 0> <II = 1> <Delay = 1.00> <Generic> <Opcode : >
ST_4 : Operation 143 [4/7] (4.56ns)   --->   "%res_V_14_write_assign = call i16 @pool_op<ap_fixed<16, 6, 5, 3, 0>, 9, 1>, i16 %p_read_179, i16 0, i16 0, i16 %p_read_176, i16 0, i16 0, i16 %p_read_172, i16 0, i16 0" [src/nnet_utils/nnet_pooling.h:240]   --->   Operation 143 'call' 'res_V_14_write_assign' <Predicate = true> <Delay = 4.56> <CoreType = "Generic">   --->   Core 0 '' <Latency = 0> <II = 1> <Delay = 1.00> <Generic> <Opcode : >
ST_4 : Operation 144 [4/7] (4.56ns)   --->   "%res_V_3_write_assign = call i16 @pool_op<ap_fixed<16, 6, 5, 3, 0>, 9, 1>, i16 %p_read379, i16 %p_read_168, i16 0, i16 %p_read783, i16 %p_read_164, i16 0, i16 %p_read1187, i16 %p_read_160, i16 0" [src/nnet_utils/nnet_pooling.h:240]   --->   Operation 144 'call' 'res_V_3_write_assign' <Predicate = true> <Delay = 4.56> <CoreType = "Generic">   --->   Core 0 '' <Latency = 0> <II = 1> <Delay = 1.00> <Generic> <Opcode : >
ST_4 : Operation 145 [4/7] (4.56ns)   --->   "%res_V_7_write_assign = call i16 @pool_op<ap_fixed<16, 6, 5, 3, 0>, 9, 1>, i16 %p_read_200, i16 %p_read_157, i16 0, i16 %p_read_196, i16 %p_read_153, i16 0, i16 %p_read_193, i16 %p_read_150, i16 0" [src/nnet_utils/nnet_pooling.h:240]   --->   Operation 145 'call' 'res_V_7_write_assign' <Predicate = true> <Delay = 4.56> <CoreType = "Generic">   --->   Core 0 '' <Latency = 0> <II = 1> <Delay = 1.00> <Generic> <Opcode : >
ST_4 : Operation 146 [4/7] (4.56ns)   --->   "%res_V_11_write_assign = call i16 @pool_op<ap_fixed<16, 6, 5, 3, 0>, 9, 1>, i16 %p_read_189, i16 %p_read_146, i16 0, i16 %p_read_186, i16 0, i16 0, i16 %p_read_182, i16 0, i16 0" [src/nnet_utils/nnet_pooling.h:240]   --->   Operation 146 'call' 'res_V_11_write_assign' <Predicate = true> <Delay = 4.56> <CoreType = "Generic">   --->   Core 0 '' <Latency = 0> <II = 1> <Delay = 1.00> <Generic> <Opcode : >
ST_4 : Operation 147 [4/7] (4.56ns)   --->   "%res_V_15_write_assign = call i16 @pool_op<ap_fixed<16, 6, 5, 3, 0>, 9, 1>, i16 %p_read_178, i16 0, i16 0, i16 %p_read_175, i16 0, i16 0, i16 %p_read_171, i16 0, i16 0" [src/nnet_utils/nnet_pooling.h:240]   --->   Operation 147 'call' 'res_V_15_write_assign' <Predicate = true> <Delay = 4.56> <CoreType = "Generic">   --->   Core 0 '' <Latency = 0> <II = 1> <Delay = 1.00> <Generic> <Opcode : >

State 5 <SV = 4> <Delay = 4.56>
ST_5 : Operation 148 [3/7] (4.56ns)   --->   "%res_V_0_write_assign = call i16 @pool_op<ap_fixed<16, 6, 5, 3, 0>, 9, 1>, i16 %p_read76, i16 %p_read_170, i16 484, i16 %p_read480, i16 %p_read_167, i16 484, i16 %p_read884, i16 %p_read_163, i16 484" [src/nnet_utils/nnet_pooling.h:240]   --->   Operation 148 'call' 'res_V_0_write_assign' <Predicate = true> <Delay = 4.56> <CoreType = "Generic">   --->   Core 0 '' <Latency = 0> <II = 1> <Delay = 1.00> <Generic> <Opcode : >
ST_5 : Operation 149 [3/7] (4.56ns)   --->   "%res_V_4_write_assign = call i16 @pool_op<ap_fixed<16, 6, 5, 3, 0>, 9, 1>, i16 %p_read_203, i16 %p_read60136, i16 484, i16 %p_read_199, i16 %p_read_156, i16 484, i16 %p_read2096, i16 %p_read_152, i16 484" [src/nnet_utils/nnet_pooling.h:240]   --->   Operation 149 'call' 'res_V_4_write_assign' <Predicate = true> <Delay = 4.56> <CoreType = "Generic">   --->   Core 0 '' <Latency = 0> <II = 1> <Delay = 1.00> <Generic> <Opcode : >
ST_5 : Operation 150 [3/7] (4.56ns)   --->   "%res_V_8_write_assign = call i16 @pool_op<ap_fixed<16, 6, 5, 3, 0>, 9, 1>, i16 %p_read_192, i16 %p_read_149, i16 484, i16 %p_read_188, i16 484, i16 484, i16 %p_read_185, i16 484, i16 484" [src/nnet_utils/nnet_pooling.h:240]   --->   Operation 150 'call' 'res_V_8_write_assign' <Predicate = true> <Delay = 4.56> <CoreType = "Generic">   --->   Core 0 '' <Latency = 0> <II = 1> <Delay = 1.00> <Generic> <Opcode : >
ST_5 : Operation 151 [3/7] (4.56ns)   --->   "%res_V_12_write_assign = call i16 @pool_op<ap_fixed<16, 6, 5, 3, 0>, 9, 1>, i16 %p_read_181, i16 484, i16 484, i16 %p_read40116, i16 484, i16 484, i16 %p_read_174, i16 484, i16 484" [src/nnet_utils/nnet_pooling.h:240]   --->   Operation 151 'call' 'res_V_12_write_assign' <Predicate = true> <Delay = 4.56> <CoreType = "Generic">   --->   Core 0 '' <Latency = 0> <II = 1> <Delay = 1.00> <Generic> <Opcode : >
ST_5 : Operation 152 [3/7] (4.56ns)   --->   "%res_V_1_write_assign = call i16 @pool_op<ap_fixed<16, 6, 5, 3, 0>, 9, 1>, i16 %p_read177, i16 %p_read_169, i16 0, i16 %p_read581, i16 %p_read_166, i16 0, i16 %p_read985, i16 %p_read_162, i16 0" [src/nnet_utils/nnet_pooling.h:240]   --->   Operation 152 'call' 'res_V_1_write_assign' <Predicate = true> <Delay = 4.56> <CoreType = "Generic">   --->   Core 0 '' <Latency = 0> <II = 1> <Delay = 1.00> <Generic> <Opcode : >
ST_5 : Operation 153 [3/7] (4.56ns)   --->   "%res_V_5_write_assign = call i16 @pool_op<ap_fixed<16, 6, 5, 3, 0>, 9, 1>, i16 %p_read_202, i16 %p_read_159, i16 0, i16 %p_read_198, i16 %p_read_155, i16 0, i16 %p_read_195, i16 %p_read_151, i16 0" [src/nnet_utils/nnet_pooling.h:240]   --->   Operation 153 'call' 'res_V_5_write_assign' <Predicate = true> <Delay = 4.56> <CoreType = "Generic">   --->   Core 0 '' <Latency = 0> <II = 1> <Delay = 1.00> <Generic> <Opcode : >
ST_5 : Operation 154 [3/7] (4.56ns)   --->   "%res_V_9_write_assign = call i16 @pool_op<ap_fixed<16, 6, 5, 3, 0>, 9, 1>, i16 %p_read_191, i16 %p_read_148, i16 0, i16 %p_read_187, i16 0, i16 0, i16 %p_read_184, i16 0, i16 0" [src/nnet_utils/nnet_pooling.h:240]   --->   Operation 154 'call' 'res_V_9_write_assign' <Predicate = true> <Delay = 4.56> <CoreType = "Generic">   --->   Core 0 '' <Latency = 0> <II = 1> <Delay = 1.00> <Generic> <Opcode : >
ST_5 : Operation 155 [3/7] (4.56ns)   --->   "%res_V_13_write_assign = call i16 @pool_op<ap_fixed<16, 6, 5, 3, 0>, 9, 1>, i16 %p_read_180, i16 0, i16 0, i16 %p_read_177, i16 0, i16 0, i16 %p_read_173, i16 0, i16 0" [src/nnet_utils/nnet_pooling.h:240]   --->   Operation 155 'call' 'res_V_13_write_assign' <Predicate = true> <Delay = 4.56> <CoreType = "Generic">   --->   Core 0 '' <Latency = 0> <II = 1> <Delay = 1.00> <Generic> <Opcode : >
ST_5 : Operation 156 [3/7] (4.56ns)   --->   "%res_V_2_write_assign = call i16 @pool_op<ap_fixed<16, 6, 5, 3, 0>, 9, 1>, i16 %p_read278, i16 %p_read50126, i16 0, i16 %p_read682, i16 %p_read_165, i16 0, i16 %p_read1086, i16 %p_read_161, i16 0" [src/nnet_utils/nnet_pooling.h:240]   --->   Operation 156 'call' 'res_V_2_write_assign' <Predicate = true> <Delay = 4.56> <CoreType = "Generic">   --->   Core 0 '' <Latency = 0> <II = 1> <Delay = 1.00> <Generic> <Opcode : >
ST_5 : Operation 157 [3/7] (4.56ns)   --->   "%res_V_6_write_assign = call i16 @pool_op<ap_fixed<16, 6, 5, 3, 0>, 9, 1>, i16 %p_read_201, i16 %p_read_158, i16 0, i16 %p_read_197, i16 %p_read_154, i16 0, i16 %p_read_194, i16 %p_read70146, i16 0" [src/nnet_utils/nnet_pooling.h:240]   --->   Operation 157 'call' 'res_V_6_write_assign' <Predicate = true> <Delay = 4.56> <CoreType = "Generic">   --->   Core 0 '' <Latency = 0> <II = 1> <Delay = 1.00> <Generic> <Opcode : >
ST_5 : Operation 158 [3/7] (4.56ns)   --->   "%res_V_10_write_assign = call i16 @pool_op<ap_fixed<16, 6, 5, 3, 0>, 9, 1>, i16 %p_read_190, i16 %p_read_147, i16 0, i16 %p_read30106, i16 0, i16 0, i16 %p_read_183, i16 0, i16 0" [src/nnet_utils/nnet_pooling.h:240]   --->   Operation 158 'call' 'res_V_10_write_assign' <Predicate = true> <Delay = 4.56> <CoreType = "Generic">   --->   Core 0 '' <Latency = 0> <II = 1> <Delay = 1.00> <Generic> <Opcode : >
ST_5 : Operation 159 [3/7] (4.56ns)   --->   "%res_V_14_write_assign = call i16 @pool_op<ap_fixed<16, 6, 5, 3, 0>, 9, 1>, i16 %p_read_179, i16 0, i16 0, i16 %p_read_176, i16 0, i16 0, i16 %p_read_172, i16 0, i16 0" [src/nnet_utils/nnet_pooling.h:240]   --->   Operation 159 'call' 'res_V_14_write_assign' <Predicate = true> <Delay = 4.56> <CoreType = "Generic">   --->   Core 0 '' <Latency = 0> <II = 1> <Delay = 1.00> <Generic> <Opcode : >
ST_5 : Operation 160 [3/7] (4.56ns)   --->   "%res_V_3_write_assign = call i16 @pool_op<ap_fixed<16, 6, 5, 3, 0>, 9, 1>, i16 %p_read379, i16 %p_read_168, i16 0, i16 %p_read783, i16 %p_read_164, i16 0, i16 %p_read1187, i16 %p_read_160, i16 0" [src/nnet_utils/nnet_pooling.h:240]   --->   Operation 160 'call' 'res_V_3_write_assign' <Predicate = true> <Delay = 4.56> <CoreType = "Generic">   --->   Core 0 '' <Latency = 0> <II = 1> <Delay = 1.00> <Generic> <Opcode : >
ST_5 : Operation 161 [3/7] (4.56ns)   --->   "%res_V_7_write_assign = call i16 @pool_op<ap_fixed<16, 6, 5, 3, 0>, 9, 1>, i16 %p_read_200, i16 %p_read_157, i16 0, i16 %p_read_196, i16 %p_read_153, i16 0, i16 %p_read_193, i16 %p_read_150, i16 0" [src/nnet_utils/nnet_pooling.h:240]   --->   Operation 161 'call' 'res_V_7_write_assign' <Predicate = true> <Delay = 4.56> <CoreType = "Generic">   --->   Core 0 '' <Latency = 0> <II = 1> <Delay = 1.00> <Generic> <Opcode : >
ST_5 : Operation 162 [3/7] (4.56ns)   --->   "%res_V_11_write_assign = call i16 @pool_op<ap_fixed<16, 6, 5, 3, 0>, 9, 1>, i16 %p_read_189, i16 %p_read_146, i16 0, i16 %p_read_186, i16 0, i16 0, i16 %p_read_182, i16 0, i16 0" [src/nnet_utils/nnet_pooling.h:240]   --->   Operation 162 'call' 'res_V_11_write_assign' <Predicate = true> <Delay = 4.56> <CoreType = "Generic">   --->   Core 0 '' <Latency = 0> <II = 1> <Delay = 1.00> <Generic> <Opcode : >
ST_5 : Operation 163 [3/7] (4.56ns)   --->   "%res_V_15_write_assign = call i16 @pool_op<ap_fixed<16, 6, 5, 3, 0>, 9, 1>, i16 %p_read_178, i16 0, i16 0, i16 %p_read_175, i16 0, i16 0, i16 %p_read_171, i16 0, i16 0" [src/nnet_utils/nnet_pooling.h:240]   --->   Operation 163 'call' 'res_V_15_write_assign' <Predicate = true> <Delay = 4.56> <CoreType = "Generic">   --->   Core 0 '' <Latency = 0> <II = 1> <Delay = 1.00> <Generic> <Opcode : >

State 6 <SV = 5> <Delay = 4.56>
ST_6 : Operation 164 [2/7] (4.56ns)   --->   "%res_V_0_write_assign = call i16 @pool_op<ap_fixed<16, 6, 5, 3, 0>, 9, 1>, i16 %p_read76, i16 %p_read_170, i16 484, i16 %p_read480, i16 %p_read_167, i16 484, i16 %p_read884, i16 %p_read_163, i16 484" [src/nnet_utils/nnet_pooling.h:240]   --->   Operation 164 'call' 'res_V_0_write_assign' <Predicate = true> <Delay = 4.56> <CoreType = "Generic">   --->   Core 0 '' <Latency = 0> <II = 1> <Delay = 1.00> <Generic> <Opcode : >
ST_6 : Operation 165 [2/7] (4.56ns)   --->   "%res_V_4_write_assign = call i16 @pool_op<ap_fixed<16, 6, 5, 3, 0>, 9, 1>, i16 %p_read_203, i16 %p_read60136, i16 484, i16 %p_read_199, i16 %p_read_156, i16 484, i16 %p_read2096, i16 %p_read_152, i16 484" [src/nnet_utils/nnet_pooling.h:240]   --->   Operation 165 'call' 'res_V_4_write_assign' <Predicate = true> <Delay = 4.56> <CoreType = "Generic">   --->   Core 0 '' <Latency = 0> <II = 1> <Delay = 1.00> <Generic> <Opcode : >
ST_6 : Operation 166 [2/7] (4.56ns)   --->   "%res_V_8_write_assign = call i16 @pool_op<ap_fixed<16, 6, 5, 3, 0>, 9, 1>, i16 %p_read_192, i16 %p_read_149, i16 484, i16 %p_read_188, i16 484, i16 484, i16 %p_read_185, i16 484, i16 484" [src/nnet_utils/nnet_pooling.h:240]   --->   Operation 166 'call' 'res_V_8_write_assign' <Predicate = true> <Delay = 4.56> <CoreType = "Generic">   --->   Core 0 '' <Latency = 0> <II = 1> <Delay = 1.00> <Generic> <Opcode : >
ST_6 : Operation 167 [2/7] (4.56ns)   --->   "%res_V_12_write_assign = call i16 @pool_op<ap_fixed<16, 6, 5, 3, 0>, 9, 1>, i16 %p_read_181, i16 484, i16 484, i16 %p_read40116, i16 484, i16 484, i16 %p_read_174, i16 484, i16 484" [src/nnet_utils/nnet_pooling.h:240]   --->   Operation 167 'call' 'res_V_12_write_assign' <Predicate = true> <Delay = 4.56> <CoreType = "Generic">   --->   Core 0 '' <Latency = 0> <II = 1> <Delay = 1.00> <Generic> <Opcode : >
ST_6 : Operation 168 [2/7] (4.56ns)   --->   "%res_V_1_write_assign = call i16 @pool_op<ap_fixed<16, 6, 5, 3, 0>, 9, 1>, i16 %p_read177, i16 %p_read_169, i16 0, i16 %p_read581, i16 %p_read_166, i16 0, i16 %p_read985, i16 %p_read_162, i16 0" [src/nnet_utils/nnet_pooling.h:240]   --->   Operation 168 'call' 'res_V_1_write_assign' <Predicate = true> <Delay = 4.56> <CoreType = "Generic">   --->   Core 0 '' <Latency = 0> <II = 1> <Delay = 1.00> <Generic> <Opcode : >
ST_6 : Operation 169 [2/7] (4.56ns)   --->   "%res_V_5_write_assign = call i16 @pool_op<ap_fixed<16, 6, 5, 3, 0>, 9, 1>, i16 %p_read_202, i16 %p_read_159, i16 0, i16 %p_read_198, i16 %p_read_155, i16 0, i16 %p_read_195, i16 %p_read_151, i16 0" [src/nnet_utils/nnet_pooling.h:240]   --->   Operation 169 'call' 'res_V_5_write_assign' <Predicate = true> <Delay = 4.56> <CoreType = "Generic">   --->   Core 0 '' <Latency = 0> <II = 1> <Delay = 1.00> <Generic> <Opcode : >
ST_6 : Operation 170 [2/7] (4.56ns)   --->   "%res_V_9_write_assign = call i16 @pool_op<ap_fixed<16, 6, 5, 3, 0>, 9, 1>, i16 %p_read_191, i16 %p_read_148, i16 0, i16 %p_read_187, i16 0, i16 0, i16 %p_read_184, i16 0, i16 0" [src/nnet_utils/nnet_pooling.h:240]   --->   Operation 170 'call' 'res_V_9_write_assign' <Predicate = true> <Delay = 4.56> <CoreType = "Generic">   --->   Core 0 '' <Latency = 0> <II = 1> <Delay = 1.00> <Generic> <Opcode : >
ST_6 : Operation 171 [2/7] (4.56ns)   --->   "%res_V_13_write_assign = call i16 @pool_op<ap_fixed<16, 6, 5, 3, 0>, 9, 1>, i16 %p_read_180, i16 0, i16 0, i16 %p_read_177, i16 0, i16 0, i16 %p_read_173, i16 0, i16 0" [src/nnet_utils/nnet_pooling.h:240]   --->   Operation 171 'call' 'res_V_13_write_assign' <Predicate = true> <Delay = 4.56> <CoreType = "Generic">   --->   Core 0 '' <Latency = 0> <II = 1> <Delay = 1.00> <Generic> <Opcode : >
ST_6 : Operation 172 [2/7] (4.56ns)   --->   "%res_V_2_write_assign = call i16 @pool_op<ap_fixed<16, 6, 5, 3, 0>, 9, 1>, i16 %p_read278, i16 %p_read50126, i16 0, i16 %p_read682, i16 %p_read_165, i16 0, i16 %p_read1086, i16 %p_read_161, i16 0" [src/nnet_utils/nnet_pooling.h:240]   --->   Operation 172 'call' 'res_V_2_write_assign' <Predicate = true> <Delay = 4.56> <CoreType = "Generic">   --->   Core 0 '' <Latency = 0> <II = 1> <Delay = 1.00> <Generic> <Opcode : >
ST_6 : Operation 173 [2/7] (4.56ns)   --->   "%res_V_6_write_assign = call i16 @pool_op<ap_fixed<16, 6, 5, 3, 0>, 9, 1>, i16 %p_read_201, i16 %p_read_158, i16 0, i16 %p_read_197, i16 %p_read_154, i16 0, i16 %p_read_194, i16 %p_read70146, i16 0" [src/nnet_utils/nnet_pooling.h:240]   --->   Operation 173 'call' 'res_V_6_write_assign' <Predicate = true> <Delay = 4.56> <CoreType = "Generic">   --->   Core 0 '' <Latency = 0> <II = 1> <Delay = 1.00> <Generic> <Opcode : >
ST_6 : Operation 174 [2/7] (4.56ns)   --->   "%res_V_10_write_assign = call i16 @pool_op<ap_fixed<16, 6, 5, 3, 0>, 9, 1>, i16 %p_read_190, i16 %p_read_147, i16 0, i16 %p_read30106, i16 0, i16 0, i16 %p_read_183, i16 0, i16 0" [src/nnet_utils/nnet_pooling.h:240]   --->   Operation 174 'call' 'res_V_10_write_assign' <Predicate = true> <Delay = 4.56> <CoreType = "Generic">   --->   Core 0 '' <Latency = 0> <II = 1> <Delay = 1.00> <Generic> <Opcode : >
ST_6 : Operation 175 [2/7] (4.56ns)   --->   "%res_V_14_write_assign = call i16 @pool_op<ap_fixed<16, 6, 5, 3, 0>, 9, 1>, i16 %p_read_179, i16 0, i16 0, i16 %p_read_176, i16 0, i16 0, i16 %p_read_172, i16 0, i16 0" [src/nnet_utils/nnet_pooling.h:240]   --->   Operation 175 'call' 'res_V_14_write_assign' <Predicate = true> <Delay = 4.56> <CoreType = "Generic">   --->   Core 0 '' <Latency = 0> <II = 1> <Delay = 1.00> <Generic> <Opcode : >
ST_6 : Operation 176 [2/7] (4.56ns)   --->   "%res_V_3_write_assign = call i16 @pool_op<ap_fixed<16, 6, 5, 3, 0>, 9, 1>, i16 %p_read379, i16 %p_read_168, i16 0, i16 %p_read783, i16 %p_read_164, i16 0, i16 %p_read1187, i16 %p_read_160, i16 0" [src/nnet_utils/nnet_pooling.h:240]   --->   Operation 176 'call' 'res_V_3_write_assign' <Predicate = true> <Delay = 4.56> <CoreType = "Generic">   --->   Core 0 '' <Latency = 0> <II = 1> <Delay = 1.00> <Generic> <Opcode : >
ST_6 : Operation 177 [2/7] (4.56ns)   --->   "%res_V_7_write_assign = call i16 @pool_op<ap_fixed<16, 6, 5, 3, 0>, 9, 1>, i16 %p_read_200, i16 %p_read_157, i16 0, i16 %p_read_196, i16 %p_read_153, i16 0, i16 %p_read_193, i16 %p_read_150, i16 0" [src/nnet_utils/nnet_pooling.h:240]   --->   Operation 177 'call' 'res_V_7_write_assign' <Predicate = true> <Delay = 4.56> <CoreType = "Generic">   --->   Core 0 '' <Latency = 0> <II = 1> <Delay = 1.00> <Generic> <Opcode : >
ST_6 : Operation 178 [2/7] (4.56ns)   --->   "%res_V_11_write_assign = call i16 @pool_op<ap_fixed<16, 6, 5, 3, 0>, 9, 1>, i16 %p_read_189, i16 %p_read_146, i16 0, i16 %p_read_186, i16 0, i16 0, i16 %p_read_182, i16 0, i16 0" [src/nnet_utils/nnet_pooling.h:240]   --->   Operation 178 'call' 'res_V_11_write_assign' <Predicate = true> <Delay = 4.56> <CoreType = "Generic">   --->   Core 0 '' <Latency = 0> <II = 1> <Delay = 1.00> <Generic> <Opcode : >
ST_6 : Operation 179 [2/7] (4.56ns)   --->   "%res_V_15_write_assign = call i16 @pool_op<ap_fixed<16, 6, 5, 3, 0>, 9, 1>, i16 %p_read_178, i16 0, i16 0, i16 %p_read_175, i16 0, i16 0, i16 %p_read_171, i16 0, i16 0" [src/nnet_utils/nnet_pooling.h:240]   --->   Operation 179 'call' 'res_V_15_write_assign' <Predicate = true> <Delay = 4.56> <CoreType = "Generic">   --->   Core 0 '' <Latency = 0> <II = 1> <Delay = 1.00> <Generic> <Opcode : >

State 7 <SV = 6> <Delay = 3.34>
ST_7 : Operation 180 [1/1] (0.00ns)   --->   "%specpipeline_ln0 = specpipeline void @_ssdm_op_SpecPipeline, i32 2, i32 0, i32 0, i32 0, void @empty_2"   --->   Operation 180 'specpipeline' 'specpipeline_ln0' <Predicate = true> <Delay = 0.00>
ST_7 : Operation 181 [1/1] (0.00ns)   --->   "%specresourcelimit_ln200 = specresourcelimit void @_ssdm_op_SpecResourceLimit, i64 48, void @empty_2, void @empty_2, void @function, void @empty_2" [src/nnet_utils/nnet_pooling.h:200]   --->   Operation 181 'specresourcelimit' 'specresourcelimit_ln200' <Predicate = true> <Delay = 0.00>
ST_7 : Operation 182 [1/7] (3.34ns)   --->   "%res_V_0_write_assign = call i16 @pool_op<ap_fixed<16, 6, 5, 3, 0>, 9, 1>, i16 %p_read76, i16 %p_read_170, i16 484, i16 %p_read480, i16 %p_read_167, i16 484, i16 %p_read884, i16 %p_read_163, i16 484" [src/nnet_utils/nnet_pooling.h:240]   --->   Operation 182 'call' 'res_V_0_write_assign' <Predicate = true> <Delay = 3.34> <CoreType = "Generic">   --->   Core 0 '' <Latency = 0> <II = 1> <Delay = 1.00> <Generic> <Opcode : >
ST_7 : Operation 183 [1/7] (3.34ns)   --->   "%res_V_4_write_assign = call i16 @pool_op<ap_fixed<16, 6, 5, 3, 0>, 9, 1>, i16 %p_read_203, i16 %p_read60136, i16 484, i16 %p_read_199, i16 %p_read_156, i16 484, i16 %p_read2096, i16 %p_read_152, i16 484" [src/nnet_utils/nnet_pooling.h:240]   --->   Operation 183 'call' 'res_V_4_write_assign' <Predicate = true> <Delay = 3.34> <CoreType = "Generic">   --->   Core 0 '' <Latency = 0> <II = 1> <Delay = 1.00> <Generic> <Opcode : >
ST_7 : Operation 184 [1/7] (3.34ns)   --->   "%res_V_8_write_assign = call i16 @pool_op<ap_fixed<16, 6, 5, 3, 0>, 9, 1>, i16 %p_read_192, i16 %p_read_149, i16 484, i16 %p_read_188, i16 484, i16 484, i16 %p_read_185, i16 484, i16 484" [src/nnet_utils/nnet_pooling.h:240]   --->   Operation 184 'call' 'res_V_8_write_assign' <Predicate = true> <Delay = 3.34> <CoreType = "Generic">   --->   Core 0 '' <Latency = 0> <II = 1> <Delay = 1.00> <Generic> <Opcode : >
ST_7 : Operation 185 [1/7] (3.34ns)   --->   "%res_V_12_write_assign = call i16 @pool_op<ap_fixed<16, 6, 5, 3, 0>, 9, 1>, i16 %p_read_181, i16 484, i16 484, i16 %p_read40116, i16 484, i16 484, i16 %p_read_174, i16 484, i16 484" [src/nnet_utils/nnet_pooling.h:240]   --->   Operation 185 'call' 'res_V_12_write_assign' <Predicate = true> <Delay = 3.34> <CoreType = "Generic">   --->   Core 0 '' <Latency = 0> <II = 1> <Delay = 1.00> <Generic> <Opcode : >
ST_7 : Operation 186 [1/7] (3.34ns)   --->   "%res_V_1_write_assign = call i16 @pool_op<ap_fixed<16, 6, 5, 3, 0>, 9, 1>, i16 %p_read177, i16 %p_read_169, i16 0, i16 %p_read581, i16 %p_read_166, i16 0, i16 %p_read985, i16 %p_read_162, i16 0" [src/nnet_utils/nnet_pooling.h:240]   --->   Operation 186 'call' 'res_V_1_write_assign' <Predicate = true> <Delay = 3.34> <CoreType = "Generic">   --->   Core 0 '' <Latency = 0> <II = 1> <Delay = 1.00> <Generic> <Opcode : >
ST_7 : Operation 187 [1/7] (3.34ns)   --->   "%res_V_5_write_assign = call i16 @pool_op<ap_fixed<16, 6, 5, 3, 0>, 9, 1>, i16 %p_read_202, i16 %p_read_159, i16 0, i16 %p_read_198, i16 %p_read_155, i16 0, i16 %p_read_195, i16 %p_read_151, i16 0" [src/nnet_utils/nnet_pooling.h:240]   --->   Operation 187 'call' 'res_V_5_write_assign' <Predicate = true> <Delay = 3.34> <CoreType = "Generic">   --->   Core 0 '' <Latency = 0> <II = 1> <Delay = 1.00> <Generic> <Opcode : >
ST_7 : Operation 188 [1/7] (3.34ns)   --->   "%res_V_9_write_assign = call i16 @pool_op<ap_fixed<16, 6, 5, 3, 0>, 9, 1>, i16 %p_read_191, i16 %p_read_148, i16 0, i16 %p_read_187, i16 0, i16 0, i16 %p_read_184, i16 0, i16 0" [src/nnet_utils/nnet_pooling.h:240]   --->   Operation 188 'call' 'res_V_9_write_assign' <Predicate = true> <Delay = 3.34> <CoreType = "Generic">   --->   Core 0 '' <Latency = 0> <II = 1> <Delay = 1.00> <Generic> <Opcode : >
ST_7 : Operation 189 [1/7] (3.34ns)   --->   "%res_V_13_write_assign = call i16 @pool_op<ap_fixed<16, 6, 5, 3, 0>, 9, 1>, i16 %p_read_180, i16 0, i16 0, i16 %p_read_177, i16 0, i16 0, i16 %p_read_173, i16 0, i16 0" [src/nnet_utils/nnet_pooling.h:240]   --->   Operation 189 'call' 'res_V_13_write_assign' <Predicate = true> <Delay = 3.34> <CoreType = "Generic">   --->   Core 0 '' <Latency = 0> <II = 1> <Delay = 1.00> <Generic> <Opcode : >
ST_7 : Operation 190 [1/7] (3.34ns)   --->   "%res_V_2_write_assign = call i16 @pool_op<ap_fixed<16, 6, 5, 3, 0>, 9, 1>, i16 %p_read278, i16 %p_read50126, i16 0, i16 %p_read682, i16 %p_read_165, i16 0, i16 %p_read1086, i16 %p_read_161, i16 0" [src/nnet_utils/nnet_pooling.h:240]   --->   Operation 190 'call' 'res_V_2_write_assign' <Predicate = true> <Delay = 3.34> <CoreType = "Generic">   --->   Core 0 '' <Latency = 0> <II = 1> <Delay = 1.00> <Generic> <Opcode : >
ST_7 : Operation 191 [1/7] (3.34ns)   --->   "%res_V_6_write_assign = call i16 @pool_op<ap_fixed<16, 6, 5, 3, 0>, 9, 1>, i16 %p_read_201, i16 %p_read_158, i16 0, i16 %p_read_197, i16 %p_read_154, i16 0, i16 %p_read_194, i16 %p_read70146, i16 0" [src/nnet_utils/nnet_pooling.h:240]   --->   Operation 191 'call' 'res_V_6_write_assign' <Predicate = true> <Delay = 3.34> <CoreType = "Generic">   --->   Core 0 '' <Latency = 0> <II = 1> <Delay = 1.00> <Generic> <Opcode : >
ST_7 : Operation 192 [1/7] (3.34ns)   --->   "%res_V_10_write_assign = call i16 @pool_op<ap_fixed<16, 6, 5, 3, 0>, 9, 1>, i16 %p_read_190, i16 %p_read_147, i16 0, i16 %p_read30106, i16 0, i16 0, i16 %p_read_183, i16 0, i16 0" [src/nnet_utils/nnet_pooling.h:240]   --->   Operation 192 'call' 'res_V_10_write_assign' <Predicate = true> <Delay = 3.34> <CoreType = "Generic">   --->   Core 0 '' <Latency = 0> <II = 1> <Delay = 1.00> <Generic> <Opcode : >
ST_7 : Operation 193 [1/7] (3.34ns)   --->   "%res_V_14_write_assign = call i16 @pool_op<ap_fixed<16, 6, 5, 3, 0>, 9, 1>, i16 %p_read_179, i16 0, i16 0, i16 %p_read_176, i16 0, i16 0, i16 %p_read_172, i16 0, i16 0" [src/nnet_utils/nnet_pooling.h:240]   --->   Operation 193 'call' 'res_V_14_write_assign' <Predicate = true> <Delay = 3.34> <CoreType = "Generic">   --->   Core 0 '' <Latency = 0> <II = 1> <Delay = 1.00> <Generic> <Opcode : >
ST_7 : Operation 194 [1/7] (3.34ns)   --->   "%res_V_3_write_assign = call i16 @pool_op<ap_fixed<16, 6, 5, 3, 0>, 9, 1>, i16 %p_read379, i16 %p_read_168, i16 0, i16 %p_read783, i16 %p_read_164, i16 0, i16 %p_read1187, i16 %p_read_160, i16 0" [src/nnet_utils/nnet_pooling.h:240]   --->   Operation 194 'call' 'res_V_3_write_assign' <Predicate = true> <Delay = 3.34> <CoreType = "Generic">   --->   Core 0 '' <Latency = 0> <II = 1> <Delay = 1.00> <Generic> <Opcode : >
ST_7 : Operation 195 [1/7] (3.34ns)   --->   "%res_V_7_write_assign = call i16 @pool_op<ap_fixed<16, 6, 5, 3, 0>, 9, 1>, i16 %p_read_200, i16 %p_read_157, i16 0, i16 %p_read_196, i16 %p_read_153, i16 0, i16 %p_read_193, i16 %p_read_150, i16 0" [src/nnet_utils/nnet_pooling.h:240]   --->   Operation 195 'call' 'res_V_7_write_assign' <Predicate = true> <Delay = 3.34> <CoreType = "Generic">   --->   Core 0 '' <Latency = 0> <II = 1> <Delay = 1.00> <Generic> <Opcode : >
ST_7 : Operation 196 [1/7] (3.34ns)   --->   "%res_V_11_write_assign = call i16 @pool_op<ap_fixed<16, 6, 5, 3, 0>, 9, 1>, i16 %p_read_189, i16 %p_read_146, i16 0, i16 %p_read_186, i16 0, i16 0, i16 %p_read_182, i16 0, i16 0" [src/nnet_utils/nnet_pooling.h:240]   --->   Operation 196 'call' 'res_V_11_write_assign' <Predicate = true> <Delay = 3.34> <CoreType = "Generic">   --->   Core 0 '' <Latency = 0> <II = 1> <Delay = 1.00> <Generic> <Opcode : >
ST_7 : Operation 197 [1/7] (3.34ns)   --->   "%res_V_15_write_assign = call i16 @pool_op<ap_fixed<16, 6, 5, 3, 0>, 9, 1>, i16 %p_read_178, i16 0, i16 0, i16 %p_read_175, i16 0, i16 0, i16 %p_read_171, i16 0, i16 0" [src/nnet_utils/nnet_pooling.h:240]   --->   Operation 197 'call' 'res_V_15_write_assign' <Predicate = true> <Delay = 3.34> <CoreType = "Generic">   --->   Core 0 '' <Latency = 0> <II = 1> <Delay = 1.00> <Generic> <Opcode : >
ST_7 : Operation 198 [1/1] (0.00ns)   --->   "%newret = insertvalue i256 <undef>, i16 %res_V_0_write_assign" [src/nnet_utils/nnet_pooling.h:240]   --->   Operation 198 'insertvalue' 'newret' <Predicate = true> <Delay = 0.00>
ST_7 : Operation 199 [1/1] (0.00ns)   --->   "%newret2 = insertvalue i256 %newret, i16 %res_V_1_write_assign" [src/nnet_utils/nnet_pooling.h:240]   --->   Operation 199 'insertvalue' 'newret2' <Predicate = true> <Delay = 0.00>
ST_7 : Operation 200 [1/1] (0.00ns)   --->   "%newret4 = insertvalue i256 %newret2, i16 %res_V_2_write_assign" [src/nnet_utils/nnet_pooling.h:240]   --->   Operation 200 'insertvalue' 'newret4' <Predicate = true> <Delay = 0.00>
ST_7 : Operation 201 [1/1] (0.00ns)   --->   "%newret6 = insertvalue i256 %newret4, i16 %res_V_3_write_assign" [src/nnet_utils/nnet_pooling.h:240]   --->   Operation 201 'insertvalue' 'newret6' <Predicate = true> <Delay = 0.00>
ST_7 : Operation 202 [1/1] (0.00ns)   --->   "%newret8 = insertvalue i256 %newret6, i16 %res_V_4_write_assign" [src/nnet_utils/nnet_pooling.h:240]   --->   Operation 202 'insertvalue' 'newret8' <Predicate = true> <Delay = 0.00>
ST_7 : Operation 203 [1/1] (0.00ns)   --->   "%newret10 = insertvalue i256 %newret8, i16 %res_V_5_write_assign" [src/nnet_utils/nnet_pooling.h:240]   --->   Operation 203 'insertvalue' 'newret10' <Predicate = true> <Delay = 0.00>
ST_7 : Operation 204 [1/1] (0.00ns)   --->   "%newret12 = insertvalue i256 %newret10, i16 %res_V_6_write_assign" [src/nnet_utils/nnet_pooling.h:240]   --->   Operation 204 'insertvalue' 'newret12' <Predicate = true> <Delay = 0.00>
ST_7 : Operation 205 [1/1] (0.00ns)   --->   "%newret14 = insertvalue i256 %newret12, i16 %res_V_7_write_assign" [src/nnet_utils/nnet_pooling.h:240]   --->   Operation 205 'insertvalue' 'newret14' <Predicate = true> <Delay = 0.00>
ST_7 : Operation 206 [1/1] (0.00ns)   --->   "%newret16 = insertvalue i256 %newret14, i16 %res_V_8_write_assign" [src/nnet_utils/nnet_pooling.h:240]   --->   Operation 206 'insertvalue' 'newret16' <Predicate = true> <Delay = 0.00>
ST_7 : Operation 207 [1/1] (0.00ns)   --->   "%newret18 = insertvalue i256 %newret16, i16 %res_V_9_write_assign" [src/nnet_utils/nnet_pooling.h:240]   --->   Operation 207 'insertvalue' 'newret18' <Predicate = true> <Delay = 0.00>
ST_7 : Operation 208 [1/1] (0.00ns)   --->   "%newret20 = insertvalue i256 %newret18, i16 %res_V_10_write_assign" [src/nnet_utils/nnet_pooling.h:240]   --->   Operation 208 'insertvalue' 'newret20' <Predicate = true> <Delay = 0.00>
ST_7 : Operation 209 [1/1] (0.00ns)   --->   "%newret22 = insertvalue i256 %newret20, i16 %res_V_11_write_assign" [src/nnet_utils/nnet_pooling.h:240]   --->   Operation 209 'insertvalue' 'newret22' <Predicate = true> <Delay = 0.00>
ST_7 : Operation 210 [1/1] (0.00ns)   --->   "%newret24 = insertvalue i256 %newret22, i16 %res_V_12_write_assign" [src/nnet_utils/nnet_pooling.h:240]   --->   Operation 210 'insertvalue' 'newret24' <Predicate = true> <Delay = 0.00>
ST_7 : Operation 211 [1/1] (0.00ns)   --->   "%newret26 = insertvalue i256 %newret24, i16 %res_V_13_write_assign" [src/nnet_utils/nnet_pooling.h:240]   --->   Operation 211 'insertvalue' 'newret26' <Predicate = true> <Delay = 0.00>
ST_7 : Operation 212 [1/1] (0.00ns)   --->   "%newret28 = insertvalue i256 %newret26, i16 %res_V_14_write_assign" [src/nnet_utils/nnet_pooling.h:240]   --->   Operation 212 'insertvalue' 'newret28' <Predicate = true> <Delay = 0.00>
ST_7 : Operation 213 [1/1] (0.00ns)   --->   "%newret30 = insertvalue i256 %newret28, i16 %res_V_15_write_assign" [src/nnet_utils/nnet_pooling.h:240]   --->   Operation 213 'insertvalue' 'newret30' <Predicate = true> <Delay = 0.00>
ST_7 : Operation 214 [1/1] (0.00ns)   --->   "%ret_ln240 = ret i256 %newret30" [src/nnet_utils/nnet_pooling.h:240]   --->   Operation 214 'ret' 'ret_ln240' <Predicate = true> <Delay = 0.00>


============================================================
+ Verbose Summary: Timing violations
============================================================
Target clock period: 6.25ns, clock uncertainty: 1.69ns.

 <State 1>: 4.56ns
The critical path consists of the following:
	wire read operation ('data.V[64]', src/nnet_utils/nnet_pooling.h:195) on port 'p_read56' (src/nnet_utils/nnet_pooling.h:195) [97]  (0 ns)
	'call' operation ('res.V[0]', src/nnet_utils/nnet_pooling.h:240) to 'pool_op<ap_fixed<16, 6, 5, 3, 0>, 9, 1>' [155]  (4.56 ns)

 <State 2>: 4.56ns
The critical path consists of the following:
	'call' operation ('res.V[0]', src/nnet_utils/nnet_pooling.h:240) to 'pool_op<ap_fixed<16, 6, 5, 3, 0>, 9, 1>' [155]  (4.56 ns)

 <State 3>: 4.56ns
The critical path consists of the following:
	'call' operation ('res.V[0]', src/nnet_utils/nnet_pooling.h:240) to 'pool_op<ap_fixed<16, 6, 5, 3, 0>, 9, 1>' [155]  (4.56 ns)

 <State 4>: 4.56ns
The critical path consists of the following:
	'call' operation ('res.V[0]', src/nnet_utils/nnet_pooling.h:240) to 'pool_op<ap_fixed<16, 6, 5, 3, 0>, 9, 1>' [155]  (4.56 ns)

 <State 5>: 4.56ns
The critical path consists of the following:
	'call' operation ('res.V[0]', src/nnet_utils/nnet_pooling.h:240) to 'pool_op<ap_fixed<16, 6, 5, 3, 0>, 9, 1>' [155]  (4.56 ns)

 <State 6>: 4.56ns
The critical path consists of the following:
	'call' operation ('res.V[0]', src/nnet_utils/nnet_pooling.h:240) to 'pool_op<ap_fixed<16, 6, 5, 3, 0>, 9, 1>' [155]  (4.56 ns)

 <State 7>: 3.34ns
The critical path consists of the following:
	'call' operation ('res.V[0]', src/nnet_utils/nnet_pooling.h:240) to 'pool_op<ap_fixed<16, 6, 5, 3, 0>, 9, 1>' [155]  (3.34 ns)


============================================================
+ Verbose Summary: Binding
============================================================
N/A
* FSMD analyzer results:
  - Output states:
 - Input state : 
  - Chain level:
	State 1
	State 2
	State 3
	State 4
	State 5
	State 6
	State 7


============================================================
+ Verbose Summary: Datapath Resource usage 
============================================================
N/A
