

================================================================
== Vitis HLS Report for 'pool_op_ap_fixed_16_6_5_3_0_9_1_s'
================================================================
* Date:           Sat Mar 29 17:37:49 2025

* Version:        2021.1 (Build 3247384 on Thu Jun 10 19:36:07 MDT 2021)
* Project:        WOMBAT_prj
* Solution:       solution1 (Vivado IP Flow Target)
* Product family: virtex7
* Target device:  xc7vx690t-ffg1927-2


================================================================
== Performance Estimates
================================================================
+ Timing: 
    * Summary: 
    +--------+---------+----------+------------+
    |  Clock |  Target | Estimated| Uncertainty|
    +--------+---------+----------+------------+
    |ap_clk  |  6.25 ns|  4.019 ns|     1.69 ns|
    +--------+---------+----------+------------+

+ Latency: 
    * Summary: 
    +---------+---------+-----------+-----------+-----+-----+---------+
    |  Latency (cycles) |   Latency (absolute)  |  Interval | Pipeline|
    |   min   |   max   |    min    |    max    | min | max |   Type  |
    +---------+---------+-----------+-----------+-----+-----+---------+
    |        5|        5|  31.250 ns|  31.250 ns|    1|    1|      yes|
    +---------+---------+-----------+-----------+-----+-----+---------+

    + Detail: 
        * Instance: 
        N/A

        * Loop: 
        N/A

============================================================
+ Verbose Summary: Synthesis Manager
============================================================
InlineROM: 1
ExposeGlobal: 0
============================================================
+ Verbose Summary: CDFG Model
============================================================
IsTopModel: 0
ResetActiveHigh: 1
IsCombinational: 0
IsDatapathOnly: 0
HasWiredReturn: 1
HasMFsm: 2
HasVarLatency: 0
IsPipeline: 1
IsRtlPipelined: 1
IsInstanceOverlapped: 0
IsDontTouch: 0
HasImplIP: 0
IsGatedGlobalClock: 0

+ Individual pipeline summary: 
  * Pipeline-0: initiation interval (II) = 1, depth = 6


============================================================
+ Verbose Summary: Schedule
============================================================
* Number of FSM states : 6
* Pipeline : 1
  Pipeline-0 : II = 1, D = 6, States = { 1 2 3 4 5 6 }
* Dataflow Pipeline: 0

* FSM state transitions: 
1 --> 2 
2 --> 3 
3 --> 4 
4 --> 5 
5 --> 6 
6 --> 

* FSM state operations: 

State 1 <SV = 0> <Delay = 4.01>
ST_1 : Operation 7 [1/1] (0.00ns)   --->   "%p_read818 = read i16 @_ssdm_op_Read.ap_auto.i16, i16 %p_read8"   --->   Operation 7 'read' 'p_read818' <Predicate = true> <Delay = 0.00>
ST_1 : Operation 8 [1/1] (0.00ns)   --->   "%p_read717 = read i16 @_ssdm_op_Read.ap_auto.i16, i16 %p_read7"   --->   Operation 8 'read' 'p_read717' <Predicate = true> <Delay = 0.00>
ST_1 : Operation 9 [1/1] (0.00ns)   --->   "%p_read616 = read i16 @_ssdm_op_Read.ap_auto.i16, i16 %p_read6"   --->   Operation 9 'read' 'p_read616' <Predicate = true> <Delay = 0.00>
ST_1 : Operation 10 [1/1] (0.00ns)   --->   "%p_read515 = read i16 @_ssdm_op_Read.ap_auto.i16, i16 %p_read5"   --->   Operation 10 'read' 'p_read515' <Predicate = true> <Delay = 0.00>
ST_1 : Operation 11 [1/1] (0.00ns)   --->   "%p_read414 = read i16 @_ssdm_op_Read.ap_auto.i16, i16 %p_read4"   --->   Operation 11 'read' 'p_read414' <Predicate = true> <Delay = 0.00>
ST_1 : Operation 12 [1/1] (0.00ns)   --->   "%p_read313 = read i16 @_ssdm_op_Read.ap_auto.i16, i16 %p_read3"   --->   Operation 12 'read' 'p_read313' <Predicate = true> <Delay = 0.00>
ST_1 : Operation 13 [1/1] (0.00ns)   --->   "%p_read212 = read i16 @_ssdm_op_Read.ap_auto.i16, i16 %p_read2"   --->   Operation 13 'read' 'p_read212' <Predicate = true> <Delay = 0.00>
ST_1 : Operation 14 [1/1] (0.00ns)   --->   "%p_read111 = read i16 @_ssdm_op_Read.ap_auto.i16, i16 %p_read1"   --->   Operation 14 'read' 'p_read111' <Predicate = true> <Delay = 0.00>
ST_1 : Operation 15 [1/1] (0.00ns)   --->   "%p_read_204 = read i16 @_ssdm_op_Read.ap_auto.i16, i16 %p_read"   --->   Operation 15 'read' 'p_read_204' <Predicate = true> <Delay = 0.00>
ST_1 : Operation 16 [1/1] (0.00ns)   --->   "%sext_ln712 = sext i16 %p_read_204"   --->   Operation 16 'sext' 'sext_ln712' <Predicate = true> <Delay = 0.00>
ST_1 : Operation 17 [1/1] (0.00ns)   --->   "%sext_ln712_1 = sext i16 %p_read313"   --->   Operation 17 'sext' 'sext_ln712_1' <Predicate = true> <Delay = 0.00>
ST_1 : Operation 18 [1/1] (0.00ns)   --->   "%sext_ln712_2 = sext i16 %p_read616"   --->   Operation 18 'sext' 'sext_ln712_2' <Predicate = true> <Delay = 0.00>
ST_1 : Operation 19 [1/1] (0.00ns)   --->   "%sext_ln712_3 = sext i16 %p_read111"   --->   Operation 19 'sext' 'sext_ln712_3' <Predicate = true> <Delay = 0.00>
ST_1 : Operation 20 [1/1] (0.00ns)   --->   "%sext_ln712_4 = sext i16 %p_read414"   --->   Operation 20 'sext' 'sext_ln712_4' <Predicate = true> <Delay = 0.00>
ST_1 : Operation 21 [1/1] (0.00ns)   --->   "%sext_ln712_5 = sext i16 %p_read717"   --->   Operation 21 'sext' 'sext_ln712_5' <Predicate = true> <Delay = 0.00>
ST_1 : Operation 22 [1/1] (0.00ns)   --->   "%trunc_ln712 = trunc i16 %p_read212"   --->   Operation 22 'trunc' 'trunc_ln712' <Predicate = true> <Delay = 0.00>
ST_1 : Operation 23 [1/1] (0.00ns)   --->   "%zext_ln712 = zext i9 %trunc_ln712"   --->   Operation 23 'zext' 'zext_ln712' <Predicate = true> <Delay = 0.00>
ST_1 : Operation 24 [1/1] (0.00ns)   --->   "%trunc_ln712_1 = trunc i16 %p_read515"   --->   Operation 24 'trunc' 'trunc_ln712_1' <Predicate = true> <Delay = 0.00>
ST_1 : Operation 25 [1/1] (0.00ns)   --->   "%zext_ln712_1 = zext i9 %trunc_ln712_1"   --->   Operation 25 'zext' 'zext_ln712_1' <Predicate = true> <Delay = 0.00>
ST_1 : Operation 26 [1/1] (0.00ns)   --->   "%trunc_ln712_2 = trunc i16 %p_read818"   --->   Operation 26 'trunc' 'trunc_ln712_2' <Predicate = true> <Delay = 0.00>
ST_1 : Operation 27 [1/1] (0.00ns)   --->   "%zext_ln712_2 = zext i9 %trunc_ln712_2"   --->   Operation 27 'zext' 'zext_ln712_2' <Predicate = true> <Delay = 0.00>
ST_1 : Operation 28 [1/1] (1.30ns)   --->   "%add_ln712 = add i17 %sext_ln712_1, i17 %sext_ln712"   --->   Operation 28 'add' 'add_ln712' <Predicate = true> <Delay = 1.30> <CoreInst = "Adder">   --->   Core 1 'Adder' <Latency = 0> <II = 1> <Delay = 1.30> <FuncUnit> <Opcode : 'add' 'sub'> <InPorts = 2> <OutPorts = 1>
ST_1 : Operation 29 [1/1] (0.00ns)   --->   "%sext_ln712_6 = sext i17 %add_ln712"   --->   Operation 29 'sext' 'sext_ln712_6' <Predicate = true> <Delay = 0.00>
ST_1 : Operation 30 [1/1] (1.30ns)   --->   "%add_ln712_1 = add i17 %sext_ln712_2, i17 %sext_ln712_3"   --->   Operation 30 'add' 'add_ln712_1' <Predicate = true> <Delay = 1.30> <CoreInst = "Adder">   --->   Core 1 'Adder' <Latency = 0> <II = 1> <Delay = 1.30> <FuncUnit> <Opcode : 'add' 'sub'> <InPorts = 2> <OutPorts = 1>
ST_1 : Operation 31 [1/1] (0.00ns)   --->   "%sext_ln712_7 = sext i17 %add_ln712_1"   --->   Operation 31 'sext' 'sext_ln712_7' <Predicate = true> <Delay = 0.00>
ST_1 : Operation 32 [1/1] (1.32ns)   --->   "%add_ln712_2 = add i18 %sext_ln712_7, i18 %sext_ln712_6"   --->   Operation 32 'add' 'add_ln712_2' <Predicate = true> <Delay = 1.32> <CoreInst = "Adder">   --->   Core 1 'Adder' <Latency = 0> <II = 1> <Delay = 1.30> <FuncUnit> <Opcode : 'add' 'sub'> <InPorts = 2> <OutPorts = 1>
ST_1 : Operation 33 [1/1] (1.30ns)   --->   "%add_ln712_3 = add i17 %sext_ln712_4, i17 %sext_ln712_5"   --->   Operation 33 'add' 'add_ln712_3' <Predicate = true> <Delay = 1.30> <CoreInst = "Adder">   --->   Core 1 'Adder' <Latency = 0> <II = 1> <Delay = 1.30> <FuncUnit> <Opcode : 'add' 'sub'> <InPorts = 2> <OutPorts = 1>
ST_1 : Operation 34 [1/1] (0.00ns)   --->   "%sext_ln712_9 = sext i17 %add_ln712_3"   --->   Operation 34 'sext' 'sext_ln712_9' <Predicate = true> <Delay = 0.00>
ST_1 : Operation 35 [1/1] (1.35ns)   --->   "%add_ln712_4 = add i10 %zext_ln712_1, i10 %zext_ln712_2"   --->   Operation 35 'add' 'add_ln712_4' <Predicate = true> <Delay = 1.35> <CoreInst = "Adder">   --->   Core 1 'Adder' <Latency = 0> <II = 1> <Delay = 1.30> <FuncUnit> <Opcode : 'add' 'sub'> <InPorts = 2> <OutPorts = 1>
ST_1 : Operation 36 [1/1] (0.00ns)   --->   "%zext_ln712_3 = zext i10 %add_ln712_4"   --->   Operation 36 'zext' 'zext_ln712_3' <Predicate = true> <Delay = 0.00>
ST_1 : Operation 37 [1/1] (1.34ns)   --->   "%add_ln712_5 = add i11 %zext_ln712_3, i11 %zext_ln712"   --->   Operation 37 'add' 'add_ln712_5' <Predicate = true> <Delay = 1.34> <CoreInst = "Adder">   --->   Core 1 'Adder' <Latency = 0> <II = 1> <Delay = 1.30> <FuncUnit> <Opcode : 'add' 'sub'> <InPorts = 2> <OutPorts = 1>
ST_1 : Operation 38 [1/1] (0.00ns)   --->   "%zext_ln712_4 = zext i11 %add_ln712_5"   --->   Operation 38 'zext' 'zext_ln712_4' <Predicate = true> <Delay = 0.00>
ST_1 : Operation 39 [1/1] (1.32ns)   --->   "%add_ln712_6 = add i18 %zext_ln712_4, i18 %sext_ln712_9"   --->   Operation 39 'add' 'add_ln712_6' <Predicate = true> <Delay = 1.32> <CoreInst = "Adder">   --->   Core 1 'Adder' <Latency = 0> <II = 1> <Delay = 1.30> <FuncUnit> <Opcode : 'add' 'sub'> <InPorts = 2> <OutPorts = 1>

State 2 <SV = 1> <Delay = 2.87>
ST_2 : Operation 40 [1/1] (0.00ns)   --->   "%sext_ln712_8 = sext i18 %add_ln712_2"   --->   Operation 40 'sext' 'sext_ln712_8' <Predicate = true> <Delay = 0.00>
ST_2 : Operation 41 [1/1] (0.00ns)   --->   "%sext_ln712_10 = sext i18 %add_ln712_6"   --->   Operation 41 'sext' 'sext_ln712_10' <Predicate = true> <Delay = 0.00>
ST_2 : Operation 42 [1/1] (1.33ns)   --->   "%add_ln712_7 = add i19 %sext_ln712_10, i19 %sext_ln712_8"   --->   Operation 42 'add' 'add_ln712_7' <Predicate = true> <Delay = 1.33> <CoreInst = "Adder">   --->   Core 1 'Adder' <Latency = 0> <II = 1> <Delay = 1.30> <FuncUnit> <Opcode : 'add' 'sub'> <InPorts = 2> <OutPorts = 1>
ST_2 : Operation 43 [1/1] (0.00ns)   --->   "%sext_ln1201 = sext i19 %add_ln712_7"   --->   Operation 43 'sext' 'sext_ln1201' <Predicate = true> <Delay = 0.00>
ST_2 : Operation 44 [4/4] (1.54ns) (root node of the DSP)   --->   "%mul_ln1201 = mul i40 %sext_ln1201, i40 932068"   --->   Operation 44 'mul' 'mul_ln1201' <Predicate = true> <Delay = 1.54> <CoreInst = "DSP48">   --->   Core 119 'DSP48' <Latency = 3> <II = 1> <Delay = 1.54> <IPBlock> <Opcode : 'mul' 'add' 'sub' 'select'> <InPorts = 0> <OutPorts = 1> <Sync> <CReg>
ST_2 : Operation 45 [1/1] (0.00ns)   --->   "%tmp = bitselect i1 @_ssdm_op_BitSelect.i1.i19.i32, i19 %add_ln712_7, i32 18"   --->   Operation 45 'bitselect' 'tmp' <Predicate = true> <Delay = 0.00>

State 3 <SV = 2> <Delay = 1.54>
ST_3 : Operation 46 [3/4] (1.54ns) (root node of the DSP)   --->   "%mul_ln1201 = mul i40 %sext_ln1201, i40 932068"   --->   Operation 46 'mul' 'mul_ln1201' <Predicate = true> <Delay = 1.54> <CoreInst = "DSP48">   --->   Core 119 'DSP48' <Latency = 3> <II = 1> <Delay = 1.54> <IPBlock> <Opcode : 'mul' 'add' 'sub' 'select'> <InPorts = 0> <OutPorts = 1> <Sync> <CReg>

State 4 <SV = 3> <Delay = 1.54>
ST_4 : Operation 47 [2/4] (1.54ns) (root node of the DSP)   --->   "%mul_ln1201 = mul i40 %sext_ln1201, i40 932068"   --->   Operation 47 'mul' 'mul_ln1201' <Predicate = true> <Delay = 1.54> <CoreInst = "DSP48">   --->   Core 119 'DSP48' <Latency = 3> <II = 1> <Delay = 1.54> <IPBlock> <Opcode : 'mul' 'add' 'sub' 'select'> <InPorts = 0> <OutPorts = 1> <Sync> <CReg>

State 5 <SV = 4> <Delay = 0.00>
ST_5 : Operation 48 [1/4] (0.00ns) (root node of the DSP)   --->   "%mul_ln1201 = mul i40 %sext_ln1201, i40 932068"   --->   Operation 48 'mul' 'mul_ln1201' <Predicate = true> <Delay = 0.00> <CoreInst = "DSP48">   --->   Core 119 'DSP48' <Latency = 3> <II = 1> <Delay = 1.54> <IPBlock> <Opcode : 'mul' 'add' 'sub' 'select'> <InPorts = 0> <OutPorts = 1> <Sync> <CReg>
ST_5 : Operation 49 [1/1] (0.00ns)   --->   "%trunc_ln1201 = trunc i40 %mul_ln1201"   --->   Operation 49 'trunc' 'trunc_ln1201' <Predicate = (tmp)> <Delay = 0.00>
ST_5 : Operation 50 [1/1] (0.00ns)   --->   "%tmp_2 = partselect i16 @_ssdm_op_PartSelect.i16.i40.i32.i32, i40 %mul_ln1201, i32 23, i32 38"   --->   Operation 50 'partselect' 'tmp_2' <Predicate = true> <Delay = 0.00>

State 6 <SV = 5> <Delay = 3.34>
ST_6 : Operation 51 [1/1] (1.55ns)   --->   "%sub_ln1201 = sub i39 0, i39 %trunc_ln1201"   --->   Operation 51 'sub' 'sub_ln1201' <Predicate = (tmp)> <Delay = 1.55> <CoreInst = "Adder">   --->   Core 1 'Adder' <Latency = 0> <II = 1> <Delay = 1.30> <FuncUnit> <Opcode : 'add' 'sub'> <InPorts = 2> <OutPorts = 1>
ST_6 : Operation 52 [1/1] (0.00ns) (grouped into LUT with out node sub_ln1201_1)   --->   "%tmp_1 = partselect i16 @_ssdm_op_PartSelect.i16.i39.i32.i32, i39 %sub_ln1201, i32 23, i32 38"   --->   Operation 52 'partselect' 'tmp_1' <Predicate = (tmp)> <Delay = 0.00>
ST_6 : Operation 53 [1/1] (0.00ns) (grouped into LUT with out node sub_ln1201_1)   --->   "%select_ln1201 = select i1 %tmp, i16 %tmp_1, i16 %tmp_2"   --->   Operation 53 'select' 'select_ln1201' <Predicate = (tmp)> <Delay = 0.00> <CoreInst = "Sel">   --->   Core 73 'Sel' <Latency = 0> <II = 1> <Delay = 0.47> <FuncUnit> <Opcode : 'select'> <InPorts = 3> <OutPorts = 1>
ST_6 : Operation 54 [1/1] (1.30ns) (out node of the LUT)   --->   "%sub_ln1201_1 = sub i16 0, i16 %select_ln1201"   --->   Operation 54 'sub' 'sub_ln1201_1' <Predicate = (tmp)> <Delay = 1.30> <CoreInst = "Adder">   --->   Core 1 'Adder' <Latency = 0> <II = 1> <Delay = 1.30> <FuncUnit> <Opcode : 'add' 'sub'> <InPorts = 2> <OutPorts = 1>
ST_6 : Operation 55 [1/1] (0.47ns)   --->   "%y_V = select i1 %tmp, i16 %sub_ln1201_1, i16 %tmp_2"   --->   Operation 55 'select' 'y_V' <Predicate = true> <Delay = 0.47> <CoreInst = "Sel">   --->   Core 73 'Sel' <Latency = 0> <II = 1> <Delay = 0.47> <FuncUnit> <Opcode : 'select'> <InPorts = 3> <OutPorts = 1>
ST_6 : Operation 56 [1/1] (0.00ns)   --->   "%ret_ln60 = ret i16 %y_V" [src/nnet_utils/nnet_pooling.h:60]   --->   Operation 56 'ret' 'ret_ln60' <Predicate = true> <Delay = 0.00>


============================================================
+ Verbose Summary: Binding
============================================================
STG Binding: 
---------------- STG Properties BEGIN ----------------
- Is combinational: 0
- Is one-state seq: 0
- Is datapath-only: 1
- Is pipelined: 1
- Is top level: 0
Port [ Return ] is wired: 1; IO mode=ap_ctrl_hs:ce=0
Port [ p_read]:  wired=1; compound=0; hidden=0; nouse=0; global=0; static=0; extern=0; dir=0; type=0; pingpong=0; private_global=0; IO mode=ap_none:ce=0
Port [ p_read1]:  wired=1; compound=0; hidden=0; nouse=0; global=0; static=0; extern=0; dir=0; type=0; pingpong=0; private_global=0; IO mode=ap_none:ce=0
Port [ p_read2]:  wired=1; compound=0; hidden=0; nouse=0; global=0; static=0; extern=0; dir=0; type=0; pingpong=0; private_global=0; IO mode=ap_none:ce=0
Port [ p_read3]:  wired=1; compound=0; hidden=0; nouse=0; global=0; static=0; extern=0; dir=0; type=0; pingpong=0; private_global=0; IO mode=ap_none:ce=0
Port [ p_read4]:  wired=1; compound=0; hidden=0; nouse=0; global=0; static=0; extern=0; dir=0; type=0; pingpong=0; private_global=0; IO mode=ap_none:ce=0
Port [ p_read5]:  wired=1; compound=0; hidden=0; nouse=0; global=0; static=0; extern=0; dir=0; type=0; pingpong=0; private_global=0; IO mode=ap_none:ce=0
Port [ p_read6]:  wired=1; compound=0; hidden=0; nouse=0; global=0; static=0; extern=0; dir=0; type=0; pingpong=0; private_global=0; IO mode=ap_none:ce=0
Port [ p_read7]:  wired=1; compound=0; hidden=0; nouse=0; global=0; static=0; extern=0; dir=0; type=0; pingpong=0; private_global=0; IO mode=ap_none:ce=0
Port [ p_read8]:  wired=1; compound=0; hidden=0; nouse=0; global=0; static=0; extern=0; dir=0; type=0; pingpong=0; private_global=0; IO mode=ap_none:ce=0
---------------- STG Properties END ------------------

---------------- Datapath Model BEGIN ----------------

<LifeTime>
<method=bitvector/>
p_read818     (read      ) [ 0000000]
p_read717     (read      ) [ 0000000]
p_read616     (read      ) [ 0000000]
p_read515     (read      ) [ 0000000]
p_read414     (read      ) [ 0000000]
p_read313     (read      ) [ 0000000]
p_read212     (read      ) [ 0000000]
p_read111     (read      ) [ 0000000]
p_read_204    (read      ) [ 0000000]
sext_ln712    (sext      ) [ 0000000]
sext_ln712_1  (sext      ) [ 0000000]
sext_ln712_2  (sext      ) [ 0000000]
sext_ln712_3  (sext      ) [ 0000000]
sext_ln712_4  (sext      ) [ 0000000]
sext_ln712_5  (sext      ) [ 0000000]
trunc_ln712   (trunc     ) [ 0000000]
zext_ln712    (zext      ) [ 0000000]
trunc_ln712_1 (trunc     ) [ 0000000]
zext_ln712_1  (zext      ) [ 0000000]
trunc_ln712_2 (trunc     ) [ 0000000]
zext_ln712_2  (zext      ) [ 0000000]
add_ln712     (add       ) [ 0000000]
sext_ln712_6  (sext      ) [ 0000000]
add_ln712_1   (add       ) [ 0000000]
sext_ln712_7  (sext      ) [ 0000000]
add_ln712_2   (add       ) [ 0110000]
add_ln712_3   (add       ) [ 0000000]
sext_ln712_9  (sext      ) [ 0000000]
add_ln712_4   (add       ) [ 0000000]
zext_ln712_3  (zext      ) [ 0000000]
add_ln712_5   (add       ) [ 0000000]
zext_ln712_4  (zext      ) [ 0000000]
add_ln712_6   (add       ) [ 0110000]
sext_ln712_8  (sext      ) [ 0000000]
sext_ln712_10 (sext      ) [ 0000000]
add_ln712_7   (add       ) [ 0000000]
sext_ln1201   (sext      ) [ 0101110]
tmp           (bitselect ) [ 0101111]
mul_ln1201    (mul       ) [ 0000000]
trunc_ln1201  (trunc     ) [ 0100001]
tmp_2         (partselect) [ 0100001]
sub_ln1201    (sub       ) [ 0000000]
tmp_1         (partselect) [ 0000000]
select_ln1201 (select    ) [ 0000000]
sub_ln1201_1  (sub       ) [ 0000000]
y_V           (select    ) [ 0000000]
ret_ln60      (ret       ) [ 0000000]
</LifeTime>

<model>

<comp_list>
<comp id="0" class="1000" name="p_read">
<pin_list>
<pin id="1" dir="1" index="0" bw="1" slack="0"/>
</pin_list>
<bind>
<StgValue><ssdm name="p_read"/></StgValue>
</bind>
</comp>

<comp id="2" class="1000" name="p_read1">
<pin_list>
<pin id="3" dir="1" index="0" bw="1" slack="0"/>
</pin_list>
<bind>
<StgValue><ssdm name="p_read1"/></StgValue>
</bind>
</comp>

<comp id="4" class="1000" name="p_read2">
<pin_list>
<pin id="5" dir="1" index="0" bw="1" slack="0"/>
</pin_list>
<bind>
<StgValue><ssdm name="p_read2"/></StgValue>
</bind>
</comp>

<comp id="6" class="1000" name="p_read3">
<pin_list>
<pin id="7" dir="1" index="0" bw="1" slack="0"/>
</pin_list>
<bind>
<StgValue><ssdm name="p_read3"/></StgValue>
</bind>
</comp>

<comp id="8" class="1000" name="p_read4">
<pin_list>
<pin id="9" dir="1" index="0" bw="1" slack="0"/>
</pin_list>
<bind>
<StgValue><ssdm name="p_read4"/></StgValue>
</bind>
</comp>

<comp id="10" class="1000" name="p_read5">
<pin_list>
<pin id="11" dir="1" index="0" bw="1" slack="0"/>
</pin_list>
<bind>
<StgValue><ssdm name="p_read5"/></StgValue>
</bind>
</comp>

<comp id="12" class="1000" name="p_read6">
<pin_list>
<pin id="13" dir="1" index="0" bw="1" slack="0"/>
</pin_list>
<bind>
<StgValue><ssdm name="p_read6"/></StgValue>
</bind>
</comp>

<comp id="14" class="1000" name="p_read7">
<pin_list>
<pin id="15" dir="1" index="0" bw="1" slack="0"/>
</pin_list>
<bind>
<StgValue><ssdm name="p_read7"/></StgValue>
</bind>
</comp>

<comp id="16" class="1000" name="p_read8">
<pin_list>
<pin id="17" dir="1" index="0" bw="1" slack="0"/>
</pin_list>
<bind>
<StgValue><ssdm name="p_read8"/></StgValue>
</bind>
</comp>

<comp id="18" class="1001" name="const_18">
<pin_list>
<pin id="19" dir="1" index="0" bw="1" slack="0"/>
</pin_list>
<bind>
<StgValue><ssdm name="_ssdm_op_Read.ap_auto.i16"/></StgValue>
</bind>
</comp>

<comp id="20" class="1001" name="const_20">
<pin_list>
<pin id="21" dir="1" index="0" bw="1" slack="0"/>
</pin_list>
<bind>
<StgValue><ssdm name=""/></StgValue>
</bind>
</comp>

<comp id="22" class="1001" name="const_22">
<pin_list>
<pin id="23" dir="1" index="0" bw="1" slack="0"/>
</pin_list>
<bind>
<StgValue><ssdm name="_ssdm_op_BitSelect.i1.i19.i32"/></StgValue>
</bind>
</comp>

<comp id="24" class="1001" name="const_24">
<pin_list>
<pin id="25" dir="1" index="0" bw="1" slack="0"/>
</pin_list>
<bind>
<StgValue><ssdm name=""/></StgValue>
</bind>
</comp>

<comp id="26" class="1001" name="const_26">
<pin_list>
<pin id="27" dir="1" index="0" bw="1" slack="0"/>
</pin_list>
<bind>
<StgValue><ssdm name="_ssdm_op_PartSelect.i16.i40.i32.i32"/></StgValue>
</bind>
</comp>

<comp id="28" class="1001" name="const_28">
<pin_list>
<pin id="29" dir="1" index="0" bw="1" slack="0"/>
</pin_list>
<bind>
<StgValue><ssdm name=""/></StgValue>
</bind>
</comp>

<comp id="30" class="1001" name="const_30">
<pin_list>
<pin id="31" dir="1" index="0" bw="1" slack="0"/>
</pin_list>
<bind>
<StgValue><ssdm name=""/></StgValue>
</bind>
</comp>

<comp id="32" class="1001" name="const_32">
<pin_list>
<pin id="33" dir="1" index="0" bw="1" slack="0"/>
</pin_list>
<bind>
<StgValue><ssdm name=""/></StgValue>
</bind>
</comp>

<comp id="34" class="1001" name="const_34">
<pin_list>
<pin id="35" dir="1" index="0" bw="1" slack="0"/>
</pin_list>
<bind>
<StgValue><ssdm name="_ssdm_op_PartSelect.i16.i39.i32.i32"/></StgValue>
</bind>
</comp>

<comp id="36" class="1001" name="const_36">
<pin_list>
<pin id="37" dir="1" index="0" bw="1" slack="0"/>
</pin_list>
<bind>
<StgValue><ssdm name=""/></StgValue>
</bind>
</comp>

<comp id="38" class="1004" name="p_read818_read_fu_38">
<pin_list>
<pin id="39" dir="0" index="0" bw="16" slack="0"/>
<pin id="40" dir="0" index="1" bw="16" slack="0"/>
<pin id="41" dir="1" index="2" bw="16" slack="0"/>
</pin_list>
<bind>
<opcode="read(1150) " fcode="read"/>
<opset="p_read818/1 "/>
</bind>
</comp>

<comp id="44" class="1004" name="p_read717_read_fu_44">
<pin_list>
<pin id="45" dir="0" index="0" bw="16" slack="0"/>
<pin id="46" dir="0" index="1" bw="16" slack="0"/>
<pin id="47" dir="1" index="2" bw="16" slack="0"/>
</pin_list>
<bind>
<opcode="read(1150) " fcode="read"/>
<opset="p_read717/1 "/>
</bind>
</comp>

<comp id="50" class="1004" name="p_read616_read_fu_50">
<pin_list>
<pin id="51" dir="0" index="0" bw="16" slack="0"/>
<pin id="52" dir="0" index="1" bw="16" slack="0"/>
<pin id="53" dir="1" index="2" bw="16" slack="0"/>
</pin_list>
<bind>
<opcode="read(1150) " fcode="read"/>
<opset="p_read616/1 "/>
</bind>
</comp>

<comp id="56" class="1004" name="p_read515_read_fu_56">
<pin_list>
<pin id="57" dir="0" index="0" bw="16" slack="0"/>
<pin id="58" dir="0" index="1" bw="16" slack="0"/>
<pin id="59" dir="1" index="2" bw="16" slack="0"/>
</pin_list>
<bind>
<opcode="read(1150) " fcode="read"/>
<opset="p_read515/1 "/>
</bind>
</comp>

<comp id="62" class="1004" name="p_read414_read_fu_62">
<pin_list>
<pin id="63" dir="0" index="0" bw="16" slack="0"/>
<pin id="64" dir="0" index="1" bw="16" slack="0"/>
<pin id="65" dir="1" index="2" bw="16" slack="0"/>
</pin_list>
<bind>
<opcode="read(1150) " fcode="read"/>
<opset="p_read414/1 "/>
</bind>
</comp>

<comp id="68" class="1004" name="p_read313_read_fu_68">
<pin_list>
<pin id="69" dir="0" index="0" bw="16" slack="0"/>
<pin id="70" dir="0" index="1" bw="16" slack="0"/>
<pin id="71" dir="1" index="2" bw="16" slack="0"/>
</pin_list>
<bind>
<opcode="read(1150) " fcode="read"/>
<opset="p_read313/1 "/>
</bind>
</comp>

<comp id="74" class="1004" name="p_read212_read_fu_74">
<pin_list>
<pin id="75" dir="0" index="0" bw="16" slack="0"/>
<pin id="76" dir="0" index="1" bw="16" slack="0"/>
<pin id="77" dir="1" index="2" bw="16" slack="0"/>
</pin_list>
<bind>
<opcode="read(1150) " fcode="read"/>
<opset="p_read212/1 "/>
</bind>
</comp>

<comp id="80" class="1004" name="p_read111_read_fu_80">
<pin_list>
<pin id="81" dir="0" index="0" bw="16" slack="0"/>
<pin id="82" dir="0" index="1" bw="16" slack="0"/>
<pin id="83" dir="1" index="2" bw="16" slack="0"/>
</pin_list>
<bind>
<opcode="read(1150) " fcode="read"/>
<opset="p_read111/1 "/>
</bind>
</comp>

<comp id="86" class="1004" name="p_read_204_read_fu_86">
<pin_list>
<pin id="87" dir="0" index="0" bw="16" slack="0"/>
<pin id="88" dir="0" index="1" bw="16" slack="0"/>
<pin id="89" dir="1" index="2" bw="16" slack="0"/>
</pin_list>
<bind>
<opcode="read(1150) " fcode="read"/>
<opset="p_read_204/1 "/>
</bind>
</comp>

<comp id="92" class="1004" name="sext_ln712_fu_92">
<pin_list>
<pin id="93" dir="0" index="0" bw="16" slack="0"/>
<pin id="94" dir="1" index="1" bw="17" slack="0"/>
</pin_list>
<bind>
<opcode="sext(35) " fcode="sext"/>
<opset="sext_ln712/1 "/>
</bind>
</comp>

<comp id="96" class="1004" name="sext_ln712_1_fu_96">
<pin_list>
<pin id="97" dir="0" index="0" bw="16" slack="0"/>
<pin id="98" dir="1" index="1" bw="17" slack="0"/>
</pin_list>
<bind>
<opcode="sext(35) " fcode="sext"/>
<opset="sext_ln712_1/1 "/>
</bind>
</comp>

<comp id="100" class="1004" name="sext_ln712_2_fu_100">
<pin_list>
<pin id="101" dir="0" index="0" bw="16" slack="0"/>
<pin id="102" dir="1" index="1" bw="17" slack="0"/>
</pin_list>
<bind>
<opcode="sext(35) " fcode="sext"/>
<opset="sext_ln712_2/1 "/>
</bind>
</comp>

<comp id="104" class="1004" name="sext_ln712_3_fu_104">
<pin_list>
<pin id="105" dir="0" index="0" bw="16" slack="0"/>
<pin id="106" dir="1" index="1" bw="17" slack="0"/>
</pin_list>
<bind>
<opcode="sext(35) " fcode="sext"/>
<opset="sext_ln712_3/1 "/>
</bind>
</comp>

<comp id="108" class="1004" name="sext_ln712_4_fu_108">
<pin_list>
<pin id="109" dir="0" index="0" bw="16" slack="0"/>
<pin id="110" dir="1" index="1" bw="17" slack="0"/>
</pin_list>
<bind>
<opcode="sext(35) " fcode="sext"/>
<opset="sext_ln712_4/1 "/>
</bind>
</comp>

<comp id="112" class="1004" name="sext_ln712_5_fu_112">
<pin_list>
<pin id="113" dir="0" index="0" bw="16" slack="0"/>
<pin id="114" dir="1" index="1" bw="17" slack="0"/>
</pin_list>
<bind>
<opcode="sext(35) " fcode="sext"/>
<opset="sext_ln712_5/1 "/>
</bind>
</comp>

<comp id="116" class="1004" name="trunc_ln712_fu_116">
<pin_list>
<pin id="117" dir="0" index="0" bw="16" slack="0"/>
<pin id="118" dir="1" index="1" bw="9" slack="0"/>
</pin_list>
<bind>
<opcode="trunc(33) " fcode="trunc"/>
<opset="trunc_ln712/1 "/>
</bind>
</comp>

<comp id="120" class="1004" name="zext_ln712_fu_120">
<pin_list>
<pin id="121" dir="0" index="0" bw="9" slack="0"/>
<pin id="122" dir="1" index="1" bw="11" slack="0"/>
</pin_list>
<bind>
<opcode="zext(34) " fcode="zext"/>
<opset="zext_ln712/1 "/>
</bind>
</comp>

<comp id="124" class="1004" name="trunc_ln712_1_fu_124">
<pin_list>
<pin id="125" dir="0" index="0" bw="16" slack="0"/>
<pin id="126" dir="1" index="1" bw="9" slack="0"/>
</pin_list>
<bind>
<opcode="trunc(33) " fcode="trunc"/>
<opset="trunc_ln712_1/1 "/>
</bind>
</comp>

<comp id="128" class="1004" name="zext_ln712_1_fu_128">
<pin_list>
<pin id="129" dir="0" index="0" bw="9" slack="0"/>
<pin id="130" dir="1" index="1" bw="10" slack="0"/>
</pin_list>
<bind>
<opcode="zext(34) " fcode="zext"/>
<opset="zext_ln712_1/1 "/>
</bind>
</comp>

<comp id="132" class="1004" name="trunc_ln712_2_fu_132">
<pin_list>
<pin id="133" dir="0" index="0" bw="16" slack="0"/>
<pin id="134" dir="1" index="1" bw="9" slack="0"/>
</pin_list>
<bind>
<opcode="trunc(33) " fcode="trunc"/>
<opset="trunc_ln712_2/1 "/>
</bind>
</comp>

<comp id="136" class="1004" name="zext_ln712_2_fu_136">
<pin_list>
<pin id="137" dir="0" index="0" bw="9" slack="0"/>
<pin id="138" dir="1" index="1" bw="10" slack="0"/>
</pin_list>
<bind>
<opcode="zext(34) " fcode="zext"/>
<opset="zext_ln712_2/1 "/>
</bind>
</comp>

<comp id="140" class="1004" name="add_ln712_fu_140">
<pin_list>
<pin id="141" dir="0" index="0" bw="16" slack="0"/>
<pin id="142" dir="0" index="1" bw="16" slack="0"/>
<pin id="143" dir="1" index="2" bw="17" slack="0"/>
</pin_list>
<bind>
<opcode="add(8) " fcode="add"/>
<opset="add_ln712/1 "/>
</bind>
</comp>

<comp id="146" class="1004" name="sext_ln712_6_fu_146">
<pin_list>
<pin id="147" dir="0" index="0" bw="17" slack="0"/>
<pin id="148" dir="1" index="1" bw="18" slack="0"/>
</pin_list>
<bind>
<opcode="sext(35) " fcode="sext"/>
<opset="sext_ln712_6/1 "/>
</bind>
</comp>

<comp id="150" class="1004" name="add_ln712_1_fu_150">
<pin_list>
<pin id="151" dir="0" index="0" bw="16" slack="0"/>
<pin id="152" dir="0" index="1" bw="16" slack="0"/>
<pin id="153" dir="1" index="2" bw="17" slack="0"/>
</pin_list>
<bind>
<opcode="add(8) " fcode="add"/>
<opset="add_ln712_1/1 "/>
</bind>
</comp>

<comp id="156" class="1004" name="sext_ln712_7_fu_156">
<pin_list>
<pin id="157" dir="0" index="0" bw="17" slack="0"/>
<pin id="158" dir="1" index="1" bw="18" slack="0"/>
</pin_list>
<bind>
<opcode="sext(35) " fcode="sext"/>
<opset="sext_ln712_7/1 "/>
</bind>
</comp>

<comp id="160" class="1004" name="add_ln712_2_fu_160">
<pin_list>
<pin id="161" dir="0" index="0" bw="17" slack="0"/>
<pin id="162" dir="0" index="1" bw="17" slack="0"/>
<pin id="163" dir="1" index="2" bw="18" slack="1"/>
</pin_list>
<bind>
<opcode="add(8) " fcode="add"/>
<opset="add_ln712_2/1 "/>
</bind>
</comp>

<comp id="166" class="1004" name="add_ln712_3_fu_166">
<pin_list>
<pin id="167" dir="0" index="0" bw="16" slack="0"/>
<pin id="168" dir="0" index="1" bw="16" slack="0"/>
<pin id="169" dir="1" index="2" bw="17" slack="0"/>
</pin_list>
<bind>
<opcode="add(8) " fcode="add"/>
<opset="add_ln712_3/1 "/>
</bind>
</comp>

<comp id="172" class="1004" name="sext_ln712_9_fu_172">
<pin_list>
<pin id="173" dir="0" index="0" bw="17" slack="0"/>
<pin id="174" dir="1" index="1" bw="18" slack="0"/>
</pin_list>
<bind>
<opcode="sext(35) " fcode="sext"/>
<opset="sext_ln712_9/1 "/>
</bind>
</comp>

<comp id="176" class="1004" name="add_ln712_4_fu_176">
<pin_list>
<pin id="177" dir="0" index="0" bw="9" slack="0"/>
<pin id="178" dir="0" index="1" bw="9" slack="0"/>
<pin id="179" dir="1" index="2" bw="10" slack="0"/>
</pin_list>
<bind>
<opcode="add(8) " fcode="add"/>
<opset="add_ln712_4/1 "/>
</bind>
</comp>

<comp id="182" class="1004" name="zext_ln712_3_fu_182">
<pin_list>
<pin id="183" dir="0" index="0" bw="10" slack="0"/>
<pin id="184" dir="1" index="1" bw="11" slack="0"/>
</pin_list>
<bind>
<opcode="zext(34) " fcode="zext"/>
<opset="zext_ln712_3/1 "/>
</bind>
</comp>

<comp id="186" class="1004" name="add_ln712_5_fu_186">
<pin_list>
<pin id="187" dir="0" index="0" bw="10" slack="0"/>
<pin id="188" dir="0" index="1" bw="9" slack="0"/>
<pin id="189" dir="1" index="2" bw="11" slack="0"/>
</pin_list>
<bind>
<opcode="add(8) " fcode="add"/>
<opset="add_ln712_5/1 "/>
</bind>
</comp>

<comp id="192" class="1004" name="zext_ln712_4_fu_192">
<pin_list>
<pin id="193" dir="0" index="0" bw="11" slack="0"/>
<pin id="194" dir="1" index="1" bw="18" slack="0"/>
</pin_list>
<bind>
<opcode="zext(34) " fcode="zext"/>
<opset="zext_ln712_4/1 "/>
</bind>
</comp>

<comp id="196" class="1004" name="add_ln712_6_fu_196">
<pin_list>
<pin id="197" dir="0" index="0" bw="11" slack="0"/>
<pin id="198" dir="0" index="1" bw="17" slack="0"/>
<pin id="199" dir="1" index="2" bw="18" slack="1"/>
</pin_list>
<bind>
<opcode="add(8) " fcode="add"/>
<opset="add_ln712_6/1 "/>
</bind>
</comp>

<comp id="202" class="1004" name="sext_ln712_8_fu_202">
<pin_list>
<pin id="203" dir="0" index="0" bw="18" slack="1"/>
<pin id="204" dir="1" index="1" bw="19" slack="0"/>
</pin_list>
<bind>
<opcode="sext(35) " fcode="sext"/>
<opset="sext_ln712_8/2 "/>
</bind>
</comp>

<comp id="205" class="1004" name="sext_ln712_10_fu_205">
<pin_list>
<pin id="206" dir="0" index="0" bw="18" slack="1"/>
<pin id="207" dir="1" index="1" bw="19" slack="0"/>
</pin_list>
<bind>
<opcode="sext(35) " fcode="sext"/>
<opset="sext_ln712_10/2 "/>
</bind>
</comp>

<comp id="208" class="1004" name="add_ln712_7_fu_208">
<pin_list>
<pin id="209" dir="0" index="0" bw="18" slack="0"/>
<pin id="210" dir="0" index="1" bw="18" slack="0"/>
<pin id="211" dir="1" index="2" bw="19" slack="0"/>
</pin_list>
<bind>
<opcode="add(8) " fcode="add"/>
<opset="add_ln712_7/2 "/>
</bind>
</comp>

<comp id="214" class="1004" name="sext_ln1201_fu_214">
<pin_list>
<pin id="215" dir="0" index="0" bw="19" slack="0"/>
<pin id="216" dir="1" index="1" bw="40" slack="0"/>
</pin_list>
<bind>
<opcode="sext(35) " fcode="sext"/>
<opset="sext_ln1201/2 "/>
</bind>
</comp>

<comp id="218" class="1004" name="tmp_fu_218">
<pin_list>
<pin id="219" dir="0" index="0" bw="1" slack="0"/>
<pin id="220" dir="0" index="1" bw="19" slack="0"/>
<pin id="221" dir="0" index="2" bw="6" slack="0"/>
<pin id="222" dir="1" index="3" bw="1" slack="3"/>
</pin_list>
<bind>
<opcode="bitselect(1000) " fcode="bitselect"/>
<opset="tmp/2 "/>
</bind>
</comp>

<comp id="226" class="1004" name="trunc_ln1201_fu_226">
<pin_list>
<pin id="227" dir="0" index="0" bw="40" slack="0"/>
<pin id="228" dir="1" index="1" bw="39" slack="1"/>
</pin_list>
<bind>
<opcode="trunc(33) " fcode="trunc"/>
<opset="trunc_ln1201/5 "/>
</bind>
</comp>

<comp id="229" class="1004" name="tmp_2_fu_229">
<pin_list>
<pin id="230" dir="0" index="0" bw="16" slack="0"/>
<pin id="231" dir="0" index="1" bw="40" slack="0"/>
<pin id="232" dir="0" index="2" bw="6" slack="0"/>
<pin id="233" dir="0" index="3" bw="7" slack="0"/>
<pin id="234" dir="1" index="4" bw="16" slack="1"/>
</pin_list>
<bind>
<opcode="partselect(1002) " fcode="partselect"/>
<opset="tmp_2/5 "/>
</bind>
</comp>

<comp id="238" class="1004" name="sub_ln1201_fu_238">
<pin_list>
<pin id="239" dir="0" index="0" bw="1" slack="0"/>
<pin id="240" dir="0" index="1" bw="39" slack="1"/>
<pin id="241" dir="1" index="2" bw="39" slack="0"/>
</pin_list>
<bind>
<opcode="sub(10) " fcode="sub"/>
<opset="sub_ln1201/6 "/>
</bind>
</comp>

<comp id="243" class="1004" name="tmp_1_fu_243">
<pin_list>
<pin id="244" dir="0" index="0" bw="16" slack="0"/>
<pin id="245" dir="0" index="1" bw="39" slack="0"/>
<pin id="246" dir="0" index="2" bw="6" slack="0"/>
<pin id="247" dir="0" index="3" bw="7" slack="0"/>
<pin id="248" dir="1" index="4" bw="16" slack="0"/>
</pin_list>
<bind>
<opcode="partselect(1002) " fcode="partselect"/>
<opset="tmp_1/6 "/>
</bind>
</comp>

<comp id="253" class="1004" name="select_ln1201_fu_253">
<pin_list>
<pin id="254" dir="0" index="0" bw="1" slack="4"/>
<pin id="255" dir="0" index="1" bw="16" slack="0"/>
<pin id="256" dir="0" index="2" bw="16" slack="1"/>
<pin id="257" dir="1" index="3" bw="16" slack="0"/>
</pin_list>
<bind>
<opcode="select(49) " fcode="select"/>
<opset="select_ln1201/6 "/>
</bind>
</comp>

<comp id="259" class="1004" name="sub_ln1201_1_fu_259">
<pin_list>
<pin id="260" dir="0" index="0" bw="1" slack="0"/>
<pin id="261" dir="0" index="1" bw="16" slack="0"/>
<pin id="262" dir="1" index="2" bw="16" slack="0"/>
</pin_list>
<bind>
<opcode="sub(10) " fcode="sub"/>
<opset="sub_ln1201_1/6 "/>
</bind>
</comp>

<comp id="265" class="1004" name="y_V_fu_265">
<pin_list>
<pin id="266" dir="0" index="0" bw="1" slack="4"/>
<pin id="267" dir="0" index="1" bw="16" slack="0"/>
<pin id="268" dir="0" index="2" bw="16" slack="1"/>
<pin id="269" dir="1" index="3" bw="16" slack="2147483647"/>
</pin_list>
<bind>
<opcode="select(49) " fcode="select"/>
<opset="y_V/6 "/>
</bind>
</comp>

<comp id="271" class="1007" name="grp_fu_271">
<pin_list>
<pin id="272" dir="0" index="0" bw="19" slack="0"/>
<pin id="273" dir="0" index="1" bw="20" slack="0"/>
<pin id="274" dir="1" index="2" bw="40" slack="0"/>
</pin_list>
<bind>
<opcode="mul(12) " fcode="mul"/>
<opset="mul_ln1201/2 "/>
</bind>
</comp>

<comp id="279" class="1005" name="add_ln712_2_reg_279">
<pin_list>
<pin id="280" dir="0" index="0" bw="18" slack="1"/>
<pin id="281" dir="1" index="1" bw="18" slack="1"/>
</pin_list>
<bind>
<opset="add_ln712_2 "/>
</bind>
</comp>

<comp id="284" class="1005" name="add_ln712_6_reg_284">
<pin_list>
<pin id="285" dir="0" index="0" bw="18" slack="1"/>
<pin id="286" dir="1" index="1" bw="18" slack="1"/>
</pin_list>
<bind>
<opset="add_ln712_6 "/>
</bind>
</comp>

<comp id="289" class="1005" name="sext_ln1201_reg_289">
<pin_list>
<pin id="290" dir="0" index="0" bw="40" slack="1"/>
<pin id="291" dir="1" index="1" bw="40" slack="1"/>
</pin_list>
<bind>
<opset="sext_ln1201 "/>
</bind>
</comp>

<comp id="294" class="1005" name="tmp_reg_294">
<pin_list>
<pin id="295" dir="0" index="0" bw="1" slack="3"/>
<pin id="296" dir="1" index="1" bw="1" slack="4"/>
</pin_list>
<bind>
<opset="tmp "/>
</bind>
</comp>

<comp id="300" class="1005" name="trunc_ln1201_reg_300">
<pin_list>
<pin id="301" dir="0" index="0" bw="39" slack="1"/>
<pin id="302" dir="1" index="1" bw="39" slack="1"/>
</pin_list>
<bind>
<opset="trunc_ln1201 "/>
</bind>
</comp>

<comp id="305" class="1005" name="tmp_2_reg_305">
<pin_list>
<pin id="306" dir="0" index="0" bw="16" slack="1"/>
<pin id="307" dir="1" index="1" bw="16" slack="1"/>
</pin_list>
<bind>
<opset="tmp_2 "/>
</bind>
</comp>

</comp_list>

<net_list>
<net id="42"><net_src comp="18" pin="0"/><net_sink comp="38" pin=0"/></net>

<net id="43"><net_src comp="16" pin="0"/><net_sink comp="38" pin=1"/></net>

<net id="48"><net_src comp="18" pin="0"/><net_sink comp="44" pin=0"/></net>

<net id="49"><net_src comp="14" pin="0"/><net_sink comp="44" pin=1"/></net>

<net id="54"><net_src comp="18" pin="0"/><net_sink comp="50" pin=0"/></net>

<net id="55"><net_src comp="12" pin="0"/><net_sink comp="50" pin=1"/></net>

<net id="60"><net_src comp="18" pin="0"/><net_sink comp="56" pin=0"/></net>

<net id="61"><net_src comp="10" pin="0"/><net_sink comp="56" pin=1"/></net>

<net id="66"><net_src comp="18" pin="0"/><net_sink comp="62" pin=0"/></net>

<net id="67"><net_src comp="8" pin="0"/><net_sink comp="62" pin=1"/></net>

<net id="72"><net_src comp="18" pin="0"/><net_sink comp="68" pin=0"/></net>

<net id="73"><net_src comp="6" pin="0"/><net_sink comp="68" pin=1"/></net>

<net id="78"><net_src comp="18" pin="0"/><net_sink comp="74" pin=0"/></net>

<net id="79"><net_src comp="4" pin="0"/><net_sink comp="74" pin=1"/></net>

<net id="84"><net_src comp="18" pin="0"/><net_sink comp="80" pin=0"/></net>

<net id="85"><net_src comp="2" pin="0"/><net_sink comp="80" pin=1"/></net>

<net id="90"><net_src comp="18" pin="0"/><net_sink comp="86" pin=0"/></net>

<net id="91"><net_src comp="0" pin="0"/><net_sink comp="86" pin=1"/></net>

<net id="95"><net_src comp="86" pin="2"/><net_sink comp="92" pin=0"/></net>

<net id="99"><net_src comp="68" pin="2"/><net_sink comp="96" pin=0"/></net>

<net id="103"><net_src comp="50" pin="2"/><net_sink comp="100" pin=0"/></net>

<net id="107"><net_src comp="80" pin="2"/><net_sink comp="104" pin=0"/></net>

<net id="111"><net_src comp="62" pin="2"/><net_sink comp="108" pin=0"/></net>

<net id="115"><net_src comp="44" pin="2"/><net_sink comp="112" pin=0"/></net>

<net id="119"><net_src comp="74" pin="2"/><net_sink comp="116" pin=0"/></net>

<net id="123"><net_src comp="116" pin="1"/><net_sink comp="120" pin=0"/></net>

<net id="127"><net_src comp="56" pin="2"/><net_sink comp="124" pin=0"/></net>

<net id="131"><net_src comp="124" pin="1"/><net_sink comp="128" pin=0"/></net>

<net id="135"><net_src comp="38" pin="2"/><net_sink comp="132" pin=0"/></net>

<net id="139"><net_src comp="132" pin="1"/><net_sink comp="136" pin=0"/></net>

<net id="144"><net_src comp="96" pin="1"/><net_sink comp="140" pin=0"/></net>

<net id="145"><net_src comp="92" pin="1"/><net_sink comp="140" pin=1"/></net>

<net id="149"><net_src comp="140" pin="2"/><net_sink comp="146" pin=0"/></net>

<net id="154"><net_src comp="100" pin="1"/><net_sink comp="150" pin=0"/></net>

<net id="155"><net_src comp="104" pin="1"/><net_sink comp="150" pin=1"/></net>

<net id="159"><net_src comp="150" pin="2"/><net_sink comp="156" pin=0"/></net>

<net id="164"><net_src comp="156" pin="1"/><net_sink comp="160" pin=0"/></net>

<net id="165"><net_src comp="146" pin="1"/><net_sink comp="160" pin=1"/></net>

<net id="170"><net_src comp="108" pin="1"/><net_sink comp="166" pin=0"/></net>

<net id="171"><net_src comp="112" pin="1"/><net_sink comp="166" pin=1"/></net>

<net id="175"><net_src comp="166" pin="2"/><net_sink comp="172" pin=0"/></net>

<net id="180"><net_src comp="128" pin="1"/><net_sink comp="176" pin=0"/></net>

<net id="181"><net_src comp="136" pin="1"/><net_sink comp="176" pin=1"/></net>

<net id="185"><net_src comp="176" pin="2"/><net_sink comp="182" pin=0"/></net>

<net id="190"><net_src comp="182" pin="1"/><net_sink comp="186" pin=0"/></net>

<net id="191"><net_src comp="120" pin="1"/><net_sink comp="186" pin=1"/></net>

<net id="195"><net_src comp="186" pin="2"/><net_sink comp="192" pin=0"/></net>

<net id="200"><net_src comp="192" pin="1"/><net_sink comp="196" pin=0"/></net>

<net id="201"><net_src comp="172" pin="1"/><net_sink comp="196" pin=1"/></net>

<net id="212"><net_src comp="205" pin="1"/><net_sink comp="208" pin=0"/></net>

<net id="213"><net_src comp="202" pin="1"/><net_sink comp="208" pin=1"/></net>

<net id="217"><net_src comp="208" pin="2"/><net_sink comp="214" pin=0"/></net>

<net id="223"><net_src comp="22" pin="0"/><net_sink comp="218" pin=0"/></net>

<net id="224"><net_src comp="208" pin="2"/><net_sink comp="218" pin=1"/></net>

<net id="225"><net_src comp="24" pin="0"/><net_sink comp="218" pin=2"/></net>

<net id="235"><net_src comp="26" pin="0"/><net_sink comp="229" pin=0"/></net>

<net id="236"><net_src comp="28" pin="0"/><net_sink comp="229" pin=2"/></net>

<net id="237"><net_src comp="30" pin="0"/><net_sink comp="229" pin=3"/></net>

<net id="242"><net_src comp="32" pin="0"/><net_sink comp="238" pin=0"/></net>

<net id="249"><net_src comp="34" pin="0"/><net_sink comp="243" pin=0"/></net>

<net id="250"><net_src comp="238" pin="2"/><net_sink comp="243" pin=1"/></net>

<net id="251"><net_src comp="28" pin="0"/><net_sink comp="243" pin=2"/></net>

<net id="252"><net_src comp="30" pin="0"/><net_sink comp="243" pin=3"/></net>

<net id="258"><net_src comp="243" pin="4"/><net_sink comp="253" pin=1"/></net>

<net id="263"><net_src comp="36" pin="0"/><net_sink comp="259" pin=0"/></net>

<net id="264"><net_src comp="253" pin="3"/><net_sink comp="259" pin=1"/></net>

<net id="270"><net_src comp="259" pin="2"/><net_sink comp="265" pin=1"/></net>

<net id="275"><net_src comp="214" pin="1"/><net_sink comp="271" pin=0"/></net>

<net id="276"><net_src comp="20" pin="0"/><net_sink comp="271" pin=1"/></net>

<net id="277"><net_src comp="271" pin="2"/><net_sink comp="226" pin=0"/></net>

<net id="278"><net_src comp="271" pin="2"/><net_sink comp="229" pin=1"/></net>

<net id="282"><net_src comp="160" pin="2"/><net_sink comp="279" pin=0"/></net>

<net id="283"><net_src comp="279" pin="1"/><net_sink comp="202" pin=0"/></net>

<net id="287"><net_src comp="196" pin="2"/><net_sink comp="284" pin=0"/></net>

<net id="288"><net_src comp="284" pin="1"/><net_sink comp="205" pin=0"/></net>

<net id="292"><net_src comp="214" pin="1"/><net_sink comp="289" pin=0"/></net>

<net id="293"><net_src comp="289" pin="1"/><net_sink comp="271" pin=0"/></net>

<net id="297"><net_src comp="218" pin="3"/><net_sink comp="294" pin=0"/></net>

<net id="298"><net_src comp="294" pin="1"/><net_sink comp="253" pin=0"/></net>

<net id="299"><net_src comp="294" pin="1"/><net_sink comp="265" pin=0"/></net>

<net id="303"><net_src comp="226" pin="1"/><net_sink comp="300" pin=0"/></net>

<net id="304"><net_src comp="300" pin="1"/><net_sink comp="238" pin=1"/></net>

<net id="308"><net_src comp="229" pin="4"/><net_sink comp="305" pin=0"/></net>

<net id="309"><net_src comp="305" pin="1"/><net_sink comp="253" pin=2"/></net>

<net id="310"><net_src comp="305" pin="1"/><net_sink comp="265" pin=2"/></net>

</net_list>

</model> 
---------------- Datapath Model END ------------------

* FSMD analyzer results:
  - Output states:
 - Input state : 
	Port: pool_op<ap_fixed<16, 6, 5, 3, 0>, 9, 1> : p_read | {1 }
	Port: pool_op<ap_fixed<16, 6, 5, 3, 0>, 9, 1> : p_read1 | {1 }
	Port: pool_op<ap_fixed<16, 6, 5, 3, 0>, 9, 1> : p_read2 | {1 }
	Port: pool_op<ap_fixed<16, 6, 5, 3, 0>, 9, 1> : p_read3 | {1 }
	Port: pool_op<ap_fixed<16, 6, 5, 3, 0>, 9, 1> : p_read4 | {1 }
	Port: pool_op<ap_fixed<16, 6, 5, 3, 0>, 9, 1> : p_read5 | {1 }
	Port: pool_op<ap_fixed<16, 6, 5, 3, 0>, 9, 1> : p_read6 | {1 }
	Port: pool_op<ap_fixed<16, 6, 5, 3, 0>, 9, 1> : p_read7 | {1 }
	Port: pool_op<ap_fixed<16, 6, 5, 3, 0>, 9, 1> : p_read8 | {1 }
  - Chain level:
	State 1
		zext_ln712 : 1
		zext_ln712_1 : 1
		zext_ln712_2 : 1
		add_ln712 : 1
		sext_ln712_6 : 2
		add_ln712_1 : 1
		sext_ln712_7 : 2
		add_ln712_2 : 3
		add_ln712_3 : 1
		sext_ln712_9 : 2
		add_ln712_4 : 2
		zext_ln712_3 : 3
		add_ln712_5 : 4
		zext_ln712_4 : 5
		add_ln712_6 : 6
	State 2
		add_ln712_7 : 1
		sext_ln1201 : 2
		mul_ln1201 : 3
		tmp : 2
	State 3
	State 4
	State 5
		trunc_ln1201 : 1
		tmp_2 : 1
	State 6
		tmp_1 : 1
		select_ln1201 : 2
		sub_ln1201_1 : 3
		y_V : 4
		ret_ln60 : 5


============================================================
+ Verbose Summary: Datapath Resource usage 
============================================================

* Functional unit list:
|----------|-----------------------|---------|---------|---------|
| Operation|    Functional Unit    |   DSP   |    FF   |   LUT   |
|----------|-----------------------|---------|---------|---------|
|          |    add_ln712_fu_140   |    0    |    0    |    23   |
|          |   add_ln712_1_fu_150  |    0    |    0    |    23   |
|          |   add_ln712_2_fu_160  |    0    |    0    |    24   |
|    add   |   add_ln712_3_fu_166  |    0    |    0    |    23   |
|          |   add_ln712_4_fu_176  |    0    |    0    |    16   |
|          |   add_ln712_5_fu_186  |    0    |    0    |    17   |
|          |   add_ln712_6_fu_196  |    0    |    0    |    24   |
|          |   add_ln712_7_fu_208  |    0    |    0    |    25   |
|----------|-----------------------|---------|---------|---------|
|    sub   |   sub_ln1201_fu_238   |    0    |    0    |    46   |
|          |  sub_ln1201_1_fu_259  |    0    |    0    |    23   |
|----------|-----------------------|---------|---------|---------|
|  select  |  select_ln1201_fu_253 |    0    |    0    |    16   |
|          |       y_V_fu_265      |    0    |    0    |    16   |
|----------|-----------------------|---------|---------|---------|
|    mul   |       grp_fu_271      |    1    |    0    |    0    |
|----------|-----------------------|---------|---------|---------|
|          |  p_read818_read_fu_38 |    0    |    0    |    0    |
|          |  p_read717_read_fu_44 |    0    |    0    |    0    |
|          |  p_read616_read_fu_50 |    0    |    0    |    0    |
|          |  p_read515_read_fu_56 |    0    |    0    |    0    |
|   read   |  p_read414_read_fu_62 |    0    |    0    |    0    |
|          |  p_read313_read_fu_68 |    0    |    0    |    0    |
|          |  p_read212_read_fu_74 |    0    |    0    |    0    |
|          |  p_read111_read_fu_80 |    0    |    0    |    0    |
|          | p_read_204_read_fu_86 |    0    |    0    |    0    |
|----------|-----------------------|---------|---------|---------|
|          |    sext_ln712_fu_92   |    0    |    0    |    0    |
|          |   sext_ln712_1_fu_96  |    0    |    0    |    0    |
|          |  sext_ln712_2_fu_100  |    0    |    0    |    0    |
|          |  sext_ln712_3_fu_104  |    0    |    0    |    0    |
|          |  sext_ln712_4_fu_108  |    0    |    0    |    0    |
|   sext   |  sext_ln712_5_fu_112  |    0    |    0    |    0    |
|          |  sext_ln712_6_fu_146  |    0    |    0    |    0    |
|          |  sext_ln712_7_fu_156  |    0    |    0    |    0    |
|          |  sext_ln712_9_fu_172  |    0    |    0    |    0    |
|          |  sext_ln712_8_fu_202  |    0    |    0    |    0    |
|          |  sext_ln712_10_fu_205 |    0    |    0    |    0    |
|          |   sext_ln1201_fu_214  |    0    |    0    |    0    |
|----------|-----------------------|---------|---------|---------|
|          |   trunc_ln712_fu_116  |    0    |    0    |    0    |
|   trunc  |  trunc_ln712_1_fu_124 |    0    |    0    |    0    |
|          |  trunc_ln712_2_fu_132 |    0    |    0    |    0    |
|          |  trunc_ln1201_fu_226  |    0    |    0    |    0    |
|----------|-----------------------|---------|---------|---------|
|          |   zext_ln712_fu_120   |    0    |    0    |    0    |
|          |  zext_ln712_1_fu_128  |    0    |    0    |    0    |
|   zext   |  zext_ln712_2_fu_136  |    0    |    0    |    0    |
|          |  zext_ln712_3_fu_182  |    0    |    0    |    0    |
|          |  zext_ln712_4_fu_192  |    0    |    0    |    0    |
|----------|-----------------------|---------|---------|---------|
| bitselect|       tmp_fu_218      |    0    |    0    |    0    |
|----------|-----------------------|---------|---------|---------|
|partselect|      tmp_2_fu_229     |    0    |    0    |    0    |
|          |      tmp_1_fu_243     |    0    |    0    |    0    |
|----------|-----------------------|---------|---------|---------|
|   Total  |                       |    1    |    0    |   276   |
|----------|-----------------------|---------|---------|---------|

Memories:
N/A

* Register list:
+--------------------+--------+
|                    |   FF   |
+--------------------+--------+
| add_ln712_2_reg_279|   18   |
| add_ln712_6_reg_284|   18   |
| sext_ln1201_reg_289|   40   |
|    tmp_2_reg_305   |   16   |
|     tmp_reg_294    |    1   |
|trunc_ln1201_reg_300|   39   |
+--------------------+--------+
|        Total       |   132  |
+--------------------+--------+

* Multiplexer (MUX) list: 
|------------|------|------|------|--------||---------||---------|
|    Comp    |  Pin | Size |  BW  | S x BW ||  Delay  ||   LUT   |
|------------|------|------|------|--------||---------||---------|
| grp_fu_271 |  p0  |   2  |  19  |   38   ||    9    |
|------------|------|------|------|--------||---------||---------|
|    Total   |      |      |      |   38   ||  0.844  ||    9    |
|------------|------|------|------|--------||---------||---------|



* Summary:
+-----------+--------+--------+--------+--------+
|           |   DSP  |  Delay |   FF   |   LUT  |
+-----------+--------+--------+--------+--------+
|  Function |    1   |    -   |    0   |   276  |
|   Memory  |    -   |    -   |    -   |    -   |
|Multiplexer|    -   |    0   |    -   |    9   |
|  Register |    -   |    -   |   132  |    -   |
+-----------+--------+--------+--------+--------+
|   Total   |    1   |    0   |   132  |   285  |
+-----------+--------+--------+--------+--------+
