

================================================================
== Vitis HLS Report for 'relu_ap_fixed_ap_fixed_16_6_5_3_0_relu_config15_s'
================================================================
* Date:           Sat Mar 29 17:38:52 2025

* Version:        2021.1 (Build 3247384 on Thu Jun 10 19:36:07 MDT 2021)
* Project:        WOMBAT_prj
* Solution:       solution1 (Vivado IP Flow Target)
* Product family: virtex7
* Target device:  xc7vx690t-ffg1927-2


================================================================
== Performance Estimates
================================================================
+ Timing: 
    * Summary: 
    +--------+---------+----------+------------+
    |  Clock |  Target | Estimated| Uncertainty|
    +--------+---------+----------+------------+
    |ap_clk  |  6.25 ns|  1.746 ns|     1.69 ns|
    +--------+---------+----------+------------+

+ Latency: 
    * Summary: 
    +---------+---------+----------+----------+-----+-----+---------+
    |  Latency (cycles) |  Latency (absolute) |  Interval | Pipeline|
    |   min   |   max   |    min   |    max   | min | max |   Type  |
    +---------+---------+----------+----------+-----+-----+---------+
    |        0|        0|      0 ns|      0 ns|    1|    1|      yes|
    +---------+---------+----------+----------+-----+-----+---------+

    + Detail: 
        * Instance: 
        N/A

        * Loop: 
        N/A

============================================================
+ Verbose Summary: Synthesis Manager
============================================================
InlineROM: 1
ExposeGlobal: 0
============================================================
+ Verbose Summary: CDFG Model
============================================================
IsTopModel: 0
ResetActiveHigh: 1
IsCombinational: 0
IsDatapathOnly: 0
HasWiredReturn: 1
HasMFsm: 2
HasVarLatency: 0
IsPipeline: 1
IsRtlPipelined: 0
IsInstanceOverlapped: 0
IsDontTouch: 0
HasImplIP: 0
IsGatedGlobalClock: 0

+ Individual pipeline summary: 
  * Pipeline-0: initiation interval (II) = 1, depth = 1


============================================================
+ Verbose Summary: Schedule
============================================================
* Number of FSM states : 1
* Pipeline : 1
  Pipeline-0 : II = 1, D = 1, States = { 1 }
* Dataflow Pipeline: 0

* FSM state transitions: 
1 --> 

* FSM state operations: 

State 1 <SV = 0> <Delay = 1.74>
ST_1 : Operation 2 [1/1] (0.00ns)   --->   "%p_read_128 = read i16 @_ssdm_op_Read.ap_auto.i16, i16 %p_read31" [src/nnet_utils/nnet_activation.h:39]   --->   Operation 2 'read' 'p_read_128' <Predicate = true> <Delay = 0.00>
ST_1 : Operation 3 [1/1] (0.00ns)   --->   "%p_read3062 = read i16 @_ssdm_op_Read.ap_auto.i16, i16 %p_read30" [src/nnet_utils/nnet_activation.h:39]   --->   Operation 3 'read' 'p_read3062' <Predicate = true> <Delay = 0.00>
ST_1 : Operation 4 [1/1] (0.00ns)   --->   "%p_read_129 = read i16 @_ssdm_op_Read.ap_auto.i16, i16 %p_read29" [src/nnet_utils/nnet_activation.h:39]   --->   Operation 4 'read' 'p_read_129' <Predicate = true> <Delay = 0.00>
ST_1 : Operation 5 [1/1] (0.00ns)   --->   "%p_read_130 = read i16 @_ssdm_op_Read.ap_auto.i16, i16 %p_read28" [src/nnet_utils/nnet_activation.h:39]   --->   Operation 5 'read' 'p_read_130' <Predicate = true> <Delay = 0.00>
ST_1 : Operation 6 [1/1] (0.00ns)   --->   "%p_read_131 = read i16 @_ssdm_op_Read.ap_auto.i16, i16 %p_read27" [src/nnet_utils/nnet_activation.h:39]   --->   Operation 6 'read' 'p_read_131' <Predicate = true> <Delay = 0.00>
ST_1 : Operation 7 [1/1] (0.00ns)   --->   "%p_read_132 = read i16 @_ssdm_op_Read.ap_auto.i16, i16 %p_read26" [src/nnet_utils/nnet_activation.h:39]   --->   Operation 7 'read' 'p_read_132' <Predicate = true> <Delay = 0.00>
ST_1 : Operation 8 [1/1] (0.00ns)   --->   "%p_read_133 = read i16 @_ssdm_op_Read.ap_auto.i16, i16 %p_read25" [src/nnet_utils/nnet_activation.h:39]   --->   Operation 8 'read' 'p_read_133' <Predicate = true> <Delay = 0.00>
ST_1 : Operation 9 [1/1] (0.00ns)   --->   "%p_read_134 = read i16 @_ssdm_op_Read.ap_auto.i16, i16 %p_read24" [src/nnet_utils/nnet_activation.h:39]   --->   Operation 9 'read' 'p_read_134' <Predicate = true> <Delay = 0.00>
ST_1 : Operation 10 [1/1] (0.00ns)   --->   "%p_read_135 = read i16 @_ssdm_op_Read.ap_auto.i16, i16 %p_read23" [src/nnet_utils/nnet_activation.h:39]   --->   Operation 10 'read' 'p_read_135' <Predicate = true> <Delay = 0.00>
ST_1 : Operation 11 [1/1] (0.00ns)   --->   "%p_read_136 = read i16 @_ssdm_op_Read.ap_auto.i16, i16 %p_read22" [src/nnet_utils/nnet_activation.h:39]   --->   Operation 11 'read' 'p_read_136' <Predicate = true> <Delay = 0.00>
ST_1 : Operation 12 [1/1] (0.00ns)   --->   "%p_read_137 = read i16 @_ssdm_op_Read.ap_auto.i16, i16 %p_read21" [src/nnet_utils/nnet_activation.h:39]   --->   Operation 12 'read' 'p_read_137' <Predicate = true> <Delay = 0.00>
ST_1 : Operation 13 [1/1] (0.00ns)   --->   "%p_read2052 = read i16 @_ssdm_op_Read.ap_auto.i16, i16 %p_read20" [src/nnet_utils/nnet_activation.h:39]   --->   Operation 13 'read' 'p_read2052' <Predicate = true> <Delay = 0.00>
ST_1 : Operation 14 [1/1] (0.00ns)   --->   "%p_read_138 = read i16 @_ssdm_op_Read.ap_auto.i16, i16 %p_read19" [src/nnet_utils/nnet_activation.h:39]   --->   Operation 14 'read' 'p_read_138' <Predicate = true> <Delay = 0.00>
ST_1 : Operation 15 [1/1] (0.00ns)   --->   "%p_read_139 = read i16 @_ssdm_op_Read.ap_auto.i16, i16 %p_read18" [src/nnet_utils/nnet_activation.h:39]   --->   Operation 15 'read' 'p_read_139' <Predicate = true> <Delay = 0.00>
ST_1 : Operation 16 [1/1] (0.00ns)   --->   "%p_read_140 = read i16 @_ssdm_op_Read.ap_auto.i16, i16 %p_read17" [src/nnet_utils/nnet_activation.h:39]   --->   Operation 16 'read' 'p_read_140' <Predicate = true> <Delay = 0.00>
ST_1 : Operation 17 [1/1] (0.00ns)   --->   "%p_read_141 = read i16 @_ssdm_op_Read.ap_auto.i16, i16 %p_read16" [src/nnet_utils/nnet_activation.h:39]   --->   Operation 17 'read' 'p_read_141' <Predicate = true> <Delay = 0.00>
ST_1 : Operation 18 [1/1] (0.00ns)   --->   "%p_read_142 = read i16 @_ssdm_op_Read.ap_auto.i16, i16 %p_read15" [src/nnet_utils/nnet_activation.h:39]   --->   Operation 18 'read' 'p_read_142' <Predicate = true> <Delay = 0.00>
ST_1 : Operation 19 [1/1] (0.00ns)   --->   "%p_read_143 = read i16 @_ssdm_op_Read.ap_auto.i16, i16 %p_read14" [src/nnet_utils/nnet_activation.h:39]   --->   Operation 19 'read' 'p_read_143' <Predicate = true> <Delay = 0.00>
ST_1 : Operation 20 [1/1] (0.00ns)   --->   "%p_read_144 = read i16 @_ssdm_op_Read.ap_auto.i16, i16 %p_read13" [src/nnet_utils/nnet_activation.h:39]   --->   Operation 20 'read' 'p_read_144' <Predicate = true> <Delay = 0.00>
ST_1 : Operation 21 [1/1] (0.00ns)   --->   "%p_read_145 = read i16 @_ssdm_op_Read.ap_auto.i16, i16 %p_read12" [src/nnet_utils/nnet_activation.h:39]   --->   Operation 21 'read' 'p_read_145' <Predicate = true> <Delay = 0.00>
ST_1 : Operation 22 [1/1] (0.00ns)   --->   "%p_read1143 = read i16 @_ssdm_op_Read.ap_auto.i16, i16 %p_read11" [src/nnet_utils/nnet_activation.h:39]   --->   Operation 22 'read' 'p_read1143' <Predicate = true> <Delay = 0.00>
ST_1 : Operation 23 [1/1] (0.00ns)   --->   "%p_read1042 = read i16 @_ssdm_op_Read.ap_auto.i16, i16 %p_read10" [src/nnet_utils/nnet_activation.h:39]   --->   Operation 23 'read' 'p_read1042' <Predicate = true> <Delay = 0.00>
ST_1 : Operation 24 [1/1] (0.00ns)   --->   "%p_read941 = read i16 @_ssdm_op_Read.ap_auto.i16, i16 %p_read9" [src/nnet_utils/nnet_activation.h:39]   --->   Operation 24 'read' 'p_read941' <Predicate = true> <Delay = 0.00>
ST_1 : Operation 25 [1/1] (0.00ns)   --->   "%p_read840 = read i16 @_ssdm_op_Read.ap_auto.i16, i16 %p_read8" [src/nnet_utils/nnet_activation.h:39]   --->   Operation 25 'read' 'p_read840' <Predicate = true> <Delay = 0.00>
ST_1 : Operation 26 [1/1] (0.00ns)   --->   "%p_read739 = read i16 @_ssdm_op_Read.ap_auto.i16, i16 %p_read7" [src/nnet_utils/nnet_activation.h:39]   --->   Operation 26 'read' 'p_read739' <Predicate = true> <Delay = 0.00>
ST_1 : Operation 27 [1/1] (0.00ns)   --->   "%p_read638 = read i16 @_ssdm_op_Read.ap_auto.i16, i16 %p_read6" [src/nnet_utils/nnet_activation.h:39]   --->   Operation 27 'read' 'p_read638' <Predicate = true> <Delay = 0.00>
ST_1 : Operation 28 [1/1] (0.00ns)   --->   "%p_read537 = read i16 @_ssdm_op_Read.ap_auto.i16, i16 %p_read5" [src/nnet_utils/nnet_activation.h:39]   --->   Operation 28 'read' 'p_read537' <Predicate = true> <Delay = 0.00>
ST_1 : Operation 29 [1/1] (0.00ns)   --->   "%p_read436 = read i16 @_ssdm_op_Read.ap_auto.i16, i16 %p_read4" [src/nnet_utils/nnet_activation.h:39]   --->   Operation 29 'read' 'p_read436' <Predicate = true> <Delay = 0.00>
ST_1 : Operation 30 [1/1] (0.00ns)   --->   "%p_read335 = read i16 @_ssdm_op_Read.ap_auto.i16, i16 %p_read3" [src/nnet_utils/nnet_activation.h:39]   --->   Operation 30 'read' 'p_read335' <Predicate = true> <Delay = 0.00>
ST_1 : Operation 31 [1/1] (0.00ns)   --->   "%p_read234 = read i16 @_ssdm_op_Read.ap_auto.i16, i16 %p_read2" [src/nnet_utils/nnet_activation.h:39]   --->   Operation 31 'read' 'p_read234' <Predicate = true> <Delay = 0.00>
ST_1 : Operation 32 [1/1] (0.00ns)   --->   "%p_read133 = read i16 @_ssdm_op_Read.ap_auto.i16, i16 %p_read1" [src/nnet_utils/nnet_activation.h:39]   --->   Operation 32 'read' 'p_read133' <Predicate = true> <Delay = 0.00>
ST_1 : Operation 33 [1/1] (0.00ns)   --->   "%p_read32 = read i16 @_ssdm_op_Read.ap_auto.i16, i16 %p_read" [src/nnet_utils/nnet_activation.h:39]   --->   Operation 33 'read' 'p_read32' <Predicate = true> <Delay = 0.00>
ST_1 : Operation 34 [1/1] (0.00ns)   --->   "%trunc_ln39 = trunc i16 %p_read_128" [src/nnet_utils/nnet_activation.h:39]   --->   Operation 34 'trunc' 'trunc_ln39' <Predicate = (icmp_ln1547_31)> <Delay = 0.00>
ST_1 : Operation 35 [1/1] (0.00ns)   --->   "%trunc_ln39_151 = trunc i16 %p_read3062" [src/nnet_utils/nnet_activation.h:39]   --->   Operation 35 'trunc' 'trunc_ln39_151' <Predicate = (icmp_ln1547_30)> <Delay = 0.00>
ST_1 : Operation 36 [1/1] (0.00ns)   --->   "%trunc_ln39_152 = trunc i16 %p_read_129" [src/nnet_utils/nnet_activation.h:39]   --->   Operation 36 'trunc' 'trunc_ln39_152' <Predicate = (icmp_ln1547_29)> <Delay = 0.00>
ST_1 : Operation 37 [1/1] (0.00ns)   --->   "%trunc_ln39_153 = trunc i16 %p_read_130" [src/nnet_utils/nnet_activation.h:39]   --->   Operation 37 'trunc' 'trunc_ln39_153' <Predicate = (icmp_ln1547_28)> <Delay = 0.00>
ST_1 : Operation 38 [1/1] (0.00ns)   --->   "%trunc_ln39_154 = trunc i16 %p_read_131" [src/nnet_utils/nnet_activation.h:39]   --->   Operation 38 'trunc' 'trunc_ln39_154' <Predicate = (icmp_ln1547_27)> <Delay = 0.00>
ST_1 : Operation 39 [1/1] (0.00ns)   --->   "%trunc_ln39_155 = trunc i16 %p_read_132" [src/nnet_utils/nnet_activation.h:39]   --->   Operation 39 'trunc' 'trunc_ln39_155' <Predicate = (icmp_ln1547_26)> <Delay = 0.00>
ST_1 : Operation 40 [1/1] (0.00ns)   --->   "%trunc_ln39_156 = trunc i16 %p_read_133" [src/nnet_utils/nnet_activation.h:39]   --->   Operation 40 'trunc' 'trunc_ln39_156' <Predicate = (icmp_ln1547_25)> <Delay = 0.00>
ST_1 : Operation 41 [1/1] (0.00ns)   --->   "%trunc_ln39_157 = trunc i16 %p_read_134" [src/nnet_utils/nnet_activation.h:39]   --->   Operation 41 'trunc' 'trunc_ln39_157' <Predicate = (icmp_ln1547_24)> <Delay = 0.00>
ST_1 : Operation 42 [1/1] (0.00ns)   --->   "%trunc_ln39_158 = trunc i16 %p_read_135" [src/nnet_utils/nnet_activation.h:39]   --->   Operation 42 'trunc' 'trunc_ln39_158' <Predicate = (icmp_ln1547_23)> <Delay = 0.00>
ST_1 : Operation 43 [1/1] (0.00ns)   --->   "%trunc_ln39_159 = trunc i16 %p_read_136" [src/nnet_utils/nnet_activation.h:39]   --->   Operation 43 'trunc' 'trunc_ln39_159' <Predicate = (icmp_ln1547_22)> <Delay = 0.00>
ST_1 : Operation 44 [1/1] (0.00ns)   --->   "%trunc_ln39_160 = trunc i16 %p_read_137" [src/nnet_utils/nnet_activation.h:39]   --->   Operation 44 'trunc' 'trunc_ln39_160' <Predicate = (icmp_ln1547_21)> <Delay = 0.00>
ST_1 : Operation 45 [1/1] (0.00ns)   --->   "%trunc_ln39_161 = trunc i16 %p_read2052" [src/nnet_utils/nnet_activation.h:39]   --->   Operation 45 'trunc' 'trunc_ln39_161' <Predicate = (icmp_ln1547_20)> <Delay = 0.00>
ST_1 : Operation 46 [1/1] (0.00ns)   --->   "%trunc_ln39_162 = trunc i16 %p_read_138" [src/nnet_utils/nnet_activation.h:39]   --->   Operation 46 'trunc' 'trunc_ln39_162' <Predicate = (icmp_ln1547_19)> <Delay = 0.00>
ST_1 : Operation 47 [1/1] (0.00ns)   --->   "%trunc_ln39_163 = trunc i16 %p_read_139" [src/nnet_utils/nnet_activation.h:39]   --->   Operation 47 'trunc' 'trunc_ln39_163' <Predicate = (icmp_ln1547_18)> <Delay = 0.00>
ST_1 : Operation 48 [1/1] (0.00ns)   --->   "%trunc_ln39_164 = trunc i16 %p_read_140" [src/nnet_utils/nnet_activation.h:39]   --->   Operation 48 'trunc' 'trunc_ln39_164' <Predicate = (icmp_ln1547_17)> <Delay = 0.00>
ST_1 : Operation 49 [1/1] (0.00ns)   --->   "%trunc_ln39_165 = trunc i16 %p_read_141" [src/nnet_utils/nnet_activation.h:39]   --->   Operation 49 'trunc' 'trunc_ln39_165' <Predicate = (icmp_ln1547_16)> <Delay = 0.00>
ST_1 : Operation 50 [1/1] (0.00ns)   --->   "%trunc_ln39_166 = trunc i16 %p_read_142" [src/nnet_utils/nnet_activation.h:39]   --->   Operation 50 'trunc' 'trunc_ln39_166' <Predicate = (icmp_ln1547_15)> <Delay = 0.00>
ST_1 : Operation 51 [1/1] (0.00ns)   --->   "%trunc_ln39_167 = trunc i16 %p_read_143" [src/nnet_utils/nnet_activation.h:39]   --->   Operation 51 'trunc' 'trunc_ln39_167' <Predicate = (icmp_ln1547_14)> <Delay = 0.00>
ST_1 : Operation 52 [1/1] (0.00ns)   --->   "%trunc_ln39_168 = trunc i16 %p_read_144" [src/nnet_utils/nnet_activation.h:39]   --->   Operation 52 'trunc' 'trunc_ln39_168' <Predicate = (icmp_ln1547_13)> <Delay = 0.00>
ST_1 : Operation 53 [1/1] (0.00ns)   --->   "%trunc_ln39_169 = trunc i16 %p_read_145" [src/nnet_utils/nnet_activation.h:39]   --->   Operation 53 'trunc' 'trunc_ln39_169' <Predicate = (icmp_ln1547_12)> <Delay = 0.00>
ST_1 : Operation 54 [1/1] (0.00ns)   --->   "%trunc_ln39_170 = trunc i16 %p_read1143" [src/nnet_utils/nnet_activation.h:39]   --->   Operation 54 'trunc' 'trunc_ln39_170' <Predicate = (icmp_ln1547_11)> <Delay = 0.00>
ST_1 : Operation 55 [1/1] (0.00ns)   --->   "%trunc_ln39_171 = trunc i16 %p_read1042" [src/nnet_utils/nnet_activation.h:39]   --->   Operation 55 'trunc' 'trunc_ln39_171' <Predicate = (icmp_ln1547_10)> <Delay = 0.00>
ST_1 : Operation 56 [1/1] (0.00ns)   --->   "%trunc_ln39_172 = trunc i16 %p_read941" [src/nnet_utils/nnet_activation.h:39]   --->   Operation 56 'trunc' 'trunc_ln39_172' <Predicate = (icmp_ln1547_9)> <Delay = 0.00>
ST_1 : Operation 57 [1/1] (0.00ns)   --->   "%trunc_ln39_173 = trunc i16 %p_read840" [src/nnet_utils/nnet_activation.h:39]   --->   Operation 57 'trunc' 'trunc_ln39_173' <Predicate = (icmp_ln1547_8)> <Delay = 0.00>
ST_1 : Operation 58 [1/1] (0.00ns)   --->   "%trunc_ln39_174 = trunc i16 %p_read739" [src/nnet_utils/nnet_activation.h:39]   --->   Operation 58 'trunc' 'trunc_ln39_174' <Predicate = (icmp_ln1547_7)> <Delay = 0.00>
ST_1 : Operation 59 [1/1] (0.00ns)   --->   "%trunc_ln39_175 = trunc i16 %p_read638" [src/nnet_utils/nnet_activation.h:39]   --->   Operation 59 'trunc' 'trunc_ln39_175' <Predicate = (icmp_ln1547_6)> <Delay = 0.00>
ST_1 : Operation 60 [1/1] (0.00ns)   --->   "%trunc_ln39_176 = trunc i16 %p_read537" [src/nnet_utils/nnet_activation.h:39]   --->   Operation 60 'trunc' 'trunc_ln39_176' <Predicate = (icmp_ln1547_5)> <Delay = 0.00>
ST_1 : Operation 61 [1/1] (0.00ns)   --->   "%trunc_ln39_177 = trunc i16 %p_read436" [src/nnet_utils/nnet_activation.h:39]   --->   Operation 61 'trunc' 'trunc_ln39_177' <Predicate = (icmp_ln1547_4)> <Delay = 0.00>
ST_1 : Operation 62 [1/1] (0.00ns)   --->   "%trunc_ln39_178 = trunc i16 %p_read335" [src/nnet_utils/nnet_activation.h:39]   --->   Operation 62 'trunc' 'trunc_ln39_178' <Predicate = (icmp_ln1547_3)> <Delay = 0.00>
ST_1 : Operation 63 [1/1] (0.00ns)   --->   "%trunc_ln39_179 = trunc i16 %p_read234" [src/nnet_utils/nnet_activation.h:39]   --->   Operation 63 'trunc' 'trunc_ln39_179' <Predicate = (icmp_ln1547_2)> <Delay = 0.00>
ST_1 : Operation 64 [1/1] (0.00ns)   --->   "%trunc_ln39_180 = trunc i16 %p_read133" [src/nnet_utils/nnet_activation.h:39]   --->   Operation 64 'trunc' 'trunc_ln39_180' <Predicate = (icmp_ln1547_1)> <Delay = 0.00>
ST_1 : Operation 65 [1/1] (0.00ns)   --->   "%trunc_ln39_181 = trunc i16 %p_read32" [src/nnet_utils/nnet_activation.h:39]   --->   Operation 65 'trunc' 'trunc_ln39_181' <Predicate = (icmp_ln1547)> <Delay = 0.00>
ST_1 : Operation 66 [1/1] (0.00ns)   --->   "%specpipeline_ln39 = specpipeline void @_ssdm_op_SpecPipeline, i32 4294967295, i32 0, i32 0, i32 0, void @empty_2" [src/nnet_utils/nnet_activation.h:39]   --->   Operation 66 'specpipeline' 'specpipeline_ln39' <Predicate = true> <Delay = 0.00>
ST_1 : Operation 67 [1/1] (1.18ns)   --->   "%icmp_ln1547 = icmp_sgt  i16 %p_read32, i16 0"   --->   Operation 67 'icmp' 'icmp_ln1547' <Predicate = true> <Delay = 1.18> <CoreInst = "Cmp">   --->   Core 9 'Cmp' <Latency = 0> <II = 1> <Delay = 1.18> <FuncUnit> <Opcode : 'icmp'> <InPorts = 2> <OutPorts = 1>
ST_1 : Operation 68 [1/1] (0.56ns)   --->   "%select_ln55 = select i1 %icmp_ln1547, i15 %trunc_ln39_181, i15 0" [src/nnet_utils/nnet_activation.h:55]   --->   Operation 68 'select' 'select_ln55' <Predicate = true> <Delay = 0.56> <CoreInst = "Sel">   --->   Core 73 'Sel' <Latency = 0> <II = 1> <Delay = 0.56> <FuncUnit> <Opcode : 'select'> <InPorts = 3> <OutPorts = 1>
ST_1 : Operation 69 [1/1] (0.00ns)   --->   "%zext_ln1547 = zext i15 %select_ln55"   --->   Operation 69 'zext' 'zext_ln1547' <Predicate = true> <Delay = 0.00>
ST_1 : Operation 70 [1/1] (1.18ns)   --->   "%icmp_ln1547_1 = icmp_sgt  i16 %p_read133, i16 0"   --->   Operation 70 'icmp' 'icmp_ln1547_1' <Predicate = true> <Delay = 1.18> <CoreInst = "Cmp">   --->   Core 9 'Cmp' <Latency = 0> <II = 1> <Delay = 1.18> <FuncUnit> <Opcode : 'icmp'> <InPorts = 2> <OutPorts = 1>
ST_1 : Operation 71 [1/1] (0.56ns)   --->   "%select_ln55_151 = select i1 %icmp_ln1547_1, i15 %trunc_ln39_180, i15 0" [src/nnet_utils/nnet_activation.h:55]   --->   Operation 71 'select' 'select_ln55_151' <Predicate = true> <Delay = 0.56> <CoreInst = "Sel">   --->   Core 73 'Sel' <Latency = 0> <II = 1> <Delay = 0.56> <FuncUnit> <Opcode : 'select'> <InPorts = 3> <OutPorts = 1>
ST_1 : Operation 72 [1/1] (0.00ns)   --->   "%zext_ln1547_149 = zext i15 %select_ln55_151"   --->   Operation 72 'zext' 'zext_ln1547_149' <Predicate = true> <Delay = 0.00>
ST_1 : Operation 73 [1/1] (1.18ns)   --->   "%icmp_ln1547_2 = icmp_sgt  i16 %p_read234, i16 0"   --->   Operation 73 'icmp' 'icmp_ln1547_2' <Predicate = true> <Delay = 1.18> <CoreInst = "Cmp">   --->   Core 9 'Cmp' <Latency = 0> <II = 1> <Delay = 1.18> <FuncUnit> <Opcode : 'icmp'> <InPorts = 2> <OutPorts = 1>
ST_1 : Operation 74 [1/1] (0.56ns)   --->   "%select_ln55_152 = select i1 %icmp_ln1547_2, i15 %trunc_ln39_179, i15 0" [src/nnet_utils/nnet_activation.h:55]   --->   Operation 74 'select' 'select_ln55_152' <Predicate = true> <Delay = 0.56> <CoreInst = "Sel">   --->   Core 73 'Sel' <Latency = 0> <II = 1> <Delay = 0.56> <FuncUnit> <Opcode : 'select'> <InPorts = 3> <OutPorts = 1>
ST_1 : Operation 75 [1/1] (0.00ns)   --->   "%zext_ln1547_150 = zext i15 %select_ln55_152"   --->   Operation 75 'zext' 'zext_ln1547_150' <Predicate = true> <Delay = 0.00>
ST_1 : Operation 76 [1/1] (1.18ns)   --->   "%icmp_ln1547_3 = icmp_sgt  i16 %p_read335, i16 0"   --->   Operation 76 'icmp' 'icmp_ln1547_3' <Predicate = true> <Delay = 1.18> <CoreInst = "Cmp">   --->   Core 9 'Cmp' <Latency = 0> <II = 1> <Delay = 1.18> <FuncUnit> <Opcode : 'icmp'> <InPorts = 2> <OutPorts = 1>
ST_1 : Operation 77 [1/1] (0.56ns)   --->   "%select_ln55_153 = select i1 %icmp_ln1547_3, i15 %trunc_ln39_178, i15 0" [src/nnet_utils/nnet_activation.h:55]   --->   Operation 77 'select' 'select_ln55_153' <Predicate = true> <Delay = 0.56> <CoreInst = "Sel">   --->   Core 73 'Sel' <Latency = 0> <II = 1> <Delay = 0.56> <FuncUnit> <Opcode : 'select'> <InPorts = 3> <OutPorts = 1>
ST_1 : Operation 78 [1/1] (0.00ns)   --->   "%zext_ln1547_151 = zext i15 %select_ln55_153"   --->   Operation 78 'zext' 'zext_ln1547_151' <Predicate = true> <Delay = 0.00>
ST_1 : Operation 79 [1/1] (1.18ns)   --->   "%icmp_ln1547_4 = icmp_sgt  i16 %p_read436, i16 0"   --->   Operation 79 'icmp' 'icmp_ln1547_4' <Predicate = true> <Delay = 1.18> <CoreInst = "Cmp">   --->   Core 9 'Cmp' <Latency = 0> <II = 1> <Delay = 1.18> <FuncUnit> <Opcode : 'icmp'> <InPorts = 2> <OutPorts = 1>
ST_1 : Operation 80 [1/1] (0.56ns)   --->   "%select_ln55_154 = select i1 %icmp_ln1547_4, i15 %trunc_ln39_177, i15 0" [src/nnet_utils/nnet_activation.h:55]   --->   Operation 80 'select' 'select_ln55_154' <Predicate = true> <Delay = 0.56> <CoreInst = "Sel">   --->   Core 73 'Sel' <Latency = 0> <II = 1> <Delay = 0.56> <FuncUnit> <Opcode : 'select'> <InPorts = 3> <OutPorts = 1>
ST_1 : Operation 81 [1/1] (0.00ns)   --->   "%zext_ln1547_152 = zext i15 %select_ln55_154"   --->   Operation 81 'zext' 'zext_ln1547_152' <Predicate = true> <Delay = 0.00>
ST_1 : Operation 82 [1/1] (1.18ns)   --->   "%icmp_ln1547_5 = icmp_sgt  i16 %p_read537, i16 0"   --->   Operation 82 'icmp' 'icmp_ln1547_5' <Predicate = true> <Delay = 1.18> <CoreInst = "Cmp">   --->   Core 9 'Cmp' <Latency = 0> <II = 1> <Delay = 1.18> <FuncUnit> <Opcode : 'icmp'> <InPorts = 2> <OutPorts = 1>
ST_1 : Operation 83 [1/1] (0.56ns)   --->   "%select_ln55_155 = select i1 %icmp_ln1547_5, i15 %trunc_ln39_176, i15 0" [src/nnet_utils/nnet_activation.h:55]   --->   Operation 83 'select' 'select_ln55_155' <Predicate = true> <Delay = 0.56> <CoreInst = "Sel">   --->   Core 73 'Sel' <Latency = 0> <II = 1> <Delay = 0.56> <FuncUnit> <Opcode : 'select'> <InPorts = 3> <OutPorts = 1>
ST_1 : Operation 84 [1/1] (0.00ns)   --->   "%zext_ln1547_153 = zext i15 %select_ln55_155"   --->   Operation 84 'zext' 'zext_ln1547_153' <Predicate = true> <Delay = 0.00>
ST_1 : Operation 85 [1/1] (1.18ns)   --->   "%icmp_ln1547_6 = icmp_sgt  i16 %p_read638, i16 0"   --->   Operation 85 'icmp' 'icmp_ln1547_6' <Predicate = true> <Delay = 1.18> <CoreInst = "Cmp">   --->   Core 9 'Cmp' <Latency = 0> <II = 1> <Delay = 1.18> <FuncUnit> <Opcode : 'icmp'> <InPorts = 2> <OutPorts = 1>
ST_1 : Operation 86 [1/1] (0.56ns)   --->   "%select_ln55_156 = select i1 %icmp_ln1547_6, i15 %trunc_ln39_175, i15 0" [src/nnet_utils/nnet_activation.h:55]   --->   Operation 86 'select' 'select_ln55_156' <Predicate = true> <Delay = 0.56> <CoreInst = "Sel">   --->   Core 73 'Sel' <Latency = 0> <II = 1> <Delay = 0.56> <FuncUnit> <Opcode : 'select'> <InPorts = 3> <OutPorts = 1>
ST_1 : Operation 87 [1/1] (0.00ns)   --->   "%zext_ln1547_154 = zext i15 %select_ln55_156"   --->   Operation 87 'zext' 'zext_ln1547_154' <Predicate = true> <Delay = 0.00>
ST_1 : Operation 88 [1/1] (1.18ns)   --->   "%icmp_ln1547_7 = icmp_sgt  i16 %p_read739, i16 0"   --->   Operation 88 'icmp' 'icmp_ln1547_7' <Predicate = true> <Delay = 1.18> <CoreInst = "Cmp">   --->   Core 9 'Cmp' <Latency = 0> <II = 1> <Delay = 1.18> <FuncUnit> <Opcode : 'icmp'> <InPorts = 2> <OutPorts = 1>
ST_1 : Operation 89 [1/1] (0.56ns)   --->   "%select_ln55_157 = select i1 %icmp_ln1547_7, i15 %trunc_ln39_174, i15 0" [src/nnet_utils/nnet_activation.h:55]   --->   Operation 89 'select' 'select_ln55_157' <Predicate = true> <Delay = 0.56> <CoreInst = "Sel">   --->   Core 73 'Sel' <Latency = 0> <II = 1> <Delay = 0.56> <FuncUnit> <Opcode : 'select'> <InPorts = 3> <OutPorts = 1>
ST_1 : Operation 90 [1/1] (0.00ns)   --->   "%zext_ln1547_155 = zext i15 %select_ln55_157"   --->   Operation 90 'zext' 'zext_ln1547_155' <Predicate = true> <Delay = 0.00>
ST_1 : Operation 91 [1/1] (1.18ns)   --->   "%icmp_ln1547_8 = icmp_sgt  i16 %p_read840, i16 0"   --->   Operation 91 'icmp' 'icmp_ln1547_8' <Predicate = true> <Delay = 1.18> <CoreInst = "Cmp">   --->   Core 9 'Cmp' <Latency = 0> <II = 1> <Delay = 1.18> <FuncUnit> <Opcode : 'icmp'> <InPorts = 2> <OutPorts = 1>
ST_1 : Operation 92 [1/1] (0.56ns)   --->   "%select_ln55_158 = select i1 %icmp_ln1547_8, i15 %trunc_ln39_173, i15 0" [src/nnet_utils/nnet_activation.h:55]   --->   Operation 92 'select' 'select_ln55_158' <Predicate = true> <Delay = 0.56> <CoreInst = "Sel">   --->   Core 73 'Sel' <Latency = 0> <II = 1> <Delay = 0.56> <FuncUnit> <Opcode : 'select'> <InPorts = 3> <OutPorts = 1>
ST_1 : Operation 93 [1/1] (0.00ns)   --->   "%zext_ln1547_156 = zext i15 %select_ln55_158"   --->   Operation 93 'zext' 'zext_ln1547_156' <Predicate = true> <Delay = 0.00>
ST_1 : Operation 94 [1/1] (1.18ns)   --->   "%icmp_ln1547_9 = icmp_sgt  i16 %p_read941, i16 0"   --->   Operation 94 'icmp' 'icmp_ln1547_9' <Predicate = true> <Delay = 1.18> <CoreInst = "Cmp">   --->   Core 9 'Cmp' <Latency = 0> <II = 1> <Delay = 1.18> <FuncUnit> <Opcode : 'icmp'> <InPorts = 2> <OutPorts = 1>
ST_1 : Operation 95 [1/1] (0.56ns)   --->   "%select_ln55_159 = select i1 %icmp_ln1547_9, i15 %trunc_ln39_172, i15 0" [src/nnet_utils/nnet_activation.h:55]   --->   Operation 95 'select' 'select_ln55_159' <Predicate = true> <Delay = 0.56> <CoreInst = "Sel">   --->   Core 73 'Sel' <Latency = 0> <II = 1> <Delay = 0.56> <FuncUnit> <Opcode : 'select'> <InPorts = 3> <OutPorts = 1>
ST_1 : Operation 96 [1/1] (0.00ns)   --->   "%zext_ln1547_157 = zext i15 %select_ln55_159"   --->   Operation 96 'zext' 'zext_ln1547_157' <Predicate = true> <Delay = 0.00>
ST_1 : Operation 97 [1/1] (1.18ns)   --->   "%icmp_ln1547_10 = icmp_sgt  i16 %p_read1042, i16 0"   --->   Operation 97 'icmp' 'icmp_ln1547_10' <Predicate = true> <Delay = 1.18> <CoreInst = "Cmp">   --->   Core 9 'Cmp' <Latency = 0> <II = 1> <Delay = 1.18> <FuncUnit> <Opcode : 'icmp'> <InPorts = 2> <OutPorts = 1>
ST_1 : Operation 98 [1/1] (0.56ns)   --->   "%select_ln55_160 = select i1 %icmp_ln1547_10, i15 %trunc_ln39_171, i15 0" [src/nnet_utils/nnet_activation.h:55]   --->   Operation 98 'select' 'select_ln55_160' <Predicate = true> <Delay = 0.56> <CoreInst = "Sel">   --->   Core 73 'Sel' <Latency = 0> <II = 1> <Delay = 0.56> <FuncUnit> <Opcode : 'select'> <InPorts = 3> <OutPorts = 1>
ST_1 : Operation 99 [1/1] (0.00ns)   --->   "%zext_ln1547_158 = zext i15 %select_ln55_160"   --->   Operation 99 'zext' 'zext_ln1547_158' <Predicate = true> <Delay = 0.00>
ST_1 : Operation 100 [1/1] (1.18ns)   --->   "%icmp_ln1547_11 = icmp_sgt  i16 %p_read1143, i16 0"   --->   Operation 100 'icmp' 'icmp_ln1547_11' <Predicate = true> <Delay = 1.18> <CoreInst = "Cmp">   --->   Core 9 'Cmp' <Latency = 0> <II = 1> <Delay = 1.18> <FuncUnit> <Opcode : 'icmp'> <InPorts = 2> <OutPorts = 1>
ST_1 : Operation 101 [1/1] (0.56ns)   --->   "%select_ln55_161 = select i1 %icmp_ln1547_11, i15 %trunc_ln39_170, i15 0" [src/nnet_utils/nnet_activation.h:55]   --->   Operation 101 'select' 'select_ln55_161' <Predicate = true> <Delay = 0.56> <CoreInst = "Sel">   --->   Core 73 'Sel' <Latency = 0> <II = 1> <Delay = 0.56> <FuncUnit> <Opcode : 'select'> <InPorts = 3> <OutPorts = 1>
ST_1 : Operation 102 [1/1] (0.00ns)   --->   "%zext_ln1547_159 = zext i15 %select_ln55_161"   --->   Operation 102 'zext' 'zext_ln1547_159' <Predicate = true> <Delay = 0.00>
ST_1 : Operation 103 [1/1] (1.18ns)   --->   "%icmp_ln1547_12 = icmp_sgt  i16 %p_read_145, i16 0"   --->   Operation 103 'icmp' 'icmp_ln1547_12' <Predicate = true> <Delay = 1.18> <CoreInst = "Cmp">   --->   Core 9 'Cmp' <Latency = 0> <II = 1> <Delay = 1.18> <FuncUnit> <Opcode : 'icmp'> <InPorts = 2> <OutPorts = 1>
ST_1 : Operation 104 [1/1] (0.56ns)   --->   "%select_ln55_162 = select i1 %icmp_ln1547_12, i15 %trunc_ln39_169, i15 0" [src/nnet_utils/nnet_activation.h:55]   --->   Operation 104 'select' 'select_ln55_162' <Predicate = true> <Delay = 0.56> <CoreInst = "Sel">   --->   Core 73 'Sel' <Latency = 0> <II = 1> <Delay = 0.56> <FuncUnit> <Opcode : 'select'> <InPorts = 3> <OutPorts = 1>
ST_1 : Operation 105 [1/1] (0.00ns)   --->   "%zext_ln1547_160 = zext i15 %select_ln55_162"   --->   Operation 105 'zext' 'zext_ln1547_160' <Predicate = true> <Delay = 0.00>
ST_1 : Operation 106 [1/1] (1.18ns)   --->   "%icmp_ln1547_13 = icmp_sgt  i16 %p_read_144, i16 0"   --->   Operation 106 'icmp' 'icmp_ln1547_13' <Predicate = true> <Delay = 1.18> <CoreInst = "Cmp">   --->   Core 9 'Cmp' <Latency = 0> <II = 1> <Delay = 1.18> <FuncUnit> <Opcode : 'icmp'> <InPorts = 2> <OutPorts = 1>
ST_1 : Operation 107 [1/1] (0.56ns)   --->   "%select_ln55_163 = select i1 %icmp_ln1547_13, i15 %trunc_ln39_168, i15 0" [src/nnet_utils/nnet_activation.h:55]   --->   Operation 107 'select' 'select_ln55_163' <Predicate = true> <Delay = 0.56> <CoreInst = "Sel">   --->   Core 73 'Sel' <Latency = 0> <II = 1> <Delay = 0.56> <FuncUnit> <Opcode : 'select'> <InPorts = 3> <OutPorts = 1>
ST_1 : Operation 108 [1/1] (0.00ns)   --->   "%zext_ln1547_161 = zext i15 %select_ln55_163"   --->   Operation 108 'zext' 'zext_ln1547_161' <Predicate = true> <Delay = 0.00>
ST_1 : Operation 109 [1/1] (1.18ns)   --->   "%icmp_ln1547_14 = icmp_sgt  i16 %p_read_143, i16 0"   --->   Operation 109 'icmp' 'icmp_ln1547_14' <Predicate = true> <Delay = 1.18> <CoreInst = "Cmp">   --->   Core 9 'Cmp' <Latency = 0> <II = 1> <Delay = 1.18> <FuncUnit> <Opcode : 'icmp'> <InPorts = 2> <OutPorts = 1>
ST_1 : Operation 110 [1/1] (0.56ns)   --->   "%select_ln55_164 = select i1 %icmp_ln1547_14, i15 %trunc_ln39_167, i15 0" [src/nnet_utils/nnet_activation.h:55]   --->   Operation 110 'select' 'select_ln55_164' <Predicate = true> <Delay = 0.56> <CoreInst = "Sel">   --->   Core 73 'Sel' <Latency = 0> <II = 1> <Delay = 0.56> <FuncUnit> <Opcode : 'select'> <InPorts = 3> <OutPorts = 1>
ST_1 : Operation 111 [1/1] (0.00ns)   --->   "%zext_ln1547_162 = zext i15 %select_ln55_164"   --->   Operation 111 'zext' 'zext_ln1547_162' <Predicate = true> <Delay = 0.00>
ST_1 : Operation 112 [1/1] (1.18ns)   --->   "%icmp_ln1547_15 = icmp_sgt  i16 %p_read_142, i16 0"   --->   Operation 112 'icmp' 'icmp_ln1547_15' <Predicate = true> <Delay = 1.18> <CoreInst = "Cmp">   --->   Core 9 'Cmp' <Latency = 0> <II = 1> <Delay = 1.18> <FuncUnit> <Opcode : 'icmp'> <InPorts = 2> <OutPorts = 1>
ST_1 : Operation 113 [1/1] (0.56ns)   --->   "%select_ln55_165 = select i1 %icmp_ln1547_15, i15 %trunc_ln39_166, i15 0" [src/nnet_utils/nnet_activation.h:55]   --->   Operation 113 'select' 'select_ln55_165' <Predicate = true> <Delay = 0.56> <CoreInst = "Sel">   --->   Core 73 'Sel' <Latency = 0> <II = 1> <Delay = 0.56> <FuncUnit> <Opcode : 'select'> <InPorts = 3> <OutPorts = 1>
ST_1 : Operation 114 [1/1] (0.00ns)   --->   "%zext_ln1547_163 = zext i15 %select_ln55_165"   --->   Operation 114 'zext' 'zext_ln1547_163' <Predicate = true> <Delay = 0.00>
ST_1 : Operation 115 [1/1] (1.18ns)   --->   "%icmp_ln1547_16 = icmp_sgt  i16 %p_read_141, i16 0"   --->   Operation 115 'icmp' 'icmp_ln1547_16' <Predicate = true> <Delay = 1.18> <CoreInst = "Cmp">   --->   Core 9 'Cmp' <Latency = 0> <II = 1> <Delay = 1.18> <FuncUnit> <Opcode : 'icmp'> <InPorts = 2> <OutPorts = 1>
ST_1 : Operation 116 [1/1] (0.56ns)   --->   "%select_ln55_166 = select i1 %icmp_ln1547_16, i15 %trunc_ln39_165, i15 0" [src/nnet_utils/nnet_activation.h:55]   --->   Operation 116 'select' 'select_ln55_166' <Predicate = true> <Delay = 0.56> <CoreInst = "Sel">   --->   Core 73 'Sel' <Latency = 0> <II = 1> <Delay = 0.56> <FuncUnit> <Opcode : 'select'> <InPorts = 3> <OutPorts = 1>
ST_1 : Operation 117 [1/1] (0.00ns)   --->   "%zext_ln1547_164 = zext i15 %select_ln55_166"   --->   Operation 117 'zext' 'zext_ln1547_164' <Predicate = true> <Delay = 0.00>
ST_1 : Operation 118 [1/1] (1.18ns)   --->   "%icmp_ln1547_17 = icmp_sgt  i16 %p_read_140, i16 0"   --->   Operation 118 'icmp' 'icmp_ln1547_17' <Predicate = true> <Delay = 1.18> <CoreInst = "Cmp">   --->   Core 9 'Cmp' <Latency = 0> <II = 1> <Delay = 1.18> <FuncUnit> <Opcode : 'icmp'> <InPorts = 2> <OutPorts = 1>
ST_1 : Operation 119 [1/1] (0.56ns)   --->   "%select_ln55_167 = select i1 %icmp_ln1547_17, i15 %trunc_ln39_164, i15 0" [src/nnet_utils/nnet_activation.h:55]   --->   Operation 119 'select' 'select_ln55_167' <Predicate = true> <Delay = 0.56> <CoreInst = "Sel">   --->   Core 73 'Sel' <Latency = 0> <II = 1> <Delay = 0.56> <FuncUnit> <Opcode : 'select'> <InPorts = 3> <OutPorts = 1>
ST_1 : Operation 120 [1/1] (0.00ns)   --->   "%zext_ln1547_165 = zext i15 %select_ln55_167"   --->   Operation 120 'zext' 'zext_ln1547_165' <Predicate = true> <Delay = 0.00>
ST_1 : Operation 121 [1/1] (1.18ns)   --->   "%icmp_ln1547_18 = icmp_sgt  i16 %p_read_139, i16 0"   --->   Operation 121 'icmp' 'icmp_ln1547_18' <Predicate = true> <Delay = 1.18> <CoreInst = "Cmp">   --->   Core 9 'Cmp' <Latency = 0> <II = 1> <Delay = 1.18> <FuncUnit> <Opcode : 'icmp'> <InPorts = 2> <OutPorts = 1>
ST_1 : Operation 122 [1/1] (0.56ns)   --->   "%select_ln55_168 = select i1 %icmp_ln1547_18, i15 %trunc_ln39_163, i15 0" [src/nnet_utils/nnet_activation.h:55]   --->   Operation 122 'select' 'select_ln55_168' <Predicate = true> <Delay = 0.56> <CoreInst = "Sel">   --->   Core 73 'Sel' <Latency = 0> <II = 1> <Delay = 0.56> <FuncUnit> <Opcode : 'select'> <InPorts = 3> <OutPorts = 1>
ST_1 : Operation 123 [1/1] (0.00ns)   --->   "%zext_ln1547_166 = zext i15 %select_ln55_168"   --->   Operation 123 'zext' 'zext_ln1547_166' <Predicate = true> <Delay = 0.00>
ST_1 : Operation 124 [1/1] (1.18ns)   --->   "%icmp_ln1547_19 = icmp_sgt  i16 %p_read_138, i16 0"   --->   Operation 124 'icmp' 'icmp_ln1547_19' <Predicate = true> <Delay = 1.18> <CoreInst = "Cmp">   --->   Core 9 'Cmp' <Latency = 0> <II = 1> <Delay = 1.18> <FuncUnit> <Opcode : 'icmp'> <InPorts = 2> <OutPorts = 1>
ST_1 : Operation 125 [1/1] (0.56ns)   --->   "%select_ln55_169 = select i1 %icmp_ln1547_19, i15 %trunc_ln39_162, i15 0" [src/nnet_utils/nnet_activation.h:55]   --->   Operation 125 'select' 'select_ln55_169' <Predicate = true> <Delay = 0.56> <CoreInst = "Sel">   --->   Core 73 'Sel' <Latency = 0> <II = 1> <Delay = 0.56> <FuncUnit> <Opcode : 'select'> <InPorts = 3> <OutPorts = 1>
ST_1 : Operation 126 [1/1] (0.00ns)   --->   "%zext_ln1547_167 = zext i15 %select_ln55_169"   --->   Operation 126 'zext' 'zext_ln1547_167' <Predicate = true> <Delay = 0.00>
ST_1 : Operation 127 [1/1] (1.18ns)   --->   "%icmp_ln1547_20 = icmp_sgt  i16 %p_read2052, i16 0"   --->   Operation 127 'icmp' 'icmp_ln1547_20' <Predicate = true> <Delay = 1.18> <CoreInst = "Cmp">   --->   Core 9 'Cmp' <Latency = 0> <II = 1> <Delay = 1.18> <FuncUnit> <Opcode : 'icmp'> <InPorts = 2> <OutPorts = 1>
ST_1 : Operation 128 [1/1] (0.56ns)   --->   "%select_ln55_170 = select i1 %icmp_ln1547_20, i15 %trunc_ln39_161, i15 0" [src/nnet_utils/nnet_activation.h:55]   --->   Operation 128 'select' 'select_ln55_170' <Predicate = true> <Delay = 0.56> <CoreInst = "Sel">   --->   Core 73 'Sel' <Latency = 0> <II = 1> <Delay = 0.56> <FuncUnit> <Opcode : 'select'> <InPorts = 3> <OutPorts = 1>
ST_1 : Operation 129 [1/1] (0.00ns)   --->   "%zext_ln1547_168 = zext i15 %select_ln55_170"   --->   Operation 129 'zext' 'zext_ln1547_168' <Predicate = true> <Delay = 0.00>
ST_1 : Operation 130 [1/1] (1.18ns)   --->   "%icmp_ln1547_21 = icmp_sgt  i16 %p_read_137, i16 0"   --->   Operation 130 'icmp' 'icmp_ln1547_21' <Predicate = true> <Delay = 1.18> <CoreInst = "Cmp">   --->   Core 9 'Cmp' <Latency = 0> <II = 1> <Delay = 1.18> <FuncUnit> <Opcode : 'icmp'> <InPorts = 2> <OutPorts = 1>
ST_1 : Operation 131 [1/1] (0.56ns)   --->   "%select_ln55_171 = select i1 %icmp_ln1547_21, i15 %trunc_ln39_160, i15 0" [src/nnet_utils/nnet_activation.h:55]   --->   Operation 131 'select' 'select_ln55_171' <Predicate = true> <Delay = 0.56> <CoreInst = "Sel">   --->   Core 73 'Sel' <Latency = 0> <II = 1> <Delay = 0.56> <FuncUnit> <Opcode : 'select'> <InPorts = 3> <OutPorts = 1>
ST_1 : Operation 132 [1/1] (0.00ns)   --->   "%zext_ln1547_169 = zext i15 %select_ln55_171"   --->   Operation 132 'zext' 'zext_ln1547_169' <Predicate = true> <Delay = 0.00>
ST_1 : Operation 133 [1/1] (1.18ns)   --->   "%icmp_ln1547_22 = icmp_sgt  i16 %p_read_136, i16 0"   --->   Operation 133 'icmp' 'icmp_ln1547_22' <Predicate = true> <Delay = 1.18> <CoreInst = "Cmp">   --->   Core 9 'Cmp' <Latency = 0> <II = 1> <Delay = 1.18> <FuncUnit> <Opcode : 'icmp'> <InPorts = 2> <OutPorts = 1>
ST_1 : Operation 134 [1/1] (0.56ns)   --->   "%select_ln55_172 = select i1 %icmp_ln1547_22, i15 %trunc_ln39_159, i15 0" [src/nnet_utils/nnet_activation.h:55]   --->   Operation 134 'select' 'select_ln55_172' <Predicate = true> <Delay = 0.56> <CoreInst = "Sel">   --->   Core 73 'Sel' <Latency = 0> <II = 1> <Delay = 0.56> <FuncUnit> <Opcode : 'select'> <InPorts = 3> <OutPorts = 1>
ST_1 : Operation 135 [1/1] (0.00ns)   --->   "%zext_ln1547_170 = zext i15 %select_ln55_172"   --->   Operation 135 'zext' 'zext_ln1547_170' <Predicate = true> <Delay = 0.00>
ST_1 : Operation 136 [1/1] (1.18ns)   --->   "%icmp_ln1547_23 = icmp_sgt  i16 %p_read_135, i16 0"   --->   Operation 136 'icmp' 'icmp_ln1547_23' <Predicate = true> <Delay = 1.18> <CoreInst = "Cmp">   --->   Core 9 'Cmp' <Latency = 0> <II = 1> <Delay = 1.18> <FuncUnit> <Opcode : 'icmp'> <InPorts = 2> <OutPorts = 1>
ST_1 : Operation 137 [1/1] (0.56ns)   --->   "%select_ln55_173 = select i1 %icmp_ln1547_23, i15 %trunc_ln39_158, i15 0" [src/nnet_utils/nnet_activation.h:55]   --->   Operation 137 'select' 'select_ln55_173' <Predicate = true> <Delay = 0.56> <CoreInst = "Sel">   --->   Core 73 'Sel' <Latency = 0> <II = 1> <Delay = 0.56> <FuncUnit> <Opcode : 'select'> <InPorts = 3> <OutPorts = 1>
ST_1 : Operation 138 [1/1] (0.00ns)   --->   "%zext_ln1547_171 = zext i15 %select_ln55_173"   --->   Operation 138 'zext' 'zext_ln1547_171' <Predicate = true> <Delay = 0.00>
ST_1 : Operation 139 [1/1] (1.18ns)   --->   "%icmp_ln1547_24 = icmp_sgt  i16 %p_read_134, i16 0"   --->   Operation 139 'icmp' 'icmp_ln1547_24' <Predicate = true> <Delay = 1.18> <CoreInst = "Cmp">   --->   Core 9 'Cmp' <Latency = 0> <II = 1> <Delay = 1.18> <FuncUnit> <Opcode : 'icmp'> <InPorts = 2> <OutPorts = 1>
ST_1 : Operation 140 [1/1] (0.56ns)   --->   "%select_ln55_174 = select i1 %icmp_ln1547_24, i15 %trunc_ln39_157, i15 0" [src/nnet_utils/nnet_activation.h:55]   --->   Operation 140 'select' 'select_ln55_174' <Predicate = true> <Delay = 0.56> <CoreInst = "Sel">   --->   Core 73 'Sel' <Latency = 0> <II = 1> <Delay = 0.56> <FuncUnit> <Opcode : 'select'> <InPorts = 3> <OutPorts = 1>
ST_1 : Operation 141 [1/1] (0.00ns)   --->   "%zext_ln1547_172 = zext i15 %select_ln55_174"   --->   Operation 141 'zext' 'zext_ln1547_172' <Predicate = true> <Delay = 0.00>
ST_1 : Operation 142 [1/1] (1.18ns)   --->   "%icmp_ln1547_25 = icmp_sgt  i16 %p_read_133, i16 0"   --->   Operation 142 'icmp' 'icmp_ln1547_25' <Predicate = true> <Delay = 1.18> <CoreInst = "Cmp">   --->   Core 9 'Cmp' <Latency = 0> <II = 1> <Delay = 1.18> <FuncUnit> <Opcode : 'icmp'> <InPorts = 2> <OutPorts = 1>
ST_1 : Operation 143 [1/1] (0.56ns)   --->   "%select_ln55_175 = select i1 %icmp_ln1547_25, i15 %trunc_ln39_156, i15 0" [src/nnet_utils/nnet_activation.h:55]   --->   Operation 143 'select' 'select_ln55_175' <Predicate = true> <Delay = 0.56> <CoreInst = "Sel">   --->   Core 73 'Sel' <Latency = 0> <II = 1> <Delay = 0.56> <FuncUnit> <Opcode : 'select'> <InPorts = 3> <OutPorts = 1>
ST_1 : Operation 144 [1/1] (0.00ns)   --->   "%zext_ln1547_173 = zext i15 %select_ln55_175"   --->   Operation 144 'zext' 'zext_ln1547_173' <Predicate = true> <Delay = 0.00>
ST_1 : Operation 145 [1/1] (1.18ns)   --->   "%icmp_ln1547_26 = icmp_sgt  i16 %p_read_132, i16 0"   --->   Operation 145 'icmp' 'icmp_ln1547_26' <Predicate = true> <Delay = 1.18> <CoreInst = "Cmp">   --->   Core 9 'Cmp' <Latency = 0> <II = 1> <Delay = 1.18> <FuncUnit> <Opcode : 'icmp'> <InPorts = 2> <OutPorts = 1>
ST_1 : Operation 146 [1/1] (0.56ns)   --->   "%select_ln55_176 = select i1 %icmp_ln1547_26, i15 %trunc_ln39_155, i15 0" [src/nnet_utils/nnet_activation.h:55]   --->   Operation 146 'select' 'select_ln55_176' <Predicate = true> <Delay = 0.56> <CoreInst = "Sel">   --->   Core 73 'Sel' <Latency = 0> <II = 1> <Delay = 0.56> <FuncUnit> <Opcode : 'select'> <InPorts = 3> <OutPorts = 1>
ST_1 : Operation 147 [1/1] (0.00ns)   --->   "%zext_ln1547_174 = zext i15 %select_ln55_176"   --->   Operation 147 'zext' 'zext_ln1547_174' <Predicate = true> <Delay = 0.00>
ST_1 : Operation 148 [1/1] (1.18ns)   --->   "%icmp_ln1547_27 = icmp_sgt  i16 %p_read_131, i16 0"   --->   Operation 148 'icmp' 'icmp_ln1547_27' <Predicate = true> <Delay = 1.18> <CoreInst = "Cmp">   --->   Core 9 'Cmp' <Latency = 0> <II = 1> <Delay = 1.18> <FuncUnit> <Opcode : 'icmp'> <InPorts = 2> <OutPorts = 1>
ST_1 : Operation 149 [1/1] (0.56ns)   --->   "%select_ln55_177 = select i1 %icmp_ln1547_27, i15 %trunc_ln39_154, i15 0" [src/nnet_utils/nnet_activation.h:55]   --->   Operation 149 'select' 'select_ln55_177' <Predicate = true> <Delay = 0.56> <CoreInst = "Sel">   --->   Core 73 'Sel' <Latency = 0> <II = 1> <Delay = 0.56> <FuncUnit> <Opcode : 'select'> <InPorts = 3> <OutPorts = 1>
ST_1 : Operation 150 [1/1] (0.00ns)   --->   "%zext_ln1547_175 = zext i15 %select_ln55_177"   --->   Operation 150 'zext' 'zext_ln1547_175' <Predicate = true> <Delay = 0.00>
ST_1 : Operation 151 [1/1] (1.18ns)   --->   "%icmp_ln1547_28 = icmp_sgt  i16 %p_read_130, i16 0"   --->   Operation 151 'icmp' 'icmp_ln1547_28' <Predicate = true> <Delay = 1.18> <CoreInst = "Cmp">   --->   Core 9 'Cmp' <Latency = 0> <II = 1> <Delay = 1.18> <FuncUnit> <Opcode : 'icmp'> <InPorts = 2> <OutPorts = 1>
ST_1 : Operation 152 [1/1] (0.56ns)   --->   "%select_ln55_178 = select i1 %icmp_ln1547_28, i15 %trunc_ln39_153, i15 0" [src/nnet_utils/nnet_activation.h:55]   --->   Operation 152 'select' 'select_ln55_178' <Predicate = true> <Delay = 0.56> <CoreInst = "Sel">   --->   Core 73 'Sel' <Latency = 0> <II = 1> <Delay = 0.56> <FuncUnit> <Opcode : 'select'> <InPorts = 3> <OutPorts = 1>
ST_1 : Operation 153 [1/1] (0.00ns)   --->   "%zext_ln1547_176 = zext i15 %select_ln55_178"   --->   Operation 153 'zext' 'zext_ln1547_176' <Predicate = true> <Delay = 0.00>
ST_1 : Operation 154 [1/1] (1.18ns)   --->   "%icmp_ln1547_29 = icmp_sgt  i16 %p_read_129, i16 0"   --->   Operation 154 'icmp' 'icmp_ln1547_29' <Predicate = true> <Delay = 1.18> <CoreInst = "Cmp">   --->   Core 9 'Cmp' <Latency = 0> <II = 1> <Delay = 1.18> <FuncUnit> <Opcode : 'icmp'> <InPorts = 2> <OutPorts = 1>
ST_1 : Operation 155 [1/1] (0.56ns)   --->   "%select_ln55_179 = select i1 %icmp_ln1547_29, i15 %trunc_ln39_152, i15 0" [src/nnet_utils/nnet_activation.h:55]   --->   Operation 155 'select' 'select_ln55_179' <Predicate = true> <Delay = 0.56> <CoreInst = "Sel">   --->   Core 73 'Sel' <Latency = 0> <II = 1> <Delay = 0.56> <FuncUnit> <Opcode : 'select'> <InPorts = 3> <OutPorts = 1>
ST_1 : Operation 156 [1/1] (0.00ns)   --->   "%zext_ln1547_177 = zext i15 %select_ln55_179"   --->   Operation 156 'zext' 'zext_ln1547_177' <Predicate = true> <Delay = 0.00>
ST_1 : Operation 157 [1/1] (1.18ns)   --->   "%icmp_ln1547_30 = icmp_sgt  i16 %p_read3062, i16 0"   --->   Operation 157 'icmp' 'icmp_ln1547_30' <Predicate = true> <Delay = 1.18> <CoreInst = "Cmp">   --->   Core 9 'Cmp' <Latency = 0> <II = 1> <Delay = 1.18> <FuncUnit> <Opcode : 'icmp'> <InPorts = 2> <OutPorts = 1>
ST_1 : Operation 158 [1/1] (0.56ns)   --->   "%select_ln55_180 = select i1 %icmp_ln1547_30, i15 %trunc_ln39_151, i15 0" [src/nnet_utils/nnet_activation.h:55]   --->   Operation 158 'select' 'select_ln55_180' <Predicate = true> <Delay = 0.56> <CoreInst = "Sel">   --->   Core 73 'Sel' <Latency = 0> <II = 1> <Delay = 0.56> <FuncUnit> <Opcode : 'select'> <InPorts = 3> <OutPorts = 1>
ST_1 : Operation 159 [1/1] (0.00ns)   --->   "%zext_ln1547_178 = zext i15 %select_ln55_180"   --->   Operation 159 'zext' 'zext_ln1547_178' <Predicate = true> <Delay = 0.00>
ST_1 : Operation 160 [1/1] (1.18ns)   --->   "%icmp_ln1547_31 = icmp_sgt  i16 %p_read_128, i16 0"   --->   Operation 160 'icmp' 'icmp_ln1547_31' <Predicate = true> <Delay = 1.18> <CoreInst = "Cmp">   --->   Core 9 'Cmp' <Latency = 0> <II = 1> <Delay = 1.18> <FuncUnit> <Opcode : 'icmp'> <InPorts = 2> <OutPorts = 1>
ST_1 : Operation 161 [1/1] (0.56ns)   --->   "%select_ln55_181 = select i1 %icmp_ln1547_31, i15 %trunc_ln39, i15 0" [src/nnet_utils/nnet_activation.h:55]   --->   Operation 161 'select' 'select_ln55_181' <Predicate = true> <Delay = 0.56> <CoreInst = "Sel">   --->   Core 73 'Sel' <Latency = 0> <II = 1> <Delay = 0.56> <FuncUnit> <Opcode : 'select'> <InPorts = 3> <OutPorts = 1>
ST_1 : Operation 162 [1/1] (0.00ns)   --->   "%zext_ln62 = zext i15 %select_ln55_181" [src/nnet_utils/nnet_activation.h:62]   --->   Operation 162 'zext' 'zext_ln62' <Predicate = true> <Delay = 0.00>
ST_1 : Operation 163 [1/1] (0.00ns)   --->   "%mrv = insertvalue i512 <undef>, i16 %zext_ln1547" [src/nnet_utils/nnet_activation.h:62]   --->   Operation 163 'insertvalue' 'mrv' <Predicate = true> <Delay = 0.00>
ST_1 : Operation 164 [1/1] (0.00ns)   --->   "%mrv_1 = insertvalue i512 %mrv, i16 %zext_ln1547_149" [src/nnet_utils/nnet_activation.h:62]   --->   Operation 164 'insertvalue' 'mrv_1' <Predicate = true> <Delay = 0.00>
ST_1 : Operation 165 [1/1] (0.00ns)   --->   "%mrv_2 = insertvalue i512 %mrv_1, i16 %zext_ln1547_150" [src/nnet_utils/nnet_activation.h:62]   --->   Operation 165 'insertvalue' 'mrv_2' <Predicate = true> <Delay = 0.00>
ST_1 : Operation 166 [1/1] (0.00ns)   --->   "%mrv_3 = insertvalue i512 %mrv_2, i16 %zext_ln1547_151" [src/nnet_utils/nnet_activation.h:62]   --->   Operation 166 'insertvalue' 'mrv_3' <Predicate = true> <Delay = 0.00>
ST_1 : Operation 167 [1/1] (0.00ns)   --->   "%mrv_4 = insertvalue i512 %mrv_3, i16 %zext_ln1547_152" [src/nnet_utils/nnet_activation.h:62]   --->   Operation 167 'insertvalue' 'mrv_4' <Predicate = true> <Delay = 0.00>
ST_1 : Operation 168 [1/1] (0.00ns)   --->   "%mrv_5 = insertvalue i512 %mrv_4, i16 %zext_ln1547_153" [src/nnet_utils/nnet_activation.h:62]   --->   Operation 168 'insertvalue' 'mrv_5' <Predicate = true> <Delay = 0.00>
ST_1 : Operation 169 [1/1] (0.00ns)   --->   "%mrv_6 = insertvalue i512 %mrv_5, i16 %zext_ln1547_154" [src/nnet_utils/nnet_activation.h:62]   --->   Operation 169 'insertvalue' 'mrv_6' <Predicate = true> <Delay = 0.00>
ST_1 : Operation 170 [1/1] (0.00ns)   --->   "%mrv_7 = insertvalue i512 %mrv_6, i16 %zext_ln1547_155" [src/nnet_utils/nnet_activation.h:62]   --->   Operation 170 'insertvalue' 'mrv_7' <Predicate = true> <Delay = 0.00>
ST_1 : Operation 171 [1/1] (0.00ns)   --->   "%mrv_8 = insertvalue i512 %mrv_7, i16 %zext_ln1547_156" [src/nnet_utils/nnet_activation.h:62]   --->   Operation 171 'insertvalue' 'mrv_8' <Predicate = true> <Delay = 0.00>
ST_1 : Operation 172 [1/1] (0.00ns)   --->   "%mrv_9 = insertvalue i512 %mrv_8, i16 %zext_ln1547_157" [src/nnet_utils/nnet_activation.h:62]   --->   Operation 172 'insertvalue' 'mrv_9' <Predicate = true> <Delay = 0.00>
ST_1 : Operation 173 [1/1] (0.00ns)   --->   "%mrv_s = insertvalue i512 %mrv_9, i16 %zext_ln1547_158" [src/nnet_utils/nnet_activation.h:62]   --->   Operation 173 'insertvalue' 'mrv_s' <Predicate = true> <Delay = 0.00>
ST_1 : Operation 174 [1/1] (0.00ns)   --->   "%mrv_10 = insertvalue i512 %mrv_s, i16 %zext_ln1547_159" [src/nnet_utils/nnet_activation.h:62]   --->   Operation 174 'insertvalue' 'mrv_10' <Predicate = true> <Delay = 0.00>
ST_1 : Operation 175 [1/1] (0.00ns)   --->   "%mrv_11 = insertvalue i512 %mrv_10, i16 %zext_ln1547_160" [src/nnet_utils/nnet_activation.h:62]   --->   Operation 175 'insertvalue' 'mrv_11' <Predicate = true> <Delay = 0.00>
ST_1 : Operation 176 [1/1] (0.00ns)   --->   "%mrv_12 = insertvalue i512 %mrv_11, i16 %zext_ln1547_161" [src/nnet_utils/nnet_activation.h:62]   --->   Operation 176 'insertvalue' 'mrv_12' <Predicate = true> <Delay = 0.00>
ST_1 : Operation 177 [1/1] (0.00ns)   --->   "%mrv_13 = insertvalue i512 %mrv_12, i16 %zext_ln1547_162" [src/nnet_utils/nnet_activation.h:62]   --->   Operation 177 'insertvalue' 'mrv_13' <Predicate = true> <Delay = 0.00>
ST_1 : Operation 178 [1/1] (0.00ns)   --->   "%mrv_14 = insertvalue i512 %mrv_13, i16 %zext_ln1547_163" [src/nnet_utils/nnet_activation.h:62]   --->   Operation 178 'insertvalue' 'mrv_14' <Predicate = true> <Delay = 0.00>
ST_1 : Operation 179 [1/1] (0.00ns)   --->   "%mrv_15 = insertvalue i512 %mrv_14, i16 %zext_ln1547_164" [src/nnet_utils/nnet_activation.h:62]   --->   Operation 179 'insertvalue' 'mrv_15' <Predicate = true> <Delay = 0.00>
ST_1 : Operation 180 [1/1] (0.00ns)   --->   "%mrv_16 = insertvalue i512 %mrv_15, i16 %zext_ln1547_165" [src/nnet_utils/nnet_activation.h:62]   --->   Operation 180 'insertvalue' 'mrv_16' <Predicate = true> <Delay = 0.00>
ST_1 : Operation 181 [1/1] (0.00ns)   --->   "%mrv_17 = insertvalue i512 %mrv_16, i16 %zext_ln1547_166" [src/nnet_utils/nnet_activation.h:62]   --->   Operation 181 'insertvalue' 'mrv_17' <Predicate = true> <Delay = 0.00>
ST_1 : Operation 182 [1/1] (0.00ns)   --->   "%mrv_18 = insertvalue i512 %mrv_17, i16 %zext_ln1547_167" [src/nnet_utils/nnet_activation.h:62]   --->   Operation 182 'insertvalue' 'mrv_18' <Predicate = true> <Delay = 0.00>
ST_1 : Operation 183 [1/1] (0.00ns)   --->   "%mrv_19 = insertvalue i512 %mrv_18, i16 %zext_ln1547_168" [src/nnet_utils/nnet_activation.h:62]   --->   Operation 183 'insertvalue' 'mrv_19' <Predicate = true> <Delay = 0.00>
ST_1 : Operation 184 [1/1] (0.00ns)   --->   "%mrv_20 = insertvalue i512 %mrv_19, i16 %zext_ln1547_169" [src/nnet_utils/nnet_activation.h:62]   --->   Operation 184 'insertvalue' 'mrv_20' <Predicate = true> <Delay = 0.00>
ST_1 : Operation 185 [1/1] (0.00ns)   --->   "%mrv_21 = insertvalue i512 %mrv_20, i16 %zext_ln1547_170" [src/nnet_utils/nnet_activation.h:62]   --->   Operation 185 'insertvalue' 'mrv_21' <Predicate = true> <Delay = 0.00>
ST_1 : Operation 186 [1/1] (0.00ns)   --->   "%mrv_22 = insertvalue i512 %mrv_21, i16 %zext_ln1547_171" [src/nnet_utils/nnet_activation.h:62]   --->   Operation 186 'insertvalue' 'mrv_22' <Predicate = true> <Delay = 0.00>
ST_1 : Operation 187 [1/1] (0.00ns)   --->   "%mrv_23 = insertvalue i512 %mrv_22, i16 %zext_ln1547_172" [src/nnet_utils/nnet_activation.h:62]   --->   Operation 187 'insertvalue' 'mrv_23' <Predicate = true> <Delay = 0.00>
ST_1 : Operation 188 [1/1] (0.00ns)   --->   "%mrv_24 = insertvalue i512 %mrv_23, i16 %zext_ln1547_173" [src/nnet_utils/nnet_activation.h:62]   --->   Operation 188 'insertvalue' 'mrv_24' <Predicate = true> <Delay = 0.00>
ST_1 : Operation 189 [1/1] (0.00ns)   --->   "%mrv_25 = insertvalue i512 %mrv_24, i16 %zext_ln1547_174" [src/nnet_utils/nnet_activation.h:62]   --->   Operation 189 'insertvalue' 'mrv_25' <Predicate = true> <Delay = 0.00>
ST_1 : Operation 190 [1/1] (0.00ns)   --->   "%mrv_26 = insertvalue i512 %mrv_25, i16 %zext_ln1547_175" [src/nnet_utils/nnet_activation.h:62]   --->   Operation 190 'insertvalue' 'mrv_26' <Predicate = true> <Delay = 0.00>
ST_1 : Operation 191 [1/1] (0.00ns)   --->   "%mrv_27 = insertvalue i512 %mrv_26, i16 %zext_ln1547_176" [src/nnet_utils/nnet_activation.h:62]   --->   Operation 191 'insertvalue' 'mrv_27' <Predicate = true> <Delay = 0.00>
ST_1 : Operation 192 [1/1] (0.00ns)   --->   "%mrv_28 = insertvalue i512 %mrv_27, i16 %zext_ln1547_177" [src/nnet_utils/nnet_activation.h:62]   --->   Operation 192 'insertvalue' 'mrv_28' <Predicate = true> <Delay = 0.00>
ST_1 : Operation 193 [1/1] (0.00ns)   --->   "%mrv_29 = insertvalue i512 %mrv_28, i16 %zext_ln1547_178" [src/nnet_utils/nnet_activation.h:62]   --->   Operation 193 'insertvalue' 'mrv_29' <Predicate = true> <Delay = 0.00>
ST_1 : Operation 194 [1/1] (0.00ns)   --->   "%mrv_30 = insertvalue i512 %mrv_29, i16 %zext_ln62" [src/nnet_utils/nnet_activation.h:62]   --->   Operation 194 'insertvalue' 'mrv_30' <Predicate = true> <Delay = 0.00>
ST_1 : Operation 195 [1/1] (0.00ns)   --->   "%ret_ln62 = ret i512 %mrv_30" [src/nnet_utils/nnet_activation.h:62]   --->   Operation 195 'ret' 'ret_ln62' <Predicate = true> <Delay = 0.00>


============================================================
+ Verbose Summary: Timing violations
============================================================
Target clock period: 6.25ns, clock uncertainty: 1.69ns.

 <State 1>: 1.75ns
The critical path consists of the following:
	wire read operation ('p_read32', src/nnet_utils/nnet_activation.h:39) on port 'p_read' (src/nnet_utils/nnet_activation.h:39) [64]  (0 ns)
	'icmp' operation ('icmp_ln1547') [98]  (1.18 ns)
	'select' operation ('select_ln55', src/nnet_utils/nnet_activation.h:55) [99]  (0.565 ns)


============================================================
+ Verbose Summary: Binding
============================================================
N/A
* FSMD analyzer results:
  - Output states:
 - Input state : 
  - Chain level:
	State 1


============================================================
+ Verbose Summary: Datapath Resource usage 
============================================================
N/A
