INFO: [SIM 2] *************** CSIM start ***************
INFO: [SIM 4] CSIM will launch GCC as the compiler.
   Compiling ../../../../src/algo_unpacked_tb.cpp in debug mode
   Compiling ../../../../src/WOMBAT.cpp in debug mode
   Compiling ../../../../src/algo_unpacked.cpp in debug mode
   Generating csim.exe
4,7c4,7
< 0x0000   0x038ffc00    
< 0x0001   0x00500000    
< 0x0002   0x00680000    
< 0x0003   0x00780000    
---
> 0x0000   0x40000000    
> 0x0001   0x90000000    
> 0x0002   0x60000000    
> 0x0003   0x60000000    
10,13c10,13
< 0x0006   0x0393fc00    
< 0x0007   0x00180000    
< 0x0008   0x00040000    
< 0x0009   0x03fbfc00    
---
> 0x0006   0x60000000    
> 0x0007   0xd0000000    
> 0x0008   0x20000000    
> 0x0009   0x50000000    
16,19c16,19
< 0x000c   0x03affc00    
< 0x000d   0x00240000    
< 0x000e   0x03cffc00    
< 0x000f   0x03dbfc00    
---
> 0x000c   0x60000000    
> 0x000d   0xf0000000    
> 0x000e   0x70000000    
> 0x000f   0xf0000000    
22,25c22,25
< 0x0012   0x03d3fc00    
< 0x0013   0x002c0000    
< 0x0014   0x007c0000    
< 0x0015   0x03b7fc00    
---
> 0x0012   0x60000000    
> 0x0013   0xb0000000    
> 0x0014   0xf0000000    
> 0x0015   0xb0000000    
28,31c28,31
< 0x0018   0x00000000    
< 0x0019   0x03cbfc00    
< 0x001a   0x001c0000    
< 0x001b   0x03bbfc00    
---
> 0x0018   0x30000000    
> 0x0019   0x90000000    
> 0x001a   0x70000000    
> 0x001b   0x10000000    
34,37c34,37
< 0x001e   0x003c0000    
< 0x001f   0x00080000    
< 0x0020   0x03f7fc00    
< 0x0021   0x03bbfc00    
---
> 0x001e   0x50000000    
> 0x001f   0x40000000    
> 0x0020   0x60000000    
> 0x0021   0x80000000    
40,43c40,43
< 0x0024   0x00680000    
< 0x0025   0x00500000    
< 0x0026   0x00180000    
< 0x0027   0x00480000    
---
> 0x0024   0x30000000    
> 0x0025   0xa0000000    
> 0x0026   0xd0000000    
> 0x0027   0xe0000000    
46,49c46,49
< 0x002a   0x00300000    
< 0x002b   0x00280000    
< 0x002c   0x00040000    
< 0x002d   0x00780000    
---
> 0x002a   0x50000000    
> 0x002b   0x40000000    
> 0x002c   0xe0000000    
> 0x002d   0x50000000    
52,55c52,55
< 0x0030   0x000c0000    
< 0x0031   0x00540000    
< 0x0032   0x03b3fc00    
< 0x0033   0x006c0000    
---
> 0x0030   0x30000000    
> 0x0031   0xe0000000    
> 0x0032   0xb0000000    
> 0x0033   0xe0000000    
58,61c58,61
< 0x0036   0x03dffc00    
< 0x0037   0x03c3fc00    
< 0x0038   0x039bfc00    
< 0x0039   0x03cbfc00    
---
> 0x0036   0x40000000    
> 0x0037   0xc0000000    
> 0x0038   0xd0000000    
> 0x0039   0x70000000    
64,67c64,67
< 0x003c   0x03d7fc00    
< 0x003d   0x00300000    
< 0x003e   0x03fffc00    
< 0x003f   0x03dbfc00    
---
> 0x003c   0x30000000    
> 0x003d   0xe0000000    
> 0x003e   0x60000000    
> 0x003f   0xe0000000    
70,73c70,73
< 0x0042   0x00000000    
< 0x0043   0x03fffc00    
< 0x0044   0x03f7fc00    
< 0x0045   0x000c0000    
---
> 0x0042   0x40000000    
> 0x0043   0x20000000    
> 0x0044   0x90000000    
> 0x0045   0xd0000000    
76,79c76,79
< 0x0048   0x00440000    
< 0x0049   0x000c0000    
< 0x004a   0x00140000    
< 0x004b   0x005c0000    
---
> 0x0048   0x30000000    
> 0x0049   0xa0000000    
> 0x004a   0xb0000000    
> 0x004b   0x50000000    
82,85c82,85
< 0x004e   0x000c0000    
< 0x004f   0x00240000    
< 0x0050   0x00380000    
< 0x0051   0x00780000    
---
> 0x004e   0x50000000    
> 0x004f   0x20000000    
> 0x0050   0xa0000000    
> 0x0051   0xe0000000    
88,91c88,91
< 0x0054   0x03b7fc00    
< 0x0055   0x0397fc00    
< 0x0056   0x005c0000    
< 0x0057   0x03a3fc00    
---
> 0x0054   0x50000000    
> 0x0055   0x70000000    
> 0x0056   0xc0000000    
> 0x0057   0x70000000    
94,97c94,97
< 0x005a   0x03f7fc00    
< 0x005b   0x03cbfc00    
< 0x005c   0x00740000    
< 0x005d   0x03dbfc00    
---
> 0x005a   0x40000000    
> 0x005b   0xf0000000    
> 0x005c   0xb0000000    
> 0x005d   0x80000000    
100,103c100,103
< 0x0060   0x03abfc00    
< 0x0061   0x038ffc00    
< 0x0062   0x03dffc00    
< 0x0063   0x00440000    
---
> 0x0060   0x50000000    
> 0x0061   0x40000000    
> 0x0062   0xc0000000    
> 0x0063   0xc0000000    
106,109c106,109
< 0x0066   0x03cffc00    
< 0x0067   0x00780000    
< 0x0068   0x03dffc00    
< 0x0069   0x00640000    
---
> 0x0066   0x50000000    
> 0x0067   0xa0000000    
> 0x0068   0x00000000    
> 0x0069   0x10000000    
112,115c112,115
< 0x006c   0x03d3fc00    
< 0x006d   0x00580000    
< 0x006e   0x00000000    
< 0x006f   0x03a3fc00    
---
> 0x006c   0x40000000    
> 0x006d   0xc0000000    
> 0x006e   0x50000000    
> 0x006f   0x80000000    
118,121c118,121
< 0x0072   0x002c0000    
< 0x0073   0x00000000    
< 0x0074   0x00080000    
< 0x0075   0x03bffc00    
---
> 0x0072   0x50000000    
> 0x0073   0x50000000    
> 0x0074   0xd0000000    
> 0x0075   0xa0000000    
124,127c124,127
< 0x0078   0x00700000    
< 0x0079   0x03d3fc00    
< 0x007a   0x003c0000    
< 0x007b   0x03dffc00    
---
> 0x0078   0x40000000    
> 0x0079   0xd0000000    
> 0x007a   0x50000000    
> 0x007b   0x20000000    
130,133c130,133
< 0x007e   0x00200000    
< 0x007f   0x03bffc00    
< 0x0080   0x03b3fc00    
< 0x0081   0x03effc00    
---
> 0x007e   0x50000000    
> 0x007f   0x00000000    
> 0x0080   0x60000000    
> 0x0081   0x70000000    
136,139c136,139
< 0x0084   0x03f7fc00    
< 0x0085   0x03a7fc00    
< 0x0086   0x00040000    
< 0x0087   0x00580000    
---
> 0x0084   0x40000000    
> 0x0085   0x70000000    
> 0x0086   0x00000000    
> 0x0087   0xe0000000    
142,145c142,145
< 0x008a   0x00300000    
< 0x008b   0x004c0000    
< 0x008c   0x00100000    
< 0x008d   0x03cffc00    
---
> 0x008a   0x20000000    
> 0x008b   0xc0000000    
> 0x008c   0x90000000    
> 0x008d   0x40000000    
148,151c148,151
< 0x0090   0x001c0000    
< 0x0091   0x00240000    
< 0x0092   0x03b7fc00    
< 0x0093   0x0397fc00    
---
> 0x0090   0x50000000    
> 0x0091   0x30000000    
> 0x0092   0x10000000    
> 0x0093   0xd0000000    
154,157c154,157
< 0x0096   0x03bffc00    
< 0x0097   0x00240000    
< 0x0098   0x00480000    
< 0x0099   0x00640000    
---
> 0x0096   0x40000000    
> 0x0097   0xc0000000    
> 0x0098   0xf0000000    
> 0x0099   0xe0000000    
160,163c160,163
< 0x009c   0x03dffc00    
< 0x009d   0x03b3fc00    
< 0x009e   0x00000000    
< 0x009f   0x03cbfc00    
---
> 0x009c   0x90000000    
> 0x009d   0x20000000    
> 0x009e   0x60000000    
> 0x009f   0x70000000    
166,169c166,169
< 0x00a2   0x03ebfc00    
< 0x00a3   0x00680000    
< 0x00a4   0x00580000    
< 0x00a5   0x03cffc00    
---
> 0x00a2   0x40000000    
> 0x00a3   0xd0000000    
> 0x00a4   0x40000000    
> 0x00a5   0x90000000    
172,175c172,175
< 0x00a8   0x00780000    
< 0x00a9   0x03e3fc00    
< 0x00aa   0x03bbfc00    
< 0x00ab   0x003c0000    
---
> 0x00a8   0x50000000    
> 0x00a9   0x80000000    
> 0x00aa   0xe0000000    
> 0x00ab   0x00000000    
178,181c178,181
< 0x00ae   0x00640000    
< 0x00af   0x00000000    
< 0x00b0   0x00400000    
< 0x00b1   0x000c0000    
---
> 0x00ae   0x30000000    
> 0x00af   0xf0000000    
> 0x00b0   0xc0000000    
> 0x00b1   0x90000000    
184,187c184,187
< 0x00b4   0x00600000    
< 0x00b5   0x00100000    
< 0x00b6   0x007c0000    
< 0x00b7   0x00140000    
---
> 0x00b4   0x40000000    
> 0x00b5   0x50000000    
> 0x00b6   0x90000000    
> 0x00b7   0xe0000000    
190,193c190,193
< 0x00ba   0x03dffc00    
< 0x00bb   0x038bfc00    
< 0x00bc   0x00080000    
< 0x00bd   0x00480000    
---
> 0x00ba   0x40000000    
> 0x00bb   0xc0000000    
> 0x00bc   0xa0000000    
> 0x00bd   0xa0000000    
196,199c196,199
< 0x00c0   0x00080000    
< 0x00c1   0x004c0000    
< 0x00c2   0x00100000    
< 0x00c3   0x00580000    
---
> 0x00c0   0x40000000    
> 0x00c1   0x60000000    
> 0x00c2   0x80000000    
> 0x00c3   0x10000000    
202,205c202,205
< 0x00c6   0x039ffc00    
< 0x00c7   0x002c0000    
< 0x00c8   0x00340000    
< 0x00c9   0x03dbfc00    
---
> 0x00c6   0x70000000    
> 0x00c7   0x30000000    
> 0x00c8   0xa0000000    
> 0x00c9   0xa0000000    
208,211c208,211
< 0x00cc   0x03b7fc00    
< 0x00cd   0x03affc00    
< 0x00ce   0x00180000    
< 0x00cf   0x03effc00    
---
> 0x00cc   0x30000000    
> 0x00cd   0x50000000    
> 0x00ce   0x90000000    
> 0x00cf   0x80000000    
214,217c214,217
< 0x00d2   0x00140000    
< 0x00d3   0x006c0000    
< 0x00d4   0x005c0000    
< 0x00d5   0x00000000    
---
> 0x00d2   0x40000000    
> 0x00d3   0x50000000    
> 0x00d4   0xf0000000    
> 0x00d5   0xb0000000    
220,223c220,223
< 0x00d8   0x039ffc00    
< 0x00d9   0x03bbfc00    
< 0x00da   0x00780000    
< 0x00db   0x00440000    
---
> 0x00d8   0x40000000    
> 0x00d9   0x90000000    
> 0x00da   0x90000000    
> 0x00db   0xb0000000    
226,229c226,229
< 0x00de   0x0397fc00    
< 0x00df   0x03c7fc00    
< 0x00e0   0x0387fc00    
< 0x00e1   0x03fbfc00    
---
> 0x00de   0x40000000    
> 0x00df   0x40000000    
> 0x00e0   0xb0000000    
> 0x00e1   0x50000000    
232,235c232,235
< 0x00e4   0x03cffc00    
< 0x00e5   0x004c0000    
< 0x00e6   0x03effc00    
< 0x00e7   0x03bbfc00    
---
> 0x00e4   0x80000000    
> 0x00e5   0x30000000    
> 0x00e6   0x90000000    
> 0x00e7   0xb0000000    
238,241c238,241
< 0x00ea   0x0387fc00    
< 0x00eb   0x03dbfc00    
< 0x00ec   0x00700000    
< 0x00ed   0x00140000    
---
> 0x00ea   0x40000000    
> 0x00eb   0xd0000000    
> 0x00ec   0x80000000    
> 0x00ed   0xb0000000    
244,247c244,247
< 0x00f0   0x0387fc00    
< 0x00f1   0x00740000    
< 0x00f2   0x03effc00    
< 0x00f3   0x03cffc00    
---
> 0x00f0   0x50000000    
> 0x00f1   0xa0000000    
> 0x00f2   0x20000000    
> 0x00f3   0xd0000000    
250,253c250,253
< 0x00f6   0x0387fc00    
< 0x00f7   0x00040000    
< 0x00f8   0x00300000    
< 0x00f9   0x03dbfc00    
---
> 0x00f6   0x40000000    
> 0x00f7   0x10000000    
> 0x00f8   0xc0000000    
> 0x00f9   0x50000000    
256,259c256,259
< 0x00fc   0x03cbfc00    
< 0x00fd   0x0393fc00    
< 0x00fe   0x03a7fc00    
< 0x00ff   0x001c0000    
---
> 0x00fc   0x50000000    
> 0x00fd   0x40000000    
> 0x00fe   0x70000000    
> 0x00ff   0x20000000    
262,265c262,265
< 0x0102   0x00180000    
< 0x0103   0x03cffc00    
< 0x0104   0x03effc00    
< 0x0105   0x006c0000    
---
> 0x0102   0x80000000    
> 0x0103   0x20000000    
> 0x0104   0x60000000    
> 0x0105   0x20000000    
268,271c268,271
< 0x0108   0x002c0000    
< 0x0109   0x00300000    
< 0x010a   0x00440000    
< 0x010b   0x00680000    
---
> 0x0108   0x30000000    
> 0x0109   0x80000000    
> 0x010a   0xf0000000    
> 0x010b   0x00000000    
274,277c274,277
< 0x010e   0x03fbfc00    
< 0x010f   0x004c0000    
< 0x0110   0x039ffc00    
< 0x0111   0x0397fc00    
---
> 0x010e   0x40000000    
> 0x010f   0x00000000    
> 0x0110   0xb0000000    
> 0x0111   0x20000000    
280,283c280,283
< 0x0114   0x03b7fc00    
< 0x0115   0x00440000    
< 0x0116   0x03fbfc00    
< 0x0117   0x03fffc00    
---
> 0x0114   0x60000000    
> 0x0115   0x60000000    
> 0x0116   0xb0000000    
> 0x0117   0x10000000    
286,289c286,289
< 0x011a   0x006c0000    
< 0x011b   0x007c0000    
< 0x011c   0x00380000    
< 0x011d   0x006c0000    
---
> 0x011a   0x50000000    
> 0x011b   0xe0000000    
> 0x011c   0x20000000    
> 0x011d   0x90000000    
292,295c292,295
< 0x0120   0x038bfc00    
< 0x0121   0x00400000    
< 0x0122   0x006c0000    
< 0x0123   0x00500000    
---
> 0x0120   0x30000000    
> 0x0121   0x80000000    
> 0x0122   0x80000000    
> 0x0123   0xd0000000    
298,301c298,301
< 0x0126   0x0397fc00    
< 0x0127   0x00700000    
< 0x0128   0x00080000    
< 0x0129   0x03fffc00    
---
> 0x0126   0x40000000    
> 0x0127   0x20000000    
> 0x0128   0x30000000    
> 0x0129   0x40000000    
304,307c304,307
< 0x012c   0x03effc00    
< 0x012d   0x03d3fc00    
< 0x012e   0x03dbfc00    
< 0x012f   0x0393fc00    
---
> 0x012c   0x60000000    
> 0x012d   0xa0000000    
> 0x012e   0x20000000    
> 0x012f   0x00000000    
310,313c310,313
< 0x0132   0x03cbfc00    
< 0x0133   0x00140000    
< 0x0134   0x03c7fc00    
< 0x0135   0x03fffc00    
---
> 0x0132   0x30000000    
> 0x0133   0x00000000    
> 0x0134   0xc0000000    
> 0x0135   0x00000000    
316,319c316,319
< 0x0138   0x00640000    
< 0x0139   0x03f3fc00    
< 0x013a   0x038ffc00    
< 0x013b   0x03dffc00    
---
> 0x0138   0x50000000    
> 0x0139   0x60000000    
> 0x013a   0xa0000000    
> 0x013b   0xf0000000    
322,325c322,325
< 0x013e   0x00540000    
< 0x013f   0x00340000    
< 0x0140   0x03cbfc00    
< 0x0141   0x00080000    
---
> 0x013e   0x40000000    
> 0x013f   0x30000000    
> 0x0140   0x30000000    
> 0x0141   0x80000000    
328,331c328,331
< 0x0144   0x003c0000    
< 0x0145   0x0397fc00    
< 0x0146   0x00640000    
< 0x0147   0x03fbfc00    
---
> 0x0144   0x50000000    
> 0x0145   0xf0000000    
> 0x0146   0x90000000    
> 0x0147   0x60000000    
334,337c334,337
< 0x014a   0x0393fc00    
< 0x014b   0x03e3fc00    
< 0x014c   0x004c0000    
< 0x014d   0x004c0000    
---
> 0x014a   0x70000000    
> 0x014b   0x30000000    
> 0x014c   0x80000000    
> 0x014d   0x90000000    
340,343c340,343
< 0x0150   0x03fffc00    
< 0x0151   0x03f7fc00    
< 0x0152   0x00440000    
< 0x0153   0x03e7fc00    
---
> 0x0150   0x30000000    
> 0x0151   0xf0000000    
> 0x0152   0x70000000    
> 0x0153   0x80000000    
346,349c346,349
< 0x0156   0x03e7fc00    
< 0x0157   0x03b7fc00    
< 0x0158   0x00740000    
< 0x0159   0x006c0000    
---
> 0x0156   0x40000000    
> 0x0157   0x00000000    
> 0x0158   0xf0000000    
> 0x0159   0x30000000    
352,355c352,355
< 0x015c   0x0397fc00    
< 0x015d   0x03affc00    
< 0x015e   0x03effc00    
< 0x015f   0x03d7fc00    
---
> 0x015c   0x40000000    
> 0x015d   0xb0000000    
> 0x015e   0x40000000    
> 0x015f   0x40000000    
358,361c358,361
< 0x0162   0x00480000    
< 0x0163   0x03cbfc00    
< 0x0164   0x001c0000    
< 0x0165   0x00080000    
---
> 0x0162   0x40000000    
> 0x0163   0xd0000000    
> 0x0164   0xa0000000    
> 0x0165   0x10000000    
364,367c364,367
< 0x0168   0x00140000    
< 0x0169   0x00100000    
< 0x016a   0x00200000    
< 0x016b   0x005c0000    
---
> 0x0168   0x30000000    
> 0x0169   0xc0000000    
> 0x016a   0xd0000000    
> 0x016b   0xf0000000    
370,373c370,373
< 0x016e   0x03d7fc00    
< 0x016f   0x00100000    
< 0x0170   0x03f3fc00    
< 0x0171   0x03fffc00    
---
> 0x016e   0x30000000    
> 0x016f   0x20000000    
> 0x0170   0x90000000    
> 0x0171   0x40000000    
376,379c376,379
< 0x0174   0x00040000    
< 0x0175   0x03c3fc00    
< 0x0176   0x03bffc00    
< 0x0177   0x03d7fc00    
---
> 0x0174   0x50000000    
> 0x0175   0x90000000    
> 0x0176   0xc0000000    
> 0x0177   0x80000000    
382,385c382,385
< 0x017a   0x03affc00    
< 0x017b   0x00780000    
< 0x017c   0x00440000    
< 0x017d   0x00000000    
---
> 0x017a   0x30000000    
> 0x017b   0x00000000    
> 0x017c   0x70000000    
> 0x017d   0x30000000    
388,391c388,391
< 0x0180   0x00680000    
< 0x0181   0x03c3fc00    
< 0x0182   0x00080000    
< 0x0183   0x03f3fc00    
---
> 0x0180   0x60000000    
> 0x0181   0x00000000    
> 0x0182   0xa0000000    
> 0x0183   0xb0000000    
394,397c394,397
< 0x0186   0x03b3fc00    
< 0x0187   0x00200000    
< 0x0188   0x039ffc00    
< 0x0189   0x03dffc00    
---
> 0x0186   0x40000000    
> 0x0187   0x10000000    
> 0x0188   0xa0000000    
> 0x0189   0xf0000000    
400,403c400,403
< 0x018c   0x002c0000    
< 0x018d   0x038bfc00    
< 0x018e   0x00140000    
< 0x018f   0x00240000    
---
> 0x018c   0x50000000    
> 0x018d   0x20000000    
> 0x018e   0xf0000000    
> 0x018f   0xc0000000    
406,409c406,409
< 0x0192   0x002c0000    
< 0x0193   0x00500000    
< 0x0194   0x03f3fc00    
< 0x0195   0x007c0000    
---
> 0x0192   0x40000000    
> 0x0193   0x70000000    
> 0x0194   0x60000000    
> 0x0195   0xb0000000    
412,415c412,415
< 0x0198   0x03bbfc00    
< 0x0199   0x00200000    
< 0x019a   0x00680000    
< 0x019b   0x03f7fc00    
---
> 0x0198   0x50000000    
> 0x0199   0x50000000    
> 0x019a   0xd0000000    
> 0x019b   0xf0000000    
418,421c418,421
< 0x019e   0x00200000    
< 0x019f   0x03cbfc00    
< 0x01a0   0x03affc00    
< 0x01a1   0x00100000    
---
> 0x019e   0x70000000    
> 0x019f   0x00000000    
> 0x01a0   0xd0000000    
> 0x01a1   0x90000000    
424,427c424,427
< 0x01a4   0x00000000    
< 0x01a5   0x03d3fc00    
< 0x01a6   0x03bffc00    
< 0x01a7   0x00780000    
---
> 0x01a4   0x40000000    
> 0x01a5   0x90000000    
> 0x01a6   0x40000000    
> 0x01a7   0x50000000    
430,433c430,433
< 0x01aa   0x00380000    
< 0x01ab   0x00280000    
< 0x01ac   0x03d7fc00    
< 0x01ad   0x03f3fc00    
---
> 0x01aa   0x30000000    
> 0x01ab   0x80000000    
> 0x01ac   0x20000000    
> 0x01ad   0x00000000    
436,439c436,439
< 0x01b0   0x03b3fc00    
< 0x01b1   0x03a3fc00    
< 0x01b2   0x00400000    
< 0x01b3   0x00340000    
---
> 0x01b0   0x60000000    
> 0x01b1   0x00000000    
> 0x01b2   0xe0000000    
> 0x01b3   0x50000000    
442,445c442,445
< 0x01b6   0x03cbfc00    
< 0x01b7   0x03b3fc00    
< 0x01b8   0x00340000    
< 0x01b9   0x003c0000    
---
> 0x01b6   0x60000000    
> 0x01b7   0x00000000    
> 0x01b8   0xa0000000    
> 0x01b9   0x50000000    
448,451c448,451
< 0x01bc   0x038bfc00    
< 0x01bd   0x003c0000    
< 0x01be   0x03b3fc00    
< 0x01bf   0x004c0000    
---
> 0x01bc   0x40000000    
> 0x01bd   0xe0000000    
> 0x01be   0x00000000    
> 0x01bf   0xd0000000    
454,457c454,457
< 0x01c2   0x007c0000    
< 0x01c3   0x00140000    
< 0x01c4   0x039bfc00    
< 0x01c5   0x000c0000    
---
> 0x01c2   0x40000000    
> 0x01c3   0x00000000    
> 0x01c4   0x70000000    
> 0x01c5   0xc0000000    
460,463c460,463
< 0x01c8   0x00580000    
< 0x01c9   0x03cffc00    
< 0x01ca   0x00100000    
< 0x01cb   0x03e7fc00    
---
> 0x01c8   0x60000000    
> 0x01c9   0xb0000000    
> 0x01ca   0x20000000    
> 0x01cb   0x60000000    
466,469c466,469
< 0x01ce   0x03dbfc00    
< 0x01cf   0x00340000    
< 0x01d0   0x00680000    
< 0x01d1   0x00300000    
---
> 0x01ce   0x30000000    
> 0x01cf   0xa0000000    
> 0x01d0   0xd0000000    
> 0x01d1   0xc0000000    
472,475c472,475
< 0x01d4   0x00780000    
< 0x01d5   0x00540000    
< 0x01d6   0x0397fc00    
< 0x01d7   0x0397fc00    
---
> 0x01d4   0x40000000    
> 0x01d5   0x30000000    
> 0x01d6   0xd0000000    
> 0x01d7   0xb0000000    
478,481c478,481
< 0x01da   0x005c0000    
< 0x01db   0x00200000    
< 0x01dc   0x03cbfc00    
< 0x01dd   0x03d7fc00    
---
> 0x01da   0x30000000    
> 0x01db   0x40000000    
> 0x01dc   0xd0000000    
> 0x01dd   0xd0000000    
484,487c484,487
< 0x01e0   0x007c0000    
< 0x01e1   0x039bfc00    
< 0x01e2   0x00040000    
< 0x01e3   0x03c3fc00    
---
> 0x01e0   0x50000000    
> 0x01e1   0xa0000000    
> 0x01e2   0xd0000000    
> 0x01e3   0x10000000    
490,493c490,493
< 0x01e6   0x0397fc00    
< 0x01e7   0x03d3fc00    
< 0x01e8   0x03abfc00    
< 0x01e9   0x03fbfc00    
---
> 0x01e6   0x40000000    
> 0x01e7   0x30000000    
> 0x01e8   0x80000000    
> 0x01e9   0xa0000000    
496,499c496,499
< 0x01ec   0x03effc00    
< 0x01ed   0x00500000    
< 0x01ee   0x00040000    
< 0x01ef   0x003c0000    
---
> 0x01ec   0x60000000    
> 0x01ed   0x90000000    
> 0x01ee   0xa0000000    
> 0x01ef   0xa0000000    
502,505c502,505
< 0x01f2   0x00340000    
< 0x01f3   0x00700000    
< 0x01f4   0x001c0000    
< 0x01f5   0x03abfc00    
---
> 0x01f2   0x30000000    
> 0x01f3   0x10000000    
> 0x01f4   0x00000000    
> 0x01f5   0xd0000000    
508,511c508,511
< 0x01f8   0x03f3fc00    
< 0x01f9   0x00280000    
< 0x01fa   0x038ffc00    
< 0x01fb   0x001c0000    
---
> 0x01f8   0x40000000    
> 0x01f9   0xf0000000    
> 0x01fa   0x70000000    
> 0x01fb   0xe0000000    
514,517c514,517
< 0x01fe   0x00080000    
< 0x01ff   0x03effc00    
< 0x0200   0x0393fc00    
< 0x0201   0x03b7fc00    
---
> 0x01fe   0x30000000    
> 0x01ff   0x90000000    
> 0x0200   0x50000000    
> 0x0201   0xa0000000    
520,523c520,523
< 0x0204   0x00000000    
< 0x0205   0x03f3fc00    
< 0x0206   0x00580000    
< 0x0207   0x002c0000    
---
> 0x0204   0x70000000    
> 0x0205   0x00000000    
> 0x0206   0x00000000    
> 0x0207   0xd0000000    
526,529c526,529
< 0x020a   0x03fbfc00    
< 0x020b   0x03b3fc00    
< 0x020c   0x00380000    
< 0x020d   0x00100000    
---
> 0x020a   0x30000000    
> 0x020b   0xf0000000    
> 0x020c   0xb0000000    
> 0x020d   0x90000000    
532,535c532,535
< 0x0210   0x00700000    
< 0x0211   0x00040000    
< 0x0212   0x00500000    
< 0x0213   0x039bfc00    
---
> 0x0210   0x50000000    
> 0x0211   0xa0000000    
> 0x0212   0x70000000    
> 0x0213   0x50000000    
538,541c538,541
< 0x0216   0x03d7fc00    
< 0x0217   0x005c0000    
< 0x0218   0x03c3fc00    
< 0x0219   0x03b7fc00    
---
> 0x0216   0x60000000    
> 0x0217   0x90000000    
> 0x0218   0xb0000000    
> 0x0219   0x20000000    
544,547c544,547
< 0x021c   0x00340000    
< 0x021d   0x038bfc00    
< 0x021e   0x00100000    
< 0x021f   0x00140000    
---
> 0x021c   0x40000000    
> 0x021d   0x20000000    
> 0x021e   0xd0000000    
> 0x021f   0xf0000000    
550,553c550,553
< 0x0222   0x03f3fc00    
< 0x0223   0x00180000    
< 0x0224   0x00080000    
< 0x0225   0x00680000    
---
> 0x0222   0x60000000    
> 0x0223   0x80000000    
> 0x0224   0xa0000000    
> 0x0225   0x20000000    
556,559c556,559
< 0x0228   0x00100000    
< 0x0229   0x00080000    
< 0x022a   0x00300000    
< 0x022b   0x00200000    
---
> 0x0228   0x40000000    
> 0x0229   0xb0000000    
> 0x022a   0xb0000000    
> 0x022b   0x90000000    
562,565c562,565
< 0x022e   0x03c7fc00    
< 0x022f   0x038bfc00    
< 0x0230   0x002c0000    
< 0x0231   0x03affc00    
---
> 0x022e   0x60000000    
> 0x022f   0xc0000000    
> 0x0230   0xa0000000    
> 0x0231   0x20000000    
568,571c568,571
< 0x0234   0x03abfc00    
< 0x0235   0x03effc00    
< 0x0236   0x00280000    
< 0x0237   0x002c0000    
---
> 0x0234   0x60000000    
> 0x0235   0x60000000    
> 0x0236   0x80000000    
> 0x0237   0xa0000000    
574,577c574,577
< 0x023a   0x00100000    
< 0x023b   0x03cffc00    
< 0x023c   0x03cffc00    
< 0x023d   0x001c0000    
---
> 0x023a   0x50000000    
> 0x023b   0x20000000    
> 0x023c   0x10000000    
> 0x023d   0x80000000    
580,583c580,583
< 0x0240   0x03effc00    
< 0x0241   0x00040000    
< 0x0242   0x00440000    
< 0x0243   0x00280000    
---
> 0x0240   0x40000000    
> 0x0241   0x70000000    
> 0x0242   0x10000000    
> 0x0243   0x70000000    
586,589c586,589
< 0x0246   0x03f7fc00    
< 0x0247   0x00600000    
< 0x0248   0x03affc00    
< 0x0249   0x03b3fc00    
---
> 0x0246   0x40000000    
> 0x0247   0x40000000    
> 0x0248   0x40000000    
> 0x0249   0xa0000000    
592,595c592,595
< 0x024c   0x004c0000    
< 0x024d   0x03dbfc00    
< 0x024e   0x003c0000    
< 0x024f   0x00240000    
---
> 0x024c   0x60000000    
> 0x024d   0xa0000000    
> 0x024e   0xc0000000    
> 0x024f   0x10000000    
598,601c598,601
< 0x0252   0x039ffc00    
< 0x0253   0x038bfc00    
< 0x0254   0x03ebfc00    
< 0x0255   0x00500000    
---
> 0x0252   0x50000000    
> 0x0253   0x90000000    
> 0x0254   0x80000000    
> 0x0255   0xc0000000    
604,607c604,607
< 0x0258   0x03c3fc00    
< 0x0259   0x0397fc00    
< 0x025a   0x03d3fc00    
< 0x025b   0x00140000    
---
> 0x0258   0x50000000    
> 0x0259   0xe0000000    
> 0x025a   0x70000000    
> 0x025b   0x70000000    
610,613c610,613
< 0x025e   0x03effc00    
< 0x025f   0x00600000    
< 0x0260   0x004c0000    
< 0x0261   0x005c0000    
---
> 0x025e   0x50000000    
> 0x025f   0x00000000    
> 0x0260   0xb0000000    
> 0x0261   0x30000000    
616,619c616,619
< 0x0264   0x00480000    
< 0x0265   0x0387fc00    
< 0x0266   0x00580000    
< 0x0267   0x0393fc00    
---
> 0x0264   0x30000000    
> 0x0265   0x60000000    
> 0x0266   0x00000000    
> 0x0267   0xb0000000    
622,625c622,625
< 0x026a   0x00380000    
< 0x026b   0x00480000    
< 0x026c   0x000c0000    
< 0x026d   0x03bbfc00    
---
> 0x026a   0x30000000    
> 0x026b   0xf0000000    
> 0x026c   0xa0000000    
> 0x026d   0x00000000    
628,631c628,631
< 0x0270   0x039bfc00    
< 0x0271   0x03e7fc00    
< 0x0272   0x00040000    
< 0x0273   0x03e3fc00    
---
> 0x0270   0x40000000    
> 0x0271   0x80000000    
> 0x0272   0xa0000000    
> 0x0273   0x90000000    
634,637c634,637
< 0x0276   0x03effc00    
< 0x0277   0x03e7fc00    
< 0x0278   0x0393fc00    
< 0x0279   0x03cffc00    
---
> 0x0276   0x50000000    
> 0x0277   0x50000000    
> 0x0278   0x80000000    
> 0x0279   0xd0000000    
640,643c640,643
< 0x027c   0x00300000    
< 0x027d   0x03f3fc00    
< 0x027e   0x03ebfc00    
< 0x027f   0x03b7fc00    
---
> 0x027c   0x50000000    
> 0x027d   0xb0000000    
> 0x027e   0xc0000000    
> 0x027f   0x30000000    
646,649c646,649
< 0x0282   0x03ebfc00    
< 0x0283   0x03b7fc00    
< 0x0284   0x00740000    
< 0x0285   0x005c0000    
---
> 0x0282   0x70000000    
> 0x0283   0x90000000    
> 0x0284   0xe0000000    
> 0x0285   0x70000000    
652,655c652,655
< 0x0288   0x004c0000    
< 0x0289   0x00380000    
< 0x028a   0x03affc00    
< 0x028b   0x00780000    
---
> 0x0288   0x40000000    
> 0x0289   0xa0000000    
> 0x028a   0xf0000000    
> 0x028b   0xe0000000    
658,661c658,661
< 0x028e   0x03d7fc00    
< 0x028f   0x03b7fc00    
< 0x0290   0x00400000    
< 0x0291   0x03f7fc00    
---
> 0x028e   0x60000000    
> 0x028f   0x50000000    
> 0x0290   0x90000000    
> 0x0291   0x70000000    
664,667c664,667
< 0x0294   0x03bffc00    
< 0x0295   0x00280000    
< 0x0296   0x03ebfc00    
< 0x0297   0x03bbfc00    
---
> 0x0294   0x30000000    
> 0x0295   0x30000000    
> 0x0296   0x60000000    
> 0x0297   0x30000000    
670,673c670,673
< 0x029a   0x00000000    
< 0x029b   0x001c0000    
< 0x029c   0x03bffc00    
< 0x029d   0x03ebfc00    
---
> 0x029a   0x70000000    
> 0x029b   0xf0000000    
> 0x029c   0x00000000    
> 0x029d   0x40000000    
676,679c676,679
< 0x02a0   0x00580000    
< 0x02a1   0x03c7fc00    
< 0x02a2   0x03bffc00    
< 0x02a3   0x006c0000    
---
> 0x02a0   0x50000000    
> 0x02a1   0xe0000000    
> 0x02a2   0x20000000    
> 0x02a3   0xf0000000    
682,685c682,685
< 0x02a6   0x005c0000    
< 0x02a7   0x001c0000    
< 0x02a8   0x03b3fc00    
< 0x02a9   0x03abfc00    
---
> 0x02a6   0x70000000    
> 0x02a7   0x00000000    
> 0x02a8   0xb0000000    
> 0x02a9   0xe0000000    
688,691c688,691
< 0x02ac   0x03fffc00    
< 0x02ad   0x03effc00    
< 0x02ae   0x0387fc00    
< 0x02af   0x00240000    
---
> 0x02ac   0x40000000    
> 0x02ad   0x00000000    
> 0x02ae   0x50000000    
> 0x02af   0x10000000    
694,697c694,697
< 0x02b2   0x03b3fc00    
< 0x02b3   0x00300000    
< 0x02b4   0x001c0000    
< 0x02b5   0x00740000    
---
> 0x02b2   0x40000000    
> 0x02b3   0x70000000    
> 0x02b4   0x90000000    
> 0x02b5   0x00000000    
700,703c700,703
< 0x02b8   0x00300000    
< 0x02b9   0x03c7fc00    
< 0x02ba   0x00740000    
< 0x02bb   0x00240000    
---
> 0x02b8   0x50000000    
> 0x02b9   0x30000000    
> 0x02ba   0x70000000    
> 0x02bb   0xd0000000    
706,709c706,709
< 0x02be   0x03d3fc00    
< 0x02bf   0x03a7fc00    
< 0x02c0   0x03c7fc00    
< 0x02c1   0x00700000    
---
> 0x02be   0x60000000    
> 0x02bf   0xb0000000    
> 0x02c0   0xc0000000    
> 0x02c1   0x30000000    
712,715c712,715
< 0x02c4   0x03cbfc00    
< 0x02c5   0x00480000    
< 0x02c6   0x03effc00    
< 0x02c7   0x03bbfc00    
---
> 0x02c4   0x80000000    
> 0x02c5   0x10000000    
> 0x02c6   0xa0000000    
> 0x02c7   0xd0000000    
718,721c718,721
< 0x02ca   0x03ebfc00    
< 0x02cb   0x03dbfc00    
< 0x02cc   0x00040000    
< 0x02cd   0x03e7fc00    
---
> 0x02ca   0xa0000000    
> 0x02cb   0x50000000    
> 0x02cc   0x80000000    
> 0x02cd   0xa0000000    
724,727c724,727
< 0x02d0   0x03ebfc00    
< 0x02d1   0x03cffc00    
< 0x02d2   0x007c0000    
< 0x02d3   0x00700000    
---
> 0x02d0   0x50000000    
> 0x02d1   0xa0000000    
> 0x02d2   0x10000000    
> 0x02d3   0x90000000    
730,733c730,733
< 0x02d6   0x00300000    
< 0x02d7   0x03f7fc00    
< 0x02d8   0x00440000    
< 0x02d9   0x00000000    
---
> 0x02d6   0x70000000    
> 0x02d7   0x20000000    
> 0x02d8   0xd0000000    
> 0x02d9   0xf0000000    
736,739c736,739
< 0x02dc   0x00100000    
< 0x02dd   0x00540000    
< 0x02de   0x00080000    
< 0x02df   0x00240000    
---
> 0x02dc   0x50000000    
> 0x02dd   0x70000000    
> 0x02de   0xf0000000    
> 0x02df   0x50000000    
742,745c742,745
< 0x02e2   0x038ffc00    
< 0x02e3   0x03affc00    
< 0x02e4   0x00480000    
< 0x02e5   0x002c0000    
---
> 0x02e2   0x70000000    
> 0x02e3   0x40000000    
> 0x02e4   0x30000000    
> 0x02e5   0xa0000000    
748,751c748,751
< 0x02e8   0x00680000    
< 0x02e9   0x03fffc00    
< 0x02ea   0x0397fc00    
< 0x02eb   0x00480000    
---
> 0x02e8   0x50000000    
> 0x02e9   0x70000000    
> 0x02ea   0xd0000000    
> 0x02eb   0x50000000    
754,757c754,757
< 0x02ee   0x00580000    
< 0x02ef   0x00240000    
< 0x02f0   0x03effc00    
< 0x02f1   0x001c0000    
---
> 0x02ee   0x30000000    
> 0x02ef   0xe0000000    
> 0x02f0   0xd0000000    
> 0x02f1   0x90000000    
760,763c760,763
< 0x02f4   0x00700000    
< 0x02f5   0x00380000    
< 0x02f6   0x03c7fc00    
< 0x02f7   0x00100000    
---
> 0x02f4   0x30000000    
> 0x02f5   0xb0000000    
> 0x02f6   0xb0000000    
> 0x02f7   0xe0000000    
766,769c766,769
< 0x02fa   0x03a3fc00    
< 0x02fb   0x00580000    
< 0x02fc   0x03b3fc00    
< 0x02fd   0x00140000    
---
> 0x02fa   0x50000000    
> 0x02fb   0x20000000    
> 0x02fc   0x70000000    
> 0x02fd   0xc0000000    
772,775c772,775
< 0x0300   0x03cffc00    
< 0x0301   0x03f3fc00    
< 0x0302   0x00640000    
< 0x0303   0x00180000    
---
> 0x0300   0x40000000    
> 0x0301   0x90000000    
> 0x0302   0xe0000000    
> 0x0303   0x80000000    
778,781c778,781
< 0x0306   0x004c0000    
< 0x0307   0x03e7fc00    
< 0x0308   0x00040000    
< 0x0309   0x03c3fc00    
---
> 0x0306   0x40000000    
> 0x0307   0xb0000000    
> 0x0308   0x30000000    
> 0x0309   0x20000000    
784,787c784,787
< 0x030c   0x038ffc00    
< 0x030d   0x03effc00    
< 0x030e   0x000c0000    
< 0x030f   0x006c0000    
---
> 0x030c   0x40000000    
> 0x030d   0x20000000    
> 0x030e   0xf0000000    
> 0x030f   0xc0000000    
790,793c790,793
< 0x0312   0x03a3fc00    
< 0x0313   0x00400000    
< 0x0314   0x00600000    
< 0x0315   0x00040000    
---
> 0x0312   0x40000000    
> 0x0313   0xb0000000    
> 0x0314   0xa0000000    
> 0x0315   0xc0000000    
796,799c796,799
< 0x0318   0x00540000    
< 0x0319   0x00540000    
< 0x031a   0x002c0000    
< 0x031b   0x03f3fc00    
---
> 0x0318   0x40000000    
> 0x0319   0x00000000    
> 0x031a   0xe0000000    
> 0x031b   0x40000000    
802,805c802,805
< 0x031e   0x00740000    
< 0x031f   0x00340000    
< 0x0320   0x006c0000    
< 0x0321   0x03c3fc00    
---
> 0x031e   0x60000000    
> 0x031f   0x20000000    
> 0x0320   0x20000000    
> 0x0321   0x70000000    
808,811c808,811
< 0x0324   0x03dffc00    
< 0x0325   0x03f3fc00    
< 0x0326   0x00380000    
< 0x0327   0x005c0000    
---
> 0x0324   0x30000000    
> 0x0325   0xc0000000    
> 0x0326   0xc0000000    
> 0x0327   0x00000000    
814,817c814,817
< 0x032a   0x03a3fc00    
< 0x032b   0x03dbfc00    
< 0x032c   0x001c0000    
< 0x032d   0x00480000    
---
> 0x032a   0x70000000    
> 0x032b   0x00000000    
> 0x032c   0x20000000    
> 0x032d   0xb0000000    
820,823c820,823
< 0x0330   0x0397fc00    
< 0x0331   0x00480000    
< 0x0332   0x038bfc00    
< 0x0333   0x03b3fc00    
---
> 0x0330   0x40000000    
> 0x0331   0x20000000    
> 0x0332   0x50000000    
> 0x0333   0x60000000    
826,829c826,829
< 0x0336   0x00000000    
< 0x0337   0x0387fc00    
< 0x0338   0x00480000    
< 0x0339   0x03d7fc00    
---
> 0x0336   0x50000000    
> 0x0337   0x60000000    
> 0x0338   0xc0000000    
> 0x0339   0x70000000    
832,835c832,835
< 0x033c   0x00540000    
< 0x033d   0x007c0000    
< 0x033e   0x00340000    
< 0x033f   0x03d7fc00    
---
> 0x033c   0x40000000    
> 0x033d   0xc0000000    
> 0x033e   0xd0000000    
> 0x033f   0x80000000    
838,841c838,841
< 0x0342   0x039ffc00    
< 0x0343   0x0387fc00    
< 0x0344   0x00180000    
< 0x0345   0x03affc00    
---
> 0x0342   0x30000000    
> 0x0343   0xe0000000    
> 0x0344   0x20000000    
> 0x0345   0xc0000000    
844,847c844,847
< 0x0348   0x00700000    
< 0x0349   0x03dffc00    
< 0x034a   0x002c0000    
< 0x034b   0x00240000    
---
> 0x0348   0x40000000    
> 0x0349   0x10000000    
> 0x034a   0x50000000    
> 0x034b   0xb0000000    
850,853c850,853
< 0x034e   0x039bfc00    
< 0x034f   0x03d7fc00    
< 0x0350   0x00400000    
< 0x0351   0x00200000    
---
> 0x034e   0x30000000    
> 0x034f   0xe0000000    
> 0x0350   0xf0000000    
> 0x0351   0xe0000000    
856,859c856,859
< 0x0354   0x03a7fc00    
< 0x0355   0x00000000    
< 0x0356   0x03b7fc00    
< 0x0357   0x03cffc00    
---
> 0x0354   0x60000000    
> 0x0355   0xb0000000    
> 0x0356   0x70000000    
> 0x0357   0x20000000    
862,865c862,865
< 0x035a   0x03c7fc00    
< 0x035b   0x001c0000    
< 0x035c   0x00240000    
< 0x035d   0x038bfc00    
---
> 0x035a   0x30000000    
> 0x035b   0xd0000000    
> 0x035c   0x30000000    
> 0x035d   0x00000000    
868,871c868,871
< 0x0360   0x03a3fc00    
< 0x0361   0x03abfc00    
< 0x0362   0x0393fc00    
< 0x0363   0x00540000    
---
> 0x0360   0x40000000    
> 0x0361   0x00000000    
> 0x0362   0x30000000    
> 0x0363   0x80000000    
874,877c874,877
< 0x0366   0x039bfc00    
< 0x0367   0x03a7fc00    
< 0x0368   0x03a3fc00    
< 0x0369   0x03c7fc00    
---
> 0x0366   0x50000000    
> 0x0367   0x30000000    
> 0x0368   0x60000000    
> 0x0369   0x60000000    
880,883c880,883
< 0x036c   0x00180000    
< 0x036d   0x039bfc00    
< 0x036e   0x03a7fc00    
< 0x036f   0x03bbfc00    
---
> 0x036c   0x60000000    
> 0x036d   0xa0000000    
> 0x036e   0xa0000000    
> 0x036f   0xc0000000    
886,889c886,889
< 0x0372   0x00040000    
< 0x0373   0x03f3fc00    
< 0x0374   0x003c0000    
< 0x0375   0x001c0000    
---
> 0x0372   0x30000000    
> 0x0373   0x90000000    
> 0x0374   0xe0000000    
> 0x0375   0x50000000    
892,895c892,895
< 0x0378   0x00140000    
< 0x0379   0x00100000    
< 0x037a   0x00080000    
< 0x037b   0x00100000    
---
> 0x0378   0x40000000    
> 0x0379   0xa0000000    
> 0x037a   0xe0000000    
> 0x037b   0x00000000    
898,901c898,901
< 0x037e   0x007c0000    
< 0x037f   0x00300000    
< 0x0380   0x03dffc00    
< 0x0381   0x00180000    
---
> 0x037e   0x40000000    
> 0x037f   0x70000000    
> 0x0380   0x90000000    
> 0x0381   0x90000000    
904,907c904,907
< 0x0384   0x03bbfc00    
< 0x0385   0x00340000    
< 0x0386   0x0393fc00    
< 0x0387   0x038ffc00    
---
> 0x0384   0x60000000    
> 0x0385   0xf0000000    
> 0x0386   0x40000000    
> 0x0387   0x00000000    
910,913c910,913
< 0x038a   0x00600000    
< 0x038b   0x03fbfc00    
< 0x038c   0x03ebfc00    
< 0x038d   0x00680000    
---
> 0x038a   0x60000000    
> 0x038b   0x10000000    
> 0x038c   0xa0000000    
> 0x038d   0x20000000    
916,919c916,919
< 0x0390   0x00380000    
< 0x0391   0x03fffc00    
< 0x0392   0x03c3fc00    
< 0x0393   0x0397fc00    
---
> 0x0390   0x60000000    
> 0x0391   0x90000000    
> 0x0392   0x50000000    
> 0x0393   0x90000000    
922,925c922,925
< 0x0396   0x00440000    
< 0x0397   0x03a3fc00    
< 0x0398   0x03c3fc00    
< 0x0399   0x00380000    
---
> 0x0396   0x30000000    
> 0x0397   0xf0000000    
> 0x0398   0xd0000000    
> 0x0399   0xc0000000    
928,931c928,931
< 0x039c   0x03cbfc00    
< 0x039d   0x00300000    
< 0x039e   0x006c0000    
< 0x039f   0x000c0000    
---
> 0x039c   0x30000000    
> 0x039d   0x90000000    
> 0x039e   0x40000000    
> 0x039f   0xe0000000    
934,937c934,937
< 0x03a2   0x00500000    
< 0x03a3   0x00240000    
< 0x03a4   0x00500000    
< 0x03a5   0x00000000    
---
> 0x03a2   0x30000000    
> 0x03a3   0x60000000    
> 0x03a4   0xe0000000    
> 0x03a5   0x40000000    
940,943c940,943
< 0x03a8   0x03cffc00    
< 0x03a9   0x03f3fc00    
< 0x03aa   0x03e7fc00    
< 0x03ab   0x03f7fc00    
---
> 0x03a8   0x40000000    
> 0x03a9   0xf0000000    
> 0x03aa   0xe0000000    
> 0x03ab   0x50000000    
946,949c946,949
< 0x03ae   0x03abfc00    
< 0x03af   0x03f3fc00    
< 0x03b0   0x03abfc00    
< 0x03b1   0x00140000    
---
> 0x03ae   0x30000000    
> 0x03af   0x60000000    
> 0x03b0   0xb0000000    
> 0x03b1   0xc0000000    
952,955c952,955
< 0x03b4   0x00340000    
< 0x03b5   0x00400000    
< 0x03b6   0x00240000    
< 0x03b7   0x00340000    
---
> 0x03b4   0x40000000    
> 0x03b5   0xd0000000    
> 0x03b6   0x50000000    
> 0x03b7   0x50000000    
958,961c958,961
< 0x03ba   0x039bfc00    
< 0x03bb   0x03affc00    
< 0x03bc   0x03d7fc00    
< 0x03bd   0x03b3fc00    
---
> 0x03ba   0x30000000    
> 0x03bb   0x90000000    
> 0x03bc   0x00000000    
> 0x03bd   0x70000000    
964,967c964,967
< 0x03c0   0x003c0000    
< 0x03c1   0x00640000    
< 0x03c2   0x00000000    
< 0x03c3   0x03fbfc00    
---
> 0x03c0   0x50000000    
> 0x03c1   0x10000000    
> 0x03c2   0x70000000    
> 0x03c3   0x10000000    
970,973c970,973
< 0x03c6   0x004c0000    
< 0x03c7   0x0387fc00    
< 0x03c8   0x00180000    
< 0x03c9   0x03effc00    
---
> 0x03c6   0x50000000    
> 0x03c7   0xd0000000    
> 0x03c8   0x30000000    
> 0x03c9   0xd0000000    
976,979c976,979
< 0x03cc   0x03f7fc00    
< 0x03cd   0x00000000    
< 0x03ce   0x004c0000    
< 0x03cf   0x00740000    
---
> 0x03cc   0x50000000    
> 0x03cd   0xb0000000    
> 0x03ce   0x90000000    
> 0x03cf   0x60000000    
982,985c982,985
< 0x03d2   0x001c0000    
< 0x03d3   0x03a3fc00    
< 0x03d4   0x0387fc00    
< 0x03d5   0x03affc00    
---
> 0x03d2   0x50000000    
> 0x03d3   0x40000000    
> 0x03d4   0xd0000000    
> 0x03d5   0xa0000000    
988,991c988,991
< 0x03d8   0x03bbfc00    
< 0x03d9   0x03c7fc00    
< 0x03da   0x006c0000    
< 0x03db   0x03b3fc00    
---
> 0x03d8   0x40000000    
> 0x03d9   0xe0000000    
> 0x03da   0x10000000    
> 0x03db   0x30000000    
994,997c994,997
< 0x03de   0x03fbfc00    
< 0x03df   0x00580000    
< 0x03e0   0x03e3fc00    
< 0x03e1   0x00000000    
---
> 0x03de   0x40000000    
> 0x03df   0x60000000    
> 0x03e0   0xc0000000    
> 0x03e1   0xe0000000    
1000,1003c1000,1003
< 0x03e4   0x0393fc00    
< 0x03e5   0x00180000    
< 0x03e6   0x0387fc00    
< 0x03e7   0x00180000    
---
> 0x03e4   0x40000000    
> 0x03e5   0x80000000    
> 0x03e6   0xf0000000    
> 0x03e7   0x00000000    
1006,1009c1006,1009
< 0x03ea   0x005c0000    
< 0x03eb   0x00700000    
< 0x03ec   0x00700000    
< 0x03ed   0x00480000    
---
> 0x03ea   0x40000000    
> 0x03eb   0xf0000000    
> 0x03ec   0x50000000    
> 0x03ed   0x10000000    
1012,1015c1012,1015
< 0x03f0   0x00400000    
< 0x03f1   0x00680000    
< 0x03f2   0x00580000    
< 0x03f3   0x03b7fc00    
---
> 0x03f0   0x40000000    
> 0x03f1   0xf0000000    
> 0x03f2   0x10000000    
> 0x03f3   0xf0000000    
1018,1021c1018,1021
< 0x03f6   0x00100000    
< 0x03f7   0x005c0000    
< 0x03f8   0x03a3fc00    
< 0x03f9   0x00040000    
---
> 0x03f6   0x40000000    
> 0x03f7   0x30000000    
> 0x03f8   0xe0000000    
> 0x03f9   0x90000000    
1024,1027c1024,1027
< 0x03fc   0x00580000    
< 0x03fd   0x007c0000    
< 0x03fe   0x00280000    
< 0x03ff   0x00640000    
---
> 0x03fc   0x40000000    
> 0x03fd   0xb0000000    
> 0x03fe   0x80000000    
> 0x03ff   0x60000000    
1030,1033c1030,1033
< 0x0402   0x00480000    
< 0x0403   0x00380000    
< 0x0404   0x00040000    
< 0x0405   0x00340000    
---
> 0x0402   0x50000000    
> 0x0403   0x70000000    
> 0x0404   0x80000000    
> 0x0405   0x90000000    
1036,1039c1036,1039
< 0x0408   0x002c0000    
< 0x0409   0x00540000    
< 0x040a   0x03b7fc00    
< 0x040b   0x03effc00    
---
> 0x0408   0x60000000    
> 0x0409   0x20000000    
> 0x040a   0x00000000    
> 0x040b   0x90000000    
1042,1045c1042,1045
< 0x040e   0x00680000    
< 0x040f   0x0397fc00    
< 0x0410   0x03fbfc00    
< 0x0411   0x00000000    
---
> 0x040e   0x50000000    
> 0x040f   0xe0000000    
> 0x0410   0x10000000    
> 0x0411   0x70000000    
1048,1051c1048,1051
< 0x0414   0x004c0000    
< 0x0415   0x03d7fc00    
< 0x0416   0x03ebfc00    
< 0x0417   0x0397fc00    
---
> 0x0414   0x50000000    
> 0x0415   0x80000000    
> 0x0416   0x40000000    
> 0x0417   0xd0000000    
1054,1057c1054,1057
< 0x041a   0x03ebfc00    
< 0x041b   0x03abfc00    
< 0x041c   0x007c0000    
< 0x041d   0x03cffc00    
---
> 0x041a   0x70000000    
> 0x041b   0xd0000000    
> 0x041c   0xd0000000    
> 0x041d   0x50000000    
1060c1060
< 0x0420   0x03e3fc00    
---
> 0x0420   0x60000000    
1062,1063c1062,1063
< 0x0422   0x004c0000    
< 0x0423   0x00640000    
---
> 0x0422   0xb0000000    
> 0x0423   0xb0000000    
1066,1069c1066,1069
< 0x0426   0x00740000    
< 0x0427   0x004c0000    
< 0x0428   0x002c0000    
< 0x0429   0x03fffc00    
---
> 0x0426   0x50000000    
> 0x0427   0x10000000    
> 0x0428   0x50000000    
> 0x0429   0x60000000    
1072,1075c1072,1075
< 0x042c   0x03effc00    
< 0x042d   0x00340000    
< 0x042e   0x03b3fc00    
< 0x042f   0x00240000    
---
> 0x042c   0x40000000    
> 0x042d   0xc0000000    
> 0x042e   0x70000000    
> 0x042f   0xf0000000    
1078,1081c1078,1081
< 0x0432   0x03ebfc00    
< 0x0433   0x03cbfc00    
< 0x0434   0x03f7fc00    
< 0x0435   0x03dbfc00    
---
> 0x0432   0x50000000    
> 0x0433   0x30000000    
> 0x0434   0xa0000000    
> 0x0435   0xe0000000    
1084,1087c1084,1087
< 0x0438   0x03c3fc00    
< 0x0439   0x03d7fc00    
< 0x043a   0x005c0000    
< 0x043b   0x006c0000    
---
> 0x0438   0x30000000    
> 0x0439   0xa0000000    
> 0x043a   0x80000000    
> 0x043b   0x10000000    
1090,1093c1090,1093
< 0x043e   0x00400000    
< 0x043f   0x00700000    
< 0x0440   0x003c0000    
< 0x0441   0x03f7fc00    
---
> 0x043e   0x20000000    
> 0x043f   0xb0000000    
> 0x0440   0xf0000000    
> 0x0441   0x90000000    
1096,1099c1096,1099
< 0x0444   0x03e7fc00    
< 0x0445   0x03affc00    
< 0x0446   0x00500000    
< 0x0447   0x00300000    
---
> 0x0444   0x30000000    
> 0x0445   0x70000000    
> 0x0446   0x40000000    
> 0x0447   0x90000000    
1102,1105c1102,1105
< 0x044a   0x00140000    
< 0x044b   0x00480000    
< 0x044c   0x03abfc00    
< 0x044d   0x00080000    
---
> 0x044a   0x30000000    
> 0x044b   0xd0000000    
> 0x044c   0x70000000    
> 0x044d   0x10000000    
1108,1111c1108,1111
< 0x0450   0x03a3fc00    
< 0x0451   0x007c0000    
< 0x0452   0x03c7fc00    
< 0x0453   0x03bbfc00    
---
> 0x0450   0x40000000    
> 0x0451   0xb0000000    
> 0x0452   0x40000000    
> 0x0453   0x30000000    
1114,1117c1114,1117
< 0x0456   0x00740000    
< 0x0457   0x00500000    
< 0x0458   0x03fbfc00    
< 0x0459   0x00740000    
---
> 0x0456   0x50000000    
> 0x0457   0xe0000000    
> 0x0458   0x10000000    
> 0x0459   0x40000000    
1120,1123c1120,1123
< 0x045c   0x00600000    
< 0x045d   0x03ebfc00    
< 0x045e   0x03ebfc00    
< 0x045f   0x00400000    
---
> 0x045c   0x40000000    
> 0x045d   0xa0000000    
> 0x045e   0x30000000    
> 0x045f   0xb0000000    
1126,1129c1126,1129
< 0x0462   0x03cffc00    
< 0x0463   0x03d7fc00    
< 0x0464   0x03d3fc00    
< 0x0465   0x03d7fc00    
---
> 0x0462   0x50000000    
> 0x0463   0x90000000    
> 0x0464   0x60000000    
> 0x0465   0xc0000000    
1132,1135c1132,1135
< 0x0468   0x00580000    
< 0x0469   0x0397fc00    
< 0x046a   0x03cffc00    
< 0x046b   0x03c7fc00    
---
> 0x0468   0x40000000    
> 0x0469   0xb0000000    
> 0x046a   0x80000000    
> 0x046b   0xe0000000    
1138,1141c1138,1141
< 0x046e   0x03bffc00    
< 0x046f   0x00280000    
< 0x0470   0x00000000    
< 0x0471   0x00240000    
---
> 0x046e   0x40000000    
> 0x046f   0x80000000    
> 0x0470   0x90000000    
> 0x0471   0xe0000000    
1144,1147c1144,1147
< 0x0474   0x0387fc00    
< 0x0475   0x00680000    
< 0x0476   0x0397fc00    
< 0x0477   0x03c3fc00    
---
> 0x0474   0x30000000    
> 0x0475   0xb0000000    
> 0x0476   0x70000000    
> 0x0477   0x70000000    
1150,1153c1150,1153
< 0x047a   0x00580000    
< 0x047b   0x03d7fc00    
< 0x047c   0x00680000    
< 0x047d   0x03f7fc00    
---
> 0x047a   0x40000000    
> 0x047b   0xb0000000    
> 0x047c   0xa0000000    
> 0x047d   0x70000000    
1156,1159c1156,1159
< 0x0480   0x039bfc00    
< 0x0481   0x00400000    
< 0x0482   0x03e7fc00    
< 0x0483   0x00180000    
---
> 0x0480   0x20000000    
> 0x0481   0x50000000    
> 0x0482   0x60000000    
> 0x0483   0x90000000    
1162,1165c1162,1165
< 0x0486   0x03d7fc00    
< 0x0487   0x00140000    
< 0x0488   0x03abfc00    
< 0x0489   0x00480000    
---
> 0x0486   0x30000000    
> 0x0487   0xb0000000    
> 0x0488   0xc0000000    
> 0x0489   0xc0000000    
1168,1171c1168,1171
< 0x048c   0x004c0000    
< 0x048d   0x03e7fc00    
< 0x048e   0x03cbfc00    
< 0x048f   0x0387fc00    
---
> 0x048c   0x20000000    
> 0x048d   0xd0000000    
> 0x048e   0x60000000    
> 0x048f   0x40000000    
1174,1177c1174,1177
< 0x0492   0x00740000    
< 0x0493   0x03f3fc00    
< 0x0494   0x00740000    
< 0x0495   0x03d7fc00    
---
> 0x0492   0x60000000    
> 0x0493   0xc0000000    
> 0x0494   0xe0000000    
> 0x0495   0x90000000    
1180,1183c1180,1183
< 0x0498   0x03fffc00    
< 0x0499   0x003c0000    
< 0x049a   0x00380000    
< 0x049b   0x03a3fc00    
---
> 0x0498   0x30000000    
> 0x0499   0xc0000000    
> 0x049a   0x80000000    
> 0x049b   0x00000000    
1186,1189c1186,1189
< 0x049e   0x039ffc00    
< 0x049f   0x03effc00    
< 0x04a0   0x03b3fc00    
< 0x04a1   0x03f3fc00    
---
> 0x049e   0x60000000    
> 0x049f   0x50000000    
> 0x04a0   0x70000000    
> 0x04a1   0x70000000    
1192,1195c1192,1195
< 0x04a4   0x00640000    
< 0x04a5   0x007c0000    
< 0x04a6   0x00340000    
< 0x04a7   0x00580000    
---
> 0x04a4   0x30000000    
> 0x04a5   0xa0000000    
> 0x04a6   0xc0000000    
> 0x04a7   0x10000000    
1198,1201c1198,1201
< 0x04aa   0x03b7fc00    
< 0x04ab   0x00740000    
< 0x04ac   0x004c0000    
< 0x04ad   0x00580000    
---
> 0x04aa   0x40000000    
> 0x04ab   0xa0000000    
> 0x04ac   0xf0000000    
> 0x04ad   0x00000000    
1204,1207c1204,1207
< 0x04b0   0x03d3fc00    
< 0x04b1   0x0393fc00    
< 0x04b2   0x00340000    
< 0x04b3   0x03d7fc00    
---
> 0x04b0   0x40000000    
> 0x04b1   0x60000000    
> 0x04b2   0xf0000000    
> 0x04b3   0xc0000000    
1210,1213c1210,1213
< 0x04b6   0x03a3fc00    
< 0x04b7   0x004c0000    
< 0x04b8   0x03cffc00    
< 0x04b9   0x000c0000    
---
> 0x04b6   0x40000000    
> 0x04b7   0x80000000    
> 0x04b8   0xb0000000    
> 0x04b9   0x40000000    
1216,1219c1216,1219
< 0x04bc   0x00640000    
< 0x04bd   0x03f7fc00    
< 0x04be   0x038bfc00    
< 0x04bf   0x03a7fc00    
---
> 0x04bc   0x30000000    
> 0x04bd   0xa0000000    
> 0x04be   0xd0000000    
> 0x04bf   0x40000000    
1222,1225c1222,1225
< 0x04c2   0x00340000    
< 0x04c3   0x005c0000    
< 0x04c4   0x00080000    
< 0x04c5   0x004c0000    
---
> 0x04c2   0x40000000    
> 0x04c3   0x90000000    
> 0x04c4   0xf0000000    
> 0x04c5   0xe0000000    
1228,1231c1228,1231
< 0x04c8   0x03effc00    
< 0x04c9   0x03affc00    
< 0x04ca   0x005c0000    
< 0x04cb   0x039bfc00    
---
> 0x04c8   0x40000000    
> 0x04c9   0xe0000000    
> 0x04ca   0x20000000    
> 0x04cb   0x80000000    
1234,1237c1234,1237
< 0x04ce   0x03a7fc00    
< 0x04cf   0x00540000    
< 0x04d0   0x03effc00    
< 0x04d1   0x00440000    
---
> 0x04ce   0x50000000    
> 0x04cf   0x10000000    
> 0x04d0   0x00000000    
> 0x04d1   0xa0000000    
1240,1243c1240,1243
< 0x04d4   0x00380000    
< 0x04d5   0x004c0000    
< 0x04d6   0x00780000    
< 0x04d7   0x001c0000    
---
> 0x04d4   0x50000000    
> 0x04d5   0x30000000    
> 0x04d6   0x00000000    
> 0x04d7   0xd0000000    
1246,1249c1246,1249
< 0x04da   0x03abfc00    
< 0x04db   0x004c0000    
< 0x04dc   0x03fbfc00    
< 0x04dd   0x03ebfc00    
---
> 0x04da   0x40000000    
> 0x04db   0x40000000    
> 0x04dc   0x90000000    
> 0x04dd   0x00000000    
1252,1255c1252,1255
< 0x04e0   0x03cffc00    
< 0x04e1   0x00000000    
< 0x04e2   0x038ffc00    
< 0x04e3   0x03a7fc00    
---
> 0x04e0   0x40000000    
> 0x04e1   0x70000000    
> 0x04e2   0x30000000    
> 0x04e3   0x60000000    
1258,1261c1258,1261
< 0x04e6   0x00440000    
< 0x04e7   0x03affc00    
< 0x04e8   0x03fffc00    
< 0x04e9   0x03effc00    
---
> 0x04e6   0x30000000    
> 0x04e7   0xd0000000    
> 0x04e8   0xb0000000    
> 0x04e9   0xf0000000    
1264,1267c1264,1267
< 0x04ec   0x00000000    
< 0x04ed   0x00280000    
< 0x04ee   0x00780000    
< 0x04ef   0x03bbfc00    
---
> 0x04ec   0x40000000    
> 0x04ed   0x10000000    
> 0x04ee   0x80000000    
> 0x04ef   0x80000000    
1270,1273c1270,1273
< 0x04f2   0x00280000    
< 0x04f3   0x00700000    
< 0x04f4   0x03b7fc00    
< 0x04f5   0x006c0000    
---
> 0x04f2   0x40000000    
> 0x04f3   0x60000000    
> 0x04f4   0xa0000000    
> 0x04f5   0x80000000    
1276,1279c1276,1279
< 0x04f8   0x00740000    
< 0x04f9   0x004c0000    
< 0x04fa   0x003c0000    
< 0x04fb   0x00440000    
---
> 0x04f8   0x50000000    
> 0x04f9   0xf0000000    
> 0x04fa   0xe0000000    
> 0x04fb   0x20000000    
1282,1285c1282,1285
< 0x04fe   0x03effc00    
< 0x04ff   0x03b3fc00    
< 0x0500   0x03d3fc00    
< 0x0501   0x0387fc00    
---
> 0x04fe   0x30000000    
> 0x04ff   0xd0000000    
> 0x0500   0x80000000    
> 0x0501   0x80000000    
1288,1291c1288,1291
< 0x0504   0x00680000    
< 0x0505   0x00700000    
< 0x0506   0x03f3fc00    
< 0x0507   0x00200000    
---
> 0x0504   0x60000000    
> 0x0505   0x40000000    
> 0x0506   0x80000000    
> 0x0507   0x80000000    
1294,1297c1294,1297
< 0x050a   0x03dbfc00    
< 0x050b   0x00100000    
< 0x050c   0x0397fc00    
< 0x050d   0x00740000    
---
> 0x050a   0x40000000    
> 0x050b   0x70000000    
> 0x050c   0xd0000000    
> 0x050d   0x80000000    
1300,1303c1300,1303
< 0x0510   0x00340000    
< 0x0511   0x03d3fc00    
< 0x0512   0x00240000    
< 0x0513   0x03cffc00    
---
> 0x0510   0x50000000    
> 0x0511   0xa0000000    
> 0x0512   0xf0000000    
> 0x0513   0xa0000000    
1306,1309c1306,1309
< 0x0516   0x03a7fc00    
< 0x0517   0x003c0000    
< 0x0518   0x03abfc00    
< 0x0519   0x00080000    
---
> 0x0516   0x30000000    
> 0x0517   0xe0000000    
> 0x0518   0xc0000000    
> 0x0519   0x00000000    
1312,1315c1312,1315
< 0x051c   0x039ffc00    
< 0x051d   0x03c3fc00    
< 0x051e   0x03abfc00    
< 0x051f   0x0393fc00    
---
> 0x051c   0x60000000    
> 0x051d   0x60000000    
> 0x051e   0xf0000000    
> 0x051f   0xd0000000    
1318,1321c1318,1321
< 0x0522   0x00300000    
< 0x0523   0x00480000    
< 0x0524   0x03f3fc00    
< 0x0525   0x00240000    
---
> 0x0522   0x50000000    
> 0x0523   0xa0000000    
> 0x0524   0xc0000000    
> 0x0525   0x60000000    
1324,1327c1324,1327
< 0x0528   0x00440000    
< 0x0529   0x00180000    
< 0x052a   0x00440000    
< 0x052b   0x00000000    
---
> 0x0528   0x40000000    
> 0x0529   0x50000000    
> 0x052a   0x00000000    
> 0x052b   0x80000000    
1330,1333c1330,1333
< 0x052e   0x03e3fc00    
< 0x052f   0x000c0000    
< 0x0530   0x00440000    
< 0x0531   0x00340000    
---
> 0x052e   0x40000000    
> 0x052f   0x70000000    
> 0x0530   0x60000000    
> 0x0531   0xf0000000    
1336,1339c1336,1339
< 0x0534   0x00700000    
< 0x0535   0x00200000    
< 0x0536   0x03a7fc00    
< 0x0537   0x00140000    
---
> 0x0534   0x40000000    
> 0x0535   0xc0000000    
> 0x0536   0xd0000000    
> 0x0537   0x60000000    
1342,1345c1342,1345
< 0x053a   0x03d7fc00    
< 0x053b   0x00000000    
< 0x053c   0x001c0000    
< 0x053d   0x03f3fc00    
---
> 0x053a   0x70000000    
> 0x053b   0xd0000000    
> 0x053c   0x90000000    
> 0x053d   0x90000000    
1348,1351c1348,1351
< 0x0540   0x03dbfc00    
< 0x0541   0x0397fc00    
< 0x0542   0x03d7fc00    
< 0x0543   0x03d7fc00    
---
> 0x0540   0x70000000    
> 0x0541   0xe0000000    
> 0x0542   0x20000000    
> 0x0543   0x70000000    
1354,1357c1354,1357
< 0x0546   0x038ffc00    
< 0x0547   0x005c0000    
< 0x0548   0x002c0000    
< 0x0549   0x00780000    
---
> 0x0546   0x50000000    
> 0x0547   0xa0000000    
> 0x0548   0xf0000000    
> 0x0549   0xc0000000    
1360,1363c1360,1363
< 0x054c   0x03ebfc00    
< 0x054d   0x00180000    
< 0x054e   0x038bfc00    
< 0x054f   0x0393fc00    
---
> 0x054c   0x30000000    
> 0x054d   0xe0000000    
> 0x054e   0xf0000000    
> 0x054f   0xa0000000    
1366,1369c1366,1369
< 0x0552   0x00040000    
< 0x0553   0x03a3fc00    
< 0x0554   0x00540000    
< 0x0555   0x00140000    
---
> 0x0552   0x40000000    
> 0x0553   0x40000000    
> 0x0554   0x20000000    
> 0x0555   0x80000000    
1372,1375c1372,1375
< 0x0558   0x03f7fc00    
< 0x0559   0x03bffc00    
< 0x055a   0x03a7fc00    
< 0x055b   0x03b3fc00    
---
> 0x0558   0x60000000    
> 0x0559   0xa0000000    
> 0x055a   0xc0000000    
> 0x055b   0x40000000    
1378,1381c1378,1381
< 0x055e   0x004c0000    
< 0x055f   0x03cffc00    
< 0x0560   0x00180000    
< 0x0561   0x00380000    
---
> 0x055e   0x30000000    
> 0x055f   0x90000000    
> 0x0560   0x00000000    
> 0x0561   0xd0000000    
1384,1387c1384,1387
< 0x0564   0x03f3fc00    
< 0x0565   0x00200000    
< 0x0566   0x03bbfc00    
< 0x0567   0x03effc00    
---
> 0x0564   0x60000000    
> 0x0565   0x20000000    
> 0x0566   0xe0000000    
> 0x0567   0xf0000000    
1390,1393c1390,1393
< 0x056a   0x007c0000    
< 0x056b   0x00440000    
< 0x056c   0x03a3fc00    
< 0x056d   0x03f7fc00    
---
> 0x056a   0x30000000    
> 0x056b   0xd0000000    
> 0x056c   0x40000000    
> 0x056d   0x60000000    
1396,1399c1396,1399
< 0x0570   0x007c0000    
< 0x0571   0x03c3fc00    
< 0x0572   0x00240000    
< 0x0573   0x00440000    
---
> 0x0570   0x50000000    
> 0x0571   0x60000000    
> 0x0572   0x50000000    
> 0x0573   0xa0000000    
1402,1405c1402,1405
< 0x0576   0x00740000    
< 0x0577   0x00780000    
< 0x0578   0x00400000    
< 0x0579   0x039ffc00    
---
> 0x0576   0x50000000    
> 0x0577   0x20000000    
> 0x0578   0x90000000    
> 0x0579   0x20000000    
1408,1411c1408,1411
< 0x057c   0x007c0000    
< 0x057d   0x03e7fc00    
< 0x057e   0x00040000    
< 0x057f   0x007c0000    
---
> 0x057c   0x40000000    
> 0x057d   0x70000000    
> 0x057e   0x70000000    
> 0x057f   0xa0000000    
1414,1417c1414,1417
< 0x0582   0x03a3fc00    
< 0x0583   0x038ffc00    
< 0x0584   0x00700000    
< 0x0585   0x0387fc00    
---
> 0x0582   0x70000000    
> 0x0583   0x90000000    
> 0x0584   0x20000000    
> 0x0585   0xb0000000    
1420,1423c1420,1423
< 0x0588   0x03affc00    
< 0x0589   0x00700000    
< 0x058a   0x03cbfc00    
< 0x058b   0x03a3fc00    
---
> 0x0588   0x30000000    
> 0x0589   0xf0000000    
> 0x058a   0x00000000    
> 0x058b   0xf0000000    
1426,1429c1426,1429
< 0x058e   0x03b7fc00    
< 0x058f   0x00400000    
< 0x0590   0x039bfc00    
< 0x0591   0x00180000    
---
> 0x058e   0x40000000    
> 0x058f   0xb0000000    
> 0x0590   0x50000000    
> 0x0591   0x60000000    
1432,1435c1432,1435
< 0x0594   0x03a7fc00    
< 0x0595   0x03cffc00    
< 0x0596   0x00480000    
< 0x0597   0x00300000    
---
> 0x0594   0x40000000    
> 0x0595   0x40000000    
> 0x0596   0x80000000    
> 0x0597   0xf0000000    
1438,1441c1438,1441
< 0x059a   0x00240000    
< 0x059b   0x00680000    
< 0x059c   0x0397fc00    
< 0x059d   0x03fffc00    
---
> 0x059a   0x40000000    
> 0x059b   0xf0000000    
> 0x059c   0x70000000    
> 0x059d   0xa0000000    
1444,1447c1444,1447
< 0x05a0   0x00340000    
< 0x05a1   0x03fffc00    
< 0x05a2   0x00540000    
< 0x05a3   0x00480000    
---
> 0x05a0   0x20000000    
> 0x05a1   0x30000000    
> 0x05a2   0x80000000    
> 0x05a3   0x30000000    
1450,1453c1450,1453
< 0x05a6   0x00380000    
< 0x05a7   0x00380000    
< 0x05a8   0x03affc00    
< 0x05a9   0x004c0000    
---
> 0x05a6   0x50000000    
> 0x05a7   0x40000000    
> 0x05a8   0xe0000000    
> 0x05a9   0x60000000    
1456,1459c1456,1459
< 0x05ac   0x004c0000    
< 0x05ad   0x001c0000    
< 0x05ae   0x03e3fc00    
< 0x05af   0x03bbfc00    
---
> 0x05ac   0x60000000    
> 0x05ad   0x70000000    
> 0x05ae   0xe0000000    
> 0x05af   0xc0000000    
1462,1465c1462,1465
< 0x05b2   0x0397fc00    
< 0x05b3   0x03bbfc00    
< 0x05b4   0x00300000    
< 0x05b5   0x007c0000    
---
> 0x05b2   0x40000000    
> 0x05b3   0x00000000    
> 0x05b4   0x80000000    
> 0x05b5   0xc0000000    
1468,1471c1468,1471
< 0x05b8   0x03dffc00    
< 0x05b9   0x03d3fc00    
< 0x05ba   0x00600000    
< 0x05bb   0x00300000    
---
> 0x05b8   0x50000000    
> 0x05b9   0x50000000    
> 0x05ba   0x90000000    
> 0x05bb   0xc0000000    
1474,1477c1474,1477
< 0x05be   0x00700000    
< 0x05bf   0x03bbfc00    
< 0x05c0   0x03a3fc00    
< 0x05c1   0x03bbfc00    
---
> 0x05be   0x40000000    
> 0x05bf   0x70000000    
> 0x05c0   0x10000000    
> 0x05c1   0x20000000    
1480,1483c1480,1483
< 0x05c4   0x00500000    
< 0x05c5   0x03fbfc00    
< 0x05c6   0x00480000    
< 0x05c7   0x03a7fc00    
---
> 0x05c4   0x30000000    
> 0x05c5   0xe0000000    
> 0x05c6   0x40000000    
> 0x05c7   0x50000000    
1486,1489c1486,1489
< 0x05ca   0x00200000    
< 0x05cb   0x03cffc00    
< 0x05cc   0x0397fc00    
< 0x05cd   0x03ebfc00    
---
> 0x05ca   0x30000000    
> 0x05cb   0xb0000000    
> 0x05cc   0xc0000000    
> 0x05cd   0xf0000000    
1492,1495c1492,1495
< 0x05d0   0x00040000    
< 0x05d1   0x03a3fc00    
< 0x05d2   0x03cbfc00    
< 0x05d3   0x00000000    
---
> 0x05d0   0x30000000    
> 0x05d1   0x10000000    
> 0x05d2   0x40000000    
> 0x05d3   0x80000000    
1498,1501c1498,1501
< 0x05d6   0x03abfc00    
< 0x05d7   0x00280000    
< 0x05d8   0x03fbfc00    
< 0x05d9   0x00140000    
---
> 0x05d6   0x70000000    
> 0x05d7   0x60000000    
> 0x05d8   0xb0000000    
> 0x05d9   0xb0000000    
1504,1507c1504,1507
< 0x05dc   0x00040000    
< 0x05dd   0x039bfc00    
< 0x05de   0x03d7fc00    
< 0x05df   0x039bfc00    
---
> 0x05dc   0x60000000    
> 0x05dd   0x70000000    
> 0x05de   0x10000000    
> 0x05df   0x40000000    
1510,1513c1510,1513
< 0x05e2   0x03d7fc00    
< 0x05e3   0x03dbfc00    
< 0x05e4   0x03c7fc00    
< 0x05e5   0x03dffc00    
---
> 0x05e2   0x30000000    
> 0x05e3   0xf0000000    
> 0x05e4   0x70000000    
> 0x05e5   0x70000000    
1516,1519c1516,1519
< 0x05e8   0x000c0000    
< 0x05e9   0x03affc00    
< 0x05ea   0x03bbfc00    
< 0x05eb   0x006c0000    
---
> 0x05e8   0x60000000    
> 0x05e9   0x40000000    
> 0x05ea   0x30000000    
> 0x05eb   0xc0000000    
1522,1525c1522,1525
< 0x05ee   0x03affc00    
< 0x05ef   0x0393fc00    
< 0x05f0   0x03fffc00    
< 0x05f1   0x03d3fc00    
---
> 0x05ee   0x40000000    
> 0x05ef   0x50000000    
> 0x05f0   0xb0000000    
> 0x05f1   0xd0000000    
1528,1531c1528,1531
< 0x05f4   0x0387fc00    
< 0x05f5   0x03bbfc00    
< 0x05f6   0x03fbfc00    
< 0x05f7   0x00480000    
---
> 0x05f4   0x40000000    
> 0x05f5   0x90000000    
> 0x05f6   0x40000000    
> 0x05f7   0xe0000000    
1534,1537c1534,1537
< 0x05fa   0x00080000    
< 0x05fb   0x00140000    
< 0x05fc   0x002c0000    
< 0x05fd   0x03b3fc00    
---
> 0x05fa   0x40000000    
> 0x05fb   0xd0000000    
> 0x05fc   0xb0000000    
> 0x05fd   0xf0000000    
*** Output data verification. FAILED! ***
INFO: [SIM 1] CSim done with 0 errors.
INFO: [SIM 3] *************** CSIM finish ***************
