

================================================================
== Vitis HLS Report for 'adder_3by3'
================================================================
* Date:           Thu Apr 10 17:56:16 2025

* Version:        2021.1 (Build 3247384 on Thu Jun 10 19:36:07 MDT 2021)
* Project:        cicada_prj
* Solution:       solution1 (Vivado IP Flow Target)
* Product family: virtex7
* Target device:  xc7vx690t-ffg1927-2


================================================================
== Performance Estimates
================================================================
+ Timing: 
    * Summary: 
    +--------+---------+----------+------------+
    |  Clock |  Target | Estimated| Uncertainty|
    +--------+---------+----------+------------+
    |ap_clk  |  6.25 ns|  4.019 ns|     1.69 ns|
    +--------+---------+----------+------------+

+ Latency: 
    * Summary: 
    +---------+---------+----------+----------+-----+-----+---------+
    |  Latency (cycles) |  Latency (absolute) |  Interval | Pipeline|
    |   min   |   max   |    min   |    max   | min | max |   Type  |
    +---------+---------+----------+----------+-----+-----+---------+
    |        1|        1|  6.250 ns|  6.250 ns|    1|    1|      yes|
    +---------+---------+----------+----------+-----+-----+---------+

    + Detail: 
        * Instance: 
        N/A

        * Loop: 
        N/A

============================================================
+ Verbose Summary: Synthesis Manager
============================================================
InlineROM: 1
ExposeGlobal: 0
============================================================
+ Verbose Summary: CDFG Model
============================================================
IsTopModel: 0
ResetActiveHigh: 1
IsCombinational: 0
IsDatapathOnly: 0
HasWiredReturn: 1
HasMFsm: 2
HasVarLatency: 0
IsPipeline: 1
IsRtlPipelined: 1
IsInstanceOverlapped: 0
IsDontTouch: 0
HasImplIP: 0
IsGatedGlobalClock: 0

+ Individual pipeline summary: 
  * Pipeline-0: initiation interval (II) = 1, depth = 2


============================================================
+ Verbose Summary: Schedule
============================================================
* Number of FSM states : 2
* Pipeline : 1
  Pipeline-0 : II = 1, D = 2, States = { 1 2 }
* Dataflow Pipeline: 0

* FSM state transitions: 
1 --> 2 
2 --> 

* FSM state operations: 

State 1 <SV = 0> <Delay = 4.01>
ST_1 : Operation 3 [1/1] (0.00ns)   --->   "%p_read = read i90 @_ssdm_op_Read.ap_auto.i90, i90 %p_read1"   --->   Operation 3 'read' 'p_read' <Predicate = true> <Delay = 0.00>
ST_1 : Operation 4 [1/1] (0.00ns)   --->   "%tmp_V = trunc i90 %p_read"   --->   Operation 4 'trunc' 'tmp_V' <Predicate = true> <Delay = 0.00>
ST_1 : Operation 5 [1/1] (0.00ns)   --->   "%zext_ln10 = zext i10 %tmp_V" [src/et_3by3.cpp:10]   --->   Operation 5 'zext' 'zext_ln10' <Predicate = true> <Delay = 0.00>
ST_1 : Operation 6 [1/1] (0.00ns)   --->   "%tmp_s = partselect i10 @_ssdm_op_PartSelect.i10.i90.i32.i32, i90 %p_read, i32 10, i32 19"   --->   Operation 6 'partselect' 'tmp_s' <Predicate = true> <Delay = 0.00>
ST_1 : Operation 7 [1/1] (0.00ns)   --->   "%zext_ln870 = zext i10 %tmp_s"   --->   Operation 7 'zext' 'zext_ln870' <Predicate = true> <Delay = 0.00>
ST_1 : Operation 8 [1/1] (0.00ns)   --->   "%tmp_671 = partselect i10 @_ssdm_op_PartSelect.i10.i90.i32.i32, i90 %p_read, i32 20, i32 29"   --->   Operation 8 'partselect' 'tmp_671' <Predicate = true> <Delay = 0.00>
ST_1 : Operation 9 [1/1] (0.00ns)   --->   "%zext_ln870_1 = zext i10 %tmp_671"   --->   Operation 9 'zext' 'zext_ln870_1' <Predicate = true> <Delay = 0.00>
ST_1 : Operation 10 [1/1] (0.00ns)   --->   "%tmp_672 = partselect i10 @_ssdm_op_PartSelect.i10.i90.i32.i32, i90 %p_read, i32 30, i32 39"   --->   Operation 10 'partselect' 'tmp_672' <Predicate = true> <Delay = 0.00>
ST_1 : Operation 11 [1/1] (0.00ns)   --->   "%zext_ln870_2 = zext i10 %tmp_672"   --->   Operation 11 'zext' 'zext_ln870_2' <Predicate = true> <Delay = 0.00>
ST_1 : Operation 12 [1/1] (0.00ns)   --->   "%tmp_673 = partselect i10 @_ssdm_op_PartSelect.i10.i90.i32.i32, i90 %p_read, i32 40, i32 49"   --->   Operation 12 'partselect' 'tmp_673' <Predicate = true> <Delay = 0.00>
ST_1 : Operation 13 [1/1] (0.00ns)   --->   "%zext_ln870_3 = zext i10 %tmp_673"   --->   Operation 13 'zext' 'zext_ln870_3' <Predicate = true> <Delay = 0.00>
ST_1 : Operation 14 [1/1] (0.00ns)   --->   "%tmp_674 = partselect i10 @_ssdm_op_PartSelect.i10.i90.i32.i32, i90 %p_read, i32 50, i32 59"   --->   Operation 14 'partselect' 'tmp_674' <Predicate = true> <Delay = 0.00>
ST_1 : Operation 15 [1/1] (0.00ns)   --->   "%zext_ln870_4 = zext i10 %tmp_674"   --->   Operation 15 'zext' 'zext_ln870_4' <Predicate = true> <Delay = 0.00>
ST_1 : Operation 16 [1/1] (0.00ns)   --->   "%tmp_675 = partselect i10 @_ssdm_op_PartSelect.i10.i90.i32.i32, i90 %p_read, i32 60, i32 69"   --->   Operation 16 'partselect' 'tmp_675' <Predicate = true> <Delay = 0.00>
ST_1 : Operation 17 [1/1] (0.00ns)   --->   "%zext_ln870_5 = zext i10 %tmp_675"   --->   Operation 17 'zext' 'zext_ln870_5' <Predicate = true> <Delay = 0.00>
ST_1 : Operation 18 [1/1] (0.00ns)   --->   "%tmp_676 = partselect i10 @_ssdm_op_PartSelect.i10.i90.i32.i32, i90 %p_read, i32 70, i32 79"   --->   Operation 18 'partselect' 'tmp_676' <Predicate = true> <Delay = 0.00>
ST_1 : Operation 19 [1/1] (0.00ns)   --->   "%zext_ln870_6 = zext i10 %tmp_676"   --->   Operation 19 'zext' 'zext_ln870_6' <Predicate = true> <Delay = 0.00>
ST_1 : Operation 20 [1/1] (0.00ns)   --->   "%tmp_677 = partselect i10 @_ssdm_op_PartSelect.i10.i90.i32.i32, i90 %p_read, i32 80, i32 89"   --->   Operation 20 'partselect' 'tmp_677' <Predicate = true> <Delay = 0.00>
ST_1 : Operation 21 [1/1] (0.00ns)   --->   "%zext_ln870_7 = zext i10 %tmp_677"   --->   Operation 21 'zext' 'zext_ln870_7' <Predicate = true> <Delay = 0.00>
ST_1 : Operation 22 [1/1] (1.34ns)   --->   "%add_ln870 = add i11 %zext_ln870, i11 %zext_ln10"   --->   Operation 22 'add' 'add_ln870' <Predicate = true> <Delay = 1.34> <CoreInst = "Adder">   --->   Core 1 'Adder' <Latency = 0> <II = 1> <Delay = 1.32> <FuncUnit> <Opcode : 'add' 'sub'> <InPorts = 2> <OutPorts = 1>
ST_1 : Operation 23 [1/1] (0.00ns)   --->   "%zext_ln870_8 = zext i11 %add_ln870"   --->   Operation 23 'zext' 'zext_ln870_8' <Predicate = true> <Delay = 0.00>
ST_1 : Operation 24 [1/1] (1.34ns)   --->   "%add_ln870_1 = add i11 %zext_ln870_1, i11 %zext_ln870_2"   --->   Operation 24 'add' 'add_ln870_1' <Predicate = true> <Delay = 1.34> <CoreInst = "Adder">   --->   Core 1 'Adder' <Latency = 0> <II = 1> <Delay = 1.32> <FuncUnit> <Opcode : 'add' 'sub'> <InPorts = 2> <OutPorts = 1>
ST_1 : Operation 25 [1/1] (0.00ns)   --->   "%zext_ln870_9 = zext i11 %add_ln870_1"   --->   Operation 25 'zext' 'zext_ln870_9' <Predicate = true> <Delay = 0.00>
ST_1 : Operation 26 [1/1] (1.33ns)   --->   "%add_ln870_2 = add i12 %zext_ln870_9, i12 %zext_ln870_8"   --->   Operation 26 'add' 'add_ln870_2' <Predicate = true> <Delay = 1.33> <CoreInst = "Adder">   --->   Core 1 'Adder' <Latency = 0> <II = 1> <Delay = 1.32> <FuncUnit> <Opcode : 'add' 'sub'> <InPorts = 2> <OutPorts = 1>
ST_1 : Operation 27 [1/1] (1.34ns)   --->   "%add_ln870_3 = add i11 %zext_ln870_3, i11 %zext_ln870_4"   --->   Operation 27 'add' 'add_ln870_3' <Predicate = true> <Delay = 1.34> <CoreInst = "Adder">   --->   Core 1 'Adder' <Latency = 0> <II = 1> <Delay = 1.32> <FuncUnit> <Opcode : 'add' 'sub'> <InPorts = 2> <OutPorts = 1>
ST_1 : Operation 28 [1/1] (0.00ns)   --->   "%zext_ln870_11 = zext i11 %add_ln870_3"   --->   Operation 28 'zext' 'zext_ln870_11' <Predicate = true> <Delay = 0.00>
ST_1 : Operation 29 [1/1] (1.34ns)   --->   "%add_ln870_4 = add i11 %zext_ln870_6, i11 %zext_ln870_7"   --->   Operation 29 'add' 'add_ln870_4' <Predicate = true> <Delay = 1.34> <CoreInst = "Adder">   --->   Core 1 'Adder' <Latency = 0> <II = 1> <Delay = 1.32> <FuncUnit> <Opcode : 'add' 'sub'> <InPorts = 2> <OutPorts = 1>
ST_1 : Operation 30 [1/1] (0.00ns)   --->   "%zext_ln870_12 = zext i11 %add_ln870_4"   --->   Operation 30 'zext' 'zext_ln870_12' <Predicate = true> <Delay = 0.00>
ST_1 : Operation 31 [1/1] (1.33ns)   --->   "%add_ln870_5 = add i12 %zext_ln870_12, i12 %zext_ln870_5"   --->   Operation 31 'add' 'add_ln870_5' <Predicate = true> <Delay = 1.33> <CoreInst = "Adder">   --->   Core 1 'Adder' <Latency = 0> <II = 1> <Delay = 1.32> <FuncUnit> <Opcode : 'add' 'sub'> <InPorts = 2> <OutPorts = 1>
ST_1 : Operation 32 [1/1] (0.00ns)   --->   "%zext_ln870_13 = zext i12 %add_ln870_5"   --->   Operation 32 'zext' 'zext_ln870_13' <Predicate = true> <Delay = 0.00>
ST_1 : Operation 33 [1/1] (1.33ns)   --->   "%add_ln870_6 = add i13 %zext_ln870_13, i13 %zext_ln870_11"   --->   Operation 33 'add' 'add_ln870_6' <Predicate = true> <Delay = 1.33> <CoreInst = "Adder">   --->   Core 1 'Adder' <Latency = 0> <II = 1> <Delay = 1.32> <FuncUnit> <Opcode : 'add' 'sub'> <InPorts = 2> <OutPorts = 1>
ST_1 : Operation 34 [1/1] (1.34ns)   --->   "%add_ln217_1510 = add i10 %tmp_s, i10 %tmp_V"   --->   Operation 34 'add' 'add_ln217_1510' <Predicate = true> <Delay = 1.34> <CoreInst = "Adder">   --->   Core 1 'Adder' <Latency = 0> <II = 1> <Delay = 1.32> <FuncUnit> <Opcode : 'add' 'sub'> <InPorts = 2> <OutPorts = 1>
ST_1 : Operation 35 [1/1] (1.34ns)   --->   "%add_ln217_1511 = add i10 %tmp_671, i10 %tmp_672"   --->   Operation 35 'add' 'add_ln217_1511' <Predicate = true> <Delay = 1.34> <CoreInst = "Adder">   --->   Core 1 'Adder' <Latency = 0> <II = 1> <Delay = 1.32> <FuncUnit> <Opcode : 'add' 'sub'> <InPorts = 2> <OutPorts = 1>
ST_1 : Operation 36 [1/1] (0.00ns) (grouped into TernaryAdder)   --->   "%add_ln217_1513 = add i10 %tmp_673, i10 %tmp_674"   --->   Operation 36 'add' 'add_ln217_1513' <Predicate = true> <Delay = 0.00> <CoreInst = "TAddSub">   --->   Core 10 'TAddSub' <Latency = 0> <II = 1> <Delay = 0.98> <IPBlock> <Opcode : 'add' 'sub'> <InPorts = 3> <OutPorts = 1> <Sync> <CReg>
ST_1 : Operation 37 [1/1] (0.00ns) (grouped into TernaryAdder)   --->   "%add_ln217_1514 = add i10 %tmp_676, i10 %tmp_677"   --->   Operation 37 'add' 'add_ln217_1514' <Predicate = true> <Delay = 0.00> <CoreInst = "TAddSub">   --->   Core 10 'TAddSub' <Latency = 0> <II = 1> <Delay = 0.98> <IPBlock> <Opcode : 'add' 'sub'> <InPorts = 3> <OutPorts = 1> <Sync> <CReg>
ST_1 : Operation 38 [1/1] (1.96ns) (root node of TernaryAdder)   --->   "%add_ln217_1515 = add i10 %add_ln217_1514, i10 %tmp_675"   --->   Operation 38 'add' 'add_ln217_1515' <Predicate = true> <Delay = 1.96> <CoreInst = "TAddSub">   --->   Core 10 'TAddSub' <Latency = 0> <II = 1> <Delay = 0.98> <IPBlock> <Opcode : 'add' 'sub'> <InPorts = 3> <OutPorts = 1> <Sync> <CReg>
ST_1 : Operation 39 [1/1] (1.96ns) (root node of TernaryAdder)   --->   "%add_ln217_1516 = add i10 %add_ln217_1515, i10 %add_ln217_1513"   --->   Operation 39 'add' 'add_ln217_1516' <Predicate = true> <Delay = 1.96> <CoreInst = "TAddSub">   --->   Core 10 'TAddSub' <Latency = 0> <II = 1> <Delay = 0.98> <IPBlock> <Opcode : 'add' 'sub'> <InPorts = 3> <OutPorts = 1> <Sync> <CReg>

State 2 <SV = 1> <Delay = 2.71>
ST_2 : Operation 40 [1/1] (0.00ns)   --->   "%specpipeline_ln10 = specpipeline void @_ssdm_op_SpecPipeline, i32 1, i32 0, i32 0, i32 0, void @empty_0" [src/et_3by3.cpp:10]   --->   Operation 40 'specpipeline' 'specpipeline_ln10' <Predicate = true> <Delay = 0.00>
ST_2 : Operation 41 [1/1] (0.00ns)   --->   "%zext_ln870_10 = zext i12 %add_ln870_2"   --->   Operation 41 'zext' 'zext_ln870_10' <Predicate = true> <Delay = 0.00>
ST_2 : Operation 42 [1/1] (0.00ns)   --->   "%zext_ln870_14 = zext i13 %add_ln870_6"   --->   Operation 42 'zext' 'zext_ln870_14' <Predicate = true> <Delay = 0.00>
ST_2 : Operation 43 [1/1] (1.32ns)   --->   "%tmp_V_3 = add i14 %zext_ln870_14, i14 %zext_ln870_10"   --->   Operation 43 'add' 'tmp_V_3' <Predicate = true> <Delay = 1.32> <CoreInst = "Adder">   --->   Core 1 'Adder' <Latency = 0> <II = 1> <Delay = 1.32> <FuncUnit> <Opcode : 'add' 'sub'> <InPorts = 2> <OutPorts = 1>
ST_2 : Operation 44 [1/1] (0.00ns)   --->   "%tmp = partselect i4 @_ssdm_op_PartSelect.i4.i14.i32.i32, i14 %tmp_V_3, i32 10, i32 13"   --->   Operation 44 'partselect' 'tmp' <Predicate = true> <Delay = 0.00>
ST_2 : Operation 45 [1/1] (0.87ns)   --->   "%icmp_ln1065 = icmp_ne  i4 %tmp, i4 0"   --->   Operation 45 'icmp' 'icmp_ln1065' <Predicate = true> <Delay = 0.87> <CoreInst = "Cmp">   --->   Core 9 'Cmp' <Latency = 0> <II = 1> <Delay = 0.87> <FuncUnit> <Opcode : 'icmp'> <InPorts = 2> <OutPorts = 1>
ST_2 : Operation 46 [1/1] (0.00ns) (grouped into TernaryAdder)   --->   "%add_ln217_1512 = add i10 %add_ln217_1511, i10 %add_ln217_1510"   --->   Operation 46 'add' 'add_ln217_1512' <Predicate = true> <Delay = 0.00> <CoreInst = "TAddSub">   --->   Core 10 'TAddSub' <Latency = 0> <II = 1> <Delay = 0.98> <IPBlock> <Opcode : 'add' 'sub'> <InPorts = 3> <OutPorts = 1> <Sync> <CReg>
ST_2 : Operation 47 [1/1] (1.96ns) (root node of TernaryAdder)   --->   "%add_ln217 = add i10 %add_ln217_1516, i10 %add_ln217_1512"   --->   Operation 47 'add' 'add_ln217' <Predicate = true> <Delay = 1.96> <CoreInst = "TAddSub">   --->   Core 10 'TAddSub' <Latency = 0> <II = 1> <Delay = 0.98> <IPBlock> <Opcode : 'add' 'sub'> <InPorts = 3> <OutPorts = 1> <Sync> <CReg>
ST_2 : Operation 48 [1/1] (0.51ns)   --->   "%select_ln217 = select i1 %icmp_ln1065, i10 1023, i10 %add_ln217"   --->   Operation 48 'select' 'select_ln217' <Predicate = true> <Delay = 0.51> <CoreInst = "Sel">   --->   Core 73 'Sel' <Latency = 0> <II = 1> <Delay = 0.51> <FuncUnit> <Opcode : 'select'> <InPorts = 3> <OutPorts = 1>
ST_2 : Operation 49 [1/1] (0.00ns)   --->   "%ret_ln23 = ret i10 %select_ln217" [src/et_3by3.cpp:23]   --->   Operation 49 'ret' 'ret_ln23' <Predicate = true> <Delay = 0.00>


============================================================
+ Verbose Summary: Binding
============================================================
STG Binding: 
---------------- STG Properties BEGIN ----------------
- Is combinational: 0
- Is one-state seq: 0
- Is datapath-only: 1
- Is pipelined: 1
- Is top level: 0
Port [ Return ] is wired: 1; IO mode=ap_ctrl_hs:ce=0
Port [ p_read1]:  wired=1; compound=0; hidden=0; nouse=0; global=0; static=0; extern=0; dir=0; type=0; pingpong=0; private_global=0; IO mode=ap_none:ce=0
---------------- STG Properties END ------------------

---------------- Datapath Model BEGIN ----------------

<LifeTime>
<method=bitvector/>
p_read            (read        ) [ 000]
tmp_V             (trunc       ) [ 000]
zext_ln10         (zext        ) [ 000]
tmp_s             (partselect  ) [ 000]
zext_ln870        (zext        ) [ 000]
tmp_671           (partselect  ) [ 000]
zext_ln870_1      (zext        ) [ 000]
tmp_672           (partselect  ) [ 000]
zext_ln870_2      (zext        ) [ 000]
tmp_673           (partselect  ) [ 000]
zext_ln870_3      (zext        ) [ 000]
tmp_674           (partselect  ) [ 000]
zext_ln870_4      (zext        ) [ 000]
tmp_675           (partselect  ) [ 000]
zext_ln870_5      (zext        ) [ 000]
tmp_676           (partselect  ) [ 000]
zext_ln870_6      (zext        ) [ 000]
tmp_677           (partselect  ) [ 000]
zext_ln870_7      (zext        ) [ 000]
add_ln870         (add         ) [ 000]
zext_ln870_8      (zext        ) [ 000]
add_ln870_1       (add         ) [ 000]
zext_ln870_9      (zext        ) [ 000]
add_ln870_2       (add         ) [ 011]
add_ln870_3       (add         ) [ 000]
zext_ln870_11     (zext        ) [ 000]
add_ln870_4       (add         ) [ 000]
zext_ln870_12     (zext        ) [ 000]
add_ln870_5       (add         ) [ 000]
zext_ln870_13     (zext        ) [ 000]
add_ln870_6       (add         ) [ 011]
add_ln217_1510    (add         ) [ 011]
add_ln217_1511    (add         ) [ 011]
add_ln217_1513    (add         ) [ 000]
add_ln217_1514    (add         ) [ 000]
add_ln217_1515    (add         ) [ 000]
add_ln217_1516    (add         ) [ 011]
specpipeline_ln10 (specpipeline) [ 000]
zext_ln870_10     (zext        ) [ 000]
zext_ln870_14     (zext        ) [ 000]
tmp_V_3           (add         ) [ 000]
tmp               (partselect  ) [ 000]
icmp_ln1065       (icmp        ) [ 000]
add_ln217_1512    (add         ) [ 000]
add_ln217         (add         ) [ 000]
select_ln217      (select      ) [ 000]
ret_ln23          (ret         ) [ 000]
</LifeTime>

<model>

<comp_list>
<comp id="0" class="1000" name="p_read1">
<pin_list>
<pin id="1" dir="1" index="0" bw="1" slack="0"/>
</pin_list>
<bind>
<StgValue><ssdm name="p_read1"/></StgValue>
</bind>
</comp>

<comp id="2" class="1001" name="const_2">
<pin_list>
<pin id="3" dir="1" index="0" bw="1" slack="0"/>
</pin_list>
<bind>
<StgValue><ssdm name="_ssdm_op_Read.ap_auto.i90"/></StgValue>
</bind>
</comp>

<comp id="4" class="1001" name="const_4">
<pin_list>
<pin id="5" dir="1" index="0" bw="1" slack="0"/>
</pin_list>
<bind>
<StgValue><ssdm name="_ssdm_op_PartSelect.i10.i90.i32.i32"/></StgValue>
</bind>
</comp>

<comp id="6" class="1001" name="const_6">
<pin_list>
<pin id="7" dir="1" index="0" bw="1" slack="0"/>
</pin_list>
<bind>
<StgValue><ssdm name=""/></StgValue>
</bind>
</comp>

<comp id="8" class="1001" name="const_8">
<pin_list>
<pin id="9" dir="1" index="0" bw="1" slack="0"/>
</pin_list>
<bind>
<StgValue><ssdm name=""/></StgValue>
</bind>
</comp>

<comp id="10" class="1001" name="const_10">
<pin_list>
<pin id="11" dir="1" index="0" bw="1" slack="0"/>
</pin_list>
<bind>
<StgValue><ssdm name=""/></StgValue>
</bind>
</comp>

<comp id="12" class="1001" name="const_12">
<pin_list>
<pin id="13" dir="1" index="0" bw="1" slack="0"/>
</pin_list>
<bind>
<StgValue><ssdm name=""/></StgValue>
</bind>
</comp>

<comp id="14" class="1001" name="const_14">
<pin_list>
<pin id="15" dir="1" index="0" bw="1" slack="0"/>
</pin_list>
<bind>
<StgValue><ssdm name=""/></StgValue>
</bind>
</comp>

<comp id="16" class="1001" name="const_16">
<pin_list>
<pin id="17" dir="1" index="0" bw="1" slack="0"/>
</pin_list>
<bind>
<StgValue><ssdm name=""/></StgValue>
</bind>
</comp>

<comp id="18" class="1001" name="const_18">
<pin_list>
<pin id="19" dir="1" index="0" bw="1" slack="0"/>
</pin_list>
<bind>
<StgValue><ssdm name=""/></StgValue>
</bind>
</comp>

<comp id="20" class="1001" name="const_20">
<pin_list>
<pin id="21" dir="1" index="0" bw="1" slack="0"/>
</pin_list>
<bind>
<StgValue><ssdm name=""/></StgValue>
</bind>
</comp>

<comp id="22" class="1001" name="const_22">
<pin_list>
<pin id="23" dir="1" index="0" bw="1" slack="0"/>
</pin_list>
<bind>
<StgValue><ssdm name=""/></StgValue>
</bind>
</comp>

<comp id="24" class="1001" name="const_24">
<pin_list>
<pin id="25" dir="1" index="0" bw="1" slack="0"/>
</pin_list>
<bind>
<StgValue><ssdm name=""/></StgValue>
</bind>
</comp>

<comp id="26" class="1001" name="const_26">
<pin_list>
<pin id="27" dir="1" index="0" bw="1" slack="0"/>
</pin_list>
<bind>
<StgValue><ssdm name=""/></StgValue>
</bind>
</comp>

<comp id="28" class="1001" name="const_28">
<pin_list>
<pin id="29" dir="1" index="0" bw="1" slack="0"/>
</pin_list>
<bind>
<StgValue><ssdm name=""/></StgValue>
</bind>
</comp>

<comp id="30" class="1001" name="const_30">
<pin_list>
<pin id="31" dir="1" index="0" bw="1" slack="0"/>
</pin_list>
<bind>
<StgValue><ssdm name=""/></StgValue>
</bind>
</comp>

<comp id="32" class="1001" name="const_32">
<pin_list>
<pin id="33" dir="1" index="0" bw="1" slack="0"/>
</pin_list>
<bind>
<StgValue><ssdm name=""/></StgValue>
</bind>
</comp>

<comp id="34" class="1001" name="const_34">
<pin_list>
<pin id="35" dir="1" index="0" bw="1" slack="0"/>
</pin_list>
<bind>
<StgValue><ssdm name=""/></StgValue>
</bind>
</comp>

<comp id="36" class="1001" name="const_36">
<pin_list>
<pin id="37" dir="1" index="0" bw="1" slack="0"/>
</pin_list>
<bind>
<StgValue><ssdm name=""/></StgValue>
</bind>
</comp>

<comp id="38" class="1001" name="const_38">
<pin_list>
<pin id="39" dir="1" index="0" bw="1" slack="2147483647"/>
</pin_list>
<bind>
<StgValue><ssdm name="_ssdm_op_SpecPipeline"/></StgValue>
</bind>
</comp>

<comp id="40" class="1001" name="const_40">
<pin_list>
<pin id="41" dir="1" index="0" bw="1" slack="2147483647"/>
</pin_list>
<bind>
<StgValue><ssdm name=""/></StgValue>
</bind>
</comp>

<comp id="42" class="1001" name="const_42">
<pin_list>
<pin id="43" dir="1" index="0" bw="1" slack="2147483647"/>
</pin_list>
<bind>
<StgValue><ssdm name=""/></StgValue>
</bind>
</comp>

<comp id="44" class="1001" name="const_44">
<pin_list>
<pin id="45" dir="1" index="0" bw="1" slack="2147483647"/>
</pin_list>
<bind>
<StgValue><ssdm name="empty_0"/></StgValue>
</bind>
</comp>

<comp id="46" class="1001" name="const_46">
<pin_list>
<pin id="47" dir="1" index="0" bw="1" slack="0"/>
</pin_list>
<bind>
<StgValue><ssdm name="_ssdm_op_PartSelect.i4.i14.i32.i32"/></StgValue>
</bind>
</comp>

<comp id="48" class="1001" name="const_48">
<pin_list>
<pin id="49" dir="1" index="0" bw="1" slack="0"/>
</pin_list>
<bind>
<StgValue><ssdm name=""/></StgValue>
</bind>
</comp>

<comp id="50" class="1001" name="const_50">
<pin_list>
<pin id="51" dir="1" index="0" bw="1" slack="0"/>
</pin_list>
<bind>
<StgValue><ssdm name=""/></StgValue>
</bind>
</comp>

<comp id="52" class="1001" name="const_52">
<pin_list>
<pin id="53" dir="1" index="0" bw="1" slack="0"/>
</pin_list>
<bind>
<StgValue><ssdm name=""/></StgValue>
</bind>
</comp>

<comp id="54" class="1004" name="p_read_read_fu_54">
<pin_list>
<pin id="55" dir="0" index="0" bw="90" slack="0"/>
<pin id="56" dir="0" index="1" bw="90" slack="0"/>
<pin id="57" dir="1" index="2" bw="90" slack="0"/>
</pin_list>
<bind>
<opcode="read(1150) " fcode="read"/>
<opset="p_read/1 "/>
</bind>
</comp>

<comp id="60" class="1004" name="tmp_V_fu_60">
<pin_list>
<pin id="61" dir="0" index="0" bw="90" slack="0"/>
<pin id="62" dir="1" index="1" bw="10" slack="0"/>
</pin_list>
<bind>
<opcode="trunc(33) " fcode="trunc"/>
<opset="tmp_V/1 "/>
</bind>
</comp>

<comp id="64" class="1004" name="zext_ln10_fu_64">
<pin_list>
<pin id="65" dir="0" index="0" bw="10" slack="0"/>
<pin id="66" dir="1" index="1" bw="11" slack="0"/>
</pin_list>
<bind>
<opcode="zext(34) " fcode="zext"/>
<opset="zext_ln10/1 "/>
</bind>
</comp>

<comp id="68" class="1004" name="tmp_s_fu_68">
<pin_list>
<pin id="69" dir="0" index="0" bw="10" slack="0"/>
<pin id="70" dir="0" index="1" bw="90" slack="0"/>
<pin id="71" dir="0" index="2" bw="5" slack="0"/>
<pin id="72" dir="0" index="3" bw="6" slack="0"/>
<pin id="73" dir="1" index="4" bw="10" slack="0"/>
</pin_list>
<bind>
<opcode="partselect(1002) " fcode="partselect"/>
<opset="tmp_s/1 "/>
</bind>
</comp>

<comp id="78" class="1004" name="zext_ln870_fu_78">
<pin_list>
<pin id="79" dir="0" index="0" bw="10" slack="0"/>
<pin id="80" dir="1" index="1" bw="11" slack="0"/>
</pin_list>
<bind>
<opcode="zext(34) " fcode="zext"/>
<opset="zext_ln870/1 "/>
</bind>
</comp>

<comp id="82" class="1004" name="tmp_671_fu_82">
<pin_list>
<pin id="83" dir="0" index="0" bw="10" slack="0"/>
<pin id="84" dir="0" index="1" bw="90" slack="0"/>
<pin id="85" dir="0" index="2" bw="6" slack="0"/>
<pin id="86" dir="0" index="3" bw="6" slack="0"/>
<pin id="87" dir="1" index="4" bw="10" slack="0"/>
</pin_list>
<bind>
<opcode="partselect(1002) " fcode="partselect"/>
<opset="tmp_671/1 "/>
</bind>
</comp>

<comp id="92" class="1004" name="zext_ln870_1_fu_92">
<pin_list>
<pin id="93" dir="0" index="0" bw="10" slack="0"/>
<pin id="94" dir="1" index="1" bw="11" slack="0"/>
</pin_list>
<bind>
<opcode="zext(34) " fcode="zext"/>
<opset="zext_ln870_1/1 "/>
</bind>
</comp>

<comp id="96" class="1004" name="tmp_672_fu_96">
<pin_list>
<pin id="97" dir="0" index="0" bw="10" slack="0"/>
<pin id="98" dir="0" index="1" bw="90" slack="0"/>
<pin id="99" dir="0" index="2" bw="6" slack="0"/>
<pin id="100" dir="0" index="3" bw="7" slack="0"/>
<pin id="101" dir="1" index="4" bw="10" slack="0"/>
</pin_list>
<bind>
<opcode="partselect(1002) " fcode="partselect"/>
<opset="tmp_672/1 "/>
</bind>
</comp>

<comp id="106" class="1004" name="zext_ln870_2_fu_106">
<pin_list>
<pin id="107" dir="0" index="0" bw="10" slack="0"/>
<pin id="108" dir="1" index="1" bw="11" slack="0"/>
</pin_list>
<bind>
<opcode="zext(34) " fcode="zext"/>
<opset="zext_ln870_2/1 "/>
</bind>
</comp>

<comp id="110" class="1004" name="tmp_673_fu_110">
<pin_list>
<pin id="111" dir="0" index="0" bw="10" slack="0"/>
<pin id="112" dir="0" index="1" bw="90" slack="0"/>
<pin id="113" dir="0" index="2" bw="7" slack="0"/>
<pin id="114" dir="0" index="3" bw="7" slack="0"/>
<pin id="115" dir="1" index="4" bw="10" slack="0"/>
</pin_list>
<bind>
<opcode="partselect(1002) " fcode="partselect"/>
<opset="tmp_673/1 "/>
</bind>
</comp>

<comp id="120" class="1004" name="zext_ln870_3_fu_120">
<pin_list>
<pin id="121" dir="0" index="0" bw="10" slack="0"/>
<pin id="122" dir="1" index="1" bw="11" slack="0"/>
</pin_list>
<bind>
<opcode="zext(34) " fcode="zext"/>
<opset="zext_ln870_3/1 "/>
</bind>
</comp>

<comp id="124" class="1004" name="tmp_674_fu_124">
<pin_list>
<pin id="125" dir="0" index="0" bw="10" slack="0"/>
<pin id="126" dir="0" index="1" bw="90" slack="0"/>
<pin id="127" dir="0" index="2" bw="7" slack="0"/>
<pin id="128" dir="0" index="3" bw="7" slack="0"/>
<pin id="129" dir="1" index="4" bw="10" slack="0"/>
</pin_list>
<bind>
<opcode="partselect(1002) " fcode="partselect"/>
<opset="tmp_674/1 "/>
</bind>
</comp>

<comp id="134" class="1004" name="zext_ln870_4_fu_134">
<pin_list>
<pin id="135" dir="0" index="0" bw="10" slack="0"/>
<pin id="136" dir="1" index="1" bw="11" slack="0"/>
</pin_list>
<bind>
<opcode="zext(34) " fcode="zext"/>
<opset="zext_ln870_4/1 "/>
</bind>
</comp>

<comp id="138" class="1004" name="tmp_675_fu_138">
<pin_list>
<pin id="139" dir="0" index="0" bw="10" slack="0"/>
<pin id="140" dir="0" index="1" bw="90" slack="0"/>
<pin id="141" dir="0" index="2" bw="7" slack="0"/>
<pin id="142" dir="0" index="3" bw="8" slack="0"/>
<pin id="143" dir="1" index="4" bw="10" slack="0"/>
</pin_list>
<bind>
<opcode="partselect(1002) " fcode="partselect"/>
<opset="tmp_675/1 "/>
</bind>
</comp>

<comp id="148" class="1004" name="zext_ln870_5_fu_148">
<pin_list>
<pin id="149" dir="0" index="0" bw="10" slack="0"/>
<pin id="150" dir="1" index="1" bw="12" slack="0"/>
</pin_list>
<bind>
<opcode="zext(34) " fcode="zext"/>
<opset="zext_ln870_5/1 "/>
</bind>
</comp>

<comp id="152" class="1004" name="tmp_676_fu_152">
<pin_list>
<pin id="153" dir="0" index="0" bw="10" slack="0"/>
<pin id="154" dir="0" index="1" bw="90" slack="0"/>
<pin id="155" dir="0" index="2" bw="8" slack="0"/>
<pin id="156" dir="0" index="3" bw="8" slack="0"/>
<pin id="157" dir="1" index="4" bw="10" slack="0"/>
</pin_list>
<bind>
<opcode="partselect(1002) " fcode="partselect"/>
<opset="tmp_676/1 "/>
</bind>
</comp>

<comp id="162" class="1004" name="zext_ln870_6_fu_162">
<pin_list>
<pin id="163" dir="0" index="0" bw="10" slack="0"/>
<pin id="164" dir="1" index="1" bw="11" slack="0"/>
</pin_list>
<bind>
<opcode="zext(34) " fcode="zext"/>
<opset="zext_ln870_6/1 "/>
</bind>
</comp>

<comp id="166" class="1004" name="tmp_677_fu_166">
<pin_list>
<pin id="167" dir="0" index="0" bw="10" slack="0"/>
<pin id="168" dir="0" index="1" bw="90" slack="0"/>
<pin id="169" dir="0" index="2" bw="8" slack="0"/>
<pin id="170" dir="0" index="3" bw="8" slack="0"/>
<pin id="171" dir="1" index="4" bw="10" slack="0"/>
</pin_list>
<bind>
<opcode="partselect(1002) " fcode="partselect"/>
<opset="tmp_677/1 "/>
</bind>
</comp>

<comp id="176" class="1004" name="zext_ln870_7_fu_176">
<pin_list>
<pin id="177" dir="0" index="0" bw="10" slack="0"/>
<pin id="178" dir="1" index="1" bw="11" slack="0"/>
</pin_list>
<bind>
<opcode="zext(34) " fcode="zext"/>
<opset="zext_ln870_7/1 "/>
</bind>
</comp>

<comp id="180" class="1004" name="add_ln870_fu_180">
<pin_list>
<pin id="181" dir="0" index="0" bw="10" slack="0"/>
<pin id="182" dir="0" index="1" bw="10" slack="0"/>
<pin id="183" dir="1" index="2" bw="11" slack="0"/>
</pin_list>
<bind>
<opcode="add(8) " fcode="add"/>
<opset="add_ln870/1 "/>
</bind>
</comp>

<comp id="186" class="1004" name="zext_ln870_8_fu_186">
<pin_list>
<pin id="187" dir="0" index="0" bw="11" slack="0"/>
<pin id="188" dir="1" index="1" bw="12" slack="0"/>
</pin_list>
<bind>
<opcode="zext(34) " fcode="zext"/>
<opset="zext_ln870_8/1 "/>
</bind>
</comp>

<comp id="190" class="1004" name="add_ln870_1_fu_190">
<pin_list>
<pin id="191" dir="0" index="0" bw="10" slack="0"/>
<pin id="192" dir="0" index="1" bw="10" slack="0"/>
<pin id="193" dir="1" index="2" bw="11" slack="0"/>
</pin_list>
<bind>
<opcode="add(8) " fcode="add"/>
<opset="add_ln870_1/1 "/>
</bind>
</comp>

<comp id="196" class="1004" name="zext_ln870_9_fu_196">
<pin_list>
<pin id="197" dir="0" index="0" bw="11" slack="0"/>
<pin id="198" dir="1" index="1" bw="12" slack="0"/>
</pin_list>
<bind>
<opcode="zext(34) " fcode="zext"/>
<opset="zext_ln870_9/1 "/>
</bind>
</comp>

<comp id="200" class="1004" name="add_ln870_2_fu_200">
<pin_list>
<pin id="201" dir="0" index="0" bw="11" slack="0"/>
<pin id="202" dir="0" index="1" bw="11" slack="0"/>
<pin id="203" dir="1" index="2" bw="12" slack="1"/>
</pin_list>
<bind>
<opcode="add(8) " fcode="add"/>
<opset="add_ln870_2/1 "/>
</bind>
</comp>

<comp id="206" class="1004" name="add_ln870_3_fu_206">
<pin_list>
<pin id="207" dir="0" index="0" bw="10" slack="0"/>
<pin id="208" dir="0" index="1" bw="10" slack="0"/>
<pin id="209" dir="1" index="2" bw="11" slack="0"/>
</pin_list>
<bind>
<opcode="add(8) " fcode="add"/>
<opset="add_ln870_3/1 "/>
</bind>
</comp>

<comp id="212" class="1004" name="zext_ln870_11_fu_212">
<pin_list>
<pin id="213" dir="0" index="0" bw="11" slack="0"/>
<pin id="214" dir="1" index="1" bw="13" slack="0"/>
</pin_list>
<bind>
<opcode="zext(34) " fcode="zext"/>
<opset="zext_ln870_11/1 "/>
</bind>
</comp>

<comp id="216" class="1004" name="add_ln870_4_fu_216">
<pin_list>
<pin id="217" dir="0" index="0" bw="10" slack="0"/>
<pin id="218" dir="0" index="1" bw="10" slack="0"/>
<pin id="219" dir="1" index="2" bw="11" slack="0"/>
</pin_list>
<bind>
<opcode="add(8) " fcode="add"/>
<opset="add_ln870_4/1 "/>
</bind>
</comp>

<comp id="222" class="1004" name="zext_ln870_12_fu_222">
<pin_list>
<pin id="223" dir="0" index="0" bw="11" slack="0"/>
<pin id="224" dir="1" index="1" bw="12" slack="0"/>
</pin_list>
<bind>
<opcode="zext(34) " fcode="zext"/>
<opset="zext_ln870_12/1 "/>
</bind>
</comp>

<comp id="226" class="1004" name="add_ln870_5_fu_226">
<pin_list>
<pin id="227" dir="0" index="0" bw="11" slack="0"/>
<pin id="228" dir="0" index="1" bw="10" slack="0"/>
<pin id="229" dir="1" index="2" bw="12" slack="0"/>
</pin_list>
<bind>
<opcode="add(8) " fcode="add"/>
<opset="add_ln870_5/1 "/>
</bind>
</comp>

<comp id="232" class="1004" name="zext_ln870_13_fu_232">
<pin_list>
<pin id="233" dir="0" index="0" bw="12" slack="0"/>
<pin id="234" dir="1" index="1" bw="13" slack="0"/>
</pin_list>
<bind>
<opcode="zext(34) " fcode="zext"/>
<opset="zext_ln870_13/1 "/>
</bind>
</comp>

<comp id="236" class="1004" name="add_ln870_6_fu_236">
<pin_list>
<pin id="237" dir="0" index="0" bw="12" slack="0"/>
<pin id="238" dir="0" index="1" bw="11" slack="0"/>
<pin id="239" dir="1" index="2" bw="13" slack="1"/>
</pin_list>
<bind>
<opcode="add(8) " fcode="add"/>
<opset="add_ln870_6/1 "/>
</bind>
</comp>

<comp id="242" class="1004" name="add_ln217_1510_fu_242">
<pin_list>
<pin id="243" dir="0" index="0" bw="10" slack="0"/>
<pin id="244" dir="0" index="1" bw="10" slack="0"/>
<pin id="245" dir="1" index="2" bw="10" slack="1"/>
</pin_list>
<bind>
<opcode="add(8) " fcode="add"/>
<opset="add_ln217_1510/1 "/>
</bind>
</comp>

<comp id="248" class="1004" name="add_ln217_1511_fu_248">
<pin_list>
<pin id="249" dir="0" index="0" bw="10" slack="0"/>
<pin id="250" dir="0" index="1" bw="10" slack="0"/>
<pin id="251" dir="1" index="2" bw="10" slack="1"/>
</pin_list>
<bind>
<opcode="add(8) " fcode="add"/>
<opset="add_ln217_1511/1 "/>
</bind>
</comp>

<comp id="254" class="1004" name="add_ln217_1513_fu_254">
<pin_list>
<pin id="255" dir="0" index="0" bw="10" slack="0"/>
<pin id="256" dir="0" index="1" bw="10" slack="0"/>
<pin id="257" dir="1" index="2" bw="10" slack="0"/>
</pin_list>
<bind>
<opcode="add(8) " fcode="add"/>
<opset="add_ln217_1513/1 "/>
</bind>
</comp>

<comp id="260" class="1004" name="add_ln217_1514_fu_260">
<pin_list>
<pin id="261" dir="0" index="0" bw="10" slack="0"/>
<pin id="262" dir="0" index="1" bw="10" slack="0"/>
<pin id="263" dir="1" index="2" bw="10" slack="0"/>
</pin_list>
<bind>
<opcode="add(8) " fcode="add"/>
<opset="add_ln217_1514/1 "/>
</bind>
</comp>

<comp id="266" class="1004" name="add_ln217_1515_fu_266">
<pin_list>
<pin id="267" dir="0" index="0" bw="10" slack="0"/>
<pin id="268" dir="0" index="1" bw="10" slack="0"/>
<pin id="269" dir="1" index="2" bw="10" slack="0"/>
</pin_list>
<bind>
<opcode="add(8) " fcode="add"/>
<opset="add_ln217_1515/1 "/>
</bind>
</comp>

<comp id="272" class="1004" name="add_ln217_1516_fu_272">
<pin_list>
<pin id="273" dir="0" index="0" bw="10" slack="0"/>
<pin id="274" dir="0" index="1" bw="10" slack="0"/>
<pin id="275" dir="1" index="2" bw="10" slack="1"/>
</pin_list>
<bind>
<opcode="add(8) " fcode="add"/>
<opset="add_ln217_1516/1 "/>
</bind>
</comp>

<comp id="278" class="1004" name="zext_ln870_10_fu_278">
<pin_list>
<pin id="279" dir="0" index="0" bw="12" slack="1"/>
<pin id="280" dir="1" index="1" bw="14" slack="0"/>
</pin_list>
<bind>
<opcode="zext(34) " fcode="zext"/>
<opset="zext_ln870_10/2 "/>
</bind>
</comp>

<comp id="281" class="1004" name="zext_ln870_14_fu_281">
<pin_list>
<pin id="282" dir="0" index="0" bw="13" slack="1"/>
<pin id="283" dir="1" index="1" bw="14" slack="0"/>
</pin_list>
<bind>
<opcode="zext(34) " fcode="zext"/>
<opset="zext_ln870_14/2 "/>
</bind>
</comp>

<comp id="284" class="1004" name="tmp_V_3_fu_284">
<pin_list>
<pin id="285" dir="0" index="0" bw="13" slack="0"/>
<pin id="286" dir="0" index="1" bw="12" slack="0"/>
<pin id="287" dir="1" index="2" bw="14" slack="0"/>
</pin_list>
<bind>
<opcode="add(8) " fcode="add"/>
<opset="tmp_V_3/2 "/>
</bind>
</comp>

<comp id="290" class="1004" name="tmp_fu_290">
<pin_list>
<pin id="291" dir="0" index="0" bw="4" slack="0"/>
<pin id="292" dir="0" index="1" bw="14" slack="0"/>
<pin id="293" dir="0" index="2" bw="5" slack="0"/>
<pin id="294" dir="0" index="3" bw="5" slack="0"/>
<pin id="295" dir="1" index="4" bw="4" slack="0"/>
</pin_list>
<bind>
<opcode="partselect(1002) " fcode="partselect"/>
<opset="tmp/2 "/>
</bind>
</comp>

<comp id="300" class="1004" name="icmp_ln1065_fu_300">
<pin_list>
<pin id="301" dir="0" index="0" bw="4" slack="0"/>
<pin id="302" dir="0" index="1" bw="1" slack="0"/>
<pin id="303" dir="1" index="2" bw="1" slack="0"/>
</pin_list>
<bind>
<opcode="icmp(45) " fcode="icmp"/>
<opset="icmp_ln1065/2 "/>
</bind>
</comp>

<comp id="306" class="1004" name="add_ln217_1512_fu_306">
<pin_list>
<pin id="307" dir="0" index="0" bw="10" slack="1"/>
<pin id="308" dir="0" index="1" bw="10" slack="1"/>
<pin id="309" dir="1" index="2" bw="10" slack="0"/>
</pin_list>
<bind>
<opcode="add(8) " fcode="add"/>
<opset="add_ln217_1512/2 "/>
</bind>
</comp>

<comp id="310" class="1004" name="add_ln217_fu_310">
<pin_list>
<pin id="311" dir="0" index="0" bw="10" slack="1"/>
<pin id="312" dir="0" index="1" bw="10" slack="0"/>
<pin id="313" dir="1" index="2" bw="10" slack="0"/>
</pin_list>
<bind>
<opcode="add(8) " fcode="add"/>
<opset="add_ln217/2 "/>
</bind>
</comp>

<comp id="315" class="1004" name="select_ln217_fu_315">
<pin_list>
<pin id="316" dir="0" index="0" bw="1" slack="0"/>
<pin id="317" dir="0" index="1" bw="1" slack="0"/>
<pin id="318" dir="0" index="2" bw="10" slack="0"/>
<pin id="319" dir="1" index="3" bw="10" slack="2147483647"/>
</pin_list>
<bind>
<opcode="select(49) " fcode="select"/>
<opset="select_ln217/2 "/>
</bind>
</comp>

<comp id="323" class="1005" name="add_ln870_2_reg_323">
<pin_list>
<pin id="324" dir="0" index="0" bw="12" slack="1"/>
<pin id="325" dir="1" index="1" bw="12" slack="1"/>
</pin_list>
<bind>
<opset="add_ln870_2 "/>
</bind>
</comp>

<comp id="328" class="1005" name="add_ln870_6_reg_328">
<pin_list>
<pin id="329" dir="0" index="0" bw="13" slack="1"/>
<pin id="330" dir="1" index="1" bw="13" slack="1"/>
</pin_list>
<bind>
<opset="add_ln870_6 "/>
</bind>
</comp>

<comp id="333" class="1005" name="add_ln217_1510_reg_333">
<pin_list>
<pin id="334" dir="0" index="0" bw="10" slack="1"/>
<pin id="335" dir="1" index="1" bw="10" slack="1"/>
</pin_list>
<bind>
<opset="add_ln217_1510 "/>
</bind>
</comp>

<comp id="338" class="1005" name="add_ln217_1511_reg_338">
<pin_list>
<pin id="339" dir="0" index="0" bw="10" slack="1"/>
<pin id="340" dir="1" index="1" bw="10" slack="1"/>
</pin_list>
<bind>
<opset="add_ln217_1511 "/>
</bind>
</comp>

<comp id="343" class="1005" name="add_ln217_1516_reg_343">
<pin_list>
<pin id="344" dir="0" index="0" bw="10" slack="1"/>
<pin id="345" dir="1" index="1" bw="10" slack="1"/>
</pin_list>
<bind>
<opset="add_ln217_1516 "/>
</bind>
</comp>

</comp_list>

<net_list>
<net id="58"><net_src comp="2" pin="0"/><net_sink comp="54" pin=0"/></net>

<net id="59"><net_src comp="0" pin="0"/><net_sink comp="54" pin=1"/></net>

<net id="63"><net_src comp="54" pin="2"/><net_sink comp="60" pin=0"/></net>

<net id="67"><net_src comp="60" pin="1"/><net_sink comp="64" pin=0"/></net>

<net id="74"><net_src comp="4" pin="0"/><net_sink comp="68" pin=0"/></net>

<net id="75"><net_src comp="54" pin="2"/><net_sink comp="68" pin=1"/></net>

<net id="76"><net_src comp="6" pin="0"/><net_sink comp="68" pin=2"/></net>

<net id="77"><net_src comp="8" pin="0"/><net_sink comp="68" pin=3"/></net>

<net id="81"><net_src comp="68" pin="4"/><net_sink comp="78" pin=0"/></net>

<net id="88"><net_src comp="4" pin="0"/><net_sink comp="82" pin=0"/></net>

<net id="89"><net_src comp="54" pin="2"/><net_sink comp="82" pin=1"/></net>

<net id="90"><net_src comp="10" pin="0"/><net_sink comp="82" pin=2"/></net>

<net id="91"><net_src comp="12" pin="0"/><net_sink comp="82" pin=3"/></net>

<net id="95"><net_src comp="82" pin="4"/><net_sink comp="92" pin=0"/></net>

<net id="102"><net_src comp="4" pin="0"/><net_sink comp="96" pin=0"/></net>

<net id="103"><net_src comp="54" pin="2"/><net_sink comp="96" pin=1"/></net>

<net id="104"><net_src comp="14" pin="0"/><net_sink comp="96" pin=2"/></net>

<net id="105"><net_src comp="16" pin="0"/><net_sink comp="96" pin=3"/></net>

<net id="109"><net_src comp="96" pin="4"/><net_sink comp="106" pin=0"/></net>

<net id="116"><net_src comp="4" pin="0"/><net_sink comp="110" pin=0"/></net>

<net id="117"><net_src comp="54" pin="2"/><net_sink comp="110" pin=1"/></net>

<net id="118"><net_src comp="18" pin="0"/><net_sink comp="110" pin=2"/></net>

<net id="119"><net_src comp="20" pin="0"/><net_sink comp="110" pin=3"/></net>

<net id="123"><net_src comp="110" pin="4"/><net_sink comp="120" pin=0"/></net>

<net id="130"><net_src comp="4" pin="0"/><net_sink comp="124" pin=0"/></net>

<net id="131"><net_src comp="54" pin="2"/><net_sink comp="124" pin=1"/></net>

<net id="132"><net_src comp="22" pin="0"/><net_sink comp="124" pin=2"/></net>

<net id="133"><net_src comp="24" pin="0"/><net_sink comp="124" pin=3"/></net>

<net id="137"><net_src comp="124" pin="4"/><net_sink comp="134" pin=0"/></net>

<net id="144"><net_src comp="4" pin="0"/><net_sink comp="138" pin=0"/></net>

<net id="145"><net_src comp="54" pin="2"/><net_sink comp="138" pin=1"/></net>

<net id="146"><net_src comp="26" pin="0"/><net_sink comp="138" pin=2"/></net>

<net id="147"><net_src comp="28" pin="0"/><net_sink comp="138" pin=3"/></net>

<net id="151"><net_src comp="138" pin="4"/><net_sink comp="148" pin=0"/></net>

<net id="158"><net_src comp="4" pin="0"/><net_sink comp="152" pin=0"/></net>

<net id="159"><net_src comp="54" pin="2"/><net_sink comp="152" pin=1"/></net>

<net id="160"><net_src comp="30" pin="0"/><net_sink comp="152" pin=2"/></net>

<net id="161"><net_src comp="32" pin="0"/><net_sink comp="152" pin=3"/></net>

<net id="165"><net_src comp="152" pin="4"/><net_sink comp="162" pin=0"/></net>

<net id="172"><net_src comp="4" pin="0"/><net_sink comp="166" pin=0"/></net>

<net id="173"><net_src comp="54" pin="2"/><net_sink comp="166" pin=1"/></net>

<net id="174"><net_src comp="34" pin="0"/><net_sink comp="166" pin=2"/></net>

<net id="175"><net_src comp="36" pin="0"/><net_sink comp="166" pin=3"/></net>

<net id="179"><net_src comp="166" pin="4"/><net_sink comp="176" pin=0"/></net>

<net id="184"><net_src comp="78" pin="1"/><net_sink comp="180" pin=0"/></net>

<net id="185"><net_src comp="64" pin="1"/><net_sink comp="180" pin=1"/></net>

<net id="189"><net_src comp="180" pin="2"/><net_sink comp="186" pin=0"/></net>

<net id="194"><net_src comp="92" pin="1"/><net_sink comp="190" pin=0"/></net>

<net id="195"><net_src comp="106" pin="1"/><net_sink comp="190" pin=1"/></net>

<net id="199"><net_src comp="190" pin="2"/><net_sink comp="196" pin=0"/></net>

<net id="204"><net_src comp="196" pin="1"/><net_sink comp="200" pin=0"/></net>

<net id="205"><net_src comp="186" pin="1"/><net_sink comp="200" pin=1"/></net>

<net id="210"><net_src comp="120" pin="1"/><net_sink comp="206" pin=0"/></net>

<net id="211"><net_src comp="134" pin="1"/><net_sink comp="206" pin=1"/></net>

<net id="215"><net_src comp="206" pin="2"/><net_sink comp="212" pin=0"/></net>

<net id="220"><net_src comp="162" pin="1"/><net_sink comp="216" pin=0"/></net>

<net id="221"><net_src comp="176" pin="1"/><net_sink comp="216" pin=1"/></net>

<net id="225"><net_src comp="216" pin="2"/><net_sink comp="222" pin=0"/></net>

<net id="230"><net_src comp="222" pin="1"/><net_sink comp="226" pin=0"/></net>

<net id="231"><net_src comp="148" pin="1"/><net_sink comp="226" pin=1"/></net>

<net id="235"><net_src comp="226" pin="2"/><net_sink comp="232" pin=0"/></net>

<net id="240"><net_src comp="232" pin="1"/><net_sink comp="236" pin=0"/></net>

<net id="241"><net_src comp="212" pin="1"/><net_sink comp="236" pin=1"/></net>

<net id="246"><net_src comp="68" pin="4"/><net_sink comp="242" pin=0"/></net>

<net id="247"><net_src comp="60" pin="1"/><net_sink comp="242" pin=1"/></net>

<net id="252"><net_src comp="82" pin="4"/><net_sink comp="248" pin=0"/></net>

<net id="253"><net_src comp="96" pin="4"/><net_sink comp="248" pin=1"/></net>

<net id="258"><net_src comp="110" pin="4"/><net_sink comp="254" pin=0"/></net>

<net id="259"><net_src comp="124" pin="4"/><net_sink comp="254" pin=1"/></net>

<net id="264"><net_src comp="152" pin="4"/><net_sink comp="260" pin=0"/></net>

<net id="265"><net_src comp="166" pin="4"/><net_sink comp="260" pin=1"/></net>

<net id="270"><net_src comp="260" pin="2"/><net_sink comp="266" pin=0"/></net>

<net id="271"><net_src comp="138" pin="4"/><net_sink comp="266" pin=1"/></net>

<net id="276"><net_src comp="266" pin="2"/><net_sink comp="272" pin=0"/></net>

<net id="277"><net_src comp="254" pin="2"/><net_sink comp="272" pin=1"/></net>

<net id="288"><net_src comp="281" pin="1"/><net_sink comp="284" pin=0"/></net>

<net id="289"><net_src comp="278" pin="1"/><net_sink comp="284" pin=1"/></net>

<net id="296"><net_src comp="46" pin="0"/><net_sink comp="290" pin=0"/></net>

<net id="297"><net_src comp="284" pin="2"/><net_sink comp="290" pin=1"/></net>

<net id="298"><net_src comp="6" pin="0"/><net_sink comp="290" pin=2"/></net>

<net id="299"><net_src comp="48" pin="0"/><net_sink comp="290" pin=3"/></net>

<net id="304"><net_src comp="290" pin="4"/><net_sink comp="300" pin=0"/></net>

<net id="305"><net_src comp="50" pin="0"/><net_sink comp="300" pin=1"/></net>

<net id="314"><net_src comp="306" pin="2"/><net_sink comp="310" pin=1"/></net>

<net id="320"><net_src comp="300" pin="2"/><net_sink comp="315" pin=0"/></net>

<net id="321"><net_src comp="52" pin="0"/><net_sink comp="315" pin=1"/></net>

<net id="322"><net_src comp="310" pin="2"/><net_sink comp="315" pin=2"/></net>

<net id="326"><net_src comp="200" pin="2"/><net_sink comp="323" pin=0"/></net>

<net id="327"><net_src comp="323" pin="1"/><net_sink comp="278" pin=0"/></net>

<net id="331"><net_src comp="236" pin="2"/><net_sink comp="328" pin=0"/></net>

<net id="332"><net_src comp="328" pin="1"/><net_sink comp="281" pin=0"/></net>

<net id="336"><net_src comp="242" pin="2"/><net_sink comp="333" pin=0"/></net>

<net id="337"><net_src comp="333" pin="1"/><net_sink comp="306" pin=1"/></net>

<net id="341"><net_src comp="248" pin="2"/><net_sink comp="338" pin=0"/></net>

<net id="342"><net_src comp="338" pin="1"/><net_sink comp="306" pin=0"/></net>

<net id="346"><net_src comp="272" pin="2"/><net_sink comp="343" pin=0"/></net>

<net id="347"><net_src comp="343" pin="1"/><net_sink comp="310" pin=0"/></net>

</net_list>

</model> 
---------------- Datapath Model END ------------------

* FSMD analyzer results:
  - Output states:
 - Input state : 
	Port: adder_3by3 : p_read1 | {1 }
  - Chain level:
	State 1
		zext_ln10 : 1
		zext_ln870 : 1
		zext_ln870_1 : 1
		zext_ln870_2 : 1
		zext_ln870_3 : 1
		zext_ln870_4 : 1
		zext_ln870_5 : 1
		zext_ln870_6 : 1
		zext_ln870_7 : 1
		add_ln870 : 2
		zext_ln870_8 : 3
		add_ln870_1 : 2
		zext_ln870_9 : 3
		add_ln870_2 : 4
		add_ln870_3 : 2
		zext_ln870_11 : 3
		add_ln870_4 : 2
		zext_ln870_12 : 3
		add_ln870_5 : 4
		zext_ln870_13 : 5
		add_ln870_6 : 6
		add_ln217_1510 : 1
		add_ln217_1511 : 1
		add_ln217_1513 : 1
		add_ln217_1514 : 1
		add_ln217_1515 : 2
		add_ln217_1516 : 3
	State 2
		tmp_V_3 : 1
		tmp : 2
		icmp_ln1065 : 3
		add_ln217 : 1
		select_ln217 : 4
		ret_ln23 : 5


============================================================
+ Verbose Summary: Datapath Resource usage 
============================================================

* Functional unit list:
|----------|-----------------------|---------|---------|
| Operation|    Functional Unit    |    FF   |   LUT   |
|----------|-----------------------|---------|---------|
|          |    add_ln870_fu_180   |    0    |    17   |
|          |   add_ln870_1_fu_190  |    0    |    17   |
|          |   add_ln870_2_fu_200  |    0    |    18   |
|          |   add_ln870_3_fu_206  |    0    |    17   |
|          |   add_ln870_4_fu_216  |    0    |    17   |
|          |   add_ln870_5_fu_226  |    0    |    18   |
|          |   add_ln870_6_fu_236  |    0    |    19   |
|    add   | add_ln217_1510_fu_242 |    0    |    17   |
|          | add_ln217_1511_fu_248 |    0    |    17   |
|          | add_ln217_1513_fu_254 |    0    |    10   |
|          | add_ln217_1514_fu_260 |    0    |    10   |
|          | add_ln217_1515_fu_266 |    0    |    10   |
|          | add_ln217_1516_fu_272 |    0    |    10   |
|          |     tmp_V_3_fu_284    |    0    |    20   |
|          | add_ln217_1512_fu_306 |    0    |    10   |
|          |    add_ln217_fu_310   |    0    |    10   |
|----------|-----------------------|---------|---------|
|  select  |  select_ln217_fu_315  |    0    |    10   |
|----------|-----------------------|---------|---------|
|   icmp   |   icmp_ln1065_fu_300  |    0    |    9    |
|----------|-----------------------|---------|---------|
|   read   |   p_read_read_fu_54   |    0    |    0    |
|----------|-----------------------|---------|---------|
|   trunc  |      tmp_V_fu_60      |    0    |    0    |
|----------|-----------------------|---------|---------|
|          |    zext_ln10_fu_64    |    0    |    0    |
|          |    zext_ln870_fu_78   |    0    |    0    |
|          |   zext_ln870_1_fu_92  |    0    |    0    |
|          |  zext_ln870_2_fu_106  |    0    |    0    |
|          |  zext_ln870_3_fu_120  |    0    |    0    |
|          |  zext_ln870_4_fu_134  |    0    |    0    |
|          |  zext_ln870_5_fu_148  |    0    |    0    |
|   zext   |  zext_ln870_6_fu_162  |    0    |    0    |
|          |  zext_ln870_7_fu_176  |    0    |    0    |
|          |  zext_ln870_8_fu_186  |    0    |    0    |
|          |  zext_ln870_9_fu_196  |    0    |    0    |
|          |  zext_ln870_11_fu_212 |    0    |    0    |
|          |  zext_ln870_12_fu_222 |    0    |    0    |
|          |  zext_ln870_13_fu_232 |    0    |    0    |
|          |  zext_ln870_10_fu_278 |    0    |    0    |
|          |  zext_ln870_14_fu_281 |    0    |    0    |
|----------|-----------------------|---------|---------|
|          |      tmp_s_fu_68      |    0    |    0    |
|          |     tmp_671_fu_82     |    0    |    0    |
|          |     tmp_672_fu_96     |    0    |    0    |
|          |     tmp_673_fu_110    |    0    |    0    |
|partselect|     tmp_674_fu_124    |    0    |    0    |
|          |     tmp_675_fu_138    |    0    |    0    |
|          |     tmp_676_fu_152    |    0    |    0    |
|          |     tmp_677_fu_166    |    0    |    0    |
|          |       tmp_fu_290      |    0    |    0    |
|----------|-----------------------|---------|---------|
|   Total  |                       |    0    |   256   |
|----------|-----------------------|---------|---------|

Memories:
N/A

* Register list:
+----------------------+--------+
|                      |   FF   |
+----------------------+--------+
|add_ln217_1510_reg_333|   10   |
|add_ln217_1511_reg_338|   10   |
|add_ln217_1516_reg_343|   10   |
|  add_ln870_2_reg_323 |   12   |
|  add_ln870_6_reg_328 |   13   |
+----------------------+--------+
|         Total        |   55   |
+----------------------+--------+

* Multiplexer (MUX) list: 
|--------|------|------|------|--------|
|  Comp  |  Pin | Size |  BW  | S x BW |
|--------|------|------|------|--------|
|  Total |      |      |      |    0   |
|--------|------|------|------|--------|



* Summary:
+-----------+--------+--------+
|           |   FF   |   LUT  |
+-----------+--------+--------+
|  Function |    0   |   256  |
|   Memory  |    -   |    -   |
|Multiplexer|    -   |    -   |
|  Register |   55   |    -   |
+-----------+--------+--------+
|   Total   |   55   |   256  |
+-----------+--------+--------+
