

================================================================
== Vitis HLS Report for 'algo_unpacked'
================================================================
* Date:           Sat Mar 29 17:41:58 2025

* Version:        2021.1 (Build 3247384 on Thu Jun 10 19:36:07 MDT 2021)
* Project:        WOMBAT_prj
* Solution:       solution1 (Vivado IP Flow Target)
* Product family: virtex7
* Target device:  xc7vx690t-ffg1927-2


================================================================
== Performance Estimates
================================================================
+ Timing: 
    * Summary: 
    +--------+---------+----------+------------+
    |  Clock |  Target | Estimated| Uncertainty|
    +--------+---------+----------+------------+
    |ap_clk  |  6.25 ns|  5.761 ns|     1.69 ns|
    +--------+---------+----------+------------+

+ Latency: 
    * Summary: 
    +---------+---------+----------+----------+-----+-----+---------+
    |  Latency (cycles) |  Latency (absolute) |  Interval | Pipeline|
    |   min   |   max   |    min   |    max   | min | max |   Type  |
    +---------+---------+----------+----------+-----+-----+---------+
    |       24|       24|  0.150 us|  0.150 us|    4|    4|       no|
    +---------+---------+----------+----------+-----+-----+---------+

    + Detail: 
        * Instance: 
        +--------------------------------------------------------------------+-------------------------------------------------------+---------+---------+-----------+-----------+-----+-----+---------+
        |                                                                    |                                                       |  Latency (cycles) |   Latency (absolute)  |  Interval | Pipeline|
        |                              Instance                              |                         Module                        |   min   |   max   |    min    |    max    | min | max |   Type  |
        +--------------------------------------------------------------------+-------------------------------------------------------+---------+---------+-----------+-----------+-----+-----+---------+
        |grp_conv_2d_cl_ap_uint_10_ap_fixed_16_6_5_3_0_config2_s_fu_269      |conv_2d_cl_ap_uint_10_ap_fixed_16_6_5_3_0_config2_s    |        1|        1|   6.250 ns|   6.250 ns|    2|    2|      yes|
        |grp_normalize_ap_fixed_ap_fixed_16_6_5_3_0_config4_s_fu_274         |normalize_ap_fixed_ap_fixed_16_6_5_3_0_config4_s       |        1|        1|   6.250 ns|   6.250 ns|    2|    2|      yes|
        |call_ret3_relu_ap_fixed_ap_fixed_16_6_5_3_0_relu_config5_s_fu_354   |relu_ap_fixed_ap_fixed_16_6_5_3_0_relu_config5_s       |        0|        0|       0 ns|       0 ns|    1|    1|      yes|
        |grp_conv_2d_cl_ap_fixed_ap_fixed_16_6_5_3_0_config6_s_fu_434        |conv_2d_cl_ap_fixed_ap_fixed_16_6_5_3_0_config6_s      |        1|        1|   6.250 ns|   6.250 ns|    1|    1|       no|
        |grp_normalize_ap_fixed_ap_fixed_16_6_5_3_0_config8_s_fu_514         |normalize_ap_fixed_ap_fixed_16_6_5_3_0_config8_s       |        1|        1|   6.250 ns|   6.250 ns|    2|    2|      yes|
        |call_ret5_relu_ap_fixed_ap_fixed_16_6_5_3_0_relu_config9_s_fu_594   |relu_ap_fixed_ap_fixed_16_6_5_3_0_relu_config9_s       |        0|        0|       0 ns|       0 ns|    1|    1|      yes|
        |grp_pooling2d_cl_ap_fixed_ap_fixed_16_6_5_3_0_config10_s_fu_674     |pooling2d_cl_ap_fixed_ap_fixed_16_6_5_3_0_config10_s   |        6|        6|  37.500 ns|  37.500 ns|    2|    2|      yes|
        |grp_normalize_ap_fixed_ap_fixed_16_6_5_3_0_config11_s_fu_754        |normalize_ap_fixed_ap_fixed_16_6_5_3_0_config11_s      |        1|        1|   6.250 ns|   6.250 ns|    2|    2|      yes|
        |grp_dense_latency_ap_fixed_ap_fixed_16_6_5_3_0_config13_s_fu_774    |dense_latency_ap_fixed_ap_fixed_16_6_5_3_0_config13_s  |        2|        2|  12.500 ns|  12.500 ns|    2|    2|      yes|
        |call_ret9_relu_ap_fixed_ap_fixed_16_6_5_3_0_relu_config15_s_fu_814  |relu_ap_fixed_ap_fixed_16_6_5_3_0_relu_config15_s      |        0|        0|       0 ns|       0 ns|    1|    1|      yes|
        |grp_dense_latency_ap_fixed_ap_fixed_16_6_5_3_0_config16_s_fu_850    |dense_latency_ap_fixed_ap_fixed_16_6_5_3_0_config16_s  |        2|        2|  12.500 ns|  12.500 ns|    2|    2|      yes|
        +--------------------------------------------------------------------+-------------------------------------------------------+---------+---------+-----------+-----------+-----+-----+---------+

        * Loop: 
        N/A



================================================================
== Utilization Estimates
================================================================
* Summary: 
+-----------------+---------+------+--------+--------+-----+
|       Name      | BRAM_18K|  DSP |   FF   |   LUT  | URAM|
+-----------------+---------+------+--------+--------+-----+
|DSP              |        -|     -|       -|       -|    -|
|Expression       |        -|     -|       -|       -|    -|
|FIFO             |        -|     -|       -|       -|    -|
|Instance         |        -|   367|   30366|   82993|    -|
|Memory           |        -|     -|       -|       -|    -|
|Multiplexer      |        -|     -|       -|     123|    -|
|Register         |        -|     -|    6751|       -|    -|
+-----------------+---------+------+--------+--------+-----+
|Total            |        0|   367|   37117|   83116|    0|
+-----------------+---------+------+--------+--------+-----+
|Available        |     2940|  3600|  866400|  433200|    0|
+-----------------+---------+------+--------+--------+-----+
|Utilization (%)  |        0|    10|       4|      19|    0|
+-----------------+---------+------+--------+--------+-----+

+ Detail: 
    * Instance: 
    +--------------------------------------------------------------------+-------------------------------------------------------+---------+-----+-------+-------+-----+
    |                              Instance                              |                         Module                        | BRAM_18K| DSP |   FF  |  LUT  | URAM|
    +--------------------------------------------------------------------+-------------------------------------------------------+---------+-----+-------+-------+-----+
    |grp_conv_2d_cl_ap_fixed_ap_fixed_16_6_5_3_0_config6_s_fu_434        |conv_2d_cl_ap_fixed_ap_fixed_16_6_5_3_0_config6_s      |        0|   70|   3540|  11037|    0|
    |grp_conv_2d_cl_ap_uint_10_ap_fixed_16_6_5_3_0_config2_s_fu_269      |conv_2d_cl_ap_uint_10_ap_fixed_16_6_5_3_0_config2_s    |        0|    0|   2471|   9190|    0|
    |grp_dense_latency_ap_fixed_ap_fixed_16_6_5_3_0_config13_s_fu_774    |dense_latency_ap_fixed_ap_fixed_16_6_5_3_0_config13_s  |        0|  162|  15055|  44435|    0|
    |grp_dense_latency_ap_fixed_ap_fixed_16_6_5_3_0_config16_s_fu_850    |dense_latency_ap_fixed_ap_fixed_16_6_5_3_0_config16_s  |        0|   12|    553|   1239|    0|
    |grp_normalize_ap_fixed_ap_fixed_16_6_5_3_0_config11_s_fu_754        |normalize_ap_fixed_ap_fixed_16_6_5_3_0_config11_s      |        0|   12|    378|    689|    0|
    |grp_normalize_ap_fixed_ap_fixed_16_6_5_3_0_config4_s_fu_274         |normalize_ap_fixed_ap_fixed_16_6_5_3_0_config4_s       |        0|   19|   1313|   2977|    0|
    |grp_normalize_ap_fixed_ap_fixed_16_6_5_3_0_config8_s_fu_514         |normalize_ap_fixed_ap_fixed_16_6_5_3_0_config8_s       |        0|   76|   1978|   2977|    0|
    |grp_pooling2d_cl_ap_fixed_ap_fixed_16_6_5_3_0_config10_s_fu_674     |pooling2d_cl_ap_fixed_ap_fixed_16_6_5_3_0_config10_s   |        0|   16|   5078|   5297|    0|
    |call_ret9_relu_ap_fixed_ap_fixed_16_6_5_3_0_relu_config15_s_fu_814  |relu_ap_fixed_ap_fixed_16_6_5_3_0_relu_config15_s      |        0|    0|      0|    896|    0|
    |call_ret3_relu_ap_fixed_ap_fixed_16_6_5_3_0_relu_config5_s_fu_354   |relu_ap_fixed_ap_fixed_16_6_5_3_0_relu_config5_s       |        0|    0|      0|   2128|    0|
    |call_ret5_relu_ap_fixed_ap_fixed_16_6_5_3_0_relu_config9_s_fu_594   |relu_ap_fixed_ap_fixed_16_6_5_3_0_relu_config9_s       |        0|    0|      0|   2128|    0|
    +--------------------------------------------------------------------+-------------------------------------------------------+---------+-----+-------+-------+-----+
    |Total                                                               |                                                       |        0|  367|  30366|  82993|    0|
    +--------------------------------------------------------------------+-------------------------------------------------------+---------+-----+-------+-------+-----+

    * DSP: 
    N/A

    * Memory: 
    N/A

    * FIFO: 
    N/A

    * Expression: 
    N/A

    * Multiplexer: 
    +-----------+-----+-----------+-----+-----------+
    |    Name   | LUT | Input Size| Bits| Total Bits|
    +-----------+-----+-----------+-----+-----------+
    |ap_NS_fsm  |  123|         25|    1|         25|
    +-----------+-----+-----------+-----+-----------+
    |Total      |  123|         25|    1|         25|
    +-----------+-----+-----------+-----+-----------+

    * Register: 
    +-------------------------------------------------------------------------------+----+----+-----+-----------+
    |                                      Name                                     | FF | LUT| Bits| Const Bits|
    +-------------------------------------------------------------------------------+----+----+-----+-----------+
    |ap_CS_fsm                                                                      |  24|   0|   24|          0|
    |grp_conv_2d_cl_ap_fixed_ap_fixed_16_6_5_3_0_config6_s_fu_434_ap_start_reg      |   1|   0|    1|          0|
    |grp_dense_latency_ap_fixed_ap_fixed_16_6_5_3_0_config13_s_fu_774_ap_start_reg  |   1|   0|    1|          0|
    |grp_dense_latency_ap_fixed_ap_fixed_16_6_5_3_0_config16_s_fu_850_ap_start_reg  |   1|   0|    1|          0|
    |grp_normalize_ap_fixed_ap_fixed_16_6_5_3_0_config11_s_fu_754_ap_start_reg      |   1|   0|    1|          0|
    |grp_normalize_ap_fixed_ap_fixed_16_6_5_3_0_config4_s_fu_274_ap_start_reg       |   1|   0|    1|          0|
    |grp_normalize_ap_fixed_ap_fixed_16_6_5_3_0_config8_s_fu_514_ap_start_reg       |   1|   0|    1|          0|
    |grp_pooling2d_cl_ap_fixed_ap_fixed_16_6_5_3_0_config10_s_fu_674_ap_start_reg   |   1|   0|    1|          0|
    |layer10_out_V_0_reg_5928                                                       |  16|   0|   16|          0|
    |layer10_out_V_10_reg_5978                                                      |  16|   0|   16|          0|
    |layer10_out_V_11_reg_5983                                                      |  16|   0|   16|          0|
    |layer10_out_V_12_reg_5988                                                      |  16|   0|   16|          0|
    |layer10_out_V_13_reg_5993                                                      |  16|   0|   16|          0|
    |layer10_out_V_14_reg_5998                                                      |  16|   0|   16|          0|
    |layer10_out_V_15_reg_6003                                                      |  16|   0|   16|          0|
    |layer10_out_V_1_reg_5933                                                       |  16|   0|   16|          0|
    |layer10_out_V_2_reg_5938                                                       |  16|   0|   16|          0|
    |layer10_out_V_3_reg_5943                                                       |  16|   0|   16|          0|
    |layer10_out_V_4_reg_5948                                                       |  16|   0|   16|          0|
    |layer10_out_V_5_reg_5953                                                       |  16|   0|   16|          0|
    |layer10_out_V_6_reg_5958                                                       |  16|   0|   16|          0|
    |layer10_out_V_7_reg_5963                                                       |  16|   0|   16|          0|
    |layer10_out_V_8_reg_5968                                                       |  16|   0|   16|          0|
    |layer10_out_V_9_reg_5973                                                       |  16|   0|   16|          0|
    |layer11_out_V_0_reg_6008                                                       |  16|   0|   16|          0|
    |layer11_out_V_10_reg_6058                                                      |  16|   0|   16|          0|
    |layer11_out_V_11_reg_6063                                                      |  16|   0|   16|          0|
    |layer11_out_V_12_reg_6068                                                      |  16|   0|   16|          0|
    |layer11_out_V_13_reg_6073                                                      |  16|   0|   16|          0|
    |layer11_out_V_14_reg_6078                                                      |  16|   0|   16|          0|
    |layer11_out_V_15_reg_6083                                                      |  16|   0|   16|          0|
    |layer11_out_V_16_reg_6088                                                      |  16|   0|   16|          0|
    |layer11_out_V_1_reg_6013                                                       |  16|   0|   16|          0|
    |layer11_out_V_20_reg_6093                                                      |  16|   0|   16|          0|
    |layer11_out_V_24_reg_6098                                                      |  16|   0|   16|          0|
    |layer11_out_V_28_reg_6103                                                      |  16|   0|   16|          0|
    |layer11_out_V_2_reg_6018                                                       |  16|   0|   16|          0|
    |layer11_out_V_32_reg_6108                                                      |  16|   0|   16|          0|
    |layer11_out_V_36_reg_6113                                                      |  16|   0|   16|          0|
    |layer11_out_V_3_reg_6023                                                       |  16|   0|   16|          0|
    |layer11_out_V_40_reg_6118                                                      |  16|   0|   16|          0|
    |layer11_out_V_44_reg_6123                                                      |  16|   0|   16|          0|
    |layer11_out_V_48_reg_6128                                                      |  16|   0|   16|          0|
    |layer11_out_V_4_reg_6028                                                       |  16|   0|   16|          0|
    |layer11_out_V_52_reg_6133                                                      |  16|   0|   16|          0|
    |layer11_out_V_56_reg_6138                                                      |  16|   0|   16|          0|
    |layer11_out_V_5_reg_6033                                                       |  16|   0|   16|          0|
    |layer11_out_V_60_reg_6143                                                      |  16|   0|   16|          0|
    |layer11_out_V_64_reg_6148                                                      |  16|   0|   16|          0|
    |layer11_out_V_68_reg_6153                                                      |  16|   0|   16|          0|
    |layer11_out_V_6_reg_6038                                                       |  16|   0|   16|          0|
    |layer11_out_V_72_reg_6158                                                      |  16|   0|   16|          0|
    |layer11_out_V_76_reg_6163                                                      |  16|   0|   16|          0|
    |layer11_out_V_7_reg_6043                                                       |  16|   0|   16|          0|
    |layer11_out_V_80_reg_6168                                                      |  16|   0|   16|          0|
    |layer11_out_V_84_reg_6173                                                      |  16|   0|   16|          0|
    |layer11_out_V_88_reg_6178                                                      |  16|   0|   16|          0|
    |layer11_out_V_8_reg_6048                                                       |  16|   0|   16|          0|
    |layer11_out_V_92_reg_6183                                                      |  16|   0|   16|          0|
    |layer11_out_V_9_reg_6053                                                       |  16|   0|   16|          0|
    |layer13_out_V_0_reg_6188                                                       |  16|   0|   16|          0|
    |layer13_out_V_10_reg_6238                                                      |  16|   0|   16|          0|
    |layer13_out_V_11_reg_6243                                                      |  16|   0|   16|          0|
    |layer13_out_V_12_reg_6248                                                      |  16|   0|   16|          0|
    |layer13_out_V_13_reg_6253                                                      |  16|   0|   16|          0|
    |layer13_out_V_14_reg_6258                                                      |  16|   0|   16|          0|
    |layer13_out_V_15_reg_6263                                                      |  16|   0|   16|          0|
    |layer13_out_V_16_reg_6268                                                      |  16|   0|   16|          0|
    |layer13_out_V_17_reg_6273                                                      |  16|   0|   16|          0|
    |layer13_out_V_18_reg_6278                                                      |  16|   0|   16|          0|
    |layer13_out_V_19_reg_6283                                                      |  16|   0|   16|          0|
    |layer13_out_V_1_reg_6193                                                       |  16|   0|   16|          0|
    |layer13_out_V_20_reg_6288                                                      |  16|   0|   16|          0|
    |layer13_out_V_21_reg_6293                                                      |  16|   0|   16|          0|
    |layer13_out_V_22_reg_6298                                                      |  16|   0|   16|          0|
    |layer13_out_V_23_reg_6303                                                      |  16|   0|   16|          0|
    |layer13_out_V_24_reg_6308                                                      |  16|   0|   16|          0|
    |layer13_out_V_25_reg_6313                                                      |  16|   0|   16|          0|
    |layer13_out_V_26_reg_6318                                                      |  16|   0|   16|          0|
    |layer13_out_V_27_reg_6323                                                      |  16|   0|   16|          0|
    |layer13_out_V_28_reg_6328                                                      |  16|   0|   16|          0|
    |layer13_out_V_29_reg_6333                                                      |  16|   0|   16|          0|
    |layer13_out_V_2_reg_6198                                                       |  16|   0|   16|          0|
    |layer13_out_V_30_reg_6338                                                      |  16|   0|   16|          0|
    |layer13_out_V_31_reg_6343                                                      |  16|   0|   16|          0|
    |layer13_out_V_3_reg_6203                                                       |  16|   0|   16|          0|
    |layer13_out_V_4_reg_6208                                                       |  16|   0|   16|          0|
    |layer13_out_V_5_reg_6213                                                       |  16|   0|   16|          0|
    |layer13_out_V_6_reg_6218                                                       |  16|   0|   16|          0|
    |layer13_out_V_7_reg_6223                                                       |  16|   0|   16|          0|
    |layer13_out_V_8_reg_6228                                                       |  16|   0|   16|          0|
    |layer13_out_V_9_reg_6233                                                       |  16|   0|   16|          0|
    |layer15_out_V_0_reg_6348                                                       |  16|   0|   16|          0|
    |layer15_out_V_10_reg_6398                                                      |  16|   0|   16|          0|
    |layer15_out_V_11_reg_6403                                                      |  16|   0|   16|          0|
    |layer15_out_V_12_reg_6408                                                      |  16|   0|   16|          0|
    |layer15_out_V_13_reg_6413                                                      |  16|   0|   16|          0|
    |layer15_out_V_14_reg_6418                                                      |  16|   0|   16|          0|
    |layer15_out_V_15_reg_6423                                                      |  16|   0|   16|          0|
    |layer15_out_V_16_reg_6428                                                      |  16|   0|   16|          0|
    |layer15_out_V_17_reg_6433                                                      |  16|   0|   16|          0|
    |layer15_out_V_18_reg_6438                                                      |  16|   0|   16|          0|
    |layer15_out_V_19_reg_6443                                                      |  16|   0|   16|          0|
    |layer15_out_V_1_reg_6353                                                       |  16|   0|   16|          0|
    |layer15_out_V_20_reg_6448                                                      |  16|   0|   16|          0|
    |layer15_out_V_21_reg_6453                                                      |  16|   0|   16|          0|
    |layer15_out_V_22_reg_6458                                                      |  16|   0|   16|          0|
    |layer15_out_V_23_reg_6463                                                      |  16|   0|   16|          0|
    |layer15_out_V_24_reg_6468                                                      |  16|   0|   16|          0|
    |layer15_out_V_25_reg_6473                                                      |  16|   0|   16|          0|
    |layer15_out_V_26_reg_6478                                                      |  16|   0|   16|          0|
    |layer15_out_V_27_reg_6483                                                      |  16|   0|   16|          0|
    |layer15_out_V_28_reg_6488                                                      |  16|   0|   16|          0|
    |layer15_out_V_29_reg_6493                                                      |  16|   0|   16|          0|
    |layer15_out_V_2_reg_6358                                                       |  16|   0|   16|          0|
    |layer15_out_V_30_reg_6498                                                      |  16|   0|   16|          0|
    |layer15_out_V_31_reg_6503                                                      |  16|   0|   16|          0|
    |layer15_out_V_3_reg_6363                                                       |  16|   0|   16|          0|
    |layer15_out_V_4_reg_6368                                                       |  16|   0|   16|          0|
    |layer15_out_V_5_reg_6373                                                       |  16|   0|   16|          0|
    |layer15_out_V_6_reg_6378                                                       |  16|   0|   16|          0|
    |layer15_out_V_7_reg_6383                                                       |  16|   0|   16|          0|
    |layer15_out_V_8_reg_6388                                                       |  16|   0|   16|          0|
    |layer15_out_V_9_reg_6393                                                       |  16|   0|   16|          0|
    |layer5_out_V_0_reg_4788                                                        |  16|   0|   16|          0|
    |layer5_out_V_10_reg_4838                                                       |  16|   0|   16|          0|
    |layer5_out_V_11_reg_4843                                                       |  16|   0|   16|          0|
    |layer5_out_V_12_reg_4848                                                       |  16|   0|   16|          0|
    |layer5_out_V_13_reg_4853                                                       |  16|   0|   16|          0|
    |layer5_out_V_14_reg_4858                                                       |  16|   0|   16|          0|
    |layer5_out_V_15_reg_4863                                                       |  16|   0|   16|          0|
    |layer5_out_V_16_reg_4868                                                       |  16|   0|   16|          0|
    |layer5_out_V_17_reg_4873                                                       |  16|   0|   16|          0|
    |layer5_out_V_18_reg_4878                                                       |  16|   0|   16|          0|
    |layer5_out_V_19_reg_4883                                                       |  16|   0|   16|          0|
    |layer5_out_V_1_reg_4793                                                        |  16|   0|   16|          0|
    |layer5_out_V_20_reg_4888                                                       |  16|   0|   16|          0|
    |layer5_out_V_21_reg_4893                                                       |  16|   0|   16|          0|
    |layer5_out_V_22_reg_4898                                                       |  16|   0|   16|          0|
    |layer5_out_V_23_reg_4903                                                       |  16|   0|   16|          0|
    |layer5_out_V_24_reg_4908                                                       |  16|   0|   16|          0|
    |layer5_out_V_25_reg_4913                                                       |  16|   0|   16|          0|
    |layer5_out_V_26_reg_4918                                                       |  16|   0|   16|          0|
    |layer5_out_V_27_reg_4923                                                       |  16|   0|   16|          0|
    |layer5_out_V_28_reg_4928                                                       |  16|   0|   16|          0|
    |layer5_out_V_29_reg_4933                                                       |  16|   0|   16|          0|
    |layer5_out_V_2_reg_4798                                                        |  16|   0|   16|          0|
    |layer5_out_V_30_reg_4938                                                       |  16|   0|   16|          0|
    |layer5_out_V_31_reg_4943                                                       |  16|   0|   16|          0|
    |layer5_out_V_32_reg_4948                                                       |  16|   0|   16|          0|
    |layer5_out_V_33_reg_4953                                                       |  16|   0|   16|          0|
    |layer5_out_V_34_reg_4958                                                       |  16|   0|   16|          0|
    |layer5_out_V_35_reg_4963                                                       |  16|   0|   16|          0|
    |layer5_out_V_36_reg_4968                                                       |  16|   0|   16|          0|
    |layer5_out_V_37_reg_4973                                                       |  16|   0|   16|          0|
    |layer5_out_V_3_reg_4803                                                        |  16|   0|   16|          0|
    |layer5_out_V_42_reg_4978                                                       |  16|   0|   16|          0|
    |layer5_out_V_43_reg_4983                                                       |  16|   0|   16|          0|
    |layer5_out_V_44_reg_4988                                                       |  16|   0|   16|          0|
    |layer5_out_V_45_reg_4993                                                       |  16|   0|   16|          0|
    |layer5_out_V_46_reg_4998                                                       |  16|   0|   16|          0|
    |layer5_out_V_47_reg_5003                                                       |  16|   0|   16|          0|
    |layer5_out_V_48_reg_5008                                                       |  16|   0|   16|          0|
    |layer5_out_V_49_reg_5013                                                       |  16|   0|   16|          0|
    |layer5_out_V_4_reg_4808                                                        |  16|   0|   16|          0|
    |layer5_out_V_50_reg_5018                                                       |  16|   0|   16|          0|
    |layer5_out_V_51_reg_5023                                                       |  16|   0|   16|          0|
    |layer5_out_V_56_reg_5028                                                       |  16|   0|   16|          0|
    |layer5_out_V_57_reg_5033                                                       |  16|   0|   16|          0|
    |layer5_out_V_58_reg_5038                                                       |  16|   0|   16|          0|
    |layer5_out_V_59_reg_5043                                                       |  16|   0|   16|          0|
    |layer5_out_V_5_reg_4813                                                        |  16|   0|   16|          0|
    |layer5_out_V_60_reg_5048                                                       |  16|   0|   16|          0|
    |layer5_out_V_61_reg_5053                                                       |  16|   0|   16|          0|
    |layer5_out_V_62_reg_5058                                                       |  16|   0|   16|          0|
    |layer5_out_V_63_reg_5063                                                       |  16|   0|   16|          0|
    |layer5_out_V_64_reg_5068                                                       |  16|   0|   16|          0|
    |layer5_out_V_65_reg_5073                                                       |  16|   0|   16|          0|
    |layer5_out_V_66_reg_5078                                                       |  16|   0|   16|          0|
    |layer5_out_V_67_reg_5083                                                       |  16|   0|   16|          0|
    |layer5_out_V_68_reg_5088                                                       |  16|   0|   16|          0|
    |layer5_out_V_69_reg_5093                                                       |  16|   0|   16|          0|
    |layer5_out_V_6_reg_4818                                                        |  16|   0|   16|          0|
    |layer5_out_V_70_reg_5098                                                       |  16|   0|   16|          0|
    |layer5_out_V_71_reg_5103                                                       |  16|   0|   16|          0|
    |layer5_out_V_72_reg_5108                                                       |  16|   0|   16|          0|
    |layer5_out_V_73_reg_5113                                                       |  16|   0|   16|          0|
    |layer5_out_V_74_reg_5118                                                       |  16|   0|   16|          0|
    |layer5_out_V_75_reg_5123                                                       |  16|   0|   16|          0|
    |layer5_out_V_76_reg_5128                                                       |  16|   0|   16|          0|
    |layer5_out_V_77_reg_5133                                                       |  16|   0|   16|          0|
    |layer5_out_V_78_reg_5138                                                       |  16|   0|   16|          0|
    |layer5_out_V_79_reg_5143                                                       |  16|   0|   16|          0|
    |layer5_out_V_7_reg_4823                                                        |  16|   0|   16|          0|
    |layer5_out_V_80_reg_5148                                                       |  16|   0|   16|          0|
    |layer5_out_V_81_reg_5153                                                       |  16|   0|   16|          0|
    |layer5_out_V_82_reg_5158                                                       |  16|   0|   16|          0|
    |layer5_out_V_83_reg_5163                                                       |  16|   0|   16|          0|
    |layer5_out_V_8_reg_4828                                                        |  16|   0|   16|          0|
    |layer5_out_V_9_reg_4833                                                        |  16|   0|   16|          0|
    |layer9_out_V_0_reg_5548                                                        |  16|   0|   16|          0|
    |layer9_out_V_10_reg_5598                                                       |  16|   0|   16|          0|
    |layer9_out_V_11_reg_5603                                                       |  16|   0|   16|          0|
    |layer9_out_V_12_reg_5608                                                       |  16|   0|   16|          0|
    |layer9_out_V_13_reg_5613                                                       |  16|   0|   16|          0|
    |layer9_out_V_14_reg_5618                                                       |  16|   0|   16|          0|
    |layer9_out_V_15_reg_5623                                                       |  16|   0|   16|          0|
    |layer9_out_V_16_reg_5628                                                       |  16|   0|   16|          0|
    |layer9_out_V_17_reg_5633                                                       |  16|   0|   16|          0|
    |layer9_out_V_18_reg_5638                                                       |  16|   0|   16|          0|
    |layer9_out_V_19_reg_5643                                                       |  16|   0|   16|          0|
    |layer9_out_V_1_reg_5553                                                        |  16|   0|   16|          0|
    |layer9_out_V_20_reg_5648                                                       |  16|   0|   16|          0|
    |layer9_out_V_21_reg_5653                                                       |  16|   0|   16|          0|
    |layer9_out_V_22_reg_5658                                                       |  16|   0|   16|          0|
    |layer9_out_V_23_reg_5663                                                       |  16|   0|   16|          0|
    |layer9_out_V_24_reg_5668                                                       |  16|   0|   16|          0|
    |layer9_out_V_25_reg_5673                                                       |  16|   0|   16|          0|
    |layer9_out_V_26_reg_5678                                                       |  16|   0|   16|          0|
    |layer9_out_V_27_reg_5683                                                       |  16|   0|   16|          0|
    |layer9_out_V_28_reg_5688                                                       |  16|   0|   16|          0|
    |layer9_out_V_29_reg_5693                                                       |  16|   0|   16|          0|
    |layer9_out_V_2_reg_5558                                                        |  16|   0|   16|          0|
    |layer9_out_V_30_reg_5698                                                       |  16|   0|   16|          0|
    |layer9_out_V_31_reg_5703                                                       |  16|   0|   16|          0|
    |layer9_out_V_32_reg_5708                                                       |  16|   0|   16|          0|
    |layer9_out_V_33_reg_5713                                                       |  16|   0|   16|          0|
    |layer9_out_V_34_reg_5718                                                       |  16|   0|   16|          0|
    |layer9_out_V_35_reg_5723                                                       |  16|   0|   16|          0|
    |layer9_out_V_36_reg_5728                                                       |  16|   0|   16|          0|
    |layer9_out_V_37_reg_5733                                                       |  16|   0|   16|          0|
    |layer9_out_V_38_reg_5738                                                       |  16|   0|   16|          0|
    |layer9_out_V_39_reg_5743                                                       |  16|   0|   16|          0|
    |layer9_out_V_3_reg_5563                                                        |  16|   0|   16|          0|
    |layer9_out_V_40_reg_5748                                                       |  16|   0|   16|          0|
    |layer9_out_V_41_reg_5753                                                       |  16|   0|   16|          0|
    |layer9_out_V_42_reg_5758                                                       |  16|   0|   16|          0|
    |layer9_out_V_43_reg_5763                                                       |  16|   0|   16|          0|
    |layer9_out_V_44_reg_5768                                                       |  16|   0|   16|          0|
    |layer9_out_V_45_reg_5773                                                       |  16|   0|   16|          0|
    |layer9_out_V_46_reg_5778                                                       |  16|   0|   16|          0|
    |layer9_out_V_47_reg_5783                                                       |  16|   0|   16|          0|
    |layer9_out_V_4_reg_5568                                                        |  16|   0|   16|          0|
    |layer9_out_V_56_reg_5788                                                       |  16|   0|   16|          0|
    |layer9_out_V_57_reg_5793                                                       |  16|   0|   16|          0|
    |layer9_out_V_58_reg_5798                                                       |  16|   0|   16|          0|
    |layer9_out_V_59_reg_5803                                                       |  16|   0|   16|          0|
    |layer9_out_V_5_reg_5573                                                        |  16|   0|   16|          0|
    |layer9_out_V_60_reg_5808                                                       |  16|   0|   16|          0|
    |layer9_out_V_61_reg_5813                                                       |  16|   0|   16|          0|
    |layer9_out_V_62_reg_5818                                                       |  16|   0|   16|          0|
    |layer9_out_V_63_reg_5823                                                       |  16|   0|   16|          0|
    |layer9_out_V_64_reg_5828                                                       |  16|   0|   16|          0|
    |layer9_out_V_65_reg_5833                                                       |  16|   0|   16|          0|
    |layer9_out_V_66_reg_5838                                                       |  16|   0|   16|          0|
    |layer9_out_V_67_reg_5843                                                       |  16|   0|   16|          0|
    |layer9_out_V_68_reg_5848                                                       |  16|   0|   16|          0|
    |layer9_out_V_69_reg_5853                                                       |  16|   0|   16|          0|
    |layer9_out_V_6_reg_5578                                                        |  16|   0|   16|          0|
    |layer9_out_V_70_reg_5858                                                       |  16|   0|   16|          0|
    |layer9_out_V_71_reg_5863                                                       |  16|   0|   16|          0|
    |layer9_out_V_72_reg_5868                                                       |  16|   0|   16|          0|
    |layer9_out_V_73_reg_5873                                                       |  16|   0|   16|          0|
    |layer9_out_V_74_reg_5878                                                       |  16|   0|   16|          0|
    |layer9_out_V_75_reg_5883                                                       |  16|   0|   16|          0|
    |layer9_out_V_76_reg_5888                                                       |  16|   0|   16|          0|
    |layer9_out_V_77_reg_5893                                                       |  16|   0|   16|          0|
    |layer9_out_V_78_reg_5898                                                       |  16|   0|   16|          0|
    |layer9_out_V_79_reg_5903                                                       |  16|   0|   16|          0|
    |layer9_out_V_7_reg_5583                                                        |  16|   0|   16|          0|
    |layer9_out_V_80_reg_5908                                                       |  16|   0|   16|          0|
    |layer9_out_V_81_reg_5913                                                       |  16|   0|   16|          0|
    |layer9_out_V_82_reg_5918                                                       |  16|   0|   16|          0|
    |layer9_out_V_83_reg_5923                                                       |  16|   0|   16|          0|
    |layer9_out_V_8_reg_5588                                                        |  16|   0|   16|          0|
    |layer9_out_V_9_reg_5593                                                        |  16|   0|   16|          0|
    |newret100_reg_4658                                                             |  16|   0|   16|          0|
    |newret102_reg_4663                                                             |  16|   0|   16|          0|
    |newret104_reg_4668                                                             |  16|   0|   16|          0|
    |newret106_reg_4673                                                             |  16|   0|   16|          0|
    |newret108_reg_4678                                                             |  16|   0|   16|          0|
    |newret10_reg_4433                                                              |  16|   0|   16|          0|
    |newret110_reg_4683                                                             |  16|   0|   16|          0|
    |newret112_reg_4688                                                             |  16|   0|   16|          0|
    |newret114_reg_4693                                                             |  16|   0|   16|          0|
    |newret116_reg_4698                                                             |  16|   0|   16|          0|
    |newret118_reg_4703                                                             |  16|   0|   16|          0|
    |newret120_reg_4708                                                             |  16|   0|   16|          0|
    |newret122_reg_4713                                                             |  16|   0|   16|          0|
    |newret124_reg_4718                                                             |  16|   0|   16|          0|
    |newret126_reg_4723                                                             |  16|   0|   16|          0|
    |newret128_reg_4728                                                             |  16|   0|   16|          0|
    |newret12_reg_4438                                                              |  16|   0|   16|          0|
    |newret130_reg_4733                                                             |  16|   0|   16|          0|
    |newret132_reg_4738                                                             |  16|   0|   16|          0|
    |newret134_reg_4743                                                             |  16|   0|   16|          0|
    |newret136_reg_4748                                                             |  16|   0|   16|          0|
    |newret138_reg_4753                                                             |  16|   0|   16|          0|
    |newret140_reg_4758                                                             |  16|   0|   16|          0|
    |newret142_reg_4763                                                             |  16|   0|   16|          0|
    |newret144_reg_4768                                                             |  16|   0|   16|          0|
    |newret146_reg_4773                                                             |  16|   0|   16|          0|
    |newret148_reg_4778                                                             |  16|   0|   16|          0|
    |newret149_reg_4783                                                             |  16|   0|   16|          0|
    |newret14_reg_4443                                                              |  16|   0|   16|          0|
    |newret150_reg_5173                                                             |  16|   0|   16|          0|
    |newret151_reg_5178                                                             |  16|   0|   16|          0|
    |newret154_reg_5183                                                             |  16|   0|   16|          0|
    |newret156_reg_5188                                                             |  16|   0|   16|          0|
    |newret158_reg_5193                                                             |  16|   0|   16|          0|
    |newret160_reg_5198                                                             |  16|   0|   16|          0|
    |newret162_reg_5203                                                             |  16|   0|   16|          0|
    |newret164_reg_5208                                                             |  16|   0|   16|          0|
    |newret166_reg_5213                                                             |  16|   0|   16|          0|
    |newret168_reg_5218                                                             |  16|   0|   16|          0|
    |newret16_reg_4448                                                              |  16|   0|   16|          0|
    |newret170_reg_5223                                                             |  16|   0|   16|          0|
    |newret172_reg_5228                                                             |  16|   0|   16|          0|
    |newret174_reg_5233                                                             |  16|   0|   16|          0|
    |newret176_reg_5238                                                             |  16|   0|   16|          0|
    |newret178_reg_5243                                                             |  16|   0|   16|          0|
    |newret180_reg_5248                                                             |  16|   0|   16|          0|
    |newret182_reg_5253                                                             |  16|   0|   16|          0|
    |newret184_reg_5258                                                             |  16|   0|   16|          0|
    |newret186_reg_5263                                                             |  16|   0|   16|          0|
    |newret188_reg_5268                                                             |  16|   0|   16|          0|
    |newret18_reg_4453                                                              |  16|   0|   16|          0|
    |newret190_reg_5273                                                             |  16|   0|   16|          0|
    |newret192_reg_5278                                                             |  16|   0|   16|          0|
    |newret194_reg_5283                                                             |  16|   0|   16|          0|
    |newret196_reg_5288                                                             |  16|   0|   16|          0|
    |newret198_reg_5293                                                             |  16|   0|   16|          0|
    |newret1_reg_4408                                                               |  16|   0|   16|          0|
    |newret200_reg_5298                                                             |  16|   0|   16|          0|
    |newret202_reg_5303                                                             |  16|   0|   16|          0|
    |newret204_reg_5308                                                             |  16|   0|   16|          0|
    |newret206_reg_5313                                                             |  16|   0|   16|          0|
    |newret208_reg_5318                                                             |  16|   0|   16|          0|
    |newret20_reg_4458                                                              |  16|   0|   16|          0|
    |newret210_reg_5323                                                             |  16|   0|   16|          0|
    |newret212_reg_5328                                                             |  16|   0|   16|          0|
    |newret214_reg_5333                                                             |  16|   0|   16|          0|
    |newret216_reg_5338                                                             |  16|   0|   16|          0|
    |newret218_reg_5343                                                             |  16|   0|   16|          0|
    |newret220_reg_5348                                                             |  16|   0|   16|          0|
    |newret222_reg_5353                                                             |  16|   0|   16|          0|
    |newret224_reg_5358                                                             |  16|   0|   16|          0|
    |newret226_reg_5363                                                             |  16|   0|   16|          0|
    |newret228_reg_5368                                                             |  16|   0|   16|          0|
    |newret22_reg_4463                                                              |  16|   0|   16|          0|
    |newret230_reg_5373                                                             |  16|   0|   16|          0|
    |newret231_reg_5378                                                             |  16|   0|   16|          0|
    |newret232_reg_5383                                                             |  16|   0|   16|          0|
    |newret233_reg_5388                                                             |  16|   0|   16|          0|
    |newret234_reg_5393                                                             |  16|   0|   16|          0|
    |newret235_reg_5398                                                             |  16|   0|   16|          0|
    |newret236_reg_5403                                                             |  16|   0|   16|          0|
    |newret237_reg_5408                                                             |  16|   0|   16|          0|
    |newret238_reg_5413                                                             |  16|   0|   16|          0|
    |newret239_reg_5418                                                             |  16|   0|   16|          0|
    |newret240_reg_5423                                                             |  16|   0|   16|          0|
    |newret241_reg_5428                                                             |  16|   0|   16|          0|
    |newret242_reg_5433                                                             |  16|   0|   16|          0|
    |newret243_reg_5438                                                             |  16|   0|   16|          0|
    |newret244_reg_5443                                                             |  16|   0|   16|          0|
    |newret245_reg_5448                                                             |  16|   0|   16|          0|
    |newret246_reg_5453                                                             |  16|   0|   16|          0|
    |newret247_reg_5458                                                             |  16|   0|   16|          0|
    |newret248_reg_5463                                                             |  16|   0|   16|          0|
    |newret249_reg_5468                                                             |  16|   0|   16|          0|
    |newret24_reg_4468                                                              |  16|   0|   16|          0|
    |newret250_reg_5473                                                             |  16|   0|   16|          0|
    |newret251_reg_5478                                                             |  16|   0|   16|          0|
    |newret252_reg_5483                                                             |  16|   0|   16|          0|
    |newret253_reg_5488                                                             |  16|   0|   16|          0|
    |newret254_reg_5493                                                             |  16|   0|   16|          0|
    |newret255_reg_5498                                                             |  16|   0|   16|          0|
    |newret256_reg_5503                                                             |  16|   0|   16|          0|
    |newret257_reg_5508                                                             |  16|   0|   16|          0|
    |newret258_reg_5513                                                             |  16|   0|   16|          0|
    |newret259_reg_5518                                                             |  16|   0|   16|          0|
    |newret260_reg_5523                                                             |  16|   0|   16|          0|
    |newret261_reg_5528                                                             |  16|   0|   16|          0|
    |newret262_reg_5533                                                             |  16|   0|   16|          0|
    |newret263_reg_5538                                                             |  16|   0|   16|          0|
    |newret264_reg_5543                                                             |  16|   0|   16|          0|
    |newret26_reg_4473                                                              |  16|   0|   16|          0|
    |newret28_reg_4478                                                              |  16|   0|   16|          0|
    |newret2_reg_4413                                                               |  16|   0|   16|          0|
    |newret30_reg_4483                                                              |  16|   0|   16|          0|
    |newret32_reg_4488                                                              |  16|   0|   16|          0|
    |newret34_reg_4493                                                              |  16|   0|   16|          0|
    |newret36_reg_4498                                                              |  16|   0|   16|          0|
    |newret38_reg_4503                                                              |  16|   0|   16|          0|
    |newret40_reg_4508                                                              |  16|   0|   16|          0|
    |newret42_reg_4513                                                              |  16|   0|   16|          0|
    |newret44_reg_4518                                                              |  16|   0|   16|          0|
    |newret46_reg_4523                                                              |  16|   0|   16|          0|
    |newret48_reg_4528                                                              |  16|   0|   16|          0|
    |newret4_reg_4418                                                               |  16|   0|   16|          0|
    |newret50_reg_4533                                                              |  16|   0|   16|          0|
    |newret52_reg_4538                                                              |  16|   0|   16|          0|
    |newret54_reg_4543                                                              |  16|   0|   16|          0|
    |newret56_reg_4548                                                              |  16|   0|   16|          0|
    |newret58_reg_4553                                                              |  16|   0|   16|          0|
    |newret60_reg_4558                                                              |  16|   0|   16|          0|
    |newret62_reg_4563                                                              |  16|   0|   16|          0|
    |newret64_reg_4568                                                              |  16|   0|   16|          0|
    |newret66_reg_4573                                                              |  16|   0|   16|          0|
    |newret68_reg_4578                                                              |  16|   0|   16|          0|
    |newret6_reg_4423                                                               |  16|   0|   16|          0|
    |newret70_reg_4583                                                              |  16|   0|   16|          0|
    |newret72_reg_4588                                                              |  16|   0|   16|          0|
    |newret74_reg_4593                                                              |  16|   0|   16|          0|
    |newret76_reg_4598                                                              |  16|   0|   16|          0|
    |newret78_reg_4603                                                              |  16|   0|   16|          0|
    |newret80_reg_4608                                                              |  16|   0|   16|          0|
    |newret82_reg_4613                                                              |  16|   0|   16|          0|
    |newret84_reg_4618                                                              |  16|   0|   16|          0|
    |newret86_reg_4623                                                              |  16|   0|   16|          0|
    |newret88_reg_4628                                                              |  16|   0|   16|          0|
    |newret8_reg_4428                                                               |  16|   0|   16|          0|
    |newret90_reg_4633                                                              |  16|   0|   16|          0|
    |newret92_reg_4638                                                              |  16|   0|   16|          0|
    |newret94_reg_4643                                                              |  16|   0|   16|          0|
    |newret96_reg_4648                                                              |  16|   0|   16|          0|
    |newret98_reg_4653                                                              |  16|   0|   16|          0|
    |newret_reg_5168                                                                |  16|   0|   16|          0|
    +-------------------------------------------------------------------------------+----+----+-----+-----------+
    |Total                                                                          |6751|   0| 6751|          0|
    +-------------------------------------------------------------------------------+----+----+-----+-----------+



================================================================
== Interface
================================================================
* Summary: 
+-------------------+-----+-----+------------+---------------+--------------+
|     RTL Ports     | Dir | Bits|  Protocol  | Source Object |    C Type    |
+-------------------+-----+-----+------------+---------------+--------------+
|ap_clk             |   in|    1|  ap_ctrl_hs|  algo_unpacked|  return value|
|ap_rst             |   in|    1|  ap_ctrl_hs|  algo_unpacked|  return value|
|ap_start           |   in|    1|  ap_ctrl_hs|  algo_unpacked|  return value|
|ap_done            |  out|    1|  ap_ctrl_hs|  algo_unpacked|  return value|
|ap_idle            |  out|    1|  ap_ctrl_hs|  algo_unpacked|  return value|
|ap_ready           |  out|    1|  ap_ctrl_hs|  algo_unpacked|  return value|
|link_in_0          |   in|  128|     ap_none|      link_in_0|       pointer|
|link_in_1          |   in|  128|     ap_none|      link_in_1|       pointer|
|link_in_2          |   in|  128|     ap_none|      link_in_2|       pointer|
|link_in_3          |   in|  128|     ap_none|      link_in_3|       pointer|
|link_in_4          |   in|  128|     ap_none|      link_in_4|       pointer|
|link_in_5          |   in|  128|     ap_none|      link_in_5|       pointer|
|link_in_6          |   in|  128|     ap_none|      link_in_6|       pointer|
|link_in_7          |   in|  128|     ap_none|      link_in_7|       pointer|
|link_in_8          |   in|  128|     ap_none|      link_in_8|       pointer|
|link_in_9          |   in|  128|     ap_none|      link_in_9|       pointer|
|link_in_10         |   in|  128|     ap_none|     link_in_10|       pointer|
|link_in_11         |   in|  128|     ap_none|     link_in_11|       pointer|
|link_in_12         |   in|  128|     ap_none|     link_in_12|       pointer|
|link_in_13         |   in|  128|     ap_none|     link_in_13|       pointer|
|link_in_14         |   in|  128|     ap_none|     link_in_14|       pointer|
|link_in_15         |   in|  128|     ap_none|     link_in_15|       pointer|
|link_in_16         |   in|  128|     ap_none|     link_in_16|       pointer|
|link_in_17         |   in|  128|     ap_none|     link_in_17|       pointer|
|link_in_18         |   in|  128|     ap_none|     link_in_18|       pointer|
|link_in_19         |   in|  128|     ap_none|     link_in_19|       pointer|
|link_in_20         |   in|  128|     ap_none|     link_in_20|       pointer|
|link_in_21         |   in|  128|     ap_none|     link_in_21|       pointer|
|link_in_22         |   in|  128|     ap_none|     link_in_22|       pointer|
|link_in_23         |   in|  128|     ap_none|     link_in_23|       pointer|
|link_in_24         |   in|  128|     ap_none|     link_in_24|       pointer|
|link_in_25         |   in|  128|     ap_none|     link_in_25|       pointer|
|link_in_26         |   in|  128|     ap_none|     link_in_26|       pointer|
|link_in_27         |   in|  128|     ap_none|     link_in_27|       pointer|
|link_in_28         |   in|  128|     ap_none|     link_in_28|       pointer|
|link_in_29         |   in|  128|     ap_none|     link_in_29|       pointer|
|link_in_30         |   in|  128|     ap_none|     link_in_30|       pointer|
|link_in_31         |   in|  128|     ap_none|     link_in_31|       pointer|
|link_in_32         |   in|  128|     ap_none|     link_in_32|       pointer|
|link_in_33         |   in|  128|     ap_none|     link_in_33|       pointer|
|link_in_34         |   in|  128|     ap_none|     link_in_34|       pointer|
|link_in_35         |   in|  128|     ap_none|     link_in_35|       pointer|
|link_out_i         |   in|  256|     ap_ovld|       link_out|       pointer|
|link_out_o         |  out|  256|     ap_ovld|       link_out|       pointer|
|link_out_o_ap_vld  |  out|    1|     ap_ovld|       link_out|       pointer|
+-------------------+-----+-----+------------+---------------+--------------+

