

================================================================
== Vitis HLS Report for 'conv_2d_cl_ap_fixed_ap_fixed_16_6_5_3_0_config6_s'
================================================================
* Date:           Sat Mar 29 17:40:05 2025

* Version:        2021.1 (Build 3247384 on Thu Jun 10 19:36:07 MDT 2021)
* Project:        WOMBAT_prj
* Solution:       solution1 (Vivado IP Flow Target)
* Product family: virtex7
* Target device:  xc7vx690t-ffg1927-2


================================================================
== Performance Estimates
================================================================
+ Timing: 
    * Summary: 
    +--------+---------+----------+------------+
    |  Clock |  Target | Estimated| Uncertainty|
    +--------+---------+----------+------------+
    |ap_clk  |  6.25 ns|  5.761 ns|     1.69 ns|
    +--------+---------+----------+------------+

+ Latency: 
    * Summary: 
    +---------+---------+----------+----------+-----+-----+---------+
    |  Latency (cycles) |  Latency (absolute) |  Interval | Pipeline|
    |   min   |   max   |    min   |    max   | min | max |   Type  |
    +---------+---------+----------+----------+-----+-----+---------+
    |        1|        1|  6.250 ns|  6.250 ns|    1|    1|       no|
    +---------+---------+----------+----------+-----+-----+---------+

    + Detail: 
        * Instance: 
        N/A

        * Loop: 
        N/A



================================================================
== Utilization Estimates
================================================================
* Summary: 
+-----------------+---------+------+--------+--------+-----+
|       Name      | BRAM_18K|  DSP |   FF   |   LUT  | URAM|
+-----------------+---------+------+--------+--------+-----+
|DSP              |        -|     -|       -|       -|    -|
|Expression       |        -|     -|       0|    9842|    -|
|FIFO             |        -|     -|       -|       -|    -|
|Instance         |        -|    70|       0|     420|    -|
|Memory           |        -|     -|       -|       -|    -|
|Multiplexer      |        -|     -|       -|     775|    -|
|Register         |        -|     -|    3540|       -|    -|
+-----------------+---------+------+--------+--------+-----+
|Total            |        0|    70|    3540|   11037|    0|
+-----------------+---------+------+--------+--------+-----+
|Available        |     2940|  3600|  866400|  433200|    0|
+-----------------+---------+------+--------+--------+-----+
|Utilization (%)  |        0|     1|      ~0|       2|    0|
+-----------------+---------+------+--------+--------+-----+

+ Detail: 
    * Instance: 
    +------------------------+-------------------+---------+----+---+----+-----+
    |        Instance        |       Module      | BRAM_18K| DSP| FF| LUT| URAM|
    +------------------------+-------------------+---------+----+---+----+-----+
    |mul_16s_6s_22_1_1_U214  |mul_16s_6s_22_1_1  |        0|   1|  0|   6|    0|
    |mul_16s_6s_22_1_1_U215  |mul_16s_6s_22_1_1  |        0|   1|  0|   6|    0|
    |mul_16s_6s_22_1_1_U217  |mul_16s_6s_22_1_1  |        0|   1|  0|   6|    0|
    |mul_16s_6s_22_1_1_U218  |mul_16s_6s_22_1_1  |        0|   1|  0|   6|    0|
    |mul_16s_6s_22_1_1_U220  |mul_16s_6s_22_1_1  |        0|   1|  0|   6|    0|
    |mul_16s_6s_22_1_1_U221  |mul_16s_6s_22_1_1  |        0|   1|  0|   6|    0|
    |mul_16s_6s_22_1_1_U223  |mul_16s_6s_22_1_1  |        0|   1|  0|   6|    0|
    |mul_16s_6s_22_1_1_U225  |mul_16s_6s_22_1_1  |        0|   1|  0|   6|    0|
    |mul_16s_6s_22_1_1_U226  |mul_16s_6s_22_1_1  |        0|   1|  0|   6|    0|
    |mul_16s_6s_22_1_1_U227  |mul_16s_6s_22_1_1  |        0|   1|  0|   6|    0|
    |mul_16s_6s_22_1_1_U228  |mul_16s_6s_22_1_1  |        0|   1|  0|   6|    0|
    |mul_16s_6s_22_1_1_U229  |mul_16s_6s_22_1_1  |        0|   1|  0|   6|    0|
    |mul_16s_6s_22_1_1_U230  |mul_16s_6s_22_1_1  |        0|   1|  0|   6|    0|
    |mul_16s_6s_22_1_1_U232  |mul_16s_6s_22_1_1  |        0|   1|  0|   6|    0|
    |mul_16s_6s_22_1_1_U233  |mul_16s_6s_22_1_1  |        0|   1|  0|   6|    0|
    |mul_16s_6s_22_1_1_U235  |mul_16s_6s_22_1_1  |        0|   1|  0|   6|    0|
    |mul_16s_6s_22_1_1_U240  |mul_16s_6s_22_1_1  |        0|   1|  0|   6|    0|
    |mul_16s_6s_22_1_1_U241  |mul_16s_6s_22_1_1  |        0|   1|  0|   6|    0|
    |mul_16s_6s_22_1_1_U245  |mul_16s_6s_22_1_1  |        0|   1|  0|   6|    0|
    |mul_16s_6s_22_1_1_U251  |mul_16s_6s_22_1_1  |        0|   1|  0|   6|    0|
    |mul_16s_6s_22_1_1_U252  |mul_16s_6s_22_1_1  |        0|   1|  0|   6|    0|
    |mul_16s_6s_22_1_1_U253  |mul_16s_6s_22_1_1  |        0|   1|  0|   6|    0|
    |mul_16s_6s_22_1_1_U255  |mul_16s_6s_22_1_1  |        0|   1|  0|   6|    0|
    |mul_16s_6s_22_1_1_U256  |mul_16s_6s_22_1_1  |        0|   1|  0|   6|    0|
    |mul_16s_6s_22_1_1_U258  |mul_16s_6s_22_1_1  |        0|   1|  0|   6|    0|
    |mul_16s_6s_22_1_1_U261  |mul_16s_6s_22_1_1  |        0|   1|  0|   6|    0|
    |mul_16s_6s_22_1_1_U263  |mul_16s_6s_22_1_1  |        0|   1|  0|   6|    0|
    |mul_16s_6s_22_1_1_U264  |mul_16s_6s_22_1_1  |        0|   1|  0|   6|    0|
    |mul_16s_6s_22_1_1_U271  |mul_16s_6s_22_1_1  |        0|   1|  0|   6|    0|
    |mul_16s_6s_22_1_1_U272  |mul_16s_6s_22_1_1  |        0|   1|  0|   6|    0|
    |mul_16s_6s_22_1_1_U276  |mul_16s_6s_22_1_1  |        0|   1|  0|   6|    0|
    |mul_16s_6s_22_1_1_U277  |mul_16s_6s_22_1_1  |        0|   1|  0|   6|    0|
    |mul_16s_6s_22_1_1_U278  |mul_16s_6s_22_1_1  |        0|   1|  0|   6|    0|
    |mul_16s_6s_22_1_1_U279  |mul_16s_6s_22_1_1  |        0|   1|  0|   6|    0|
    |mul_16s_6s_22_1_1_U281  |mul_16s_6s_22_1_1  |        0|   1|  0|   6|    0|
    |mul_16s_7s_22_1_1_U216  |mul_16s_7s_22_1_1  |        0|   1|  0|   6|    0|
    |mul_16s_7s_22_1_1_U219  |mul_16s_7s_22_1_1  |        0|   1|  0|   6|    0|
    |mul_16s_7s_22_1_1_U222  |mul_16s_7s_22_1_1  |        0|   1|  0|   6|    0|
    |mul_16s_7s_22_1_1_U224  |mul_16s_7s_22_1_1  |        0|   1|  0|   6|    0|
    |mul_16s_7s_22_1_1_U231  |mul_16s_7s_22_1_1  |        0|   1|  0|   6|    0|
    |mul_16s_7s_22_1_1_U234  |mul_16s_7s_22_1_1  |        0|   1|  0|   6|    0|
    |mul_16s_7s_22_1_1_U236  |mul_16s_7s_22_1_1  |        0|   1|  0|   6|    0|
    |mul_16s_7s_22_1_1_U237  |mul_16s_7s_22_1_1  |        0|   1|  0|   6|    0|
    |mul_16s_7s_22_1_1_U238  |mul_16s_7s_22_1_1  |        0|   1|  0|   6|    0|
    |mul_16s_7s_22_1_1_U239  |mul_16s_7s_22_1_1  |        0|   1|  0|   6|    0|
    |mul_16s_7s_22_1_1_U242  |mul_16s_7s_22_1_1  |        0|   1|  0|   6|    0|
    |mul_16s_7s_22_1_1_U243  |mul_16s_7s_22_1_1  |        0|   1|  0|   6|    0|
    |mul_16s_7s_22_1_1_U244  |mul_16s_7s_22_1_1  |        0|   1|  0|   6|    0|
    |mul_16s_7s_22_1_1_U246  |mul_16s_7s_22_1_1  |        0|   1|  0|   6|    0|
    |mul_16s_7s_22_1_1_U247  |mul_16s_7s_22_1_1  |        0|   1|  0|   6|    0|
    |mul_16s_7s_22_1_1_U248  |mul_16s_7s_22_1_1  |        0|   1|  0|   6|    0|
    |mul_16s_7s_22_1_1_U249  |mul_16s_7s_22_1_1  |        0|   1|  0|   6|    0|
    |mul_16s_7s_22_1_1_U250  |mul_16s_7s_22_1_1  |        0|   1|  0|   6|    0|
    |mul_16s_7s_22_1_1_U254  |mul_16s_7s_22_1_1  |        0|   1|  0|   6|    0|
    |mul_16s_7s_22_1_1_U257  |mul_16s_7s_22_1_1  |        0|   1|  0|   6|    0|
    |mul_16s_7s_22_1_1_U259  |mul_16s_7s_22_1_1  |        0|   1|  0|   6|    0|
    |mul_16s_7s_22_1_1_U260  |mul_16s_7s_22_1_1  |        0|   1|  0|   6|    0|
    |mul_16s_7s_22_1_1_U262  |mul_16s_7s_22_1_1  |        0|   1|  0|   6|    0|
    |mul_16s_7s_22_1_1_U265  |mul_16s_7s_22_1_1  |        0|   1|  0|   6|    0|
    |mul_16s_7s_22_1_1_U266  |mul_16s_7s_22_1_1  |        0|   1|  0|   6|    0|
    |mul_16s_7s_22_1_1_U267  |mul_16s_7s_22_1_1  |        0|   1|  0|   6|    0|
    |mul_16s_7s_22_1_1_U268  |mul_16s_7s_22_1_1  |        0|   1|  0|   6|    0|
    |mul_16s_7s_22_1_1_U269  |mul_16s_7s_22_1_1  |        0|   1|  0|   6|    0|
    |mul_16s_7s_22_1_1_U270  |mul_16s_7s_22_1_1  |        0|   1|  0|   6|    0|
    |mul_16s_7s_22_1_1_U273  |mul_16s_7s_22_1_1  |        0|   1|  0|   6|    0|
    |mul_16s_7s_22_1_1_U274  |mul_16s_7s_22_1_1  |        0|   1|  0|   6|    0|
    |mul_16s_7s_22_1_1_U275  |mul_16s_7s_22_1_1  |        0|   1|  0|   6|    0|
    |mul_16s_7s_22_1_1_U280  |mul_16s_7s_22_1_1  |        0|   1|  0|   6|    0|
    |mul_16s_7s_22_1_1_U282  |mul_16s_7s_22_1_1  |        0|   1|  0|   6|    0|
    |mul_16s_7s_22_1_1_U283  |mul_16s_7s_22_1_1  |        0|   1|  0|   6|    0|
    +------------------------+-------------------+---------+----+---+----+-----+
    |Total                   |                   |        0|  70|  0| 420|    0|
    +------------------------+-------------------+---------+----+---+----+-----+

    * DSP: 
    N/A

    * Memory: 
    N/A

    * FIFO: 
    N/A

    * Expression: 
    +----------------------------+----------+----+---+----+------------+------------+
    |        Variable Name       | Operation| DSP| FF| LUT| Bitwidth P0| Bitwidth P1|
    +----------------------------+----------+----+---+----+------------+------------+
    |add_ln1171_100_fu_24791_p2  |         +|   0|  0|  27|          20|          20|
    |add_ln1171_101_fu_25175_p2  |         +|   0|  0|  27|          20|          20|
    |add_ln1171_102_fu_25559_p2  |         +|   0|  0|  27|          20|          20|
    |add_ln1171_103_fu_25923_p2  |         +|   0|  0|  27|          20|          20|
    |add_ln1171_104_fu_26307_p2  |         +|   0|  0|  27|          20|          20|
    |add_ln1171_105_fu_26691_p2  |         +|   0|  0|  27|          20|          20|
    |add_ln1171_106_fu_27075_p2  |         +|   0|  0|  27|          20|          20|
    |add_ln1171_107_fu_27459_p2  |         +|   0|  0|  27|          20|          20|
    |add_ln1171_108_fu_27803_p2  |         +|   0|  0|  27|          20|          20|
    |add_ln1171_109_fu_28055_p2  |         +|   0|  0|  27|          20|          20|
    |add_ln1171_92_fu_21749_p2   |         +|   0|  0|  27|          20|          20|
    |add_ln1171_93_fu_22133_p2   |         +|   0|  0|  27|          20|          20|
    |add_ln1171_94_fu_22517_p2   |         +|   0|  0|  27|          20|          20|
    |add_ln1171_95_fu_22891_p2   |         +|   0|  0|  27|          20|          20|
    |add_ln1171_96_fu_23265_p2   |         +|   0|  0|  27|          20|          20|
    |add_ln1171_97_fu_23649_p2   |         +|   0|  0|  27|          20|          20|
    |add_ln1171_98_fu_24023_p2   |         +|   0|  0|  27|          20|          20|
    |add_ln1171_99_fu_24407_p2   |         +|   0|  0|  27|          20|          20|
    |add_ln1171_fu_21365_p2      |         +|   0|  0|  27|          20|          20|
    |add_ln712_1950_fu_21537_p2  |         +|   0|  0|  21|          14|          10|
    |add_ln712_1951_fu_21547_p2  |         +|   0|  0|  22|          15|          15|
    |add_ln712_1952_fu_28343_p2  |         +|   0|  0|  16|          16|          16|
    |add_ln712_1953_fu_28349_p2  |         +|   0|  0|  16|          16|          16|
    |add_ln712_1954_fu_21553_p2  |         +|   0|  0|  20|          13|          10|
    |add_ln712_1955_fu_21563_p2  |         +|   0|  0|  22|          15|          15|
    |add_ln712_1956_fu_28357_p2  |         +|   0|  0|  16|          16|          16|
    |add_ln712_1957_fu_28363_p2  |         +|   0|  0|  16|          16|          16|
    |add_ln712_1958_fu_21569_p2  |         +|   0|  0|  18|          11|           9|
    |add_ln712_1959_fu_21579_p2  |         +|   0|  0|  22|          15|          15|
    |add_ln712_1960_fu_28370_p2  |         +|   0|  0|  16|          16|          16|
    |add_ln712_1961_fu_21585_p2  |         +|   0|  0|  22|          15|          15|
    |add_ln712_1962_fu_21595_p2  |         +|   0|  0|  20|          13|           6|
    |add_ln712_1963_fu_21605_p2  |         +|   0|  0|  21|          14|          14|
    |add_ln712_1964_fu_21615_p2  |         +|   0|  0|  23|          16|          16|
    |add_ln712_1965_fu_28444_p2  |         +|   0|  0|  16|          16|          16|
    |add_ln712_1966_fu_21921_p2  |         +|   0|  0|  21|          14|          10|
    |add_ln712_1967_fu_21931_p2  |         +|   0|  0|  22|          15|          15|
    |add_ln712_1968_fu_28452_p2  |         +|   0|  0|  16|          16|          16|
    |add_ln712_1969_fu_28458_p2  |         +|   0|  0|  16|          16|          16|
    |add_ln712_1970_fu_21937_p2  |         +|   0|  0|  20|          13|          10|
    |add_ln712_1971_fu_21947_p2  |         +|   0|  0|  22|          15|          15|
    |add_ln712_1972_fu_28466_p2  |         +|   0|  0|  16|          16|          16|
    |add_ln712_1973_fu_28472_p2  |         +|   0|  0|  16|          16|          16|
    |add_ln712_1974_fu_21953_p2  |         +|   0|  0|  18|          11|           9|
    |add_ln712_1975_fu_21963_p2  |         +|   0|  0|  22|          15|          15|
    |add_ln712_1976_fu_28479_p2  |         +|   0|  0|  16|          16|          16|
    |add_ln712_1977_fu_21969_p2  |         +|   0|  0|  22|          15|          15|
    |add_ln712_1978_fu_21979_p2  |         +|   0|  0|  20|          13|           6|
    |add_ln712_1979_fu_21989_p2  |         +|   0|  0|  21|          14|          14|
    |add_ln712_1980_fu_21999_p2  |         +|   0|  0|  23|          16|          16|
    |add_ln712_1981_fu_28553_p2  |         +|   0|  0|  16|          16|          16|
    |add_ln712_1982_fu_22305_p2  |         +|   0|  0|  21|          14|          10|
    |add_ln712_1983_fu_22315_p2  |         +|   0|  0|  22|          15|          15|
    |add_ln712_1984_fu_28561_p2  |         +|   0|  0|  16|          16|          16|
    |add_ln712_1985_fu_28567_p2  |         +|   0|  0|  16|          16|          16|
    |add_ln712_1986_fu_22321_p2  |         +|   0|  0|  20|          13|          10|
    |add_ln712_1987_fu_22331_p2  |         +|   0|  0|  22|          15|          15|
    |add_ln712_1988_fu_28575_p2  |         +|   0|  0|  16|          16|          16|
    |add_ln712_1989_fu_28581_p2  |         +|   0|  0|  16|          16|          16|
    |add_ln712_1990_fu_22337_p2  |         +|   0|  0|  18|          11|           9|
    |add_ln712_1991_fu_22347_p2  |         +|   0|  0|  22|          15|          15|
    |add_ln712_1992_fu_28588_p2  |         +|   0|  0|  16|          16|          16|
    |add_ln712_1993_fu_22353_p2  |         +|   0|  0|  22|          15|          15|
    |add_ln712_1994_fu_22363_p2  |         +|   0|  0|  20|          13|           6|
    |add_ln712_1995_fu_22373_p2  |         +|   0|  0|  21|          14|          14|
    |add_ln712_1996_fu_22383_p2  |         +|   0|  0|  23|          16|          16|
    |add_ln712_1997_fu_28662_p2  |         +|   0|  0|  16|          16|          16|
    |add_ln712_1998_fu_22689_p2  |         +|   0|  0|  21|          14|          10|
    |add_ln712_1999_fu_22699_p2  |         +|   0|  0|  22|          15|          15|
    |add_ln712_2000_fu_28670_p2  |         +|   0|  0|  16|          16|          16|
    |add_ln712_2001_fu_28676_p2  |         +|   0|  0|  16|          16|          16|
    |add_ln712_2002_fu_22705_p2  |         +|   0|  0|  20|          13|          10|
    |add_ln712_2003_fu_22715_p2  |         +|   0|  0|  22|          15|          15|
    |add_ln712_2004_fu_28684_p2  |         +|   0|  0|  16|          16|          16|
    |add_ln712_2005_fu_28690_p2  |         +|   0|  0|  16|          16|          16|
    |add_ln712_2006_fu_22721_p2  |         +|   0|  0|  18|          11|           9|
    |add_ln712_2007_fu_22731_p2  |         +|   0|  0|  22|          15|          15|
    |add_ln712_2008_fu_28697_p2  |         +|   0|  0|  16|          16|          16|
    |add_ln712_2009_fu_22737_p2  |         +|   0|  0|  22|          15|          15|
    |add_ln712_2010_fu_22747_p2  |         +|   0|  0|  20|          13|           6|
    |add_ln712_2011_fu_22757_p2  |         +|   0|  0|  21|          14|          14|
    |add_ln712_2012_fu_22767_p2  |         +|   0|  0|  23|          16|          16|
    |add_ln712_2013_fu_28771_p2  |         +|   0|  0|  16|          16|          16|
    |add_ln712_2014_fu_23063_p2  |         +|   0|  0|  21|          14|          10|
    |add_ln712_2015_fu_23073_p2  |         +|   0|  0|  22|          15|          15|
    |add_ln712_2016_fu_28779_p2  |         +|   0|  0|  16|          16|          16|
    |add_ln712_2017_fu_28785_p2  |         +|   0|  0|  16|          16|          16|
    |add_ln712_2018_fu_23079_p2  |         +|   0|  0|  20|          13|          10|
    |add_ln712_2019_fu_23089_p2  |         +|   0|  0|  22|          15|          15|
    |add_ln712_2020_fu_28793_p2  |         +|   0|  0|  16|          16|          16|
    |add_ln712_2021_fu_28799_p2  |         +|   0|  0|  16|          16|          16|
    |add_ln712_2022_fu_23095_p2  |         +|   0|  0|  18|          11|           9|
    |add_ln712_2023_fu_23105_p2  |         +|   0|  0|  22|          15|          15|
    |add_ln712_2024_fu_28806_p2  |         +|   0|  0|  16|          16|          16|
    |add_ln712_2025_fu_23111_p2  |         +|   0|  0|  22|          15|          15|
    |add_ln712_2026_fu_23121_p2  |         +|   0|  0|  20|          13|           6|
    |add_ln712_2027_fu_23131_p2  |         +|   0|  0|  21|          14|          14|
    |add_ln712_2028_fu_23141_p2  |         +|   0|  0|  23|          16|          16|
    |add_ln712_2029_fu_28880_p2  |         +|   0|  0|  16|          16|          16|
    |add_ln712_2030_fu_23437_p2  |         +|   0|  0|  21|          14|          10|
    |add_ln712_2031_fu_23447_p2  |         +|   0|  0|  22|          15|          15|
    |add_ln712_2032_fu_28888_p2  |         +|   0|  0|  16|          16|          16|
    |add_ln712_2033_fu_28894_p2  |         +|   0|  0|  16|          16|          16|
    |add_ln712_2034_fu_23453_p2  |         +|   0|  0|  20|          13|          10|
    |add_ln712_2035_fu_23463_p2  |         +|   0|  0|  22|          15|          15|
    |add_ln712_2036_fu_28902_p2  |         +|   0|  0|  16|          16|          16|
    |add_ln712_2037_fu_28908_p2  |         +|   0|  0|  16|          16|          16|
    |add_ln712_2038_fu_23469_p2  |         +|   0|  0|  18|          11|           9|
    |add_ln712_2039_fu_23479_p2  |         +|   0|  0|  22|          15|          15|
    |add_ln712_2040_fu_28915_p2  |         +|   0|  0|  16|          16|          16|
    |add_ln712_2041_fu_23485_p2  |         +|   0|  0|  22|          15|          15|
    |add_ln712_2042_fu_23495_p2  |         +|   0|  0|  20|          13|           6|
    |add_ln712_2043_fu_23505_p2  |         +|   0|  0|  21|          14|          14|
    |add_ln712_2044_fu_23515_p2  |         +|   0|  0|  23|          16|          16|
    |add_ln712_2045_fu_28989_p2  |         +|   0|  0|  16|          16|          16|
    |add_ln712_2046_fu_23821_p2  |         +|   0|  0|  21|          14|          10|
    |add_ln712_2047_fu_23831_p2  |         +|   0|  0|  22|          15|          15|
    |add_ln712_2048_fu_28997_p2  |         +|   0|  0|  16|          16|          16|
    |add_ln712_2049_fu_29003_p2  |         +|   0|  0|  16|          16|          16|
    |add_ln712_2050_fu_23837_p2  |         +|   0|  0|  20|          13|          10|
    |add_ln712_2051_fu_23847_p2  |         +|   0|  0|  22|          15|          15|
    |add_ln712_2052_fu_29011_p2  |         +|   0|  0|  16|          16|          16|
    |add_ln712_2053_fu_29017_p2  |         +|   0|  0|  16|          16|          16|
    |add_ln712_2054_fu_23853_p2  |         +|   0|  0|  18|          11|           9|
    |add_ln712_2055_fu_23863_p2  |         +|   0|  0|  22|          15|          15|
    |add_ln712_2056_fu_29024_p2  |         +|   0|  0|  16|          16|          16|
    |add_ln712_2057_fu_23869_p2  |         +|   0|  0|  22|          15|          15|
    |add_ln712_2058_fu_23879_p2  |         +|   0|  0|  20|          13|           6|
    |add_ln712_2059_fu_23889_p2  |         +|   0|  0|  21|          14|          14|
    |add_ln712_2060_fu_23899_p2  |         +|   0|  0|  23|          16|          16|
    |add_ln712_2061_fu_29098_p2  |         +|   0|  0|  16|          16|          16|
    |add_ln712_2062_fu_24195_p2  |         +|   0|  0|  21|          14|          10|
    |add_ln712_2063_fu_24205_p2  |         +|   0|  0|  22|          15|          15|
    |add_ln712_2064_fu_29106_p2  |         +|   0|  0|  16|          16|          16|
    |add_ln712_2065_fu_29112_p2  |         +|   0|  0|  16|          16|          16|
    |add_ln712_2066_fu_24211_p2  |         +|   0|  0|  20|          13|          10|
    |add_ln712_2067_fu_24221_p2  |         +|   0|  0|  22|          15|          15|
    |add_ln712_2068_fu_29120_p2  |         +|   0|  0|  16|          16|          16|
    |add_ln712_2069_fu_29126_p2  |         +|   0|  0|  16|          16|          16|
    |add_ln712_2070_fu_24227_p2  |         +|   0|  0|  18|          11|           9|
    |add_ln712_2071_fu_24237_p2  |         +|   0|  0|  22|          15|          15|
    |add_ln712_2072_fu_29133_p2  |         +|   0|  0|  16|          16|          16|
    |add_ln712_2073_fu_24243_p2  |         +|   0|  0|  22|          15|          15|
    |add_ln712_2074_fu_24253_p2  |         +|   0|  0|  20|          13|           6|
    |add_ln712_2075_fu_24263_p2  |         +|   0|  0|  21|          14|          14|
    |add_ln712_2076_fu_24273_p2  |         +|   0|  0|  23|          16|          16|
    |add_ln712_2077_fu_29207_p2  |         +|   0|  0|  16|          16|          16|
    |add_ln712_2078_fu_24579_p2  |         +|   0|  0|  21|          14|          10|
    |add_ln712_2079_fu_24589_p2  |         +|   0|  0|  22|          15|          15|
    |add_ln712_2080_fu_29215_p2  |         +|   0|  0|  16|          16|          16|
    |add_ln712_2081_fu_29221_p2  |         +|   0|  0|  16|          16|          16|
    |add_ln712_2082_fu_24595_p2  |         +|   0|  0|  20|          13|          10|
    |add_ln712_2083_fu_24605_p2  |         +|   0|  0|  22|          15|          15|
    |add_ln712_2084_fu_29229_p2  |         +|   0|  0|  16|          16|          16|
    |add_ln712_2085_fu_29235_p2  |         +|   0|  0|  16|          16|          16|
    |add_ln712_2086_fu_24611_p2  |         +|   0|  0|  18|          11|           9|
    |add_ln712_2087_fu_24621_p2  |         +|   0|  0|  22|          15|          15|
    |add_ln712_2088_fu_29242_p2  |         +|   0|  0|  16|          16|          16|
    |add_ln712_2089_fu_24627_p2  |         +|   0|  0|  22|          15|          15|
    |add_ln712_2090_fu_24637_p2  |         +|   0|  0|  20|          13|           6|
    |add_ln712_2091_fu_24647_p2  |         +|   0|  0|  21|          14|          14|
    |add_ln712_2092_fu_24657_p2  |         +|   0|  0|  23|          16|          16|
    |add_ln712_2093_fu_29316_p2  |         +|   0|  0|  16|          16|          16|
    |add_ln712_2094_fu_24963_p2  |         +|   0|  0|  21|          14|          10|
    |add_ln712_2095_fu_24973_p2  |         +|   0|  0|  22|          15|          15|
    |add_ln712_2096_fu_29324_p2  |         +|   0|  0|  16|          16|          16|
    |add_ln712_2097_fu_29330_p2  |         +|   0|  0|  16|          16|          16|
    |add_ln712_2098_fu_24979_p2  |         +|   0|  0|  20|          13|          10|
    |add_ln712_2099_fu_24989_p2  |         +|   0|  0|  22|          15|          15|
    |add_ln712_2100_fu_29338_p2  |         +|   0|  0|  16|          16|          16|
    |add_ln712_2101_fu_29344_p2  |         +|   0|  0|  16|          16|          16|
    |add_ln712_2102_fu_24995_p2  |         +|   0|  0|  18|          11|           9|
    |add_ln712_2103_fu_25005_p2  |         +|   0|  0|  22|          15|          15|
    |add_ln712_2104_fu_29351_p2  |         +|   0|  0|  16|          16|          16|
    |add_ln712_2105_fu_25011_p2  |         +|   0|  0|  22|          15|          15|
    |add_ln712_2106_fu_25021_p2  |         +|   0|  0|  20|          13|           6|
    |add_ln712_2107_fu_25031_p2  |         +|   0|  0|  21|          14|          14|
    |add_ln712_2108_fu_25041_p2  |         +|   0|  0|  23|          16|          16|
    |add_ln712_2109_fu_29425_p2  |         +|   0|  0|  16|          16|          16|
    |add_ln712_2110_fu_25347_p2  |         +|   0|  0|  21|          14|          10|
    |add_ln712_2111_fu_25357_p2  |         +|   0|  0|  22|          15|          15|
    |add_ln712_2112_fu_29433_p2  |         +|   0|  0|  16|          16|          16|
    |add_ln712_2113_fu_29439_p2  |         +|   0|  0|  16|          16|          16|
    |add_ln712_2114_fu_25363_p2  |         +|   0|  0|  20|          13|          10|
    |add_ln712_2115_fu_25373_p2  |         +|   0|  0|  22|          15|          15|
    |add_ln712_2116_fu_29447_p2  |         +|   0|  0|  16|          16|          16|
    |add_ln712_2117_fu_29453_p2  |         +|   0|  0|  16|          16|          16|
    |add_ln712_2118_fu_25379_p2  |         +|   0|  0|  18|          11|           9|
    |add_ln712_2119_fu_25389_p2  |         +|   0|  0|  22|          15|          15|
    |add_ln712_2120_fu_29460_p2  |         +|   0|  0|  16|          16|          16|
    |add_ln712_2121_fu_25395_p2  |         +|   0|  0|  22|          15|          15|
    |add_ln712_2122_fu_25405_p2  |         +|   0|  0|  20|          13|           6|
    |add_ln712_2123_fu_25415_p2  |         +|   0|  0|  21|          14|          14|
    |add_ln712_2124_fu_25425_p2  |         +|   0|  0|  23|          16|          16|
    |add_ln712_2125_fu_29534_p2  |         +|   0|  0|  16|          16|          16|
    |add_ln712_2126_fu_25731_p2  |         +|   0|  0|  21|          14|          10|
    |add_ln712_2127_fu_25741_p2  |         +|   0|  0|  22|          15|          15|
    |add_ln712_2128_fu_29542_p2  |         +|   0|  0|  16|          16|          16|
    |add_ln712_2129_fu_29548_p2  |         +|   0|  0|  16|          16|          16|
    |add_ln712_2130_fu_25747_p2  |         +|   0|  0|  20|          13|          10|
    |add_ln712_2131_fu_25757_p2  |         +|   0|  0|  22|          15|          15|
    |add_ln712_2132_fu_29556_p2  |         +|   0|  0|  16|          16|          16|
    |add_ln712_2133_fu_29562_p2  |         +|   0|  0|  16|          16|          16|
    |add_ln712_2134_fu_25763_p2  |         +|   0|  0|  18|          11|           9|
    |add_ln712_2135_fu_25773_p2  |         +|   0|  0|  22|          15|          15|
    |add_ln712_2136_fu_29569_p2  |         +|   0|  0|  16|          16|          16|
    |add_ln712_2137_fu_25779_p2  |         +|   0|  0|  22|          15|          15|
    |add_ln712_2138_fu_25789_p2  |         +|   0|  0|  20|          13|           6|
    |add_ln712_2139_fu_25799_p2  |         +|   0|  0|  21|          14|          14|
    |add_ln712_2140_fu_25809_p2  |         +|   0|  0|  23|          16|          16|
    |add_ln712_2141_fu_29643_p2  |         +|   0|  0|  16|          16|          16|
    |add_ln712_2142_fu_26095_p2  |         +|   0|  0|  21|          14|          10|
    |add_ln712_2143_fu_26105_p2  |         +|   0|  0|  22|          15|          15|
    |add_ln712_2144_fu_29651_p2  |         +|   0|  0|  16|          16|          16|
    |add_ln712_2145_fu_29657_p2  |         +|   0|  0|  16|          16|          16|
    |add_ln712_2146_fu_26111_p2  |         +|   0|  0|  20|          13|          10|
    |add_ln712_2147_fu_26121_p2  |         +|   0|  0|  22|          15|          15|
    |add_ln712_2148_fu_29665_p2  |         +|   0|  0|  16|          16|          16|
    |add_ln712_2149_fu_29671_p2  |         +|   0|  0|  16|          16|          16|
    |add_ln712_2150_fu_26127_p2  |         +|   0|  0|  18|          11|           9|
    |add_ln712_2151_fu_26137_p2  |         +|   0|  0|  22|          15|          15|
    |add_ln712_2152_fu_29678_p2  |         +|   0|  0|  16|          16|          16|
    |add_ln712_2153_fu_26143_p2  |         +|   0|  0|  22|          15|          15|
    |add_ln712_2154_fu_26153_p2  |         +|   0|  0|  20|          13|           6|
    |add_ln712_2155_fu_26163_p2  |         +|   0|  0|  21|          14|          14|
    |add_ln712_2156_fu_26173_p2  |         +|   0|  0|  23|          16|          16|
    |add_ln712_2157_fu_29752_p2  |         +|   0|  0|  16|          16|          16|
    |add_ln712_2158_fu_26479_p2  |         +|   0|  0|  21|          14|          10|
    |add_ln712_2159_fu_26489_p2  |         +|   0|  0|  22|          15|          15|
    |add_ln712_2160_fu_29760_p2  |         +|   0|  0|  16|          16|          16|
    |add_ln712_2161_fu_29766_p2  |         +|   0|  0|  16|          16|          16|
    |add_ln712_2162_fu_26495_p2  |         +|   0|  0|  20|          13|          10|
    |add_ln712_2163_fu_26505_p2  |         +|   0|  0|  22|          15|          15|
    |add_ln712_2164_fu_29774_p2  |         +|   0|  0|  16|          16|          16|
    |add_ln712_2165_fu_29780_p2  |         +|   0|  0|  16|          16|          16|
    |add_ln712_2166_fu_26511_p2  |         +|   0|  0|  18|          11|           9|
    |add_ln712_2167_fu_26521_p2  |         +|   0|  0|  22|          15|          15|
    |add_ln712_2168_fu_29787_p2  |         +|   0|  0|  16|          16|          16|
    |add_ln712_2169_fu_26527_p2  |         +|   0|  0|  22|          15|          15|
    |add_ln712_2170_fu_26537_p2  |         +|   0|  0|  20|          13|           6|
    |add_ln712_2171_fu_26547_p2  |         +|   0|  0|  21|          14|          14|
    |add_ln712_2172_fu_26557_p2  |         +|   0|  0|  23|          16|          16|
    |add_ln712_2173_fu_29861_p2  |         +|   0|  0|  16|          16|          16|
    |add_ln712_2174_fu_26863_p2  |         +|   0|  0|  21|          14|          10|
    |add_ln712_2175_fu_26873_p2  |         +|   0|  0|  22|          15|          15|
    |add_ln712_2176_fu_29869_p2  |         +|   0|  0|  16|          16|          16|
    |add_ln712_2177_fu_29875_p2  |         +|   0|  0|  16|          16|          16|
    |add_ln712_2178_fu_26879_p2  |         +|   0|  0|  20|          13|          10|
    |add_ln712_2179_fu_26889_p2  |         +|   0|  0|  22|          15|          15|
    |add_ln712_2180_fu_29883_p2  |         +|   0|  0|  16|          16|          16|
    |add_ln712_2181_fu_29889_p2  |         +|   0|  0|  16|          16|          16|
    |add_ln712_2182_fu_26895_p2  |         +|   0|  0|  18|          11|           9|
    |add_ln712_2183_fu_26905_p2  |         +|   0|  0|  22|          15|          15|
    |add_ln712_2184_fu_29896_p2  |         +|   0|  0|  16|          16|          16|
    |add_ln712_2185_fu_26911_p2  |         +|   0|  0|  22|          15|          15|
    |add_ln712_2186_fu_26921_p2  |         +|   0|  0|  20|          13|           6|
    |add_ln712_2187_fu_26931_p2  |         +|   0|  0|  21|          14|          14|
    |add_ln712_2188_fu_26941_p2  |         +|   0|  0|  23|          16|          16|
    |add_ln712_2189_fu_29970_p2  |         +|   0|  0|  16|          16|          16|
    |add_ln712_2190_fu_27247_p2  |         +|   0|  0|  21|          14|          10|
    |add_ln712_2191_fu_27257_p2  |         +|   0|  0|  22|          15|          15|
    |add_ln712_2192_fu_29978_p2  |         +|   0|  0|  16|          16|          16|
    |add_ln712_2193_fu_29984_p2  |         +|   0|  0|  16|          16|          16|
    |add_ln712_2194_fu_27263_p2  |         +|   0|  0|  20|          13|          10|
    |add_ln712_2195_fu_27273_p2  |         +|   0|  0|  22|          15|          15|
    |add_ln712_2196_fu_29992_p2  |         +|   0|  0|  16|          16|          16|
    |add_ln712_2197_fu_29998_p2  |         +|   0|  0|  16|          16|          16|
    |add_ln712_2198_fu_27279_p2  |         +|   0|  0|  18|          11|           9|
    |add_ln712_2199_fu_27289_p2  |         +|   0|  0|  22|          15|          15|
    |add_ln712_2200_fu_30005_p2  |         +|   0|  0|  16|          16|          16|
    |add_ln712_2201_fu_27295_p2  |         +|   0|  0|  22|          15|          15|
    |add_ln712_2202_fu_27305_p2  |         +|   0|  0|  20|          13|           6|
    |add_ln712_2203_fu_27315_p2  |         +|   0|  0|  21|          14|          14|
    |add_ln712_2204_fu_27325_p2  |         +|   0|  0|  23|          16|          16|
    |add_ln712_2205_fu_30079_p2  |         +|   0|  0|  16|          16|          16|
    |add_ln712_2206_fu_27631_p2  |         +|   0|  0|  21|          14|          10|
    |add_ln712_2207_fu_27641_p2  |         +|   0|  0|  22|          15|          15|
    |add_ln712_2208_fu_30087_p2  |         +|   0|  0|  16|          16|          16|
    |add_ln712_2209_fu_30093_p2  |         +|   0|  0|  16|          16|          16|
    |add_ln712_2210_fu_27647_p2  |         +|   0|  0|  20|          13|          10|
    |add_ln712_2211_fu_27657_p2  |         +|   0|  0|  22|          15|          15|
    |add_ln712_2212_fu_30101_p2  |         +|   0|  0|  16|          16|          16|
    |add_ln712_2213_fu_30107_p2  |         +|   0|  0|  16|          16|          16|
    |add_ln712_2214_fu_27663_p2  |         +|   0|  0|  18|          11|           9|
    |add_ln712_2215_fu_27673_p2  |         +|   0|  0|  22|          15|          15|
    |add_ln712_2216_fu_30114_p2  |         +|   0|  0|  16|          16|          16|
    |add_ln712_2217_fu_27679_p2  |         +|   0|  0|  22|          15|          15|
    |add_ln712_2218_fu_27689_p2  |         +|   0|  0|  20|          13|           6|
    |add_ln712_2219_fu_27699_p2  |         +|   0|  0|  21|          14|          14|
    |add_ln712_2220_fu_27709_p2  |         +|   0|  0|  23|          16|          16|
    |add_ln712_2221_fu_30214_p2  |         +|   0|  0|  16|          16|          16|
    |add_ln712_2222_fu_27971_p2  |         +|   0|  0|  21|          14|          10|
    |add_ln712_2223_fu_27981_p2  |         +|   0|  0|  22|          15|          15|
    |add_ln712_2224_fu_30222_p2  |         +|   0|  0|  16|          16|          16|
    |add_ln712_2225_fu_30228_p2  |         +|   0|  0|  16|          16|          16|
    |add_ln712_2226_fu_27987_p2  |         +|   0|  0|  20|          13|          10|
    |add_ln712_2227_fu_27997_p2  |         +|   0|  0|  22|          15|          15|
    |add_ln712_2228_fu_30236_p2  |         +|   0|  0|  16|          16|          16|
    |add_ln712_2229_fu_30242_p2  |         +|   0|  0|  16|          16|          16|
    |add_ln712_2230_fu_28003_p2  |         +|   0|  0|  18|          11|           9|
    |add_ln712_2231_fu_28013_p2  |         +|   0|  0|  22|          15|          15|
    |add_ln712_2232_fu_30251_p2  |         +|   0|  0|  16|          16|          16|
    |add_ln712_2233_fu_28019_p2  |         +|   0|  0|  22|          15|          15|
    |add_ln712_2234_fu_30260_p2  |         +|   0|  0|  20|          13|           6|
    |add_ln712_2235_fu_30270_p2  |         +|   0|  0|  21|          14|          14|
    |add_ln712_2236_fu_30280_p2  |         +|   0|  0|  23|          16|          16|
    |add_ln712_2237_fu_30422_p2  |         +|   0|  0|  16|          16|          16|
    |add_ln712_2238_fu_28219_p2  |         +|   0|  0|  21|          14|          10|
    |add_ln712_2239_fu_28229_p2  |         +|   0|  0|  22|          15|          15|
    |add_ln712_2240_fu_30431_p2  |         +|   0|  0|  16|          16|          16|
    |add_ln712_2241_fu_30437_p2  |         +|   0|  0|  16|          16|          16|
    |add_ln712_2242_fu_28235_p2  |         +|   0|  0|  20|          13|          10|
    |add_ln712_2243_fu_28245_p2  |         +|   0|  0|  22|          15|          15|
    |add_ln712_2244_fu_30446_p2  |         +|   0|  0|  16|          16|          16|
    |add_ln712_2245_fu_30452_p2  |         +|   0|  0|  16|          16|          16|
    |add_ln712_2246_fu_28251_p2  |         +|   0|  0|  18|          11|           9|
    |add_ln712_2247_fu_28261_p2  |         +|   0|  0|  22|          15|          15|
    |add_ln712_2248_fu_30461_p2  |         +|   0|  0|  16|          16|          16|
    |add_ln712_2249_fu_30467_p2  |         +|   0|  0|  22|          15|          15|
    |add_ln712_2250_fu_30477_p2  |         +|   0|  0|  20|          13|           6|
    |add_ln712_2251_fu_30487_p2  |         +|   0|  0|  21|          14|          14|
    |add_ln712_2252_fu_30497_p2  |         +|   0|  0|  23|          16|          16|
    |add_ln712_fu_28335_p2       |         +|   0|  0|  16|          16|          16|
    |sub_ln1171_505_fu_28284_p2  |         -|   0|  0|  27|          20|          20|
    |sub_ln1171_506_fu_28315_p2  |         -|   0|  0|  26|          19|          19|
    |sub_ln1171_507_fu_21411_p2  |         -|   0|  0|  27|          20|          20|
    |sub_ln1171_508_fu_21463_p2  |         -|   0|  0|  27|          20|          20|
    |sub_ln1171_509_fu_21483_p2  |         -|   0|  0|  25|           1|          18|
    |sub_ln1171_510_fu_21503_p2  |         -|   0|  0|  27|          20|          20|
    |sub_ln1171_511_fu_21670_p2  |         -|   0|  0|  25|           1|          18|
    |sub_ln1171_512_fu_28393_p2  |         -|   0|  0|  27|          20|          20|
    |sub_ln1171_513_fu_28424_p2  |         -|   0|  0|  26|          19|          19|
    |sub_ln1171_514_fu_21795_p2  |         -|   0|  0|  27|          20|          20|
    |sub_ln1171_515_fu_21847_p2  |         -|   0|  0|  27|          20|          20|
    |sub_ln1171_516_fu_21867_p2  |         -|   0|  0|  25|           1|          18|
    |sub_ln1171_517_fu_21887_p2  |         -|   0|  0|  27|          20|          20|
    |sub_ln1171_518_fu_22054_p2  |         -|   0|  0|  25|           1|          18|
    |sub_ln1171_519_fu_28502_p2  |         -|   0|  0|  27|          20|          20|
    |sub_ln1171_520_fu_28533_p2  |         -|   0|  0|  26|          19|          19|
    |sub_ln1171_521_fu_22179_p2  |         -|   0|  0|  27|          20|          20|
    |sub_ln1171_522_fu_22231_p2  |         -|   0|  0|  27|          20|          20|
    |sub_ln1171_523_fu_22251_p2  |         -|   0|  0|  25|           1|          18|
    |sub_ln1171_524_fu_22271_p2  |         -|   0|  0|  27|          20|          20|
    |sub_ln1171_525_fu_22438_p2  |         -|   0|  0|  25|           1|          18|
    |sub_ln1171_526_fu_28611_p2  |         -|   0|  0|  27|          20|          20|
    |sub_ln1171_527_fu_28642_p2  |         -|   0|  0|  26|          19|          19|
    |sub_ln1171_528_fu_22563_p2  |         -|   0|  0|  27|          20|          20|
    |sub_ln1171_529_fu_22615_p2  |         -|   0|  0|  27|          20|          20|
    |sub_ln1171_530_fu_22635_p2  |         -|   0|  0|  25|           1|          18|
    |sub_ln1171_531_fu_22655_p2  |         -|   0|  0|  27|          20|          20|
    |sub_ln1171_532_fu_22822_p2  |         -|   0|  0|  25|           1|          18|
    |sub_ln1171_533_fu_28720_p2  |         -|   0|  0|  27|          20|          20|
    |sub_ln1171_534_fu_28751_p2  |         -|   0|  0|  26|          19|          19|
    |sub_ln1171_535_fu_22937_p2  |         -|   0|  0|  27|          20|          20|
    |sub_ln1171_536_fu_22989_p2  |         -|   0|  0|  27|          20|          20|
    |sub_ln1171_537_fu_23009_p2  |         -|   0|  0|  25|           1|          18|
    |sub_ln1171_538_fu_23029_p2  |         -|   0|  0|  27|          20|          20|
    |sub_ln1171_539_fu_23186_p2  |         -|   0|  0|  25|           1|          18|
    |sub_ln1171_540_fu_28829_p2  |         -|   0|  0|  27|          20|          20|
    |sub_ln1171_541_fu_28860_p2  |         -|   0|  0|  26|          19|          19|
    |sub_ln1171_542_fu_23311_p2  |         -|   0|  0|  27|          20|          20|
    |sub_ln1171_543_fu_23363_p2  |         -|   0|  0|  27|          20|          20|
    |sub_ln1171_544_fu_23383_p2  |         -|   0|  0|  25|           1|          18|
    |sub_ln1171_545_fu_23403_p2  |         -|   0|  0|  27|          20|          20|
    |sub_ln1171_546_fu_23570_p2  |         -|   0|  0|  25|           1|          18|
    |sub_ln1171_547_fu_28938_p2  |         -|   0|  0|  27|          20|          20|
    |sub_ln1171_548_fu_28969_p2  |         -|   0|  0|  26|          19|          19|
    |sub_ln1171_549_fu_23695_p2  |         -|   0|  0|  27|          20|          20|
    |sub_ln1171_550_fu_23747_p2  |         -|   0|  0|  27|          20|          20|
    |sub_ln1171_551_fu_23767_p2  |         -|   0|  0|  25|           1|          18|
    |sub_ln1171_552_fu_23787_p2  |         -|   0|  0|  27|          20|          20|
    |sub_ln1171_553_fu_23944_p2  |         -|   0|  0|  25|           1|          18|
    |sub_ln1171_554_fu_29047_p2  |         -|   0|  0|  27|          20|          20|
    |sub_ln1171_555_fu_29078_p2  |         -|   0|  0|  26|          19|          19|
    |sub_ln1171_556_fu_24069_p2  |         -|   0|  0|  27|          20|          20|
    |sub_ln1171_557_fu_24121_p2  |         -|   0|  0|  27|          20|          20|
    |sub_ln1171_558_fu_24141_p2  |         -|   0|  0|  25|           1|          18|
    |sub_ln1171_559_fu_24161_p2  |         -|   0|  0|  27|          20|          20|
    |sub_ln1171_560_fu_24328_p2  |         -|   0|  0|  25|           1|          18|
    |sub_ln1171_561_fu_29156_p2  |         -|   0|  0|  27|          20|          20|
    |sub_ln1171_562_fu_29187_p2  |         -|   0|  0|  26|          19|          19|
    |sub_ln1171_563_fu_24453_p2  |         -|   0|  0|  27|          20|          20|
    |sub_ln1171_564_fu_24505_p2  |         -|   0|  0|  27|          20|          20|
    |sub_ln1171_565_fu_24525_p2  |         -|   0|  0|  25|           1|          18|
    |sub_ln1171_566_fu_24545_p2  |         -|   0|  0|  27|          20|          20|
    |sub_ln1171_567_fu_24712_p2  |         -|   0|  0|  25|           1|          18|
    |sub_ln1171_568_fu_29265_p2  |         -|   0|  0|  27|          20|          20|
    |sub_ln1171_569_fu_29296_p2  |         -|   0|  0|  26|          19|          19|
    |sub_ln1171_570_fu_24837_p2  |         -|   0|  0|  27|          20|          20|
    |sub_ln1171_571_fu_24889_p2  |         -|   0|  0|  27|          20|          20|
    |sub_ln1171_572_fu_24909_p2  |         -|   0|  0|  25|           1|          18|
    |sub_ln1171_573_fu_24929_p2  |         -|   0|  0|  27|          20|          20|
    |sub_ln1171_574_fu_25096_p2  |         -|   0|  0|  25|           1|          18|
    |sub_ln1171_575_fu_29374_p2  |         -|   0|  0|  27|          20|          20|
    |sub_ln1171_576_fu_29405_p2  |         -|   0|  0|  26|          19|          19|
    |sub_ln1171_577_fu_25221_p2  |         -|   0|  0|  27|          20|          20|
    |sub_ln1171_578_fu_25273_p2  |         -|   0|  0|  27|          20|          20|
    |sub_ln1171_579_fu_25293_p2  |         -|   0|  0|  25|           1|          18|
    |sub_ln1171_580_fu_25313_p2  |         -|   0|  0|  27|          20|          20|
    |sub_ln1171_581_fu_25480_p2  |         -|   0|  0|  25|           1|          18|
    |sub_ln1171_582_fu_29483_p2  |         -|   0|  0|  27|          20|          20|
    |sub_ln1171_583_fu_29514_p2  |         -|   0|  0|  26|          19|          19|
    |sub_ln1171_584_fu_25605_p2  |         -|   0|  0|  27|          20|          20|
    |sub_ln1171_585_fu_25657_p2  |         -|   0|  0|  27|          20|          20|
    |sub_ln1171_586_fu_25677_p2  |         -|   0|  0|  25|           1|          18|
    |sub_ln1171_587_fu_25697_p2  |         -|   0|  0|  27|          20|          20|
    |sub_ln1171_588_fu_25854_p2  |         -|   0|  0|  25|           1|          18|
    |sub_ln1171_589_fu_29592_p2  |         -|   0|  0|  27|          20|          20|
    |sub_ln1171_590_fu_29623_p2  |         -|   0|  0|  26|          19|          19|
    |sub_ln1171_591_fu_25969_p2  |         -|   0|  0|  27|          20|          20|
    |sub_ln1171_592_fu_26021_p2  |         -|   0|  0|  27|          20|          20|
    |sub_ln1171_593_fu_26041_p2  |         -|   0|  0|  25|           1|          18|
    |sub_ln1171_594_fu_26061_p2  |         -|   0|  0|  27|          20|          20|
    |sub_ln1171_595_fu_26228_p2  |         -|   0|  0|  25|           1|          18|
    |sub_ln1171_596_fu_29701_p2  |         -|   0|  0|  27|          20|          20|
    |sub_ln1171_597_fu_29732_p2  |         -|   0|  0|  26|          19|          19|
    |sub_ln1171_598_fu_26353_p2  |         -|   0|  0|  27|          20|          20|
    |sub_ln1171_599_fu_26405_p2  |         -|   0|  0|  27|          20|          20|
    |sub_ln1171_600_fu_26425_p2  |         -|   0|  0|  25|           1|          18|
    |sub_ln1171_601_fu_26445_p2  |         -|   0|  0|  27|          20|          20|
    |sub_ln1171_602_fu_26612_p2  |         -|   0|  0|  25|           1|          18|
    |sub_ln1171_603_fu_29810_p2  |         -|   0|  0|  27|          20|          20|
    |sub_ln1171_604_fu_29841_p2  |         -|   0|  0|  26|          19|          19|
    |sub_ln1171_605_fu_26737_p2  |         -|   0|  0|  27|          20|          20|
    |sub_ln1171_606_fu_26789_p2  |         -|   0|  0|  27|          20|          20|
    |sub_ln1171_607_fu_26809_p2  |         -|   0|  0|  25|           1|          18|
    |sub_ln1171_608_fu_26829_p2  |         -|   0|  0|  27|          20|          20|
    |sub_ln1171_609_fu_26996_p2  |         -|   0|  0|  25|           1|          18|
    |sub_ln1171_610_fu_29919_p2  |         -|   0|  0|  27|          20|          20|
    |sub_ln1171_611_fu_29950_p2  |         -|   0|  0|  26|          19|          19|
    |sub_ln1171_612_fu_27121_p2  |         -|   0|  0|  27|          20|          20|
    |sub_ln1171_613_fu_27173_p2  |         -|   0|  0|  27|          20|          20|
    |sub_ln1171_614_fu_27193_p2  |         -|   0|  0|  25|           1|          18|
    |sub_ln1171_615_fu_27213_p2  |         -|   0|  0|  27|          20|          20|
    |sub_ln1171_616_fu_27380_p2  |         -|   0|  0|  25|           1|          18|
    |sub_ln1171_617_fu_30028_p2  |         -|   0|  0|  27|          20|          20|
    |sub_ln1171_618_fu_30059_p2  |         -|   0|  0|  26|          19|          19|
    |sub_ln1171_619_fu_27505_p2  |         -|   0|  0|  27|          20|          20|
    |sub_ln1171_620_fu_27557_p2  |         -|   0|  0|  27|          20|          20|
    |sub_ln1171_621_fu_27577_p2  |         -|   0|  0|  25|           1|          18|
    |sub_ln1171_622_fu_27597_p2  |         -|   0|  0|  27|          20|          20|
    |sub_ln1171_623_fu_27753_p2  |         -|   0|  0|  25|           1|          18|
    |sub_ln1171_624_fu_30145_p2  |         -|   0|  0|  27|          20|          20|
    |sub_ln1171_625_fu_30177_p2  |         -|   0|  0|  26|          19|          19|
    |sub_ln1171_626_fu_27849_p2  |         -|   0|  0|  27|          20|          20|
    |sub_ln1171_627_fu_27901_p2  |         -|   0|  0|  27|          20|          20|
    |sub_ln1171_628_fu_27921_p2  |         -|   0|  0|  25|           1|          18|
    |sub_ln1171_629_fu_27941_p2  |         -|   0|  0|  27|          20|          20|
    |sub_ln1171_630_fu_30305_p2  |         -|   0|  0|  25|           1|          18|
    |sub_ln1171_631_fu_30350_p2  |         -|   0|  0|  27|          20|          20|
    |sub_ln1171_632_fu_30382_p2  |         -|   0|  0|  26|          19|          19|
    |sub_ln1171_633_fu_28101_p2  |         -|   0|  0|  27|          20|          20|
    |sub_ln1171_634_fu_28149_p2  |         -|   0|  0|  27|          20|          20|
    |sub_ln1171_635_fu_28169_p2  |         -|   0|  0|  25|           1|          18|
    |sub_ln1171_636_fu_28189_p2  |         -|   0|  0|  27|          20|          20|
    |sub_ln1171_fu_21286_p2      |         -|   0|  0|  25|           1|          18|
    +----------------------------+----------+----+---+----+------------+------------+
    |Total                       |          |   0|  0|9842|        6802|        7144|
    +----------------------------+----------+----+---+----+------------+------------+

    * Multiplexer: 
    +---------------+----+-----------+-----+-----------+
    |      Name     | LUT| Input Size| Bits| Total Bits|
    +---------------+----+-----------+-----+-----------+
    |ap_NS_fsm      |  13|          3|    1|          3|
    |ap_return_0    |   9|          2|   16|         32|
    |ap_return_1    |   9|          2|   16|         32|
    |ap_return_10   |   9|          2|   16|         32|
    |ap_return_11   |   9|          2|   16|         32|
    |ap_return_12   |   9|          2|   16|         32|
    |ap_return_13   |   9|          2|   16|         32|
    |ap_return_14   |   9|          2|   16|         32|
    |ap_return_15   |   9|          2|   16|         32|
    |ap_return_16   |   9|          2|   16|         32|
    |ap_return_17   |   9|          2|   16|         32|
    |ap_return_18   |   9|          2|   16|         32|
    |ap_return_19   |   9|          2|   16|         32|
    |ap_return_2    |   9|          2|   16|         32|
    |ap_return_20   |   9|          2|   16|         32|
    |ap_return_21   |   9|          2|   16|         32|
    |ap_return_22   |   9|          2|   16|         32|
    |ap_return_23   |   9|          2|   16|         32|
    |ap_return_24   |   9|          2|   16|         32|
    |ap_return_25   |   9|          2|   16|         32|
    |ap_return_26   |   9|          2|   16|         32|
    |ap_return_27   |   9|          2|   16|         32|
    |ap_return_28   |   9|          2|   16|         32|
    |ap_return_29   |   9|          2|   16|         32|
    |ap_return_3    |   9|          2|   16|         32|
    |ap_return_30   |   9|          2|   16|         32|
    |ap_return_31   |   9|          2|   16|         32|
    |ap_return_32   |   9|          2|   16|         32|
    |ap_return_33   |   9|          2|   16|         32|
    |ap_return_34   |   9|          2|   16|         32|
    |ap_return_35   |   9|          2|   16|         32|
    |ap_return_36   |   9|          2|   16|         32|
    |ap_return_37   |   9|          2|   16|         32|
    |ap_return_38   |   9|          2|   16|         32|
    |ap_return_39   |   9|          2|   16|         32|
    |ap_return_4    |   9|          2|   16|         32|
    |ap_return_40   |   9|          2|   16|         32|
    |ap_return_41   |   9|          2|   16|         32|
    |ap_return_42   |   9|          2|   16|         32|
    |ap_return_43   |   9|          2|   16|         32|
    |ap_return_44   |   9|          2|   16|         32|
    |ap_return_45   |   9|          2|   16|         32|
    |ap_return_46   |   9|          2|   16|         32|
    |ap_return_47   |   9|          2|   16|         32|
    |ap_return_48   |   9|          2|   16|         32|
    |ap_return_49   |   9|          2|   16|         32|
    |ap_return_5    |   9|          2|   16|         32|
    |ap_return_50   |   9|          2|   16|         32|
    |ap_return_51   |   9|          2|   16|         32|
    |ap_return_52   |   9|          2|   16|         32|
    |ap_return_53   |   9|          2|   16|         32|
    |ap_return_54   |   9|          2|   16|         32|
    |ap_return_55   |   9|          2|   16|         32|
    |ap_return_56   |   9|          2|   16|         32|
    |ap_return_57   |   9|          2|   16|         32|
    |ap_return_58   |   9|          2|   16|         32|
    |ap_return_59   |   9|          2|   16|         32|
    |ap_return_6    |   9|          2|   16|         32|
    |ap_return_60   |   9|          2|   16|         32|
    |ap_return_61   |   9|          2|   16|         32|
    |ap_return_62   |   9|          2|   16|         32|
    |ap_return_63   |   9|          2|   16|         32|
    |ap_return_64   |   9|          2|   16|         32|
    |ap_return_65   |   9|          2|   16|         32|
    |ap_return_66   |   9|          2|   16|         32|
    |ap_return_67   |   9|          2|   16|         32|
    |ap_return_68   |   9|          2|   16|         32|
    |ap_return_69   |   9|          2|   16|         32|
    |ap_return_7    |   9|          2|   16|         32|
    |ap_return_70   |   9|          2|   16|         32|
    |ap_return_71   |   9|          2|   16|         32|
    |ap_return_72   |   9|          2|   16|         32|
    |ap_return_73   |   9|          2|   16|         32|
    |ap_return_74   |   9|          2|   16|         32|
    |ap_return_75   |   9|          2|   16|         32|
    |ap_return_8    |   9|          2|   16|         32|
    |ap_return_9    |   9|          2|   16|         32|
    |grp_fu_728_p0  |  13|          3|   16|         48|
    |grp_fu_744_p0  |  13|          3|   16|         48|
    |grp_fu_750_p0  |  13|          3|   16|         48|
    |grp_fu_755_p0  |  13|          3|   16|         48|
    |grp_fu_757_p0  |  13|          3|   16|         48|
    |grp_fu_760_p0  |  13|          3|   16|         48|
    +---------------+----+-----------+-----+-----------+
    |Total          | 775|        173| 1313|       2723|
    +---------------+----+-----------+-----+-----------+

    * Register: 
    +---------------------------+----+----+-----+-----------+
    |            Name           | FF | LUT| Bits| Const Bits|
    +---------------------------+----+----+-----+-----------+
    |add_ln712_1951_reg_31098   |  15|   0|   15|          0|
    |add_ln712_1955_reg_31103   |  15|   0|   15|          0|
    |add_ln712_1959_reg_31108   |  15|   0|   15|          0|
    |add_ln712_1964_reg_31113   |  16|   0|   16|          0|
    |add_ln712_1967_reg_31138   |  15|   0|   15|          0|
    |add_ln712_1971_reg_31143   |  15|   0|   15|          0|
    |add_ln712_1975_reg_31148   |  15|   0|   15|          0|
    |add_ln712_1980_reg_31153   |  16|   0|   16|          0|
    |add_ln712_1983_reg_31178   |  15|   0|   15|          0|
    |add_ln712_1987_reg_31183   |  15|   0|   15|          0|
    |add_ln712_1991_reg_31188   |  15|   0|   15|          0|
    |add_ln712_1996_reg_31193   |  16|   0|   16|          0|
    |add_ln712_1999_reg_31218   |  15|   0|   15|          0|
    |add_ln712_2003_reg_31223   |  15|   0|   15|          0|
    |add_ln712_2007_reg_31228   |  15|   0|   15|          0|
    |add_ln712_2012_reg_31233   |  16|   0|   16|          0|
    |add_ln712_2015_reg_31258   |  15|   0|   15|          0|
    |add_ln712_2019_reg_31263   |  15|   0|   15|          0|
    |add_ln712_2023_reg_31268   |  15|   0|   15|          0|
    |add_ln712_2028_reg_31273   |  16|   0|   16|          0|
    |add_ln712_2031_reg_31298   |  15|   0|   15|          0|
    |add_ln712_2035_reg_31303   |  15|   0|   15|          0|
    |add_ln712_2039_reg_31308   |  15|   0|   15|          0|
    |add_ln712_2044_reg_31313   |  16|   0|   16|          0|
    |add_ln712_2047_reg_31338   |  15|   0|   15|          0|
    |add_ln712_2051_reg_31343   |  15|   0|   15|          0|
    |add_ln712_2055_reg_31348   |  15|   0|   15|          0|
    |add_ln712_2060_reg_31353   |  16|   0|   16|          0|
    |add_ln712_2063_reg_31378   |  15|   0|   15|          0|
    |add_ln712_2067_reg_31383   |  15|   0|   15|          0|
    |add_ln712_2071_reg_31388   |  15|   0|   15|          0|
    |add_ln712_2076_reg_31393   |  16|   0|   16|          0|
    |add_ln712_2079_reg_31418   |  15|   0|   15|          0|
    |add_ln712_2083_reg_31423   |  15|   0|   15|          0|
    |add_ln712_2087_reg_31428   |  15|   0|   15|          0|
    |add_ln712_2092_reg_31433   |  16|   0|   16|          0|
    |add_ln712_2095_reg_31458   |  15|   0|   15|          0|
    |add_ln712_2099_reg_31463   |  15|   0|   15|          0|
    |add_ln712_2103_reg_31468   |  15|   0|   15|          0|
    |add_ln712_2108_reg_31473   |  16|   0|   16|          0|
    |add_ln712_2111_reg_31498   |  15|   0|   15|          0|
    |add_ln712_2115_reg_31503   |  15|   0|   15|          0|
    |add_ln712_2119_reg_31508   |  15|   0|   15|          0|
    |add_ln712_2124_reg_31513   |  16|   0|   16|          0|
    |add_ln712_2127_reg_31538   |  15|   0|   15|          0|
    |add_ln712_2131_reg_31543   |  15|   0|   15|          0|
    |add_ln712_2135_reg_31548   |  15|   0|   15|          0|
    |add_ln712_2140_reg_31553   |  16|   0|   16|          0|
    |add_ln712_2143_reg_31578   |  15|   0|   15|          0|
    |add_ln712_2147_reg_31583   |  15|   0|   15|          0|
    |add_ln712_2151_reg_31588   |  15|   0|   15|          0|
    |add_ln712_2156_reg_31593   |  16|   0|   16|          0|
    |add_ln712_2159_reg_31618   |  15|   0|   15|          0|
    |add_ln712_2163_reg_31623   |  15|   0|   15|          0|
    |add_ln712_2167_reg_31628   |  15|   0|   15|          0|
    |add_ln712_2172_reg_31633   |  16|   0|   16|          0|
    |add_ln712_2175_reg_31658   |  15|   0|   15|          0|
    |add_ln712_2179_reg_31663   |  15|   0|   15|          0|
    |add_ln712_2183_reg_31668   |  15|   0|   15|          0|
    |add_ln712_2188_reg_31673   |  16|   0|   16|          0|
    |add_ln712_2191_reg_31698   |  15|   0|   15|          0|
    |add_ln712_2195_reg_31703   |  15|   0|   15|          0|
    |add_ln712_2199_reg_31708   |  15|   0|   15|          0|
    |add_ln712_2204_reg_31713   |  16|   0|   16|          0|
    |add_ln712_2207_reg_31738   |  15|   0|   15|          0|
    |add_ln712_2211_reg_31743   |  15|   0|   15|          0|
    |add_ln712_2215_reg_31748   |  15|   0|   15|          0|
    |add_ln712_2220_reg_31753   |  16|   0|   16|          0|
    |add_ln712_2223_reg_31778   |  15|   0|   15|          0|
    |add_ln712_2227_reg_31783   |  15|   0|   15|          0|
    |add_ln712_2231_reg_31788   |  15|   0|   15|          0|
    |add_ln712_2233_reg_31793   |  15|   0|   15|          0|
    |add_ln712_2239_reg_31808   |  15|   0|   15|          0|
    |add_ln712_2243_reg_31813   |  15|   0|   15|          0|
    |add_ln712_2247_reg_31818   |  15|   0|   15|          0|
    |ap_CS_fsm                  |   2|   0|    2|          0|
    |ap_return_0_preg           |  16|   0|   16|          0|
    |ap_return_10_preg          |  16|   0|   16|          0|
    |ap_return_11_preg          |  16|   0|   16|          0|
    |ap_return_12_preg          |  16|   0|   16|          0|
    |ap_return_13_preg          |  16|   0|   16|          0|
    |ap_return_14_preg          |  16|   0|   16|          0|
    |ap_return_15_preg          |  16|   0|   16|          0|
    |ap_return_16_preg          |  16|   0|   16|          0|
    |ap_return_17_preg          |  16|   0|   16|          0|
    |ap_return_18_preg          |  16|   0|   16|          0|
    |ap_return_19_preg          |  16|   0|   16|          0|
    |ap_return_1_preg           |  16|   0|   16|          0|
    |ap_return_20_preg          |  16|   0|   16|          0|
    |ap_return_21_preg          |  16|   0|   16|          0|
    |ap_return_22_preg          |  16|   0|   16|          0|
    |ap_return_23_preg          |  16|   0|   16|          0|
    |ap_return_24_preg          |  16|   0|   16|          0|
    |ap_return_25_preg          |  16|   0|   16|          0|
    |ap_return_26_preg          |  16|   0|   16|          0|
    |ap_return_27_preg          |  16|   0|   16|          0|
    |ap_return_28_preg          |  16|   0|   16|          0|
    |ap_return_29_preg          |  16|   0|   16|          0|
    |ap_return_2_preg           |  16|   0|   16|          0|
    |ap_return_30_preg          |  16|   0|   16|          0|
    |ap_return_31_preg          |  16|   0|   16|          0|
    |ap_return_32_preg          |  16|   0|   16|          0|
    |ap_return_33_preg          |  16|   0|   16|          0|
    |ap_return_34_preg          |  16|   0|   16|          0|
    |ap_return_35_preg          |  16|   0|   16|          0|
    |ap_return_36_preg          |  16|   0|   16|          0|
    |ap_return_37_preg          |  16|   0|   16|          0|
    |ap_return_38_preg          |  16|   0|   16|          0|
    |ap_return_39_preg          |  16|   0|   16|          0|
    |ap_return_3_preg           |  16|   0|   16|          0|
    |ap_return_40_preg          |  16|   0|   16|          0|
    |ap_return_41_preg          |  16|   0|   16|          0|
    |ap_return_42_preg          |  16|   0|   16|          0|
    |ap_return_43_preg          |  16|   0|   16|          0|
    |ap_return_44_preg          |  16|   0|   16|          0|
    |ap_return_45_preg          |  16|   0|   16|          0|
    |ap_return_46_preg          |  16|   0|   16|          0|
    |ap_return_47_preg          |  16|   0|   16|          0|
    |ap_return_48_preg          |  16|   0|   16|          0|
    |ap_return_49_preg          |  16|   0|   16|          0|
    |ap_return_4_preg           |  16|   0|   16|          0|
    |ap_return_50_preg          |  16|   0|   16|          0|
    |ap_return_51_preg          |  16|   0|   16|          0|
    |ap_return_52_preg          |  16|   0|   16|          0|
    |ap_return_53_preg          |  16|   0|   16|          0|
    |ap_return_54_preg          |  16|   0|   16|          0|
    |ap_return_55_preg          |  16|   0|   16|          0|
    |ap_return_56_preg          |  16|   0|   16|          0|
    |ap_return_57_preg          |  16|   0|   16|          0|
    |ap_return_58_preg          |  16|   0|   16|          0|
    |ap_return_59_preg          |  16|   0|   16|          0|
    |ap_return_5_preg           |  16|   0|   16|          0|
    |ap_return_60_preg          |  16|   0|   16|          0|
    |ap_return_61_preg          |  16|   0|   16|          0|
    |ap_return_62_preg          |  16|   0|   16|          0|
    |ap_return_63_preg          |  16|   0|   16|          0|
    |ap_return_64_preg          |  16|   0|   16|          0|
    |ap_return_65_preg          |  16|   0|   16|          0|
    |ap_return_66_preg          |  16|   0|   16|          0|
    |ap_return_67_preg          |  16|   0|   16|          0|
    |ap_return_68_preg          |  16|   0|   16|          0|
    |ap_return_69_preg          |  16|   0|   16|          0|
    |ap_return_6_preg           |  16|   0|   16|          0|
    |ap_return_70_preg          |  16|   0|   16|          0|
    |ap_return_71_preg          |  16|   0|   16|          0|
    |ap_return_72_preg          |  16|   0|   16|          0|
    |ap_return_73_preg          |  16|   0|   16|          0|
    |ap_return_74_preg          |  16|   0|   16|          0|
    |ap_return_75_preg          |  16|   0|   16|          0|
    |ap_return_7_preg           |  16|   0|   16|          0|
    |ap_return_8_preg           |  16|   0|   16|          0|
    |ap_return_9_preg           |  16|   0|   16|          0|
    |sext_ln717_633_reg_31758   |  22|   0|   22|          0|
    |trunc_ln717_193_reg_31088  |  16|   0|   16|          0|
    |trunc_ln717_197_reg_31093  |  16|   0|   16|          0|
    |trunc_ln717_207_reg_31118  |  16|   0|   16|          0|
    |trunc_ln717_208_reg_31123  |  16|   0|   16|          0|
    |trunc_ln717_209_reg_31128  |  16|   0|   16|          0|
    |trunc_ln717_213_reg_31133  |  16|   0|   16|          0|
    |trunc_ln717_223_reg_31158  |  16|   0|   16|          0|
    |trunc_ln717_224_reg_31163  |  16|   0|   16|          0|
    |trunc_ln717_225_reg_31168  |  16|   0|   16|          0|
    |trunc_ln717_229_reg_31173  |  16|   0|   16|          0|
    |trunc_ln717_239_reg_31198  |  16|   0|   16|          0|
    |trunc_ln717_240_reg_31203  |  16|   0|   16|          0|
    |trunc_ln717_241_reg_31208  |  16|   0|   16|          0|
    |trunc_ln717_245_reg_31213  |  16|   0|   16|          0|
    |trunc_ln717_255_reg_31238  |  16|   0|   16|          0|
    |trunc_ln717_256_reg_31243  |  16|   0|   16|          0|
    |trunc_ln717_257_reg_31248  |  16|   0|   16|          0|
    |trunc_ln717_261_reg_31253  |  16|   0|   16|          0|
    |trunc_ln717_271_reg_31278  |  16|   0|   16|          0|
    |trunc_ln717_272_reg_31283  |  16|   0|   16|          0|
    |trunc_ln717_273_reg_31288  |  16|   0|   16|          0|
    |trunc_ln717_277_reg_31293  |  16|   0|   16|          0|
    |trunc_ln717_287_reg_31318  |  16|   0|   16|          0|
    |trunc_ln717_288_reg_31323  |  16|   0|   16|          0|
    |trunc_ln717_289_reg_31328  |  16|   0|   16|          0|
    |trunc_ln717_293_reg_31333  |  16|   0|   16|          0|
    |trunc_ln717_303_reg_31358  |  16|   0|   16|          0|
    |trunc_ln717_304_reg_31363  |  16|   0|   16|          0|
    |trunc_ln717_305_reg_31368  |  16|   0|   16|          0|
    |trunc_ln717_309_reg_31373  |  16|   0|   16|          0|
    |trunc_ln717_319_reg_31398  |  16|   0|   16|          0|
    |trunc_ln717_320_reg_31403  |  16|   0|   16|          0|
    |trunc_ln717_321_reg_31408  |  16|   0|   16|          0|
    |trunc_ln717_325_reg_31413  |  16|   0|   16|          0|
    |trunc_ln717_335_reg_31438  |  16|   0|   16|          0|
    |trunc_ln717_336_reg_31443  |  16|   0|   16|          0|
    |trunc_ln717_337_reg_31448  |  16|   0|   16|          0|
    |trunc_ln717_341_reg_31453  |  16|   0|   16|          0|
    |trunc_ln717_351_reg_31478  |  16|   0|   16|          0|
    |trunc_ln717_352_reg_31483  |  16|   0|   16|          0|
    |trunc_ln717_353_reg_31488  |  16|   0|   16|          0|
    |trunc_ln717_357_reg_31493  |  16|   0|   16|          0|
    |trunc_ln717_367_reg_31518  |  16|   0|   16|          0|
    |trunc_ln717_368_reg_31523  |  16|   0|   16|          0|
    |trunc_ln717_369_reg_31528  |  16|   0|   16|          0|
    |trunc_ln717_373_reg_31533  |  16|   0|   16|          0|
    |trunc_ln717_383_reg_31558  |  16|   0|   16|          0|
    |trunc_ln717_384_reg_31563  |  16|   0|   16|          0|
    |trunc_ln717_385_reg_31568  |  16|   0|   16|          0|
    |trunc_ln717_389_reg_31573  |  16|   0|   16|          0|
    |trunc_ln717_399_reg_31598  |  16|   0|   16|          0|
    |trunc_ln717_400_reg_31603  |  16|   0|   16|          0|
    |trunc_ln717_401_reg_31608  |  16|   0|   16|          0|
    |trunc_ln717_405_reg_31613  |  16|   0|   16|          0|
    |trunc_ln717_415_reg_31638  |  16|   0|   16|          0|
    |trunc_ln717_416_reg_31643  |  16|   0|   16|          0|
    |trunc_ln717_417_reg_31648  |  16|   0|   16|          0|
    |trunc_ln717_421_reg_31653  |  16|   0|   16|          0|
    |trunc_ln717_431_reg_31678  |  16|   0|   16|          0|
    |trunc_ln717_432_reg_31683  |  16|   0|   16|          0|
    |trunc_ln717_433_reg_31688  |  16|   0|   16|          0|
    |trunc_ln717_437_reg_31693  |  16|   0|   16|          0|
    |trunc_ln717_447_reg_31718  |  16|   0|   16|          0|
    |trunc_ln717_448_reg_31723  |  16|   0|   16|          0|
    |trunc_ln717_449_reg_31728  |  16|   0|   16|          0|
    |trunc_ln717_453_reg_31733  |  16|   0|   16|          0|
    |trunc_ln717_463_reg_31763  |  16|   0|   16|          0|
    |trunc_ln717_464_reg_31768  |  16|   0|   16|          0|
    |trunc_ln717_478_reg_31773  |  12|   0|   12|          0|
    |trunc_ln717_490_reg_31798  |  14|   0|   14|          0|
    |trunc_ln717_494_reg_31803  |  12|   0|   12|          0|
    |trunc_ln717_s_reg_31083    |  16|   0|   16|          0|
    |trunc_ln_reg_31078         |  16|   0|   16|          0|
    +---------------------------+----+----+-----+-----------+
    |Total                      |3540|   0| 3540|          0|
    +---------------------------+----+----+-----+-----------+



================================================================
== Interface
================================================================
* Summary: 
+--------------+-----+-----+------------+---------------------------------------------------+--------------+
|   RTL Ports  | Dir | Bits|  Protocol  |                   Source Object                   |    C Type    |
+--------------+-----+-----+------------+---------------------------------------------------+--------------+
|ap_clk        |   in|    1|  ap_ctrl_hs|  conv_2d_cl<ap_fixed,ap_fixed<16,6,5,3,0>,config6>|  return value|
|ap_rst        |   in|    1|  ap_ctrl_hs|  conv_2d_cl<ap_fixed,ap_fixed<16,6,5,3,0>,config6>|  return value|
|ap_start      |   in|    1|  ap_ctrl_hs|  conv_2d_cl<ap_fixed,ap_fixed<16,6,5,3,0>,config6>|  return value|
|ap_done       |  out|    1|  ap_ctrl_hs|  conv_2d_cl<ap_fixed,ap_fixed<16,6,5,3,0>,config6>|  return value|
|ap_idle       |  out|    1|  ap_ctrl_hs|  conv_2d_cl<ap_fixed,ap_fixed<16,6,5,3,0>,config6>|  return value|
|ap_ready      |  out|    1|  ap_ctrl_hs|  conv_2d_cl<ap_fixed,ap_fixed<16,6,5,3,0>,config6>|  return value|
|ap_return_0   |  out|   16|  ap_ctrl_hs|  conv_2d_cl<ap_fixed,ap_fixed<16,6,5,3,0>,config6>|  return value|
|ap_return_1   |  out|   16|  ap_ctrl_hs|  conv_2d_cl<ap_fixed,ap_fixed<16,6,5,3,0>,config6>|  return value|
|ap_return_2   |  out|   16|  ap_ctrl_hs|  conv_2d_cl<ap_fixed,ap_fixed<16,6,5,3,0>,config6>|  return value|
|ap_return_3   |  out|   16|  ap_ctrl_hs|  conv_2d_cl<ap_fixed,ap_fixed<16,6,5,3,0>,config6>|  return value|
|ap_return_4   |  out|   16|  ap_ctrl_hs|  conv_2d_cl<ap_fixed,ap_fixed<16,6,5,3,0>,config6>|  return value|
|ap_return_5   |  out|   16|  ap_ctrl_hs|  conv_2d_cl<ap_fixed,ap_fixed<16,6,5,3,0>,config6>|  return value|
|ap_return_6   |  out|   16|  ap_ctrl_hs|  conv_2d_cl<ap_fixed,ap_fixed<16,6,5,3,0>,config6>|  return value|
|ap_return_7   |  out|   16|  ap_ctrl_hs|  conv_2d_cl<ap_fixed,ap_fixed<16,6,5,3,0>,config6>|  return value|
|ap_return_8   |  out|   16|  ap_ctrl_hs|  conv_2d_cl<ap_fixed,ap_fixed<16,6,5,3,0>,config6>|  return value|
|ap_return_9   |  out|   16|  ap_ctrl_hs|  conv_2d_cl<ap_fixed,ap_fixed<16,6,5,3,0>,config6>|  return value|
|ap_return_10  |  out|   16|  ap_ctrl_hs|  conv_2d_cl<ap_fixed,ap_fixed<16,6,5,3,0>,config6>|  return value|
|ap_return_11  |  out|   16|  ap_ctrl_hs|  conv_2d_cl<ap_fixed,ap_fixed<16,6,5,3,0>,config6>|  return value|
|ap_return_12  |  out|   16|  ap_ctrl_hs|  conv_2d_cl<ap_fixed,ap_fixed<16,6,5,3,0>,config6>|  return value|
|ap_return_13  |  out|   16|  ap_ctrl_hs|  conv_2d_cl<ap_fixed,ap_fixed<16,6,5,3,0>,config6>|  return value|
|ap_return_14  |  out|   16|  ap_ctrl_hs|  conv_2d_cl<ap_fixed,ap_fixed<16,6,5,3,0>,config6>|  return value|
|ap_return_15  |  out|   16|  ap_ctrl_hs|  conv_2d_cl<ap_fixed,ap_fixed<16,6,5,3,0>,config6>|  return value|
|ap_return_16  |  out|   16|  ap_ctrl_hs|  conv_2d_cl<ap_fixed,ap_fixed<16,6,5,3,0>,config6>|  return value|
|ap_return_17  |  out|   16|  ap_ctrl_hs|  conv_2d_cl<ap_fixed,ap_fixed<16,6,5,3,0>,config6>|  return value|
|ap_return_18  |  out|   16|  ap_ctrl_hs|  conv_2d_cl<ap_fixed,ap_fixed<16,6,5,3,0>,config6>|  return value|
|ap_return_19  |  out|   16|  ap_ctrl_hs|  conv_2d_cl<ap_fixed,ap_fixed<16,6,5,3,0>,config6>|  return value|
|ap_return_20  |  out|   16|  ap_ctrl_hs|  conv_2d_cl<ap_fixed,ap_fixed<16,6,5,3,0>,config6>|  return value|
|ap_return_21  |  out|   16|  ap_ctrl_hs|  conv_2d_cl<ap_fixed,ap_fixed<16,6,5,3,0>,config6>|  return value|
|ap_return_22  |  out|   16|  ap_ctrl_hs|  conv_2d_cl<ap_fixed,ap_fixed<16,6,5,3,0>,config6>|  return value|
|ap_return_23  |  out|   16|  ap_ctrl_hs|  conv_2d_cl<ap_fixed,ap_fixed<16,6,5,3,0>,config6>|  return value|
|ap_return_24  |  out|   16|  ap_ctrl_hs|  conv_2d_cl<ap_fixed,ap_fixed<16,6,5,3,0>,config6>|  return value|
|ap_return_25  |  out|   16|  ap_ctrl_hs|  conv_2d_cl<ap_fixed,ap_fixed<16,6,5,3,0>,config6>|  return value|
|ap_return_26  |  out|   16|  ap_ctrl_hs|  conv_2d_cl<ap_fixed,ap_fixed<16,6,5,3,0>,config6>|  return value|
|ap_return_27  |  out|   16|  ap_ctrl_hs|  conv_2d_cl<ap_fixed,ap_fixed<16,6,5,3,0>,config6>|  return value|
|ap_return_28  |  out|   16|  ap_ctrl_hs|  conv_2d_cl<ap_fixed,ap_fixed<16,6,5,3,0>,config6>|  return value|
|ap_return_29  |  out|   16|  ap_ctrl_hs|  conv_2d_cl<ap_fixed,ap_fixed<16,6,5,3,0>,config6>|  return value|
|ap_return_30  |  out|   16|  ap_ctrl_hs|  conv_2d_cl<ap_fixed,ap_fixed<16,6,5,3,0>,config6>|  return value|
|ap_return_31  |  out|   16|  ap_ctrl_hs|  conv_2d_cl<ap_fixed,ap_fixed<16,6,5,3,0>,config6>|  return value|
|ap_return_32  |  out|   16|  ap_ctrl_hs|  conv_2d_cl<ap_fixed,ap_fixed<16,6,5,3,0>,config6>|  return value|
|ap_return_33  |  out|   16|  ap_ctrl_hs|  conv_2d_cl<ap_fixed,ap_fixed<16,6,5,3,0>,config6>|  return value|
|ap_return_34  |  out|   16|  ap_ctrl_hs|  conv_2d_cl<ap_fixed,ap_fixed<16,6,5,3,0>,config6>|  return value|
|ap_return_35  |  out|   16|  ap_ctrl_hs|  conv_2d_cl<ap_fixed,ap_fixed<16,6,5,3,0>,config6>|  return value|
|ap_return_36  |  out|   16|  ap_ctrl_hs|  conv_2d_cl<ap_fixed,ap_fixed<16,6,5,3,0>,config6>|  return value|
|ap_return_37  |  out|   16|  ap_ctrl_hs|  conv_2d_cl<ap_fixed,ap_fixed<16,6,5,3,0>,config6>|  return value|
|ap_return_38  |  out|   16|  ap_ctrl_hs|  conv_2d_cl<ap_fixed,ap_fixed<16,6,5,3,0>,config6>|  return value|
|ap_return_39  |  out|   16|  ap_ctrl_hs|  conv_2d_cl<ap_fixed,ap_fixed<16,6,5,3,0>,config6>|  return value|
|ap_return_40  |  out|   16|  ap_ctrl_hs|  conv_2d_cl<ap_fixed,ap_fixed<16,6,5,3,0>,config6>|  return value|
|ap_return_41  |  out|   16|  ap_ctrl_hs|  conv_2d_cl<ap_fixed,ap_fixed<16,6,5,3,0>,config6>|  return value|
|ap_return_42  |  out|   16|  ap_ctrl_hs|  conv_2d_cl<ap_fixed,ap_fixed<16,6,5,3,0>,config6>|  return value|
|ap_return_43  |  out|   16|  ap_ctrl_hs|  conv_2d_cl<ap_fixed,ap_fixed<16,6,5,3,0>,config6>|  return value|
|ap_return_44  |  out|   16|  ap_ctrl_hs|  conv_2d_cl<ap_fixed,ap_fixed<16,6,5,3,0>,config6>|  return value|
|ap_return_45  |  out|   16|  ap_ctrl_hs|  conv_2d_cl<ap_fixed,ap_fixed<16,6,5,3,0>,config6>|  return value|
|ap_return_46  |  out|   16|  ap_ctrl_hs|  conv_2d_cl<ap_fixed,ap_fixed<16,6,5,3,0>,config6>|  return value|
|ap_return_47  |  out|   16|  ap_ctrl_hs|  conv_2d_cl<ap_fixed,ap_fixed<16,6,5,3,0>,config6>|  return value|
|ap_return_48  |  out|   16|  ap_ctrl_hs|  conv_2d_cl<ap_fixed,ap_fixed<16,6,5,3,0>,config6>|  return value|
|ap_return_49  |  out|   16|  ap_ctrl_hs|  conv_2d_cl<ap_fixed,ap_fixed<16,6,5,3,0>,config6>|  return value|
|ap_return_50  |  out|   16|  ap_ctrl_hs|  conv_2d_cl<ap_fixed,ap_fixed<16,6,5,3,0>,config6>|  return value|
|ap_return_51  |  out|   16|  ap_ctrl_hs|  conv_2d_cl<ap_fixed,ap_fixed<16,6,5,3,0>,config6>|  return value|
|ap_return_52  |  out|   16|  ap_ctrl_hs|  conv_2d_cl<ap_fixed,ap_fixed<16,6,5,3,0>,config6>|  return value|
|ap_return_53  |  out|   16|  ap_ctrl_hs|  conv_2d_cl<ap_fixed,ap_fixed<16,6,5,3,0>,config6>|  return value|
|ap_return_54  |  out|   16|  ap_ctrl_hs|  conv_2d_cl<ap_fixed,ap_fixed<16,6,5,3,0>,config6>|  return value|
|ap_return_55  |  out|   16|  ap_ctrl_hs|  conv_2d_cl<ap_fixed,ap_fixed<16,6,5,3,0>,config6>|  return value|
|ap_return_56  |  out|   16|  ap_ctrl_hs|  conv_2d_cl<ap_fixed,ap_fixed<16,6,5,3,0>,config6>|  return value|
|ap_return_57  |  out|   16|  ap_ctrl_hs|  conv_2d_cl<ap_fixed,ap_fixed<16,6,5,3,0>,config6>|  return value|
|ap_return_58  |  out|   16|  ap_ctrl_hs|  conv_2d_cl<ap_fixed,ap_fixed<16,6,5,3,0>,config6>|  return value|
|ap_return_59  |  out|   16|  ap_ctrl_hs|  conv_2d_cl<ap_fixed,ap_fixed<16,6,5,3,0>,config6>|  return value|
|ap_return_60  |  out|   16|  ap_ctrl_hs|  conv_2d_cl<ap_fixed,ap_fixed<16,6,5,3,0>,config6>|  return value|
|ap_return_61  |  out|   16|  ap_ctrl_hs|  conv_2d_cl<ap_fixed,ap_fixed<16,6,5,3,0>,config6>|  return value|
|ap_return_62  |  out|   16|  ap_ctrl_hs|  conv_2d_cl<ap_fixed,ap_fixed<16,6,5,3,0>,config6>|  return value|
|ap_return_63  |  out|   16|  ap_ctrl_hs|  conv_2d_cl<ap_fixed,ap_fixed<16,6,5,3,0>,config6>|  return value|
|ap_return_64  |  out|   16|  ap_ctrl_hs|  conv_2d_cl<ap_fixed,ap_fixed<16,6,5,3,0>,config6>|  return value|
|ap_return_65  |  out|   16|  ap_ctrl_hs|  conv_2d_cl<ap_fixed,ap_fixed<16,6,5,3,0>,config6>|  return value|
|ap_return_66  |  out|   16|  ap_ctrl_hs|  conv_2d_cl<ap_fixed,ap_fixed<16,6,5,3,0>,config6>|  return value|
|ap_return_67  |  out|   16|  ap_ctrl_hs|  conv_2d_cl<ap_fixed,ap_fixed<16,6,5,3,0>,config6>|  return value|
|ap_return_68  |  out|   16|  ap_ctrl_hs|  conv_2d_cl<ap_fixed,ap_fixed<16,6,5,3,0>,config6>|  return value|
|ap_return_69  |  out|   16|  ap_ctrl_hs|  conv_2d_cl<ap_fixed,ap_fixed<16,6,5,3,0>,config6>|  return value|
|ap_return_70  |  out|   16|  ap_ctrl_hs|  conv_2d_cl<ap_fixed,ap_fixed<16,6,5,3,0>,config6>|  return value|
|ap_return_71  |  out|   16|  ap_ctrl_hs|  conv_2d_cl<ap_fixed,ap_fixed<16,6,5,3,0>,config6>|  return value|
|ap_return_72  |  out|   16|  ap_ctrl_hs|  conv_2d_cl<ap_fixed,ap_fixed<16,6,5,3,0>,config6>|  return value|
|ap_return_73  |  out|   16|  ap_ctrl_hs|  conv_2d_cl<ap_fixed,ap_fixed<16,6,5,3,0>,config6>|  return value|
|ap_return_74  |  out|   16|  ap_ctrl_hs|  conv_2d_cl<ap_fixed,ap_fixed<16,6,5,3,0>,config6>|  return value|
|ap_return_75  |  out|   16|  ap_ctrl_hs|  conv_2d_cl<ap_fixed,ap_fixed<16,6,5,3,0>,config6>|  return value|
|p_read        |   in|   16|     ap_none|                                             p_read|        scalar|
|p_read1       |   in|   16|     ap_none|                                            p_read1|        scalar|
|p_read2       |   in|   16|     ap_none|                                            p_read2|        scalar|
|p_read3       |   in|   16|     ap_none|                                            p_read3|        scalar|
|p_read4       |   in|   16|     ap_none|                                            p_read4|        scalar|
|p_read5       |   in|   16|     ap_none|                                            p_read5|        scalar|
|p_read6       |   in|   16|     ap_none|                                            p_read6|        scalar|
|p_read7       |   in|   16|     ap_none|                                            p_read7|        scalar|
|p_read8       |   in|   16|     ap_none|                                            p_read8|        scalar|
|p_read9       |   in|   16|     ap_none|                                            p_read9|        scalar|
|p_read10      |   in|   16|     ap_none|                                           p_read10|        scalar|
|p_read11      |   in|   16|     ap_none|                                           p_read11|        scalar|
|p_read12      |   in|   16|     ap_none|                                           p_read12|        scalar|
|p_read13      |   in|   16|     ap_none|                                           p_read13|        scalar|
|p_read14      |   in|   16|     ap_none|                                           p_read14|        scalar|
|p_read15      |   in|   16|     ap_none|                                           p_read15|        scalar|
|p_read16      |   in|   16|     ap_none|                                           p_read16|        scalar|
|p_read17      |   in|   16|     ap_none|                                           p_read17|        scalar|
|p_read18      |   in|   16|     ap_none|                                           p_read18|        scalar|
|p_read19      |   in|   16|     ap_none|                                           p_read19|        scalar|
|p_read20      |   in|   16|     ap_none|                                           p_read20|        scalar|
|p_read21      |   in|   16|     ap_none|                                           p_read21|        scalar|
|p_read22      |   in|   16|     ap_none|                                           p_read22|        scalar|
|p_read23      |   in|   16|     ap_none|                                           p_read23|        scalar|
|p_read24      |   in|   16|     ap_none|                                           p_read24|        scalar|
|p_read25      |   in|   16|     ap_none|                                           p_read25|        scalar|
|p_read26      |   in|   16|     ap_none|                                           p_read26|        scalar|
|p_read27      |   in|   16|     ap_none|                                           p_read27|        scalar|
|p_read28      |   in|   16|     ap_none|                                           p_read28|        scalar|
|p_read29      |   in|   16|     ap_none|                                           p_read29|        scalar|
|p_read30      |   in|   16|     ap_none|                                           p_read30|        scalar|
|p_read31      |   in|   16|     ap_none|                                           p_read31|        scalar|
|p_read32      |   in|   16|     ap_none|                                           p_read32|        scalar|
|p_read33      |   in|   16|     ap_none|                                           p_read33|        scalar|
|p_read34      |   in|   16|     ap_none|                                           p_read34|        scalar|
|p_read35      |   in|   16|     ap_none|                                           p_read35|        scalar|
|p_read36      |   in|   16|     ap_none|                                           p_read36|        scalar|
|p_read37      |   in|   16|     ap_none|                                           p_read37|        scalar|
|p_read42      |   in|   16|     ap_none|                                           p_read42|        scalar|
|p_read43      |   in|   16|     ap_none|                                           p_read43|        scalar|
|p_read44      |   in|   16|     ap_none|                                           p_read44|        scalar|
|p_read45      |   in|   16|     ap_none|                                           p_read45|        scalar|
|p_read46      |   in|   16|     ap_none|                                           p_read46|        scalar|
|p_read47      |   in|   16|     ap_none|                                           p_read47|        scalar|
|p_read48      |   in|   16|     ap_none|                                           p_read48|        scalar|
|p_read49      |   in|   16|     ap_none|                                           p_read49|        scalar|
|p_read50      |   in|   16|     ap_none|                                           p_read50|        scalar|
|p_read51      |   in|   16|     ap_none|                                           p_read51|        scalar|
|p_read56      |   in|   16|     ap_none|                                           p_read56|        scalar|
|p_read57      |   in|   16|     ap_none|                                           p_read57|        scalar|
|p_read58      |   in|   16|     ap_none|                                           p_read58|        scalar|
|p_read59      |   in|   16|     ap_none|                                           p_read59|        scalar|
|p_read60      |   in|   16|     ap_none|                                           p_read60|        scalar|
|p_read61      |   in|   16|     ap_none|                                           p_read61|        scalar|
|p_read62      |   in|   16|     ap_none|                                           p_read62|        scalar|
|p_read63      |   in|   16|     ap_none|                                           p_read63|        scalar|
|p_read64      |   in|   16|     ap_none|                                           p_read64|        scalar|
|p_read65      |   in|   16|     ap_none|                                           p_read65|        scalar|
|p_read66      |   in|   16|     ap_none|                                           p_read66|        scalar|
|p_read67      |   in|   16|     ap_none|                                           p_read67|        scalar|
|p_read68      |   in|   16|     ap_none|                                           p_read68|        scalar|
|p_read69      |   in|   16|     ap_none|                                           p_read69|        scalar|
|p_read70      |   in|   16|     ap_none|                                           p_read70|        scalar|
|p_read71      |   in|   16|     ap_none|                                           p_read71|        scalar|
|p_read72      |   in|   16|     ap_none|                                           p_read72|        scalar|
|p_read73      |   in|   16|     ap_none|                                           p_read73|        scalar|
|p_read74      |   in|   16|     ap_none|                                           p_read74|        scalar|
|p_read75      |   in|   16|     ap_none|                                           p_read75|        scalar|
|p_read76      |   in|   16|     ap_none|                                           p_read76|        scalar|
|p_read77      |   in|   16|     ap_none|                                           p_read77|        scalar|
|p_read78      |   in|   16|     ap_none|                                           p_read78|        scalar|
|p_read79      |   in|   16|     ap_none|                                           p_read79|        scalar|
|p_read80      |   in|   16|     ap_none|                                           p_read80|        scalar|
|p_read81      |   in|   16|     ap_none|                                           p_read81|        scalar|
|p_read82      |   in|   16|     ap_none|                                           p_read82|        scalar|
|p_read83      |   in|   16|     ap_none|                                           p_read83|        scalar|
+--------------+-----+-----+------------+---------------------------------------------------+--------------+

