

================================================================
== Vitis HLS Report for 'dense_latency_ap_fixed_ap_fixed_16_6_5_3_0_config16_s'
================================================================
* Date:           Sat Mar 29 17:41:24 2025

* Version:        2021.1 (Build 3247384 on Thu Jun 10 19:36:07 MDT 2021)
* Project:        WOMBAT_prj
* Solution:       solution1 (Vivado IP Flow Target)
* Product family: virtex7
* Target device:  xc7vx690t-ffg1927-2


================================================================
== Performance Estimates
================================================================
+ Timing: 
    * Summary: 
    +--------+---------+----------+------------+
    |  Clock |  Target | Estimated| Uncertainty|
    +--------+---------+----------+------------+
    |ap_clk  |  6.25 ns|  4.082 ns|     1.69 ns|
    +--------+---------+----------+------------+

+ Latency: 
    * Summary: 
    +---------+---------+-----------+-----------+-----+-----+---------+
    |  Latency (cycles) |   Latency (absolute)  |  Interval | Pipeline|
    |   min   |   max   |    min    |    max    | min | max |   Type  |
    +---------+---------+-----------+-----------+-----+-----+---------+
    |        2|        2|  12.500 ns|  12.500 ns|    2|    2|      yes|
    +---------+---------+-----------+-----------+-----+-----+---------+

    + Detail: 
        * Instance: 
        N/A

        * Loop: 
        N/A



================================================================
== Utilization Estimates
================================================================
* Summary: 
+-----------------+---------+------+--------+--------+-----+
|       Name      | BRAM_18K|  DSP |   FF   |   LUT  | URAM|
+-----------------+---------+------+--------+--------+-----+
|DSP              |        -|     -|       -|       -|    -|
|Expression       |        -|     -|       0|    1136|    -|
|FIFO             |        -|     -|       -|       -|    -|
|Instance         |        -|    12|       0|      72|    -|
|Memory           |        -|     -|       -|       -|    -|
|Multiplexer      |        -|     -|       -|      31|    -|
|Register         |        -|     -|     553|       -|    -|
+-----------------+---------+------+--------+--------+-----+
|Total            |        0|    12|     553|    1239|    0|
+-----------------+---------+------+--------+--------+-----+
|Available        |     2940|  3600|  866400|  433200|    0|
+-----------------+---------+------+--------+--------+-----+
|Utilization (%)  |        0|    ~0|      ~0|      ~0|    0|
+-----------------+---------+------+--------+--------+-----+

+ Detail: 
    * Instance: 
    +-------------------------+--------------------+---------+----+---+----+-----+
    |         Instance        |       Module       | BRAM_18K| DSP| FF| LUT| URAM|
    +-------------------------+--------------------+---------+----+---+----+-----+
    |mul_16s_5s_21_1_1_U951   |mul_16s_5s_21_1_1   |        0|   1|  0|   6|    0|
    |mul_16s_6ns_22_1_1_U946  |mul_16s_6ns_22_1_1  |        0|   1|  0|   6|    0|
    |mul_16s_7ns_22_1_1_U943  |mul_16s_7ns_22_1_1  |        0|   1|  0|   6|    0|
    |mul_16s_7ns_22_1_1_U949  |mul_16s_7ns_22_1_1  |        0|   1|  0|   6|    0|
    |mul_16s_7ns_22_1_1_U952  |mul_16s_7ns_22_1_1  |        0|   1|  0|   6|    0|
    |mul_16s_8ns_22_1_1_U944  |mul_16s_8ns_22_1_1  |        0|   1|  0|   6|    0|
    |mul_16s_8ns_22_1_1_U948  |mul_16s_8ns_22_1_1  |        0|   1|  0|   6|    0|
    |mul_16s_8ns_22_1_1_U950  |mul_16s_8ns_22_1_1  |        0|   1|  0|   6|    0|
    |mul_16s_8ns_22_1_1_U954  |mul_16s_8ns_22_1_1  |        0|   1|  0|   6|    0|
    |mul_16s_8s_22_1_1_U945   |mul_16s_8s_22_1_1   |        0|   1|  0|   6|    0|
    |mul_16s_8s_22_1_1_U947   |mul_16s_8s_22_1_1   |        0|   1|  0|   6|    0|
    |mul_16s_8s_22_1_1_U953   |mul_16s_8s_22_1_1   |        0|   1|  0|   6|    0|
    +-------------------------+--------------------+---------+----+---+----+-----+
    |Total                    |                    |        0|  12|  0|  72|    0|
    +-------------------------+--------------------+---------+----+---+----+-----+

    * DSP: 
    N/A

    * Memory: 
    N/A

    * FIFO: 
    N/A

    * Expression: 
    +--------------------------+----------+----+---+----+------------+------------+
    |       Variable Name      | Operation| DSP| FF| LUT| Bitwidth P0| Bitwidth P1|
    +--------------------------+----------+----+---+----+------------+------------+
    |add_ln1171_4_fu_3740_p2   |         +|   0|  0|  29|          22|          22|
    |add_ln1171_5_fu_3903_p2   |         +|   0|  0|  28|          21|          21|
    |add_ln1171_6_fu_4111_p2   |         +|   0|  0|  29|          22|          22|
    |add_ln1171_fu_3659_p2     |         +|   0|  0|  29|          22|          22|
    |add_ln712_10_fu_4475_p2   |         +|   0|  0|  16|          16|          16|
    |add_ln712_11_fu_4480_p2   |         +|   0|  0|  23|          16|          16|
    |add_ln712_12_fu_4485_p2   |         +|   0|  0|  16|          16|          16|
    |add_ln712_13_fu_4580_p2   |         +|   0|  0|  16|          16|          16|
    |add_ln712_14_fu_4491_p2   |         +|   0|  0|  23|          16|          16|
    |add_ln712_15_fu_4495_p2   |         +|   0|  0|  23|          16|          16|
    |add_ln712_16_fu_4499_p2   |         +|   0|  0|  16|          16|          16|
    |add_ln712_17_fu_4505_p2   |         +|   0|  0|  16|          16|          16|
    |add_ln712_18_fu_4184_p2   |         +|   0|  0|  23|          16|          16|
    |add_ln712_19_fu_4509_p2   |         +|   0|  0|  16|          16|          16|
    |add_ln712_20_fu_4514_p2   |         +|   0|  0|  16|          16|          16|
    |add_ln712_21_fu_4585_p2   |         +|   0|  0|  16|          16|          16|
    |add_ln712_22_fu_4520_p2   |         +|   0|  0|  16|          16|          16|
    |add_ln712_23_fu_4190_p2   |         +|   0|  0|  23|          16|          16|
    |add_ln712_24_fu_4525_p2   |         +|   0|  0|  16|          16|          16|
    |add_ln712_25_fu_4530_p2   |         +|   0|  0|  16|          16|          16|
    |add_ln712_26_fu_4196_p2   |         +|   0|  0|  23|          16|          16|
    |add_ln712_27_fu_4536_p2   |         +|   0|  0|  16|          16|          16|
    |add_ln712_28_fu_4590_p2   |         +|   0|  0|  16|          16|          16|
    |add_ln712_29_fu_4541_p2   |         +|   0|  0|  23|          16|          16|
    |add_ln712_30_fu_4546_p2   |         +|   0|  0|  23|          16|          16|
    |add_ln712_31_fu_4551_p2   |         +|   0|  0|  16|          16|          16|
    |add_ln712_32_fu_4557_p2   |         +|   0|  0|  16|          16|          16|
    |add_ln712_33_fu_4202_p2   |         +|   0|  0|  21|          14|          10|
    |add_ln712_34_fu_4212_p2   |         +|   0|  0|  22|          15|          15|
    |add_ln712_35_fu_4564_p2   |         +|   0|  0|  16|          16|          16|
    |add_ln712_36_fu_4570_p2   |         +|   0|  0|  16|          16|          16|
    |add_ln712_37_fu_4594_p2   |         +|   0|  0|  16|          16|          16|
    |add_ln712_8_fu_4470_p2    |         +|   0|  0|  23|          16|          16|
    |add_ln712_9_fu_4576_p2    |         +|   0|  0|  16|          16|          16|
    |add_ln712_fu_4464_p2      |         +|   0|  0|  23|          16|          16|
    |ap_return                 |         +|   0|  0|  16|          16|          16|
    |sub_ln1171_38_fu_4269_p2  |         -|   0|  0|  16|           1|          20|
    |sub_ln1171_39_fu_4287_p2  |         -|   0|  0|  16|          20|          20|
    |sub_ln1171_40_fu_4331_p2  |         -|   0|  0|  29|          22|          22|
    |sub_ln1171_41_fu_3604_p2  |         -|   0|  0|  27|           1|          20|
    |sub_ln1171_42_fu_3776_p2  |         -|   0|  0|  29|          22|          22|
    |sub_ln1171_43_fu_3816_p2  |         -|   0|  0|  27|          20|          20|
    |sub_ln1171_44_fu_4366_p2  |         -|   0|  0|  29|          22|          22|
    |sub_ln1171_45_fu_3867_p2  |         -|   0|  0|  27|          20|          20|
    |sub_ln1171_46_fu_4406_p2  |         -|   0|  0|  27|          20|          20|
    |sub_ln1171_47_fu_4442_p2  |         -|   0|  0|  29|          22|          22|
    |sub_ln1171_48_fu_3939_p2  |         -|   0|  0|  29|          22|          22|
    |sub_ln1171_49_fu_3979_p2  |         -|   0|  0|  29|          22|          22|
    |sub_ln1171_50_fu_4011_p2  |         -|   0|  0|  27|          20|          20|
    |sub_ln1171_51_fu_4061_p2  |         -|   0|  0|  24|           1|          17|
    |sub_ln1171_52_fu_4158_p2  |         -|   0|  0|  16|           1|          20|
    |sub_ln1171_53_fu_4164_p2  |         -|   0|  0|  16|          20|          20|
    |sub_ln1171_fu_4238_p2     |         -|   0|  0|  29|          22|          22|
    |ap_enable_pp0             |       xor|   0|  0|   2|           1|           2|
    +--------------------------+----------+----+---+----+------------+------------+
    |Total                     |          |   0|  0|1136|         875|         945|
    +--------------------------+----------+----+---+----+------------+------------+

    * Multiplexer: 
    +-------------------------+----+-----------+-----+-----------+
    |           Name          | LUT| Input Size| Bits| Total Bits|
    +-------------------------+----+-----------+-----+-----------+
    |ap_NS_fsm                |  13|          3|    1|          3|
    |ap_enable_reg_pp0_iter0  |   9|          2|    1|          2|
    |ap_enable_reg_pp0_iter1  |   9|          2|    1|          2|
    +-------------------------+----+-----------+-----+-----------+
    |Total                    |  31|          7|    3|          7|
    +-------------------------+----+-----------+-----+-----------+

    * Register: 
    +-----------------------------+----+----+-----+-----------+
    |             Name            | FF | LUT| Bits| Const Bits|
    +-----------------------------+----+----+-----+-----------+
    |add_ln712_12_reg_4725        |  16|   0|   16|          0|
    |add_ln712_18_reg_4695        |  16|   0|   16|          0|
    |add_ln712_20_reg_4730        |  16|   0|   16|          0|
    |add_ln712_23_reg_4700        |  16|   0|   16|          0|
    |add_ln712_24_reg_4735        |  16|   0|   16|          0|
    |add_ln712_26_reg_4705        |  16|   0|   16|          0|
    |add_ln712_27_reg_4740        |  16|   0|   16|          0|
    |add_ln712_34_reg_4710        |  15|   0|   15|          0|
    |add_ln712_36_reg_4745        |  16|   0|   16|          0|
    |add_ln712_8_reg_4720         |  16|   0|   16|          0|
    |add_ln712_reg_4715           |  16|   0|   16|          0|
    |ap_CS_fsm                    |   2|   0|    2|          0|
    |ap_enable_reg_pp0_iter0_reg  |   1|   0|    1|          0|
    |ap_enable_reg_pp0_iter1      |   1|   0|    1|          0|
    |ap_port_reg_p_read           |  16|   0|   16|          0|
    |ap_port_reg_p_read17         |  16|   0|   16|          0|
    |ap_port_reg_p_read20         |  16|   0|   16|          0|
    |ap_port_reg_p_read21         |  16|   0|   16|          0|
    |ap_port_reg_p_read3          |  16|   0|   16|          0|
    |ap_port_reg_p_read4          |  16|   0|   16|          0|
    |trunc_ln717_163_reg_4610     |  16|   0|   16|          0|
    |trunc_ln717_166_reg_4615     |  16|   0|   16|          0|
    |trunc_ln717_167_reg_4620     |  16|   0|   16|          0|
    |trunc_ln717_168_reg_4625     |  14|   0|   14|          0|
    |trunc_ln717_169_reg_4630     |  16|   0|   16|          0|
    |trunc_ln717_170_reg_4635     |  16|   0|   16|          0|
    |trunc_ln717_171_reg_4640     |  16|   0|   16|          0|
    |trunc_ln717_172_reg_4645     |  16|   0|   16|          0|
    |trunc_ln717_173_reg_4650     |  16|   0|   16|          0|
    |trunc_ln717_174_reg_4655     |  16|   0|   16|          0|
    |trunc_ln717_177_reg_4660     |  16|   0|   16|          0|
    |trunc_ln717_185_reg_4665     |  14|   0|   14|          0|
    |trunc_ln717_186_reg_4670     |  16|   0|   16|          0|
    |trunc_ln717_187_reg_4675     |  16|   0|   16|          0|
    |trunc_ln717_188_reg_4680     |  11|   0|   11|          0|
    |trunc_ln717_190_reg_4685     |  16|   0|   16|          0|
    |trunc_ln717_191_reg_4690     |  16|   0|   16|          0|
    |trunc_ln717_s_reg_4605       |  15|   0|   15|          0|
    +-----------------------------+----+----+-----+-----------+
    |Total                        | 553|   0|  553|          0|
    +-----------------------------+----+----+-----+-----------+



================================================================
== Interface
================================================================
* Summary: 
+-----------+-----+-----+------------+-------------------------------------------------------+--------------+
| RTL Ports | Dir | Bits|  Protocol  |                     Source Object                     |    C Type    |
+-----------+-----+-----+------------+-------------------------------------------------------+--------------+
|ap_clk     |   in|    1|  ap_ctrl_hs|  dense_latency<ap_fixed,ap_fixed<16,6,5,3,0>,config16>|  return value|
|ap_rst     |   in|    1|  ap_ctrl_hs|  dense_latency<ap_fixed,ap_fixed<16,6,5,3,0>,config16>|  return value|
|ap_start   |   in|    1|  ap_ctrl_hs|  dense_latency<ap_fixed,ap_fixed<16,6,5,3,0>,config16>|  return value|
|ap_done    |  out|    1|  ap_ctrl_hs|  dense_latency<ap_fixed,ap_fixed<16,6,5,3,0>,config16>|  return value|
|ap_idle    |  out|    1|  ap_ctrl_hs|  dense_latency<ap_fixed,ap_fixed<16,6,5,3,0>,config16>|  return value|
|ap_ready   |  out|    1|  ap_ctrl_hs|  dense_latency<ap_fixed,ap_fixed<16,6,5,3,0>,config16>|  return value|
|ap_return  |  out|   16|  ap_ctrl_hs|  dense_latency<ap_fixed,ap_fixed<16,6,5,3,0>,config16>|  return value|
|p_read     |   in|   16|     ap_none|                                                 p_read|        scalar|
|p_read1    |   in|   16|     ap_none|                                                p_read1|        scalar|
|p_read2    |   in|   16|     ap_none|                                                p_read2|        scalar|
|p_read3    |   in|   16|     ap_none|                                                p_read3|        scalar|
|p_read4    |   in|   16|     ap_none|                                                p_read4|        scalar|
|p_read5    |   in|   16|     ap_none|                                                p_read5|        scalar|
|p_read6    |   in|   16|     ap_none|                                                p_read6|        scalar|
|p_read7    |   in|   16|     ap_none|                                                p_read7|        scalar|
|p_read8    |   in|   16|     ap_none|                                                p_read8|        scalar|
|p_read9    |   in|   16|     ap_none|                                                p_read9|        scalar|
|p_read10   |   in|   16|     ap_none|                                               p_read10|        scalar|
|p_read11   |   in|   16|     ap_none|                                               p_read11|        scalar|
|p_read12   |   in|   16|     ap_none|                                               p_read12|        scalar|
|p_read13   |   in|   16|     ap_none|                                               p_read13|        scalar|
|p_read14   |   in|   16|     ap_none|                                               p_read14|        scalar|
|p_read15   |   in|   16|     ap_none|                                               p_read15|        scalar|
|p_read16   |   in|   16|     ap_none|                                               p_read16|        scalar|
|p_read17   |   in|   16|     ap_none|                                               p_read17|        scalar|
|p_read18   |   in|   16|     ap_none|                                               p_read18|        scalar|
|p_read19   |   in|   16|     ap_none|                                               p_read19|        scalar|
|p_read20   |   in|   16|     ap_none|                                               p_read20|        scalar|
|p_read21   |   in|   16|     ap_none|                                               p_read21|        scalar|
|p_read22   |   in|   16|     ap_none|                                               p_read22|        scalar|
|p_read23   |   in|   16|     ap_none|                                               p_read23|        scalar|
|p_read24   |   in|   16|     ap_none|                                               p_read24|        scalar|
|p_read25   |   in|   16|     ap_none|                                               p_read25|        scalar|
|p_read26   |   in|   16|     ap_none|                                               p_read26|        scalar|
|p_read27   |   in|   16|     ap_none|                                               p_read27|        scalar|
|p_read28   |   in|   16|     ap_none|                                               p_read28|        scalar|
|p_read29   |   in|   16|     ap_none|                                               p_read29|        scalar|
|p_read30   |   in|   16|     ap_none|                                               p_read30|        scalar|
|p_read31   |   in|   16|     ap_none|                                               p_read31|        scalar|
+-----------+-----+-----+------------+-------------------------------------------------------+--------------+

