

================================================================
== Vitis HLS Report for 'pooling2d_cl_ap_fixed_ap_fixed_16_6_5_3_0_config10_s'
================================================================
* Date:           Sat Mar 29 17:40:30 2025

* Version:        2021.1 (Build 3247384 on Thu Jun 10 19:36:07 MDT 2021)
* Project:        WOMBAT_prj
* Solution:       solution1 (Vivado IP Flow Target)
* Product family: virtex7
* Target device:  xc7vx690t-ffg1927-2


================================================================
== Performance Estimates
================================================================
+ Timing: 
    * Summary: 
    +--------+---------+----------+------------+
    |  Clock |  Target | Estimated| Uncertainty|
    +--------+---------+----------+------------+
    |ap_clk  |  6.25 ns|  4.562 ns|     1.69 ns|
    +--------+---------+----------+------------+

+ Latency: 
    * Summary: 
    +---------+---------+-----------+-----------+-----+-----+---------+
    |  Latency (cycles) |   Latency (absolute)  |  Interval | Pipeline|
    |   min   |   max   |    min    |    max    | min | max |   Type  |
    +---------+---------+-----------+-----------+-----+-----+---------+
    |        6|        6|  37.500 ns|  37.500 ns|    2|    2|      yes|
    +---------+---------+-----------+-----------+-----+-----+---------+

    + Detail: 
        * Instance: 
        +----------------------------------------------+-----------------------------------+---------+---------+-----------+-----------+-----+-----+---------+
        |                                              |                                   |  Latency (cycles) |   Latency (absolute)  |  Interval | Pipeline|
        |                   Instance                   |               Module              |   min   |   max   |    min    |    max    | min | max |   Type  |
        +----------------------------------------------+-----------------------------------+---------+---------+-----------+-----------+-----+-----+---------+
        |grp_pool_op_ap_fixed_16_6_5_3_0_9_1_s_fu_666  |pool_op_ap_fixed_16_6_5_3_0_9_1_s  |        5|        5|  31.250 ns|  31.250 ns|    1|    1|      yes|
        |grp_pool_op_ap_fixed_16_6_5_3_0_9_1_s_fu_658  |pool_op_ap_fixed_16_6_5_3_0_9_1_s  |        5|        5|  31.250 ns|  31.250 ns|    1|    1|      yes|
        |grp_pool_op_ap_fixed_16_6_5_3_0_9_1_s_fu_679  |pool_op_ap_fixed_16_6_5_3_0_9_1_s  |        5|        5|  31.250 ns|  31.250 ns|    1|    1|      yes|
        |grp_pool_op_ap_fixed_16_6_5_3_0_9_1_s_fu_652  |pool_op_ap_fixed_16_6_5_3_0_9_1_s  |        5|        5|  31.250 ns|  31.250 ns|    1|    1|      yes|
        |grp_pool_op_ap_fixed_16_6_5_3_0_9_1_s_fu_648  |pool_op_ap_fixed_16_6_5_3_0_9_1_s  |        5|        5|  31.250 ns|  31.250 ns|    1|    1|      yes|
        |grp_pool_op_ap_fixed_16_6_5_3_0_9_1_s_fu_670  |pool_op_ap_fixed_16_6_5_3_0_9_1_s  |        5|        5|  31.250 ns|  31.250 ns|    1|    1|      yes|
        |grp_pool_op_ap_fixed_16_6_5_3_0_9_1_s_fu_665  |pool_op_ap_fixed_16_6_5_3_0_9_1_s  |        5|        5|  31.250 ns|  31.250 ns|    1|    1|      yes|
        |grp_pool_op_ap_fixed_16_6_5_3_0_9_1_s_fu_675  |pool_op_ap_fixed_16_6_5_3_0_9_1_s  |        5|        5|  31.250 ns|  31.250 ns|    1|    1|      yes|
        |grp_pool_op_ap_fixed_16_6_5_3_0_9_1_s_fu_653  |pool_op_ap_fixed_16_6_5_3_0_9_1_s  |        5|        5|  31.250 ns|  31.250 ns|    1|    1|      yes|
        |grp_pool_op_ap_fixed_16_6_5_3_0_9_1_s_fu_636  |pool_op_ap_fixed_16_6_5_3_0_9_1_s  |        5|        5|  31.250 ns|  31.250 ns|    1|    1|      yes|
        |grp_pool_op_ap_fixed_16_6_5_3_0_9_1_s_fu_634  |pool_op_ap_fixed_16_6_5_3_0_9_1_s  |        5|        5|  31.250 ns|  31.250 ns|    1|    1|      yes|
        |grp_pool_op_ap_fixed_16_6_5_3_0_9_1_s_fu_649  |pool_op_ap_fixed_16_6_5_3_0_9_1_s  |        5|        5|  31.250 ns|  31.250 ns|    1|    1|      yes|
        |grp_pool_op_ap_fixed_16_6_5_3_0_9_1_s_fu_655  |pool_op_ap_fixed_16_6_5_3_0_9_1_s  |        5|        5|  31.250 ns|  31.250 ns|    1|    1|      yes|
        |grp_pool_op_ap_fixed_16_6_5_3_0_9_1_s_fu_639  |pool_op_ap_fixed_16_6_5_3_0_9_1_s  |        5|        5|  31.250 ns|  31.250 ns|    1|    1|      yes|
        |grp_pool_op_ap_fixed_16_6_5_3_0_9_1_s_fu_632  |pool_op_ap_fixed_16_6_5_3_0_9_1_s  |        5|        5|  31.250 ns|  31.250 ns|    1|    1|      yes|
        |grp_pool_op_ap_fixed_16_6_5_3_0_9_1_s_fu_677  |pool_op_ap_fixed_16_6_5_3_0_9_1_s  |        5|        5|  31.250 ns|  31.250 ns|    1|    1|      yes|
        +----------------------------------------------+-----------------------------------+---------+---------+-----------+-----------+-----+-----+---------+

        * Loop: 
        N/A



================================================================
== Utilization Estimates
================================================================
* Summary: 
+-----------------+---------+------+--------+--------+-----+
|       Name      | BRAM_18K|  DSP |   FF   |   LUT  | URAM|
+-----------------+---------+------+--------+--------+-----+
|DSP              |        -|     -|       -|       -|    -|
|Expression       |        -|     -|       0|       2|    -|
|FIFO             |        -|     -|       -|       -|    -|
|Instance         |        -|    16|    5072|    5264|    -|
|Memory           |        -|     -|       -|       -|    -|
|Multiplexer      |        -|     -|       -|      31|    -|
|Register         |        -|     -|       6|       -|    -|
+-----------------+---------+------+--------+--------+-----+
|Total            |        0|    16|    5078|    5297|    0|
+-----------------+---------+------+--------+--------+-----+
|Available        |     2940|  3600|  866400|  433200|    0|
+-----------------+---------+------+--------+--------+-----+
|Utilization (%)  |        0|    ~0|      ~0|       1|    0|
+-----------------+---------+------+--------+--------+-----+

+ Detail: 
    * Instance: 
    +----------------------------------------------+-----------------------------------+---------+----+-----+-----+-----+
    |                   Instance                   |               Module              | BRAM_18K| DSP|  FF | LUT | URAM|
    +----------------------------------------------+-----------------------------------+---------+----+-----+-----+-----+
    |grp_pool_op_ap_fixed_16_6_5_3_0_9_1_s_fu_632  |pool_op_ap_fixed_16_6_5_3_0_9_1_s  |        0|   1|  317|  329|    0|
    |grp_pool_op_ap_fixed_16_6_5_3_0_9_1_s_fu_634  |pool_op_ap_fixed_16_6_5_3_0_9_1_s  |        0|   1|  317|  329|    0|
    |grp_pool_op_ap_fixed_16_6_5_3_0_9_1_s_fu_636  |pool_op_ap_fixed_16_6_5_3_0_9_1_s  |        0|   1|  317|  329|    0|
    |grp_pool_op_ap_fixed_16_6_5_3_0_9_1_s_fu_639  |pool_op_ap_fixed_16_6_5_3_0_9_1_s  |        0|   1|  317|  329|    0|
    |grp_pool_op_ap_fixed_16_6_5_3_0_9_1_s_fu_648  |pool_op_ap_fixed_16_6_5_3_0_9_1_s  |        0|   1|  317|  329|    0|
    |grp_pool_op_ap_fixed_16_6_5_3_0_9_1_s_fu_649  |pool_op_ap_fixed_16_6_5_3_0_9_1_s  |        0|   1|  317|  329|    0|
    |grp_pool_op_ap_fixed_16_6_5_3_0_9_1_s_fu_652  |pool_op_ap_fixed_16_6_5_3_0_9_1_s  |        0|   1|  317|  329|    0|
    |grp_pool_op_ap_fixed_16_6_5_3_0_9_1_s_fu_653  |pool_op_ap_fixed_16_6_5_3_0_9_1_s  |        0|   1|  317|  329|    0|
    |grp_pool_op_ap_fixed_16_6_5_3_0_9_1_s_fu_655  |pool_op_ap_fixed_16_6_5_3_0_9_1_s  |        0|   1|  317|  329|    0|
    |grp_pool_op_ap_fixed_16_6_5_3_0_9_1_s_fu_658  |pool_op_ap_fixed_16_6_5_3_0_9_1_s  |        0|   1|  317|  329|    0|
    |grp_pool_op_ap_fixed_16_6_5_3_0_9_1_s_fu_665  |pool_op_ap_fixed_16_6_5_3_0_9_1_s  |        0|   1|  317|  329|    0|
    |grp_pool_op_ap_fixed_16_6_5_3_0_9_1_s_fu_666  |pool_op_ap_fixed_16_6_5_3_0_9_1_s  |        0|   1|  317|  329|    0|
    |grp_pool_op_ap_fixed_16_6_5_3_0_9_1_s_fu_670  |pool_op_ap_fixed_16_6_5_3_0_9_1_s  |        0|   1|  317|  329|    0|
    |grp_pool_op_ap_fixed_16_6_5_3_0_9_1_s_fu_675  |pool_op_ap_fixed_16_6_5_3_0_9_1_s  |        0|   1|  317|  329|    0|
    |grp_pool_op_ap_fixed_16_6_5_3_0_9_1_s_fu_677  |pool_op_ap_fixed_16_6_5_3_0_9_1_s  |        0|   1|  317|  329|    0|
    |grp_pool_op_ap_fixed_16_6_5_3_0_9_1_s_fu_679  |pool_op_ap_fixed_16_6_5_3_0_9_1_s  |        0|   1|  317|  329|    0|
    +----------------------------------------------+-----------------------------------+---------+----+-----+-----+-----+
    |Total                                         |                                   |        0|  16| 5072| 5264|    0|
    +----------------------------------------------+-----------------------------------+---------+----+-----+-----+-----+

    * DSP: 
    N/A

    * Memory: 
    N/A

    * FIFO: 
    N/A

    * Expression: 
    +---------------+----------+----+---+----+------------+------------+
    | Variable Name | Operation| DSP| FF| LUT| Bitwidth P0| Bitwidth P1|
    +---------------+----------+----+---+----+------------+------------+
    |ap_enable_pp0  |       xor|   0|  0|   2|           1|           2|
    +---------------+----------+----+---+----+------------+------------+
    |Total          |          |   0|  0|   2|           1|           2|
    +---------------+----------+----+---+----+------------+------------+

    * Multiplexer: 
    +-------------------------+----+-----------+-----+-----------+
    |           Name          | LUT| Input Size| Bits| Total Bits|
    +-------------------------+----+-----------+-----+-----------+
    |ap_NS_fsm                |  13|          3|    1|          3|
    |ap_enable_reg_pp0_iter0  |   9|          2|    1|          2|
    |ap_enable_reg_pp0_iter3  |   9|          2|    1|          2|
    +-------------------------+----+-----------+-----+-----------+
    |Total                    |  31|          7|    3|          7|
    +-------------------------+----+-----------+-----+-----------+

    * Register: 
    +-----------------------------+---+----+-----+-----------+
    |             Name            | FF| LUT| Bits| Const Bits|
    +-----------------------------+---+----+-----+-----------+
    |ap_CS_fsm                    |  2|   0|    2|          0|
    |ap_enable_reg_pp0_iter0_reg  |  1|   0|    1|          0|
    |ap_enable_reg_pp0_iter1      |  1|   0|    1|          0|
    |ap_enable_reg_pp0_iter2      |  1|   0|    1|          0|
    |ap_enable_reg_pp0_iter3      |  1|   0|    1|          0|
    +-----------------------------+---+----+-----+-----------+
    |Total                        |  6|   0|    6|          0|
    +-----------------------------+---+----+-----+-----------+



================================================================
== Interface
================================================================
* Summary: 
+--------------+-----+-----+------------+------------------------------------------------------+--------------+
|   RTL Ports  | Dir | Bits|  Protocol  |                     Source Object                    |    C Type    |
+--------------+-----+-----+------------+------------------------------------------------------+--------------+
|ap_clk        |   in|    1|  ap_ctrl_hs|  pooling2d_cl<ap_fixed,ap_fixed<16,6,5,3,0>,config10>|  return value|
|ap_rst        |   in|    1|  ap_ctrl_hs|  pooling2d_cl<ap_fixed,ap_fixed<16,6,5,3,0>,config10>|  return value|
|ap_start      |   in|    1|  ap_ctrl_hs|  pooling2d_cl<ap_fixed,ap_fixed<16,6,5,3,0>,config10>|  return value|
|ap_done       |  out|    1|  ap_ctrl_hs|  pooling2d_cl<ap_fixed,ap_fixed<16,6,5,3,0>,config10>|  return value|
|ap_idle       |  out|    1|  ap_ctrl_hs|  pooling2d_cl<ap_fixed,ap_fixed<16,6,5,3,0>,config10>|  return value|
|ap_ready      |  out|    1|  ap_ctrl_hs|  pooling2d_cl<ap_fixed,ap_fixed<16,6,5,3,0>,config10>|  return value|
|ap_return_0   |  out|   16|  ap_ctrl_hs|  pooling2d_cl<ap_fixed,ap_fixed<16,6,5,3,0>,config10>|  return value|
|ap_return_1   |  out|   16|  ap_ctrl_hs|  pooling2d_cl<ap_fixed,ap_fixed<16,6,5,3,0>,config10>|  return value|
|ap_return_2   |  out|   16|  ap_ctrl_hs|  pooling2d_cl<ap_fixed,ap_fixed<16,6,5,3,0>,config10>|  return value|
|ap_return_3   |  out|   16|  ap_ctrl_hs|  pooling2d_cl<ap_fixed,ap_fixed<16,6,5,3,0>,config10>|  return value|
|ap_return_4   |  out|   16|  ap_ctrl_hs|  pooling2d_cl<ap_fixed,ap_fixed<16,6,5,3,0>,config10>|  return value|
|ap_return_5   |  out|   16|  ap_ctrl_hs|  pooling2d_cl<ap_fixed,ap_fixed<16,6,5,3,0>,config10>|  return value|
|ap_return_6   |  out|   16|  ap_ctrl_hs|  pooling2d_cl<ap_fixed,ap_fixed<16,6,5,3,0>,config10>|  return value|
|ap_return_7   |  out|   16|  ap_ctrl_hs|  pooling2d_cl<ap_fixed,ap_fixed<16,6,5,3,0>,config10>|  return value|
|ap_return_8   |  out|   16|  ap_ctrl_hs|  pooling2d_cl<ap_fixed,ap_fixed<16,6,5,3,0>,config10>|  return value|
|ap_return_9   |  out|   16|  ap_ctrl_hs|  pooling2d_cl<ap_fixed,ap_fixed<16,6,5,3,0>,config10>|  return value|
|ap_return_10  |  out|   16|  ap_ctrl_hs|  pooling2d_cl<ap_fixed,ap_fixed<16,6,5,3,0>,config10>|  return value|
|ap_return_11  |  out|   16|  ap_ctrl_hs|  pooling2d_cl<ap_fixed,ap_fixed<16,6,5,3,0>,config10>|  return value|
|ap_return_12  |  out|   16|  ap_ctrl_hs|  pooling2d_cl<ap_fixed,ap_fixed<16,6,5,3,0>,config10>|  return value|
|ap_return_13  |  out|   16|  ap_ctrl_hs|  pooling2d_cl<ap_fixed,ap_fixed<16,6,5,3,0>,config10>|  return value|
|ap_return_14  |  out|   16|  ap_ctrl_hs|  pooling2d_cl<ap_fixed,ap_fixed<16,6,5,3,0>,config10>|  return value|
|ap_return_15  |  out|   16|  ap_ctrl_hs|  pooling2d_cl<ap_fixed,ap_fixed<16,6,5,3,0>,config10>|  return value|
|p_read        |   in|   16|     ap_none|                                                p_read|        scalar|
|p_read1       |   in|   16|     ap_none|                                               p_read1|        scalar|
|p_read2       |   in|   16|     ap_none|                                               p_read2|        scalar|
|p_read3       |   in|   16|     ap_none|                                               p_read3|        scalar|
|p_read4       |   in|   16|     ap_none|                                               p_read4|        scalar|
|p_read5       |   in|   16|     ap_none|                                               p_read5|        scalar|
|p_read6       |   in|   16|     ap_none|                                               p_read6|        scalar|
|p_read7       |   in|   16|     ap_none|                                               p_read7|        scalar|
|p_read8       |   in|   16|     ap_none|                                               p_read8|        scalar|
|p_read9       |   in|   16|     ap_none|                                               p_read9|        scalar|
|p_read10      |   in|   16|     ap_none|                                              p_read10|        scalar|
|p_read11      |   in|   16|     ap_none|                                              p_read11|        scalar|
|p_read12      |   in|   16|     ap_none|                                              p_read12|        scalar|
|p_read13      |   in|   16|     ap_none|                                              p_read13|        scalar|
|p_read14      |   in|   16|     ap_none|                                              p_read14|        scalar|
|p_read15      |   in|   16|     ap_none|                                              p_read15|        scalar|
|p_read16      |   in|   16|     ap_none|                                              p_read16|        scalar|
|p_read17      |   in|   16|     ap_none|                                              p_read17|        scalar|
|p_read18      |   in|   16|     ap_none|                                              p_read18|        scalar|
|p_read19      |   in|   16|     ap_none|                                              p_read19|        scalar|
|p_read20      |   in|   16|     ap_none|                                              p_read20|        scalar|
|p_read21      |   in|   16|     ap_none|                                              p_read21|        scalar|
|p_read22      |   in|   16|     ap_none|                                              p_read22|        scalar|
|p_read23      |   in|   16|     ap_none|                                              p_read23|        scalar|
|p_read24      |   in|   16|     ap_none|                                              p_read24|        scalar|
|p_read25      |   in|   16|     ap_none|                                              p_read25|        scalar|
|p_read26      |   in|   16|     ap_none|                                              p_read26|        scalar|
|p_read27      |   in|   16|     ap_none|                                              p_read27|        scalar|
|p_read28      |   in|   16|     ap_none|                                              p_read28|        scalar|
|p_read29      |   in|   16|     ap_none|                                              p_read29|        scalar|
|p_read30      |   in|   16|     ap_none|                                              p_read30|        scalar|
|p_read31      |   in|   16|     ap_none|                                              p_read31|        scalar|
|p_read32      |   in|   16|     ap_none|                                              p_read32|        scalar|
|p_read33      |   in|   16|     ap_none|                                              p_read33|        scalar|
|p_read34      |   in|   16|     ap_none|                                              p_read34|        scalar|
|p_read35      |   in|   16|     ap_none|                                              p_read35|        scalar|
|p_read36      |   in|   16|     ap_none|                                              p_read36|        scalar|
|p_read37      |   in|   16|     ap_none|                                              p_read37|        scalar|
|p_read38      |   in|   16|     ap_none|                                              p_read38|        scalar|
|p_read39      |   in|   16|     ap_none|                                              p_read39|        scalar|
|p_read40      |   in|   16|     ap_none|                                              p_read40|        scalar|
|p_read41      |   in|   16|     ap_none|                                              p_read41|        scalar|
|p_read42      |   in|   16|     ap_none|                                              p_read42|        scalar|
|p_read43      |   in|   16|     ap_none|                                              p_read43|        scalar|
|p_read44      |   in|   16|     ap_none|                                              p_read44|        scalar|
|p_read45      |   in|   16|     ap_none|                                              p_read45|        scalar|
|p_read46      |   in|   16|     ap_none|                                              p_read46|        scalar|
|p_read47      |   in|   16|     ap_none|                                              p_read47|        scalar|
|p_read48      |   in|   16|     ap_none|                                              p_read48|        scalar|
|p_read49      |   in|   16|     ap_none|                                              p_read49|        scalar|
|p_read50      |   in|   16|     ap_none|                                              p_read50|        scalar|
|p_read51      |   in|   16|     ap_none|                                              p_read51|        scalar|
|p_read52      |   in|   16|     ap_none|                                              p_read52|        scalar|
|p_read53      |   in|   16|     ap_none|                                              p_read53|        scalar|
|p_read54      |   in|   16|     ap_none|                                              p_read54|        scalar|
|p_read55      |   in|   16|     ap_none|                                              p_read55|        scalar|
|p_read56      |   in|   16|     ap_none|                                              p_read56|        scalar|
|p_read57      |   in|   16|     ap_none|                                              p_read57|        scalar|
|p_read58      |   in|   16|     ap_none|                                              p_read58|        scalar|
|p_read59      |   in|   16|     ap_none|                                              p_read59|        scalar|
|p_read60      |   in|   16|     ap_none|                                              p_read60|        scalar|
|p_read61      |   in|   16|     ap_none|                                              p_read61|        scalar|
|p_read62      |   in|   16|     ap_none|                                              p_read62|        scalar|
|p_read63      |   in|   16|     ap_none|                                              p_read63|        scalar|
|p_read64      |   in|   16|     ap_none|                                              p_read64|        scalar|
|p_read65      |   in|   16|     ap_none|                                              p_read65|        scalar|
|p_read66      |   in|   16|     ap_none|                                              p_read66|        scalar|
|p_read67      |   in|   16|     ap_none|                                              p_read67|        scalar|
|p_read68      |   in|   16|     ap_none|                                              p_read68|        scalar|
|p_read69      |   in|   16|     ap_none|                                              p_read69|        scalar|
|p_read70      |   in|   16|     ap_none|                                              p_read70|        scalar|
|p_read71      |   in|   16|     ap_none|                                              p_read71|        scalar|
|p_read72      |   in|   16|     ap_none|                                              p_read72|        scalar|
|p_read73      |   in|   16|     ap_none|                                              p_read73|        scalar|
|p_read74      |   in|   16|     ap_none|                                              p_read74|        scalar|
|p_read75      |   in|   16|     ap_none|                                              p_read75|        scalar|
+--------------+-----+-----+------------+------------------------------------------------------+--------------+

